#
# There is insufficient memory for the Java Runtime Environment to continue.
# Native memory allocation (malloc) failed to allocate 1511696 bytes for Chunk::new
# Possible reasons:
#   The system is out of physical RAM or swap space
#   The process is running with CompressedOops enabled, and the Java Heap may be blocking the growth of the native heap
# Possible solutions:
#   Reduce memory load on the system
#   Increase physical memory or swap space
#   Check if swap backing store is full
#   Decrease Java heap size (-Xmx/-Xms)
#   Decrease number of Java threads
#   Decrease Java thread stack sizes (-Xss)
#   Set larger code cache with -XX:ReservedCodeCacheSize=
#   JVM is running with Unscaled Compressed Oops mode in which the Java heap is
#     placed in the first 4GB address space. The Java Heap base address is the
#     maximum limit for the native heap growth. Please use -XX:HeapBaseMinAddress
#     to set the Java Heap base and to place the Java Heap above 4GB virtual address.
# This output file may be truncated or incomplete.
#
#  Out of Memory Error (./src/hotspot/share/memory/arena.cpp:197), pid=18576, tid=3644
#
# JRE version: OpenJDK Runtime Environment (11.0.10) (build 11.0.10+0-b96-7249189)
# Java VM: OpenJDK 64-Bit Server VM (11.0.10+0-b96-7249189, mixed mode, tiered, compressed oops, g1 gc, windows-amd64)
# No core dump will be written. Minidumps are not enabled by default on client versions of Windows
#

---------------  S U M M A R Y ------------

Command Line: --add-opens=java.base/java.util=ALL-UNNAMED --add-opens=java.base/java.lang=ALL-UNNAMED --add-opens=java.base/java.lang.invoke=ALL-UNNAMED --add-opens=java.base/java.util=ALL-UNNAMED --add-opens=java.prefs/java.util.prefs=ALL-UNNAMED --add-opens=java.prefs/java.util.prefs=ALL-UNNAMED --add-opens=java.base/java.nio.charset=ALL-UNNAMED --add-opens=java.base/java.net=ALL-UNNAMED --add-opens=java.base/java.util.concurrent.atomic=ALL-UNNAMED -Xmx2048m -Dfile.encoding=UTF-8 -Duser.country=US -Duser.language=en -Duser.variant org.gradle.launcher.daemon.bootstrap.GradleDaemon 7.0.2

Host: Intel(R) Core(TM) i3-7020U CPU @ 2.30GHz, 4 cores, 11G,  Windows 10 , 64 bit Build 22000 (10.0.22000.120)
Time: Mon Nov  1 16:54:27 2021 India Standard Time elapsed time: 36.230478 seconds (0d 0h 0m 36s)

---------------  T H R E A D  ---------------

Current thread (0x0000017dbc7a8000):  JavaThread "C2 CompilerThread0" daemon [_thread_in_native, id=3644, stack(0x00000048ca100000,0x00000048ca200000)]


Current CompileTask:
C2:  36230 6634       4       java.net.URLClassLoader$1::run (5 bytes)

Stack: [0x00000048ca100000,0x00000048ca200000]
Native frames: (J=compiled Java code, j=interpreted, Vv=VM code, C=native code)
V  [jvm.dll+0x5ecfaa]
V  [jvm.dll+0x722bd5]
V  [jvm.dll+0x72412d]
V  [jvm.dll+0x7247e3]
V  [jvm.dll+0x242928]
V  [jvm.dll+0xbc4fc]
V  [jvm.dll+0xbca0c]
V  [jvm.dll+0x352d3b]
V  [jvm.dll+0x320ad3]
V  [jvm.dll+0x31ffca]
V  [jvm.dll+0x1fb602]
V  [jvm.dll+0x1fa7f4]
V  [jvm.dll+0x18354c]
V  [jvm.dll+0x208ee7]
V  [jvm.dll+0x207731]
V  [jvm.dll+0x6eb1cf]
V  [jvm.dll+0x6e3d45]
V  [jvm.dll+0x5ebe96]
C  [ucrtbase.dll+0x26c0c]
C  [KERNEL32.DLL+0x154e0]
C  [ntdll.dll+0x485b]


---------------  P R O C E S S  ---------------

Threads class SMR info:
_java_thread_list=0x0000017dc087a430, length=43, elements={
0x0000017da2330800, 0x0000017dbc745800, 0x0000017dbc74f000, 0x0000017dbc7a2800,
0x0000017dbc7a4000, 0x0000017dbc7a5000, 0x0000017dbc7a8000, 0x0000017dbc7a9000,
0x0000017dbc7fb800, 0x0000017dbc900800, 0x0000017dbeda4800, 0x0000017dbf5de800,
0x0000017dbe660800, 0x0000017dbdc13800, 0x0000017dbeefa800, 0x0000017dbe7a3000,
0x0000017dbf18c000, 0x0000017dbeb84000, 0x0000017dbdf72000, 0x0000017dbf17c000,
0x0000017dbf180000, 0x0000017dbf181000, 0x0000017dbf182800, 0x0000017dbf181800,
0x0000017dbf17e800, 0x0000017dbf17f000, 0x0000017dbf17c800, 0x0000017dbf17d800,
0x0000017dbeca7800, 0x0000017dbeca8800, 0x0000017dbeca6000, 0x0000017dbeca4000,
0x0000017dbeca6800, 0x0000017dbecab000, 0x0000017dbeca5000, 0x0000017dbecaf800,
0x0000017dbecac800, 0x0000017dbecaf000, 0x0000017dbecb0800, 0x0000017dbecab800,
0x0000017dbecb3000, 0x0000017dbecae000, 0x0000017dc24bc000
}

Java Threads: ( => current thread )
  0x0000017da2330800 JavaThread "main" [_thread_blocked, id=1392, stack(0x00000048c9500000,0x00000048c9600000)]
  0x0000017dbc745800 JavaThread "Reference Handler" daemon [_thread_blocked, id=17520, stack(0x00000048c9c00000,0x00000048c9d00000)]
  0x0000017dbc74f000 JavaThread "Finalizer" daemon [_thread_blocked, id=10172, stack(0x00000048c9d00000,0x00000048c9e00000)]
  0x0000017dbc7a2800 JavaThread "Signal Dispatcher" daemon [_thread_blocked, id=8872, stack(0x00000048c9e00000,0x00000048c9f00000)]
  0x0000017dbc7a4000 JavaThread "Attach Listener" daemon [_thread_blocked, id=15420, stack(0x00000048c9f00000,0x00000048ca000000)]
  0x0000017dbc7a5000 JavaThread "Service Thread" daemon [_thread_blocked, id=16988, stack(0x00000048ca000000,0x00000048ca100000)]
=>0x0000017dbc7a8000 JavaThread "C2 CompilerThread0" daemon [_thread_in_native, id=3644, stack(0x00000048ca100000,0x00000048ca200000)]
  0x0000017dbc7a9000 JavaThread "C1 CompilerThread0" daemon [_thread_blocked, id=12972, stack(0x00000048ca200000,0x00000048ca300000)]
  0x0000017dbc7fb800 JavaThread "Sweeper thread" daemon [_thread_blocked, id=19012, stack(0x00000048ca300000,0x00000048ca400000)]
  0x0000017dbc900800 JavaThread "Common-Cleaner" daemon [_thread_blocked, id=9736, stack(0x00000048ca400000,0x00000048ca500000)]
  0x0000017dbeda4800 JavaThread "Daemon health stats" [_thread_blocked, id=4524, stack(0x00000048ca900000,0x00000048caa00000)]
  0x0000017dbf5de800 JavaThread "Incoming local TCP Connector on port 64381" [_thread_in_native, id=14752, stack(0x00000048caa00000,0x00000048cab00000)]
  0x0000017dbe660800 JavaThread "Daemon" [_thread_blocked, id=14724, stack(0x00000048cab00000,0x00000048cac00000)]
  0x0000017dbdc13800 JavaThread "Handler for socket connection from /127.0.0.1:64381 to /127.0.0.1:64382" [_thread_in_native, id=5672, stack(0x00000048cac00000,0x00000048cad00000)]
  0x0000017dbeefa800 JavaThread "Daemon periodic checks" [_thread_blocked, id=6728, stack(0x00000048cad00000,0x00000048cae00000)]
  0x0000017dbe7a3000 JavaThread "Cancel handler" [_thread_blocked, id=11960, stack(0x00000048cae00000,0x00000048caf00000)]
  0x0000017dbf18c000 JavaThread "Daemon worker" [_thread_in_Java, id=8940, stack(0x00000048caf00000,0x00000048cb000000)]
  0x0000017dbeb84000 JavaThread "Asynchronous log dispatcher for DefaultDaemonConnection: socket connection from /127.0.0.1:64381 to /127.0.0.1:64382" [_thread_blocked, id=11100, stack(0x00000048cb000000,0x00000048cb100000)]
  0x0000017dbdf72000 JavaThread "Stdin handler" [_thread_blocked, id=2324, stack(0x00000048cb100000,0x00000048cb200000)]
  0x0000017dbf17c000 JavaThread "Daemon client event forwarder" [_thread_blocked, id=19304, stack(0x00000048cb200000,0x00000048cb300000)]
  0x0000017dbf180000 JavaThread "Cache worker for file hash cache (C:\Users\k.nesar\.gradle\caches\7.0.2\fileHashes)" [_thread_blocked, id=19216, stack(0x00000048cb300000,0x00000048cb400000)]
  0x0000017dbf181000 JavaThread "File lock request listener" [_thread_in_native, id=8280, stack(0x00000048cb400000,0x00000048cb500000)]
  0x0000017dbf182800 JavaThread "Cache worker for journal cache (C:\Users\k.nesar\.gradle\caches\journal-1)" [_thread_blocked, id=20160, stack(0x00000048cb500000,0x00000048cb600000)]
  0x0000017dbf181800 JavaThread "Cache worker for file hash cache (C:\Users\k.nesar\AndroidStudioProjects\Play_Beat\.gradle\7.0.2\fileHashes)" [_thread_blocked, id=18664, stack(0x00000048cb600000,0x00000048cb700000)]
  0x0000017dbf17e800 JavaThread "File watcher server" daemon [_thread_in_native, id=16744, stack(0x00000048cb700000,0x00000048cb800000)]
  0x0000017dbf17f000 JavaThread "File watcher consumer" daemon [_thread_blocked, id=18068, stack(0x00000048cb800000,0x00000048cb900000)]
  0x0000017dbf17c800 JavaThread "Cache worker for checksums cache (C:\Users\k.nesar\AndroidStudioProjects\Play_Beat\.gradle\checksums)" [_thread_blocked, id=12952, stack(0x00000048cb900000,0x00000048cba00000)]
  0x0000017dbf17d800 JavaThread "Cache worker for cache directory md-supplier (C:\Users\k.nesar\.gradle\caches\7.0.2\md-supplier)" [_thread_blocked, id=14924, stack(0x00000048cba00000,0x00000048cbb00000)]
  0x0000017dbeca7800 JavaThread "Cache worker for cache directory md-rule (C:\Users\k.nesar\.gradle\caches\7.0.2\md-rule)" [_thread_blocked, id=20708, stack(0x00000048cbb00000,0x00000048cbc00000)]
  0x0000017dbeca8800 JavaThread "Cache worker for execution history cache (C:\Users\k.nesar\.gradle\caches\7.0.2\executionHistory)" [_thread_blocked, id=6316, stack(0x00000048cbc00000,0x00000048cbd00000)]
  0x0000017dbeca6000 JavaThread "jar transforms" [_thread_blocked, id=9404, stack(0x00000048cbe00000,0x00000048cbf00000)]
  0x0000017dbeca4000 JavaThread "jar transforms Thread 2" [_thread_blocked, id=9936, stack(0x00000048cbf00000,0x00000048cc000000)]
  0x0000017dbeca6800 JavaThread "Cache worker for file content cache (C:\Users\k.nesar\.gradle\caches\7.0.2\fileContent)" [_thread_blocked, id=8732, stack(0x00000048cc000000,0x00000048cc100000)]
  0x0000017dbecab000 JavaThread "Cache worker for dependencies-accessors (C:\Users\k.nesar\AndroidStudioProjects\Play_Beat\.gradle\7.0.2\dependencies-accessors)" [_thread_blocked, id=17116, stack(0x00000048cc100000,0x00000048cc200000)]
  0x0000017dbeca5000 JavaThread "jar transforms Thread 3" [_thread_blocked, id=4892, stack(0x00000048cbd00000,0x00000048cbe00000)]
  0x0000017dbecaf800 JavaThread "Cache worker for Build Output Cleanup Cache (C:\Users\k.nesar\AndroidStudioProjects\Play_Beat\.gradle\buildOutputCleanup)" [_thread_blocked, id=11172, stack(0x00000048cc300000,0x00000048cc400000)]
  0x0000017dbecac800 JavaThread "Build operations" [_thread_blocked, id=16216, stack(0x00000048cc400000,0x00000048cc500000)]
  0x0000017dbecaf000 JavaThread "Build operations Thread 2" [_thread_blocked, id=9132, stack(0x00000048cc500000,0x00000048cc600000)]
  0x0000017dbecb0800 JavaThread "Build operations Thread 3" [_thread_blocked, id=14728, stack(0x00000048cc600000,0x00000048cc700000)]
  0x0000017dbecab800 JavaThread "Build operations Thread 4" [_thread_blocked, id=19920, stack(0x00000048cc700000,0x00000048cc800000)]
  0x0000017dbecb3000 JavaThread "jar transforms Thread 4" [_thread_blocked, id=19652, stack(0x00000048cc800000,0x00000048cc900000)]
  0x0000017dbecae000 JavaThread "Memory manager" [_thread_blocked, id=20468, stack(0x00000048cc900000,0x00000048cca00000)]
  0x0000017dc24bc000 JavaThread "C2 CompilerThread1" daemon [_thread_in_native, id=6332, stack(0x00000048cc200000,0x00000048cc300000)]

Other Threads:
  0x0000017dbbf33000 VMThread "VM Thread" [stack: 0x00000048c9b00000,0x00000048c9c00000] [id=18536]
  0x0000017dbc931000 WatcherThread [stack: 0x00000048ca500000,0x00000048ca600000] [id=9444]
  0x0000017da2348800 GCTaskThread "GC Thread#0" [stack: 0x00000048c9600000,0x00000048c9700000] [id=16932]
  0x0000017dbd296000 GCTaskThread "GC Thread#1" [stack: 0x00000048ca600000,0x00000048ca700000] [id=5248]
  0x0000017dbcc8e000 GCTaskThread "GC Thread#2" [stack: 0x00000048ca700000,0x00000048ca800000] [id=7692]
  0x0000017dbd23e000 GCTaskThread "GC Thread#3" [stack: 0x00000048ca800000,0x00000048ca900000] [id=2052]
  0x0000017da2378000 ConcurrentGCThread "G1 Main Marker" [stack: 0x00000048c9700000,0x00000048c9800000] [id=18128]
  0x0000017da2379800 ConcurrentGCThread "G1 Conc#0" [stack: 0x00000048c9800000,0x00000048c9900000] [id=19044]
  0x0000017dbbd82800 ConcurrentGCThread "G1 Refine#0" [stack: 0x00000048c9900000,0x00000048c9a00000] [id=2980]
  0x0000017dbbd83000 ConcurrentGCThread "G1 Young RemSet Sampling" [stack: 0x00000048c9a00000,0x00000048c9b00000] [id=7016]

Threads with active compile tasks:
C2 CompilerThread0  36287 6634       4       java.net.URLClassLoader$1::run (5 bytes)
C2 CompilerThread1  36287 6635   !   4       java.net.URLClassLoader$1::run (63 bytes)

VM state:not at safepoint (normal execution)

VM Mutex/Monitor currently owned by a thread: None

Heap address: 0x0000000080000000, size: 2048 MB, Compressed Oops mode: 32-bit
Narrow klass base: 0x0000000000000000, Narrow klass shift: 3
Compressed class space size: 1073741824 Address: 0x0000000100000000

Heap:
 garbage-first heap   total 194560K, used 78412K [0x0000000080000000, 0x0000000100000000)
  region size 1024K, 30 young (30720K), 8 survivors (8192K)
 Metaspace       used 65926K, capacity 67654K, committed 67708K, reserved 1107968K
  class space    used 8355K, capacity 8958K, committed 8960K, reserved 1048576K
Heap Regions: E=young(eden), S=young(survivor), O=old, HS=humongous(starts), HC=humongous(continues), CS=collection set, F=free, A=archive, TAMS=top-at-mark-start (previous, next)
|   0|0x0000000080000000, 0x0000000080100000, 0x0000000080100000|100%| O|  |TAMS 0x0000000080100000, 0x0000000080000000| Untracked 
|   1|0x0000000080100000, 0x0000000080200000, 0x0000000080200000|100%| O|  |TAMS 0x0000000080200000, 0x0000000080100000| Untracked 
|   2|0x0000000080200000, 0x0000000080300000, 0x0000000080300000|100%| O|  |TAMS 0x0000000080300000, 0x0000000080200000| Untracked 
|   3|0x0000000080300000, 0x0000000080400000, 0x0000000080400000|100%|HS|  |TAMS 0x0000000080400000, 0x0000000080300000| Complete 
|   4|0x0000000080400000, 0x0000000080500000, 0x0000000080500000|100%|HC|  |TAMS 0x0000000080500000, 0x0000000080400000| Complete 
|   5|0x0000000080500000, 0x0000000080600000, 0x0000000080600000|100%|HC|  |TAMS 0x0000000080600000, 0x0000000080500000| Complete 
|   6|0x0000000080600000, 0x0000000080700000, 0x0000000080700000|100%| O|  |TAMS 0x0000000080700000, 0x0000000080600000| Untracked 
|   7|0x0000000080700000, 0x0000000080800000, 0x0000000080800000|100%| O|  |TAMS 0x0000000080800000, 0x0000000080700000| Untracked 
|   8|0x0000000080800000, 0x0000000080900000, 0x0000000080900000|100%| O|  |TAMS 0x0000000080900000, 0x0000000080800000| Untracked 
|   9|0x0000000080900000, 0x0000000080a00000, 0x0000000080a00000|100%| O|  |TAMS 0x0000000080a00000, 0x0000000080900000| Untracked 
|  10|0x0000000080a00000, 0x0000000080b00000, 0x0000000080b00000|100%| O|  |TAMS 0x0000000080b00000, 0x0000000080a00000| Untracked 
|  11|0x0000000080b00000, 0x0000000080c00000, 0x0000000080c00000|100%| O|  |TAMS 0x0000000080c00000, 0x0000000080b00000| Untracked 
|  12|0x0000000080c00000, 0x0000000080d00000, 0x0000000080d00000|100%| O|  |TAMS 0x0000000080d00000, 0x0000000080c00000| Untracked 
|  13|0x0000000080d00000, 0x0000000080e00000, 0x0000000080e00000|100%| O|  |TAMS 0x0000000080e00000, 0x0000000080d00000| Untracked 
|  14|0x0000000080e00000, 0x0000000080f00000, 0x0000000080f00000|100%| O|  |TAMS 0x0000000080f00000, 0x0000000080e00000| Untracked 
|  15|0x0000000080f00000, 0x0000000081000000, 0x0000000081000000|100%| O|  |TAMS 0x0000000081000000, 0x0000000080f00000| Untracked 
|  16|0x0000000081000000, 0x0000000081100000, 0x0000000081100000|100%| O|  |TAMS 0x0000000081100000, 0x0000000081000000| Untracked 
|  17|0x0000000081100000, 0x0000000081200000, 0x0000000081200000|100%|HS|  |TAMS 0x0000000081200000, 0x0000000081100000| Complete 
|  18|0x0000000081200000, 0x0000000081300000, 0x0000000081300000|100%|HS|  |TAMS 0x0000000081300000, 0x0000000081200000| Complete 
|  19|0x0000000081300000, 0x0000000081400000, 0x0000000081400000|100%|HS|  |TAMS 0x0000000081400000, 0x0000000081300000| Complete 
|  20|0x0000000081400000, 0x0000000081500000, 0x0000000081500000|100%|HS|  |TAMS 0x0000000081500000, 0x0000000081400000| Complete 
|  21|0x0000000081500000, 0x0000000081600000, 0x0000000081600000|100%|HC|  |TAMS 0x0000000081600000, 0x0000000081500000| Complete 
|  22|0x0000000081600000, 0x0000000081700000, 0x0000000081700000|100%|HC|  |TAMS 0x0000000081700000, 0x0000000081600000| Complete 
|  23|0x0000000081700000, 0x0000000081800000, 0x0000000081800000|100%|HS|  |TAMS 0x0000000081800000, 0x0000000081700000| Complete 
|  24|0x0000000081800000, 0x0000000081900000, 0x0000000081900000|100%|HC|  |TAMS 0x0000000081900000, 0x0000000081800000| Complete 
|  25|0x0000000081900000, 0x0000000081a00000, 0x0000000081a00000|100%| O|  |TAMS 0x0000000081a00000, 0x0000000081900000| Untracked 
|  26|0x0000000081a00000, 0x0000000081b00000, 0x0000000081b00000|100%| O|  |TAMS 0x0000000081b00000, 0x0000000081a00000| Untracked 
|  27|0x0000000081b00000, 0x0000000081c00000, 0x0000000081c00000|100%| O|  |TAMS 0x0000000081c00000, 0x0000000081b00000| Untracked 
|  28|0x0000000081c00000, 0x0000000081d00000, 0x0000000081d00000|100%| O|  |TAMS 0x0000000081d00000, 0x0000000081c00000| Untracked 
|  29|0x0000000081d00000, 0x0000000081e00000, 0x0000000081e00000|100%| O|  |TAMS 0x0000000081e00000, 0x0000000081d00000| Untracked 
|  30|0x0000000081e00000, 0x0000000081f00000, 0x0000000081f00000|100%| O|  |TAMS 0x0000000081f00000, 0x0000000081e00000| Untracked 
|  31|0x0000000081f00000, 0x0000000082000000, 0x0000000082000000|100%| O|  |TAMS 0x0000000082000000, 0x0000000081f00000| Untracked 
|  32|0x0000000082000000, 0x0000000082100000, 0x0000000082100000|100%| O|  |TAMS 0x0000000082100000, 0x0000000082000000| Untracked 
|  33|0x0000000082100000, 0x0000000082200000, 0x0000000082200000|100%| O|  |TAMS 0x0000000082200000, 0x0000000082100000| Untracked 
|  34|0x0000000082200000, 0x0000000082300000, 0x0000000082300000|100%| O|  |TAMS 0x0000000082300000, 0x0000000082200000| Untracked 
|  35|0x0000000082300000, 0x0000000082400000, 0x0000000082400000|100%| O|  |TAMS 0x0000000082400000, 0x0000000082300000| Untracked 
|  36|0x0000000082400000, 0x0000000082500000, 0x0000000082500000|100%| O|  |TAMS 0x0000000082500000, 0x0000000082400000| Untracked 
|  37|0x0000000082500000, 0x0000000082600000, 0x0000000082600000|100%| O|  |TAMS 0x0000000082600000, 0x0000000082500000| Untracked 
|  38|0x0000000082600000, 0x0000000082700000, 0x0000000082700000|100%| O|  |TAMS 0x0000000082700000, 0x0000000082600000| Untracked 
|  39|0x0000000082700000, 0x0000000082800000, 0x0000000082800000|100%| O|  |TAMS 0x0000000082800000, 0x0000000082700000| Untracked 
|  40|0x0000000082800000, 0x0000000082900000, 0x0000000082900000|100%| O|  |TAMS 0x0000000082900000, 0x0000000082800000| Untracked 
|  41|0x0000000082900000, 0x0000000082a00000, 0x0000000082a00000|100%| O|  |TAMS 0x0000000082a00000, 0x0000000082900000| Untracked 
|  42|0x0000000082a00000, 0x0000000082b00000, 0x0000000082b00000|100%| O|  |TAMS 0x0000000082b00000, 0x0000000082a00000| Untracked 
|  43|0x0000000082b00000, 0x0000000082c00000, 0x0000000082c00000|100%| O|  |TAMS 0x0000000082c00000, 0x0000000082b00000| Untracked 
|  44|0x0000000082c00000, 0x0000000082d00000, 0x0000000082d00000|100%| O|  |TAMS 0x0000000082d00000, 0x0000000082c00000| Untracked 
|  45|0x0000000082d00000, 0x0000000082e00000, 0x0000000082e00000|100%| O|  |TAMS 0x0000000082e00000, 0x0000000082d00000| Untracked 
|  46|0x0000000082e00000, 0x0000000082f00000, 0x0000000082f00000|100%| O|  |TAMS 0x0000000082f00000, 0x0000000082e00000| Untracked 
|  47|0x0000000082f00000, 0x0000000082f93200, 0x0000000083000000| 57%| O|  |TAMS 0x0000000082f93200, 0x0000000082f00000| Untracked 
|  48|0x0000000083000000, 0x0000000083000000, 0x0000000083100000|  0%| F|  |TAMS 0x0000000083000000, 0x0000000083000000| Untracked 
|  49|0x0000000083100000, 0x0000000083100000, 0x0000000083200000|  0%| F|  |TAMS 0x0000000083100000, 0x0000000083100000| Untracked 
|  50|0x0000000083200000, 0x0000000083200000, 0x0000000083300000|  0%| F|  |TAMS 0x0000000083200000, 0x0000000083200000| Untracked 
|  51|0x0000000083300000, 0x0000000083300000, 0x0000000083400000|  0%| F|  |TAMS 0x0000000083300000, 0x0000000083300000| Untracked 
|  52|0x0000000083400000, 0x0000000083400000, 0x0000000083500000|  0%| F|  |TAMS 0x0000000083400000, 0x0000000083400000| Untracked 
|  53|0x0000000083500000, 0x0000000083500000, 0x0000000083600000|  0%| F|  |TAMS 0x0000000083500000, 0x0000000083500000| Untracked 
|  54|0x0000000083600000, 0x0000000083600000, 0x0000000083700000|  0%| F|  |TAMS 0x0000000083600000, 0x0000000083600000| Untracked 
|  55|0x0000000083700000, 0x0000000083700000, 0x0000000083800000|  0%| F|  |TAMS 0x0000000083700000, 0x0000000083700000| Untracked 
|  56|0x0000000083800000, 0x0000000083800000, 0x0000000083900000|  0%| F|  |TAMS 0x0000000083800000, 0x0000000083800000| Untracked 
|  57|0x0000000083900000, 0x0000000083900000, 0x0000000083a00000|  0%| F|  |TAMS 0x0000000083900000, 0x0000000083900000| Untracked 
|  58|0x0000000083a00000, 0x0000000083a00000, 0x0000000083b00000|  0%| F|  |TAMS 0x0000000083a00000, 0x0000000083a00000| Untracked 
|  59|0x0000000083b00000, 0x0000000083b00000, 0x0000000083c00000|  0%| F|  |TAMS 0x0000000083b00000, 0x0000000083b00000| Untracked 
|  60|0x0000000083c00000, 0x0000000083c00000, 0x0000000083d00000|  0%| F|  |TAMS 0x0000000083c00000, 0x0000000083c00000| Untracked 
|  61|0x0000000083d00000, 0x0000000083d00000, 0x0000000083e00000|  0%| F|  |TAMS 0x0000000083d00000, 0x0000000083d00000| Untracked 
|  62|0x0000000083e00000, 0x0000000083e00000, 0x0000000083f00000|  0%| F|  |TAMS 0x0000000083e00000, 0x0000000083e00000| Untracked 
|  63|0x0000000083f00000, 0x0000000083f00000, 0x0000000084000000|  0%| F|  |TAMS 0x0000000083f00000, 0x0000000083f00000| Untracked 
|  64|0x0000000084000000, 0x0000000084000000, 0x0000000084100000|  0%| F|  |TAMS 0x0000000084000000, 0x0000000084000000| Untracked 
|  65|0x0000000084100000, 0x0000000084100000, 0x0000000084200000|  0%| F|  |TAMS 0x0000000084100000, 0x0000000084100000| Untracked 
|  66|0x0000000084200000, 0x0000000084200000, 0x0000000084300000|  0%| F|  |TAMS 0x0000000084200000, 0x0000000084200000| Untracked 
|  67|0x0000000084300000, 0x0000000084300000, 0x0000000084400000|  0%| F|  |TAMS 0x0000000084300000, 0x0000000084300000| Untracked 
|  68|0x0000000084400000, 0x0000000084400000, 0x0000000084500000|  0%| F|  |TAMS 0x0000000084400000, 0x0000000084400000| Untracked 
|  69|0x0000000084500000, 0x0000000084500000, 0x0000000084600000|  0%| F|  |TAMS 0x0000000084500000, 0x0000000084500000| Untracked 
|  70|0x0000000084600000, 0x0000000084600000, 0x0000000084700000|  0%| F|  |TAMS 0x0000000084600000, 0x0000000084600000| Untracked 
|  71|0x0000000084700000, 0x0000000084700000, 0x0000000084800000|  0%| F|  |TAMS 0x0000000084700000, 0x0000000084700000| Untracked 
|  72|0x0000000084800000, 0x0000000084800000, 0x0000000084900000|  0%| F|  |TAMS 0x0000000084800000, 0x0000000084800000| Untracked 
|  73|0x0000000084900000, 0x0000000084900000, 0x0000000084a00000|  0%| F|  |TAMS 0x0000000084900000, 0x0000000084900000| Untracked 
|  74|0x0000000084a00000, 0x0000000084a00000, 0x0000000084b00000|  0%| F|  |TAMS 0x0000000084a00000, 0x0000000084a00000| Untracked 
|  75|0x0000000084b00000, 0x0000000084b00000, 0x0000000084c00000|  0%| F|  |TAMS 0x0000000084b00000, 0x0000000084b00000| Untracked 
|  76|0x0000000084c00000, 0x0000000084c00000, 0x0000000084d00000|  0%| F|  |TAMS 0x0000000084c00000, 0x0000000084c00000| Untracked 
|  77|0x0000000084d00000, 0x0000000084d00000, 0x0000000084e00000|  0%| F|  |TAMS 0x0000000084d00000, 0x0000000084d00000| Untracked 
|  78|0x0000000084e00000, 0x0000000084e00000, 0x0000000084f00000|  0%| F|  |TAMS 0x0000000084e00000, 0x0000000084e00000| Untracked 
|  79|0x0000000084f00000, 0x0000000084f00000, 0x0000000085000000|  0%| F|  |TAMS 0x0000000084f00000, 0x0000000084f00000| Untracked 
|  80|0x0000000085000000, 0x0000000085000000, 0x0000000085100000|  0%| F|  |TAMS 0x0000000085000000, 0x0000000085000000| Untracked 
|  81|0x0000000085100000, 0x0000000085100000, 0x0000000085200000|  0%| F|  |TAMS 0x0000000085100000, 0x0000000085100000| Untracked 
|  82|0x0000000085200000, 0x0000000085200000, 0x0000000085300000|  0%| F|  |TAMS 0x0000000085200000, 0x0000000085200000| Untracked 
|  83|0x0000000085300000, 0x0000000085300000, 0x0000000085400000|  0%| F|  |TAMS 0x0000000085300000, 0x0000000085300000| Untracked 
|  84|0x0000000085400000, 0x0000000085400000, 0x0000000085500000|  0%| F|  |TAMS 0x0000000085400000, 0x0000000085400000| Untracked 
|  85|0x0000000085500000, 0x0000000085500000, 0x0000000085600000|  0%| F|  |TAMS 0x0000000085500000, 0x0000000085500000| Untracked 
|  86|0x0000000085600000, 0x0000000085600000, 0x0000000085700000|  0%| F|  |TAMS 0x0000000085600000, 0x0000000085600000| Untracked 
|  87|0x0000000085700000, 0x0000000085700000, 0x0000000085800000|  0%| F|  |TAMS 0x0000000085700000, 0x0000000085700000| Untracked 
|  88|0x0000000085800000, 0x0000000085800000, 0x0000000085900000|  0%| F|  |TAMS 0x0000000085800000, 0x0000000085800000| Untracked 
|  89|0x0000000085900000, 0x0000000085900000, 0x0000000085a00000|  0%| F|  |TAMS 0x0000000085900000, 0x0000000085900000| Untracked 
|  90|0x0000000085a00000, 0x0000000085a00000, 0x0000000085b00000|  0%| F|  |TAMS 0x0000000085a00000, 0x0000000085a00000| Untracked 
|  91|0x0000000085b00000, 0x0000000085b00000, 0x0000000085c00000|  0%| F|  |TAMS 0x0000000085b00000, 0x0000000085b00000| Untracked 
|  92|0x0000000085c00000, 0x0000000085c00000, 0x0000000085d00000|  0%| F|  |TAMS 0x0000000085c00000, 0x0000000085c00000| Untracked 
|  93|0x0000000085d00000, 0x0000000085d00000, 0x0000000085e00000|  0%| F|  |TAMS 0x0000000085d00000, 0x0000000085d00000| Untracked 
|  94|0x0000000085e00000, 0x0000000085e00000, 0x0000000085f00000|  0%| F|  |TAMS 0x0000000085e00000, 0x0000000085e00000| Untracked 
|  95|0x0000000085f00000, 0x0000000085f00000, 0x0000000086000000|  0%| F|  |TAMS 0x0000000085f00000, 0x0000000085f00000| Untracked 
|  96|0x0000000086000000, 0x0000000086000000, 0x0000000086100000|  0%| F|  |TAMS 0x0000000086000000, 0x0000000086000000| Untracked 
|  97|0x0000000086100000, 0x0000000086100000, 0x0000000086200000|  0%| F|  |TAMS 0x0000000086100000, 0x0000000086100000| Untracked 
|  98|0x0000000086200000, 0x0000000086200000, 0x0000000086300000|  0%| F|  |TAMS 0x0000000086200000, 0x0000000086200000| Untracked 
|  99|0x0000000086300000, 0x0000000086300000, 0x0000000086400000|  0%| F|  |TAMS 0x0000000086300000, 0x0000000086300000| Untracked 
| 100|0x0000000086400000, 0x0000000086400000, 0x0000000086500000|  0%| F|  |TAMS 0x0000000086400000, 0x0000000086400000| Untracked 
| 101|0x0000000086500000, 0x0000000086600000, 0x0000000086600000|100%| S|CS|TAMS 0x0000000086500000, 0x0000000086500000| Complete 
| 102|0x0000000086600000, 0x0000000086700000, 0x0000000086700000|100%| S|CS|TAMS 0x0000000086600000, 0x0000000086600000| Complete 
| 103|0x0000000086700000, 0x0000000086800000, 0x0000000086800000|100%| S|CS|TAMS 0x0000000086700000, 0x0000000086700000| Complete 
| 104|0x0000000086800000, 0x0000000086900000, 0x0000000086900000|100%| S|CS|TAMS 0x0000000086800000, 0x0000000086800000| Complete 
| 105|0x0000000086900000, 0x0000000086a00000, 0x0000000086a00000|100%| S|CS|TAMS 0x0000000086900000, 0x0000000086900000| Complete 
| 106|0x0000000086a00000, 0x0000000086b00000, 0x0000000086b00000|100%| S|CS|TAMS 0x0000000086a00000, 0x0000000086a00000| Complete 
| 107|0x0000000086b00000, 0x0000000086c00000, 0x0000000086c00000|100%| S|CS|TAMS 0x0000000086b00000, 0x0000000086b00000| Complete 
| 108|0x0000000086c00000, 0x0000000086d00000, 0x0000000086d00000|100%| S|CS|TAMS 0x0000000086c00000, 0x0000000086c00000| Complete 
| 109|0x0000000086d00000, 0x0000000086d00000, 0x0000000086e00000|  0%| F|  |TAMS 0x0000000086d00000, 0x0000000086d00000| Untracked 
| 110|0x0000000086e00000, 0x0000000086e00000, 0x0000000086f00000|  0%| F|  |TAMS 0x0000000086e00000, 0x0000000086e00000| Untracked 
| 111|0x0000000086f00000, 0x0000000086f00000, 0x0000000087000000|  0%| F|  |TAMS 0x0000000086f00000, 0x0000000086f00000| Untracked 
| 112|0x0000000087000000, 0x0000000087000000, 0x0000000087100000|  0%| F|  |TAMS 0x0000000087000000, 0x0000000087000000| Untracked 
| 113|0x0000000087100000, 0x0000000087100000, 0x0000000087200000|  0%| F|  |TAMS 0x0000000087100000, 0x0000000087100000| Untracked 
| 114|0x0000000087200000, 0x0000000087200000, 0x0000000087300000|  0%| F|  |TAMS 0x0000000087200000, 0x0000000087200000| Untracked 
| 115|0x0000000087300000, 0x0000000087300000, 0x0000000087400000|  0%| F|  |TAMS 0x0000000087300000, 0x0000000087300000| Untracked 
| 116|0x0000000087400000, 0x0000000087400000, 0x0000000087500000|  0%| F|  |TAMS 0x0000000087400000, 0x0000000087400000| Untracked 
| 117|0x0000000087500000, 0x0000000087500000, 0x0000000087600000|  0%| F|  |TAMS 0x0000000087500000, 0x0000000087500000| Untracked 
| 118|0x0000000087600000, 0x0000000087600000, 0x0000000087700000|  0%| F|  |TAMS 0x0000000087600000, 0x0000000087600000| Untracked 
| 119|0x0000000087700000, 0x0000000087700000, 0x0000000087800000|  0%| F|  |TAMS 0x0000000087700000, 0x0000000087700000| Untracked 
| 120|0x0000000087800000, 0x0000000087800000, 0x0000000087900000|  0%| F|  |TAMS 0x0000000087800000, 0x0000000087800000| Untracked 
| 121|0x0000000087900000, 0x0000000087900000, 0x0000000087a00000|  0%| F|  |TAMS 0x0000000087900000, 0x0000000087900000| Untracked 
| 122|0x0000000087a00000, 0x0000000087a00000, 0x0000000087b00000|  0%| F|  |TAMS 0x0000000087a00000, 0x0000000087a00000| Untracked 
| 123|0x0000000087b00000, 0x0000000087b00000, 0x0000000087c00000|  0%| F|  |TAMS 0x0000000087b00000, 0x0000000087b00000| Untracked 
| 124|0x0000000087c00000, 0x0000000087c00000, 0x0000000087d00000|  0%| F|  |TAMS 0x0000000087c00000, 0x0000000087c00000| Untracked 
| 125|0x0000000087d00000, 0x0000000087d00000, 0x0000000087e00000|  0%| F|  |TAMS 0x0000000087d00000, 0x0000000087d00000| Untracked 
| 126|0x0000000087e00000, 0x0000000087e00000, 0x0000000087f00000|  0%| F|  |TAMS 0x0000000087e00000, 0x0000000087e00000| Untracked 
| 127|0x0000000087f00000, 0x0000000087f00000, 0x0000000088000000|  0%| F|  |TAMS 0x0000000087f00000, 0x0000000087f00000| Untracked 
| 128|0x0000000088000000, 0x0000000088000000, 0x0000000088100000|  0%| F|  |TAMS 0x0000000088000000, 0x0000000088000000| Untracked 
| 129|0x0000000088100000, 0x0000000088100000, 0x0000000088200000|  0%| F|  |TAMS 0x0000000088100000, 0x0000000088100000| Untracked 
| 130|0x0000000088200000, 0x0000000088200000, 0x0000000088300000|  0%| F|  |TAMS 0x0000000088200000, 0x0000000088200000| Untracked 
| 131|0x0000000088300000, 0x0000000088300000, 0x0000000088400000|  0%| F|  |TAMS 0x0000000088300000, 0x0000000088300000| Untracked 
| 132|0x0000000088400000, 0x0000000088400000, 0x0000000088500000|  0%| F|  |TAMS 0x0000000088400000, 0x0000000088400000| Untracked 
| 133|0x0000000088500000, 0x0000000088500000, 0x0000000088600000|  0%| F|  |TAMS 0x0000000088500000, 0x0000000088500000| Untracked 
| 134|0x0000000088600000, 0x0000000088600000, 0x0000000088700000|  0%| F|  |TAMS 0x0000000088600000, 0x0000000088600000| Untracked 
| 135|0x0000000088700000, 0x0000000088700000, 0x0000000088800000|  0%| F|  |TAMS 0x0000000088700000, 0x0000000088700000| Untracked 
| 136|0x0000000088800000, 0x0000000088800000, 0x0000000088900000|  0%| F|  |TAMS 0x0000000088800000, 0x0000000088800000| Untracked 
| 137|0x0000000088900000, 0x0000000088900000, 0x0000000088a00000|  0%| F|  |TAMS 0x0000000088900000, 0x0000000088900000| Untracked 
| 138|0x0000000088a00000, 0x0000000088a00000, 0x0000000088b00000|  0%| F|  |TAMS 0x0000000088a00000, 0x0000000088a00000| Untracked 
| 139|0x0000000088b00000, 0x0000000088b00000, 0x0000000088c00000|  0%| F|  |TAMS 0x0000000088b00000, 0x0000000088b00000| Untracked 
| 140|0x0000000088c00000, 0x0000000088c00000, 0x0000000088d00000|  0%| F|  |TAMS 0x0000000088c00000, 0x0000000088c00000| Untracked 
| 141|0x0000000088d00000, 0x0000000088d00000, 0x0000000088e00000|  0%| F|  |TAMS 0x0000000088d00000, 0x0000000088d00000| Untracked 
| 142|0x0000000088e00000, 0x0000000088e00000, 0x0000000088f00000|  0%| F|  |TAMS 0x0000000088e00000, 0x0000000088e00000| Untracked 
| 143|0x0000000088f00000, 0x0000000088f00000, 0x0000000089000000|  0%| F|  |TAMS 0x0000000088f00000, 0x0000000088f00000| Untracked 
| 144|0x0000000089000000, 0x0000000089000000, 0x0000000089100000|  0%| F|  |TAMS 0x0000000089000000, 0x0000000089000000| Untracked 
| 145|0x0000000089100000, 0x0000000089100000, 0x0000000089200000|  0%| F|  |TAMS 0x0000000089100000, 0x0000000089100000| Untracked 
| 146|0x0000000089200000, 0x0000000089200000, 0x0000000089300000|  0%| F|  |TAMS 0x0000000089200000, 0x0000000089200000| Untracked 
| 147|0x0000000089300000, 0x0000000089300000, 0x0000000089400000|  0%| F|  |TAMS 0x0000000089300000, 0x0000000089300000| Untracked 
| 148|0x0000000089400000, 0x0000000089400000, 0x0000000089500000|  0%| F|  |TAMS 0x0000000089400000, 0x0000000089400000| Untracked 
| 149|0x0000000089500000, 0x0000000089500000, 0x0000000089600000|  0%| F|  |TAMS 0x0000000089500000, 0x0000000089500000| Untracked 
| 150|0x0000000089600000, 0x0000000089600000, 0x0000000089700000|  0%| F|  |TAMS 0x0000000089600000, 0x0000000089600000| Untracked 
| 151|0x0000000089700000, 0x0000000089700000, 0x0000000089800000|  0%| F|  |TAMS 0x0000000089700000, 0x0000000089700000| Untracked 
| 152|0x0000000089800000, 0x0000000089800000, 0x0000000089900000|  0%| F|  |TAMS 0x0000000089800000, 0x0000000089800000| Untracked 
| 153|0x0000000089900000, 0x0000000089900000, 0x0000000089a00000|  0%| F|  |TAMS 0x0000000089900000, 0x0000000089900000| Untracked 
| 154|0x0000000089a00000, 0x0000000089a00000, 0x0000000089b00000|  0%| F|  |TAMS 0x0000000089a00000, 0x0000000089a00000| Untracked 
| 155|0x0000000089b00000, 0x0000000089b00000, 0x0000000089c00000|  0%| F|  |TAMS 0x0000000089b00000, 0x0000000089b00000| Untracked 
| 156|0x0000000089c00000, 0x0000000089c00000, 0x0000000089d00000|  0%| F|  |TAMS 0x0000000089c00000, 0x0000000089c00000| Untracked 
| 157|0x0000000089d00000, 0x0000000089d00000, 0x0000000089e00000|  0%| F|  |TAMS 0x0000000089d00000, 0x0000000089d00000| Untracked 
| 158|0x0000000089e00000, 0x0000000089e00000, 0x0000000089f00000|  0%| F|  |TAMS 0x0000000089e00000, 0x0000000089e00000| Untracked 
| 159|0x0000000089f00000, 0x0000000089f00000, 0x000000008a000000|  0%| F|  |TAMS 0x0000000089f00000, 0x0000000089f00000| Untracked 
| 160|0x000000008a000000, 0x000000008a000000, 0x000000008a100000|  0%| F|  |TAMS 0x000000008a000000, 0x000000008a000000| Untracked 
| 161|0x000000008a100000, 0x000000008a100000, 0x000000008a200000|  0%| F|  |TAMS 0x000000008a100000, 0x000000008a100000| Untracked 
| 162|0x000000008a200000, 0x000000008a200000, 0x000000008a300000|  0%| F|  |TAMS 0x000000008a200000, 0x000000008a200000| Untracked 
| 163|0x000000008a300000, 0x000000008a300000, 0x000000008a400000|  0%| F|  |TAMS 0x000000008a300000, 0x000000008a300000| Untracked 
| 164|0x000000008a400000, 0x000000008a400000, 0x000000008a500000|  0%| F|  |TAMS 0x000000008a400000, 0x000000008a400000| Untracked 
| 165|0x000000008a500000, 0x000000008a500000, 0x000000008a600000|  0%| F|  |TAMS 0x000000008a500000, 0x000000008a500000| Untracked 
| 166|0x000000008a600000, 0x000000008a600000, 0x000000008a700000|  0%| F|  |TAMS 0x000000008a600000, 0x000000008a600000| Untracked 
| 167|0x000000008a700000, 0x000000008a700000, 0x000000008a800000|  0%| F|  |TAMS 0x000000008a700000, 0x000000008a700000| Untracked 
| 168|0x000000008a800000, 0x000000008a880800, 0x000000008a900000| 50%| E|  |TAMS 0x000000008a800000, 0x000000008a800000| Complete 
| 169|0x000000008a900000, 0x000000008aa00000, 0x000000008aa00000|100%| E|CS|TAMS 0x000000008a900000, 0x000000008a900000| Complete 
| 170|0x000000008aa00000, 0x000000008ab00000, 0x000000008ab00000|100%| E|CS|TAMS 0x000000008aa00000, 0x000000008aa00000| Complete 
| 171|0x000000008ab00000, 0x000000008ac00000, 0x000000008ac00000|100%| E|CS|TAMS 0x000000008ab00000, 0x000000008ab00000| Complete 
| 172|0x000000008ac00000, 0x000000008ad00000, 0x000000008ad00000|100%| E|CS|TAMS 0x000000008ac00000, 0x000000008ac00000| Complete 
| 173|0x000000008ad00000, 0x000000008ae00000, 0x000000008ae00000|100%| E|CS|TAMS 0x000000008ad00000, 0x000000008ad00000| Complete 
| 174|0x000000008ae00000, 0x000000008af00000, 0x000000008af00000|100%| E|CS|TAMS 0x000000008ae00000, 0x000000008ae00000| Complete 
| 175|0x000000008af00000, 0x000000008b000000, 0x000000008b000000|100%| E|CS|TAMS 0x000000008af00000, 0x000000008af00000| Complete 
| 176|0x000000008b000000, 0x000000008b100000, 0x000000008b100000|100%| E|CS|TAMS 0x000000008b000000, 0x000000008b000000| Complete 
| 177|0x000000008b100000, 0x000000008b200000, 0x000000008b200000|100%| E|CS|TAMS 0x000000008b100000, 0x000000008b100000| Complete 
| 178|0x000000008b200000, 0x000000008b300000, 0x000000008b300000|100%| E|CS|TAMS 0x000000008b200000, 0x000000008b200000| Complete 
| 179|0x000000008b300000, 0x000000008b400000, 0x000000008b400000|100%| E|CS|TAMS 0x000000008b300000, 0x000000008b300000| Complete 
| 180|0x000000008b400000, 0x000000008b500000, 0x000000008b500000|100%| E|CS|TAMS 0x000000008b400000, 0x000000008b400000| Complete 
| 181|0x000000008b500000, 0x000000008b600000, 0x000000008b600000|100%| E|CS|TAMS 0x000000008b500000, 0x000000008b500000| Complete 
| 182|0x000000008b600000, 0x000000008b700000, 0x000000008b700000|100%| E|CS|TAMS 0x000000008b600000, 0x000000008b600000| Complete 
| 183|0x000000008b700000, 0x000000008b800000, 0x000000008b800000|100%| E|CS|TAMS 0x000000008b700000, 0x000000008b700000| Complete 
| 184|0x000000008b800000, 0x000000008b900000, 0x000000008b900000|100%| E|CS|TAMS 0x000000008b800000, 0x000000008b800000| Complete 
| 185|0x000000008b900000, 0x000000008ba00000, 0x000000008ba00000|100%| E|CS|TAMS 0x000000008b900000, 0x000000008b900000| Complete 
| 186|0x000000008ba00000, 0x000000008bb00000, 0x000000008bb00000|100%| E|CS|TAMS 0x000000008ba00000, 0x000000008ba00000| Complete 
| 187|0x000000008bb00000, 0x000000008bc00000, 0x000000008bc00000|100%| E|CS|TAMS 0x000000008bb00000, 0x000000008bb00000| Complete 
| 188|0x000000008bc00000, 0x000000008bd00000, 0x000000008bd00000|100%| E|CS|TAMS 0x000000008bc00000, 0x000000008bc00000| Complete 
| 189|0x000000008bd00000, 0x000000008be00000, 0x000000008be00000|100%| E|CS|TAMS 0x000000008bd00000, 0x000000008bd00000| Complete 

Card table byte_map: [0x0000017db5210000,0x0000017db5610000] _byte_map_base: 0x0000017db4e10000

Marking Bits (Prev, Next): (CMBitMap*) 0x0000017da236f420, (CMBitMap*) 0x0000017da236f3e8
 Prev Bits: [0x0000017db7a10000, 0x0000017db9a10000)
 Next Bits: [0x0000017db5a10000, 0x0000017db7a10000)

Polling page: 0x0000017da0310000

Metaspace:

Usage:
  Non-class:     57.32 MB capacity,    56.23 MB ( 98%) used,   951.39 KB (  2%) free+waste,   166.94 KB ( <1%) overhead. 
      Class:      8.75 MB capacity,     8.16 MB ( 93%) used,   524.19 KB (  6%) free+waste,    77.63 KB ( <1%) overhead. 
       Both:     66.07 MB capacity,    64.39 MB ( 97%) used,     1.44 MB (  2%) free+waste,   244.56 KB ( <1%) overhead. 

Virtual space:
  Non-class space:       58.00 MB reserved,      57.37 MB ( 99%) committed 
      Class space:        1.00 GB reserved,       8.75 MB ( <1%) committed 
             Both:        1.06 GB reserved,      66.12 MB (  6%) committed 

Chunk freelists:
   Non-Class:  52.00 KB
       Class:  2.00 KB
        Both:  54.00 KB

MaxMetaspaceSize: 17179869184.00 GB
CompressedClassSpaceSize: 1.00 GB

CodeHeap 'non-profiled nmethods': size=120064Kb used=3856Kb max_used=3856Kb free=116207Kb
 bounds [0x0000017dad8d0000, 0x0000017dadca0000, 0x0000017db4e10000]
CodeHeap 'profiled nmethods': size=120000Kb used=14249Kb max_used=14249Kb free=105750Kb
 bounds [0x0000017da63a0000, 0x0000017da7190000, 0x0000017dad8d0000]
CodeHeap 'non-nmethods': size=5696Kb used=2259Kb max_used=2294Kb free=3436Kb
 bounds [0x0000017da5e10000, 0x0000017da6080000, 0x0000017da63a0000]
 total_blobs=7509 nmethods=6656 adapters=764
 compilation: enabled
              stopped_count=0, restarted_count=0
 full_count=0

Compilation events (20 events):
Event: 36.136 Thread 0x0000017dbc7a9000 6654       3       sun.management.spi.PlatformMBeanProvider$PlatformComponent$$Lambda$65/0x0000000100184840::test (9 bytes)
Event: 36.136 Thread 0x0000017dbc7a9000 nmethod 6654 0x0000017da7185410 code [0x0000017da71855c0, 0x0000017da71856f8]
Event: 36.136 Thread 0x0000017dbc7a9000 6655       3       sun.management.spi.PlatformMBeanProvider$PlatformComponent$$Lambda$66/0x0000000100184c40::apply (9 bytes)
Event: 36.136 Thread 0x0000017dbc7a9000 nmethod 6655 0x0000017da7185790 code [0x0000017da7185980, 0x0000017da7185c98]
Event: 36.137 Thread 0x0000017dbc7a9000 6656       1       org.codehaus.groovy.runtime.metaclass.MultipleSetterProperty::setGetter (6 bytes)
Event: 36.137 Thread 0x0000017dbc7a9000 nmethod 6656 0x0000017dadc8a990 code [0x0000017dadc8ab40, 0x0000017dadc8ac38]
Event: 36.151 Thread 0x0000017dbc7a9000 6657       3       java.lang.reflect.Constructor::isSynthetic (5 bytes)
Event: 36.151 Thread 0x0000017dbc7a9000 nmethod 6657 0x0000017da7185e10 code [0x0000017da7185fe0, 0x0000017da7186218]
Event: 36.171 Thread 0x0000017dbc7a9000 6658       3       java.beans.PropertyDescriptor::<init> (112 bytes)
Event: 36.172 Thread 0x0000017dbc7a9000 nmethod 6658 0x0000017da7186310 code [0x0000017da7186540, 0x0000017da7186c68]
Event: 36.172 Thread 0x0000017dbc7a9000 6659   !   3       java.beans.PropertyDescriptor::updateGenericsFor (37 bytes)
Event: 36.173 Thread 0x0000017dbc7a9000 nmethod 6659 0x0000017da7186f10 code [0x0000017da71871e0, 0x0000017da7188238]
Event: 36.176 Thread 0x0000017dbc7a9000 6660       3       java.lang.Thread::getContextClassLoader (32 bytes)
Event: 36.177 Thread 0x0000017dbc7a9000 nmethod 6660 0x0000017da7188790 code [0x0000017da71889c0, 0x0000017da7189238]
Event: 36.199 Thread 0x0000017dc24bc000 nmethod 6627 0x0000017dadc8ac90 code [0x0000017dadc8b0c0, 0x0000017dadc8ed88]
Event: 36.199 Thread 0x0000017dc24bc000 6639       4       java.lang.StringBuilder::append (8 bytes)
Event: 36.215 Thread 0x0000017dc24bc000 nmethod 6639 0x0000017dadc90d10 code [0x0000017dadc90ee0, 0x0000017dadc91598]
Event: 36.215 Thread 0x0000017dc24bc000 6661       4       com.sun.beans.introspect.MethodInfo$MethodOrder::compare (167 bytes)
Event: 36.219 Thread 0x0000017dbc7a9000 6663       3       org.codehaus.groovy.runtime.metaclass.MetaMethodIndex$Header::<init> (26 bytes)
Event: 36.219 Thread 0x0000017dbc7a9000 nmethod 6663 0x0000017da7189510 code [0x0000017da71896e0, 0x0000017da71899c8]

GC Heap History (20 events):
Event: 2.061 GC heap before
{Heap before GC invocations=0 (full 0):
 garbage-first heap   total 194560K, used 19456K [0x0000000080000000, 0x0000000100000000)
  region size 1024K, 14 young (14336K), 0 survivors (0K)
 Metaspace       used 6734K, capacity 6921K, committed 7168K, reserved 1056768K
  class space    used 582K, capacity 650K, committed 768K, reserved 1048576K
}
Event: 2.141 GC heap after
{Heap after GC invocations=1 (full 0):
 garbage-first heap   total 194560K, used 7833K [0x0000000080000000, 0x0000000100000000)
  region size 1024K, 2 young (2048K), 2 survivors (2048K)
 Metaspace       used 6734K, capacity 6921K, committed 7168K, reserved 1056768K
  class space    used 582K, capacity 650K, committed 768K, reserved 1048576K
}
Event: 3.063 GC heap before
{Heap before GC invocations=1 (full 0):
 garbage-first heap   total 194560K, used 19097K [0x0000000080000000, 0x0000000100000000)
  region size 1024K, 13 young (13312K), 2 survivors (2048K)
 Metaspace       used 9830K, capacity 10050K, committed 10112K, reserved 1058816K
  class space    used 1022K, capacity 1102K, committed 1152K, reserved 1048576K
}
Event: 3.069 GC heap after
{Heap after GC invocations=2 (full 0):
 garbage-first heap   total 194560K, used 9062K [0x0000000080000000, 0x0000000100000000)
  region size 1024K, 2 young (2048K), 2 survivors (2048K)
 Metaspace       used 9830K, capacity 10050K, committed 10112K, reserved 1058816K
  class space    used 1022K, capacity 1102K, committed 1152K, reserved 1048576K
}
Event: 4.235 GC heap before
{Heap before GC invocations=2 (full 0):
 garbage-first heap   total 194560K, used 39782K [0x0000000080000000, 0x0000000100000000)
  region size 1024K, 32 young (32768K), 2 survivors (2048K)
 Metaspace       used 10765K, capacity 11003K, committed 11264K, reserved 1058816K
  class space    used 1125K, capacity 1206K, committed 1280K, reserved 1048576K
}
Event: 4.240 GC heap after
{Heap after GC invocations=3 (full 0):
 garbage-first heap   total 194560K, used 10796K [0x0000000080000000, 0x0000000100000000)
  region size 1024K, 3 young (3072K), 3 survivors (3072K)
 Metaspace       used 10765K, capacity 11003K, committed 11264K, reserved 1058816K
  class space    used 1125K, capacity 1206K, committed 1280K, reserved 1048576K
}
Event: 10.482 GC heap before
{Heap before GC invocations=3 (full 0):
 garbage-first heap   total 194560K, used 75308K [0x0000000080000000, 0x0000000100000000)
  region size 1024K, 67 young (68608K), 3 survivors (3072K)
 Metaspace       used 20608K, capacity 21150K, committed 21296K, reserved 1069056K
  class space    used 2513K, capacity 2688K, committed 2688K, reserved 1048576K
}
Event: 10.504 GC heap after
{Heap after GC invocations=4 (full 0):
 garbage-first heap   total 194560K, used 16626K [0x0000000080000000, 0x0000000100000000)
  region size 1024K, 9 young (9216K), 9 survivors (9216K)
 Metaspace       used 20608K, capacity 21150K, committed 21296K, reserved 1069056K
  class space    used 2513K, capacity 2688K, committed 2688K, reserved 1048576K
}
Event: 16.361 GC heap before
{Heap before GC invocations=5 (full 0):
 garbage-first heap   total 194560K, used 91378K [0x0000000080000000, 0x0000000100000000)
  region size 1024K, 83 young (84992K), 9 survivors (9216K)
 Metaspace       used 28038K, capacity 28661K, committed 28720K, reserved 1075200K
  class space    used 3719K, capacity 3963K, committed 3968K, reserved 1048576K
}
Event: 16.376 GC heap after
{Heap after GC invocations=6 (full 0):
 garbage-first heap   total 194560K, used 19576K [0x0000000080000000, 0x0000000100000000)
  region size 1024K, 9 young (9216K), 9 survivors (9216K)
 Metaspace       used 28038K, capacity 28661K, committed 28720K, reserved 1075200K
  class space    used 3719K, capacity 3963K, committed 3968K, reserved 1048576K
}
Event: 22.418 GC heap before
{Heap before GC invocations=6 (full 0):
 garbage-first heap   total 194560K, used 50296K [0x0000000080000000, 0x0000000100000000)
  region size 1024K, 40 young (40960K), 9 survivors (9216K)
 Metaspace       used 34792K, capacity 35639K, committed 35708K, reserved 1081344K
  class space    used 4535K, capacity 4864K, committed 4864K, reserved 1048576K
}
Event: 22.440 GC heap after
{Heap after GC invocations=7 (full 0):
 garbage-first heap   total 194560K, used 22535K [0x0000000080000000, 0x0000000100000000)
  region size 1024K, 6 young (6144K), 6 survivors (6144K)
 Metaspace       used 34792K, capacity 35639K, committed 35708K, reserved 1081344K
  class space    used 4535K, capacity 4864K, committed 4864K, reserved 1048576K
}
Event: 25.941 GC heap before
{Heap before GC invocations=8 (full 0):
 garbage-first heap   total 194560K, used 128007K [0x0000000080000000, 0x0000000100000000)
  region size 1024K, 106 young (108544K), 6 survivors (6144K)
 Metaspace       used 43174K, capacity 44311K, committed 44540K, reserved 1087488K
  class space    used 5505K, capacity 5889K, committed 6016K, reserved 1048576K
}
Event: 25.974 GC heap after
{Heap after GC invocations=9 (full 0):
 garbage-first heap   total 194560K, used 28146K [0x0000000080000000, 0x0000000100000000)
  region size 1024K, 12 young (12288K), 12 survivors (12288K)
 Metaspace       used 43174K, capacity 44311K, committed 44540K, reserved 1087488K
  class space    used 5505K, capacity 5889K, committed 6016K, reserved 1048576K
}
Event: 30.250 GC heap before
{Heap before GC invocations=9 (full 0):
 garbage-first heap   total 194560K, used 139762K [0x0000000080000000, 0x0000000100000000)
  region size 1024K, 114 young (116736K), 12 survivors (12288K)
 Metaspace       used 49961K, capacity 51285K, committed 51580K, reserved 1093632K
  class space    used 6346K, capacity 6831K, committed 6912K, reserved 1048576K
}
Event: 30.284 GC heap after
{Heap after GC invocations=10 (full 0):
 garbage-first heap   total 194560K, used 47849K [0x0000000080000000, 0x0000000100000000)
  region size 1024K, 15 young (15360K), 15 survivors (15360K)
 Metaspace       used 49961K, capacity 51285K, committed 51580K, reserved 1093632K
  class space    used 6346K, capacity 6831K, committed 6912K, reserved 1048576K
}
Event: 32.604 GC heap before
{Heap before GC invocations=10 (full 0):
 garbage-first heap   total 194560K, used 104169K [0x0000000080000000, 0x0000000100000000)
  region size 1024K, 71 young (72704K), 15 survivors (15360K)
 Metaspace       used 58249K, capacity 59779K, committed 59900K, reserved 1101824K
  class space    used 7393K, capacity 7972K, committed 8064K, reserved 1048576K
}
Event: 32.640 GC heap after
{Heap after GC invocations=11 (full 0):
 garbage-first heap   total 194560K, used 52388K [0x0000000080000000, 0x0000000100000000)
  region size 1024K, 4 young (4096K), 4 survivors (4096K)
 Metaspace       used 58249K, capacity 59779K, committed 59900K, reserved 1101824K
  class space    used 7393K, capacity 7972K, committed 8064K, reserved 1048576K
}
Event: 35.806 GC heap before
{Heap before GC invocations=12 (full 0):
 garbage-first heap   total 194560K, used 131236K [0x0000000080000000, 0x0000000100000000)
  region size 1024K, 81 young (82944K), 4 survivors (4096K)
 Metaspace       used 65655K, capacity 67245K, committed 67452K, reserved 1107968K
  class space    used 8308K, capacity 8886K, committed 8960K, reserved 1048576K
}
Event: 35.822 GC heap after
{Heap after GC invocations=13 (full 0):
 garbage-first heap   total 194560K, used 56908K [0x0000000080000000, 0x0000000100000000)
  region size 1024K, 8 young (8192K), 8 survivors (8192K)
 Metaspace       used 65655K, capacity 67245K, committed 67452K, reserved 1107968K
  class space    used 8308K, capacity 8886K, committed 8960K, reserved 1048576K
}

Deoptimization events (20 events):
Event: 34.739 Thread 0x0000017dbf18c000 Uncommon trap: trap_request=0xffffff4d fr.pc=0x0000017dad97dc24 relative=0x00000000000005e4
Event: 34.739 Thread 0x0000017dbf18c000 Uncommon trap: reason=unstable_if action=reinterpret pc=0x0000017dad97dc24 method=java.lang.String.replace(CC)Ljava/lang/String; @ 2 c2
Event: 34.739 Thread 0x0000017dbf18c000 DEOPT PACKING pc=0x0000017dad97dc24 sp=0x00000048caff8630
Event: 34.739 Thread 0x0000017dbf18c000 DEOPT UNPACKING pc=0x0000017da5e378af sp=0x00000048caff85e0 mode 2
Event: 34.965 Thread 0x0000017dbf18c000 Uncommon trap: trap_request=0xffffff4d fr.pc=0x0000017dadbb3974 relative=0x0000000000000214
Event: 34.965 Thread 0x0000017dbf18c000 Uncommon trap: reason=unstable_if action=reinterpret pc=0x0000017dadbb3974 method=java.lang.invoke.LambdaForm$BasicType.basicType(C)Ljava/lang/invoke/LambdaForm$BasicType; @ 1 c2
Event: 34.965 Thread 0x0000017dbf18c000 DEOPT PACKING pc=0x0000017dadbb3974 sp=0x00000048caff8550
Event: 34.965 Thread 0x0000017dbf18c000 DEOPT UNPACKING pc=0x0000017da5e378af sp=0x00000048caff8438 mode 2
Event: 35.212 Thread 0x0000017dbf18c000 Uncommon trap: trap_request=0xffffff4d fr.pc=0x0000017dada013e8 relative=0x0000000000004ba8
Event: 35.212 Thread 0x0000017dbf18c000 Uncommon trap: reason=unstable_if action=reinterpret pc=0x0000017dada013e8 method=sun.net.www.protocol.jar.Handler.parseURL(Ljava/net/URL;Ljava/lang/String;II)V @ 116 c2
Event: 35.212 Thread 0x0000017dbf18c000 DEOPT PACKING pc=0x0000017dada013e8 sp=0x00000048caff85a0
Event: 35.212 Thread 0x0000017dbf18c000 DEOPT UNPACKING pc=0x0000017da5e378af sp=0x00000048caff8498 mode 2
Event: 35.664 Thread 0x0000017dbf18c000 Uncommon trap: trap_request=0xffffff4d fr.pc=0x0000017dad9aca94 relative=0x0000000000001354
Event: 35.664 Thread 0x0000017dbf18c000 Uncommon trap: reason=unstable_if action=reinterpret pc=0x0000017dad9aca94 method=java.util.concurrent.ConcurrentHashMap.putVal(Ljava/lang/Object;Ljava/lang/Object;Z)Ljava/lang/Object; @ 245 c2
Event: 35.664 Thread 0x0000017dbf18c000 DEOPT PACKING pc=0x0000017dad9aca94 sp=0x00000048caff7870
Event: 35.664 Thread 0x0000017dbf18c000 DEOPT UNPACKING pc=0x0000017da5e378af sp=0x00000048caff77f8 mode 2
Event: 36.007 Thread 0x0000017dbf18c000 Uncommon trap: trap_request=0xffffff4d fr.pc=0x0000017dada6c180 relative=0x0000000000000340
Event: 36.007 Thread 0x0000017dbf18c000 Uncommon trap: reason=unstable_if action=reinterpret pc=0x0000017dada6c180 method=java.util.StringJoiner.add(Ljava/lang/CharSequence;)Ljava/util/StringJoiner; @ 33 c2
Event: 36.007 Thread 0x0000017dbf18c000 DEOPT PACKING pc=0x0000017dada6c180 sp=0x00000048caff6330
Event: 36.007 Thread 0x0000017dbf18c000 DEOPT UNPACKING pc=0x0000017da5e378af sp=0x00000048caff62e0 mode 2

Classes redefined (0 events):
No events

Internal exceptions (20 events):
Event: 36.091 Thread 0x0000017dbf18c000 Exception <a 'java/lang/ClassNotFoundException'{0x000000008b4af3f8}: com/android/build/gradle/internal/dsl/BaseFlavorBeanInfo> (0x000000008b4af3f8) thrown at [./src/hotspot/share/classfile/systemDictionary.cpp, line 231]
Event: 36.092 Thread 0x0000017dbf18c000 Exception <a 'java/lang/ClassNotFoundException'{0x000000008b4c8610}: com/android/builder/core/AbstractProductFlavorBeanInfo> (0x000000008b4c8610) thrown at [./src/hotspot/share/classfile/systemDictionary.cpp, line 231]
Event: 36.093 Thread 0x0000017dbf18c000 Exception <a 'java/lang/ClassNotFoundException'{0x000000008b4e1930}: com/android/builder/internal/BaseConfigImplBeanInfo> (0x000000008b4e1930) thrown at [./src/hotspot/share/classfile/systemDictionary.cpp, line 231]
Event: 36.093 Thread 0x0000017dbf18c000 Exception <a 'java/lang/ClassNotFoundException'{0x000000008b4faa18}: com/android/builder/internal/BaseConfigImplCustomizer> (0x000000008b4faa18) thrown at [./src/hotspot/share/classfile/systemDictionary.cpp, line 231]
Event: 36.096 Thread 0x0000017dbf18c000 Exception <a 'java/lang/ClassNotFoundException'{0x000000008b332a08}: com/android/builder/core/AbstractProductFlavorCustomizer> (0x000000008b332a08) thrown at [./src/hotspot/share/classfile/systemDictionary.cpp, line 231]
Event: 36.099 Thread 0x0000017dbf18c000 Exception <a 'java/lang/ClassNotFoundException'{0x000000008b3848b8}: com/android/build/gradle/internal/dsl/BaseFlavorCustomizer> (0x000000008b3848b8) thrown at [./src/hotspot/share/classfile/systemDictionary.cpp, line 231]
Event: 36.103 Thread 0x0000017dbf18c000 Exception <a 'java/lang/ClassNotFoundException'{0x000000008b3fc1a8}: com/android/build/gradle/internal/dsl/DefaultConfigCustomizer> (0x000000008b3fc1a8) thrown at [./src/hotspot/share/classfile/systemDictionary.cpp, line 231]
Event: 36.104 Thread 0x0000017dbf18c000 Exception <a 'java/lang/ClassNotFoundException'{0x000000008b22f9f0}: com/android/build/gradle/internal/dsl/DefaultConfig_DecoratedCustomizer> (0x000000008b22f9f0) thrown at [./src/hotspot/share/classfile/systemDictionary.cpp, line 231]
Event: 36.145 Thread 0x0000017dbf18c000 Exception <a 'java/lang/ClassNotFoundException'{0x000000008b179378}: org/gradle/api/internal/NamedDomainObjectContainerConfigureDelegateBeanInfo> (0x000000008b179378) thrown at [./src/hotspot/share/classfile/systemDictionary.cpp, line 231]
Event: 36.146 Thread 0x0000017dbf18c000 Exception <a 'java/lang/ClassNotFoundException'{0x000000008b1b0b08}: org/gradle/api/internal/NamedDomainObjectContainerConfigureDelegateCustomizer> (0x000000008b1b0b08) thrown at [./src/hotspot/share/classfile/systemDictionary.cpp, line 231]
Event: 36.162 Thread 0x0000017dbf18c000 Exception <a 'java/lang/ClassNotFoundException'{0x000000008ae1de90}: org/gradle/api/internal/FactoryNamedDomainObjectContainer_DecoratedBeanInfo> (0x000000008ae1de90) thrown at [./src/hotspot/share/classfile/systemDictionary.cpp, line 231]
Event: 36.164 Thread 0x0000017dbf18c000 Exception <a 'java/lang/ClassNotFoundException'{0x000000008ae515d0}: org/gradle/api/internal/FactoryNamedDomainObjectContainerBeanInfo> (0x000000008ae515d0) thrown at [./src/hotspot/share/classfile/systemDictionary.cpp, line 231]
Event: 36.165 Thread 0x0000017dbf18c000 Exception <a 'java/lang/ClassNotFoundException'{0x000000008ae86b08}: org/gradle/api/internal/AbstractNamedDomainObjectContainerBeanInfo> (0x000000008ae86b08) thrown at [./src/hotspot/share/classfile/systemDictionary.cpp, line 231]
Event: 36.166 Thread 0x0000017dbf18c000 Exception <a 'java/lang/ClassNotFoundException'{0x000000008aebaab8}: org/gradle/api/internal/DefaultNamedDomainObjectSetBeanInfo> (0x000000008aebaab8) thrown at [./src/hotspot/share/classfile/systemDictionary.cpp, line 231]
Event: 36.168 Thread 0x0000017dbf18c000 Exception <a 'java/lang/ClassNotFoundException'{0x000000008aeee660}: org/gradle/api/internal/DefaultNamedDomainObjectSetCustomizer> (0x000000008aeee660) thrown at [./src/hotspot/share/classfile/systemDictionary.cpp, line 231]
Event: 36.170 Thread 0x0000017dbf18c000 Exception <a 'java/lang/ClassNotFoundException'{0x000000008ad38b20}: org/gradle/api/internal/AbstractNamedDomainObjectContainerCustomizer> (0x000000008ad38b20) thrown at [./src/hotspot/share/classfile/systemDictionary.cpp, line 231]
Event: 36.197 Thread 0x0000017dbf18c000 Exception <a 'java/lang/ClassNotFoundException'{0x000000008ad81758}: org/gradle/api/internal/FactoryNamedDomainObjectContainerCustomizer> (0x000000008ad81758) thrown at [./src/hotspot/share/classfile/systemDictionary.cpp, line 231]
Event: 36.199 Thread 0x0000017dbf18c000 Exception <a 'java/lang/ClassNotFoundException'{0x000000008adc2b38}: org/gradle/api/internal/FactoryNamedDomainObjectContainer_DecoratedCustomizer> (0x000000008adc2b38) thrown at [./src/hotspot/share/classfile/systemDictionary.cpp, line 231]
Event: 36.225 Thread 0x0000017dbf18c000 Exception <a 'java/lang/ClassNotFoundException'{0x000000008abdd210}: com/android/build/gradle/internal/dsl/BuildType_DecoratedBeanInfo> (0x000000008abdd210) thrown at [./src/hotspot/share/classfile/systemDictionary.cpp, line 231]
Event: 36.226 Thread 0x0000017dbf18c000 Exception <a 'java/lang/ClassNotFoundException'{0x000000008abf7898}: com/android/build/gradle/internal/dsl/BuildTypeBeanInfo> (0x000000008abf7898) thrown at [./src/hotspot/share/classfile/systemDictionary.cpp, line 231]

Events (20 events):
Event: 36.198 loading class org/gradle/api/internal/FactoryNamedDomainObjectContainer_DecoratedCustomizer
Event: 36.198 loading class org/gradle/api/internal/FactoryNamedDomainObjectContainer_DecoratedCustomizer done
Event: 36.198 loading class org/gradle/api/internal/FactoryNamedDomainObjectContainer_DecoratedCustomizer
Event: 36.198 loading class org/gradle/api/internal/FactoryNamedDomainObjectContainer_DecoratedCustomizer done
Event: 36.199 loading class org/gradle/api/internal/FactoryNamedDomainObjectContainer_DecoratedCustomizer
Event: 36.199 loading class org/gradle/api/internal/FactoryNamedDomainObjectContainer_DecoratedCustomizer done
Event: 36.202 loading class groovy/runtime/metaclass/com/android/build/gradle/internal/dsl/BuildType_DecoratedMetaClass
Event: 36.202 loading class groovy/runtime/metaclass/com/android/build/gradle/internal/dsl/BuildType_DecoratedMetaClass done
Event: 36.223 loading class com/android/build/gradle/internal/dsl/BuildType_DecoratedBeanInfo
Event: 36.223 loading class com/android/build/gradle/internal/dsl/BuildType_DecoratedBeanInfo done
Event: 36.225 loading class com/android/build/gradle/internal/dsl/BuildType_DecoratedBeanInfo
Event: 36.225 loading class com/android/build/gradle/internal/dsl/BuildType_DecoratedBeanInfo done
Event: 36.225 loading class com/android/build/gradle/internal/dsl/BuildTypeBeanInfo
Event: 36.225 loading class com/android/build/gradle/internal/dsl/BuildTypeBeanInfo done
Event: 36.226 loading class com/android/build/gradle/internal/dsl/BuildTypeBeanInfo
Event: 36.226 loading class com/android/build/gradle/internal/dsl/BuildTypeBeanInfo done
Event: 36.226 loading class com/android/builder/core/AbstractBuildTypeBeanInfo
Event: 36.226 loading class com/android/builder/core/AbstractBuildTypeBeanInfo done
Event: 36.227 loading class com/android/builder/core/AbstractBuildTypeBeanInfo
Event: 36.227 loading class com/android/builder/core/AbstractBuildTypeBeanInfo done


Dynamic libraries:
0x00007ff6fb8a0000 - 0x00007ff6fb8aa000 	C:\Program Files\Android\Android Studio\jre\bin\java.exe
0x00007ffc7ca40000 - 0x00007ffc7cc47000 	C:\WINDOWS\SYSTEM32\ntdll.dll
0x00007ffc7b130000 - 0x00007ffc7b1ed000 	C:\WINDOWS\System32\KERNEL32.DLL
0x00007ffc7a550000 - 0x00007ffc7a8c4000 	C:\WINDOWS\System32\KERNELBASE.dll
0x00007ffc76b70000 - 0x00007ffc76c01000 	C:\WINDOWS\SYSTEM32\apphelp.dll
0x00007ffc79f20000 - 0x00007ffc7a031000 	C:\WINDOWS\System32\ucrtbase.dll
0x00007ffc74a50000 - 0x00007ffc74a67000 	C:\Program Files\Android\Android Studio\jre\bin\VCRUNTIME140.dll
0x00007ffc73a40000 - 0x00007ffc73a59000 	C:\Program Files\Android\Android Studio\jre\bin\jli.dll
0x00007ffc7bdc0000 - 0x00007ffc7bf6c000 	C:\WINDOWS\System32\USER32.dll
0x00007ffc7a040000 - 0x00007ffc7a066000 	C:\WINDOWS\System32\win32u.dll
0x00007ffc7b100000 - 0x00007ffc7b129000 	C:\WINDOWS\System32\GDI32.dll
0x00007ffc6eed0000 - 0x00007ffc6f175000 	C:\WINDOWS\WinSxS\amd64_microsoft.windows.common-controls_6595b64144ccf1df_6.0.22000.120_none_9d947278b86cc467\COMCTL32.dll
0x00007ffc7a070000 - 0x00007ffc7a182000 	C:\WINDOWS\System32\gdi32full.dll
0x00007ffc7b3b0000 - 0x00007ffc7b453000 	C:\WINDOWS\System32\msvcrt.dll
0x00007ffc7a300000 - 0x00007ffc7a39d000 	C:\WINDOWS\System32\msvcp_win.dll
0x00007ffc7c240000 - 0x00007ffc7c271000 	C:\WINDOWS\System32\IMM32.DLL
0x00007ffc5cc40000 - 0x00007ffc5ccdd000 	C:\Program Files\Android\Android Studio\jre\bin\msvcp140.dll
0x00007ffc181b0000 - 0x00007ffc18c7f000 	C:\Program Files\Android\Android Studio\jre\bin\server\jvm.dll
0x00007ffc7c0f0000 - 0x00007ffc7c19c000 	C:\WINDOWS\System32\ADVAPI32.dll
0x00007ffc7c1a0000 - 0x00007ffc7c23d000 	C:\WINDOWS\System32\sechost.dll
0x00007ffc7c760000 - 0x00007ffc7c881000 	C:\WINDOWS\System32\RPCRT4.dll
0x00007ffc7b5f0000 - 0x00007ffc7b5f8000 	C:\WINDOWS\System32\PSAPI.DLL
0x00007ffc6e600000 - 0x00007ffc6e609000 	C:\WINDOWS\SYSTEM32\WSOCK32.dll
0x00007ffc74970000 - 0x00007ffc749a3000 	C:\WINDOWS\SYSTEM32\WINMM.dll
0x00007ffc7bf70000 - 0x00007ffc7bfdf000 	C:\WINDOWS\System32\WS2_32.dll
0x00007ffc720a0000 - 0x00007ffc720aa000 	C:\WINDOWS\SYSTEM32\VERSION.dll
0x00007ffc79140000 - 0x00007ffc79158000 	C:\WINDOWS\SYSTEM32\kernel.appcore.dll
0x00007ffc72b80000 - 0x00007ffc72b91000 	C:\Program Files\Android\Android Studio\jre\bin\verify.dll
0x00007ffc77c00000 - 0x00007ffc77e21000 	C:\WINDOWS\SYSTEM32\DBGHELP.DLL
0x00007ffc725a0000 - 0x00007ffc725d1000 	C:\WINDOWS\SYSTEM32\dbgcore.DLL
0x00007ffc7a460000 - 0x00007ffc7a4e0000 	C:\WINDOWS\System32\bcryptPrimitives.dll
0x00007ffc65120000 - 0x00007ffc65149000 	C:\Program Files\Android\Android Studio\jre\bin\java.dll
0x00007ffc74a00000 - 0x00007ffc74a0b000 	C:\Program Files\Android\Android Studio\jre\bin\jimage.dll
0x00007ffc71c40000 - 0x00007ffc71c58000 	C:\Program Files\Android\Android Studio\jre\bin\zip.dll
0x00007ffc7b600000 - 0x00007ffc7bda9000 	C:\WINDOWS\System32\SHELL32.dll
0x00007ffc780a0000 - 0x00007ffc78902000 	C:\WINDOWS\SYSTEM32\windows.storage.dll
0x00007ffc7aa90000 - 0x00007ffc7ae08000 	C:\WINDOWS\System32\combase.dll
0x00007ffc77f30000 - 0x00007ffc78096000 	C:\WINDOWS\SYSTEM32\wintypes.dll
0x00007ffc7afa0000 - 0x00007ffc7b08a000 	C:\WINDOWS\System32\SHCORE.dll
0x00007ffc7af40000 - 0x00007ffc7af9d000 	C:\WINDOWS\System32\shlwapi.dll
0x00007ffc79e50000 - 0x00007ffc79e71000 	C:\WINDOWS\SYSTEM32\profapi.dll
0x00007ffc71860000 - 0x00007ffc7187a000 	C:\Program Files\Android\Android Studio\jre\bin\net.dll
0x00007ffc743a0000 - 0x00007ffc744ac000 	C:\WINDOWS\SYSTEM32\WINHTTP.dll
0x00007ffc79550000 - 0x00007ffc795b7000 	C:\WINDOWS\system32\mswsock.dll
0x00007ffc71740000 - 0x00007ffc71754000 	C:\Program Files\Android\Android Studio\jre\bin\nio.dll
0x00007ffc70be0000 - 0x00007ffc70c07000 	C:\Users\k.nesar\.gradle\native\8bec1ad78214c89d9ad589b4d07fe93259594b29d510b10fafb7a158f7737e5d\windows-amd64\native-platform.dll
0x00007ffc418a0000 - 0x00007ffc419dd000 	C:\Users\k.nesar\.gradle\native\53dbd7edfb1c66fb8903c78663c9afc45aea4f116125fa6feffd364cf09443e8\windows-amd64\native-platform-file-events.dll
0x00007ffc71bf0000 - 0x00007ffc71bfa000 	C:\Program Files\Android\Android Studio\jre\bin\management.dll
0x00007ffc71bd0000 - 0x00007ffc71bdc000 	C:\Program Files\Android\Android Studio\jre\bin\management_ext.dll
0x00007ffc79790000 - 0x00007ffc797a8000 	C:\WINDOWS\SYSTEM32\CRYPTSP.dll
0x00007ffc790a0000 - 0x00007ffc790d5000 	C:\WINDOWS\system32\rsaenh.dll
0x00007ffc79640000 - 0x00007ffc79669000 	C:\WINDOWS\SYSTEM32\USERENV.dll
0x00007ffc79910000 - 0x00007ffc79937000 	C:\WINDOWS\SYSTEM32\bcrypt.dll
0x00007ffc797b0000 - 0x00007ffc797bc000 	C:\WINDOWS\SYSTEM32\CRYPTBASE.dll
0x00007ffc78c80000 - 0x00007ffc78cad000 	C:\WINDOWS\SYSTEM32\IPHLPAPI.DLL
0x00007ffc7bdb0000 - 0x00007ffc7bdb9000 	C:\WINDOWS\System32\NSI.dll
0x00007ffc74200000 - 0x00007ffc74219000 	C:\WINDOWS\SYSTEM32\dhcpcsvc6.DLL
0x00007ffc745c0000 - 0x00007ffc745de000 	C:\WINDOWS\SYSTEM32\dhcpcsvc.DLL
0x00007ffc78d00000 - 0x00007ffc78de7000 	C:\WINDOWS\SYSTEM32\DNSAPI.dll

dbghelp: loaded successfully - version: 4.0.5 - missing functions: none
symbol engine: initialized successfully - sym options: 0x614 - pdb path: .;C:\Program Files\Android\Android Studio\jre\bin;C:\WINDOWS\SYSTEM32;C:\WINDOWS\WinSxS\amd64_microsoft.windows.common-controls_6595b64144ccf1df_6.0.22000.120_none_9d947278b86cc467;C:\Program Files\Android\Android Studio\jre\bin\server;C:\Users\k.nesar\.gradle\native\8bec1ad78214c89d9ad589b4d07fe93259594b29d510b10fafb7a158f7737e5d\windows-amd64;C:\Users\k.nesar\.gradle\native\53dbd7edfb1c66fb8903c78663c9afc45aea4f116125fa6feffd364cf09443e8\windows-amd64

VM Arguments:
jvm_args: --add-opens=java.base/java.util=ALL-UNNAMED --add-opens=java.base/java.lang=ALL-UNNAMED --add-opens=java.base/java.lang.invoke=ALL-UNNAMED --add-opens=java.base/java.util=ALL-UNNAMED --add-opens=java.prefs/java.util.prefs=ALL-UNNAMED --add-opens=java.prefs/java.util.prefs=ALL-UNNAMED --add-opens=java.base/java.nio.charset=ALL-UNNAMED --add-opens=java.base/java.net=ALL-UNNAMED --add-opens=java.base/java.util.concurrent.atomic=ALL-UNNAMED -Xmx2048m -Dfile.encoding=UTF-8 -Duser.country=US -Duser.language=en -Duser.variant 
java_command: org.gradle.launcher.daemon.bootstrap.GradleDaemon 7.0.2
java_class_path (initial): C:\Users\k.nesar\.gradle\wrapper\dists\gradle-7.0.2-bin\857tjihv64xamwrf0h14cai3r\gradle-7.0.2\lib\gradle-launcher-7.0.2.jar
Launcher Type: SUN_STANDARD

[Global flags]
     intx CICompilerCount                          = 3                                         {product} {ergonomic}
     uint ConcGCThreads                            = 1                                         {product} {ergonomic}
     uint G1ConcRefinementThreads                  = 4                                         {product} {ergonomic}
   size_t G1HeapRegionSize                         = 1048576                                   {product} {ergonomic}
    uintx GCDrainStackTargetSize                   = 64                                        {product} {ergonomic}
   size_t InitialHeapSize                          = 199229440                                 {product} {ergonomic}
   size_t MarkStackSize                            = 4194304                                   {product} {ergonomic}
   size_t MaxHeapSize                              = 2147483648                                {product} {command line}
   size_t MaxNewSize                               = 1287651328                                {product} {ergonomic}
   size_t MinHeapDeltaBytes                        = 1048576                                   {product} {ergonomic}
    uintx NonNMethodCodeHeapSize                   = 5830732                                {pd product} {ergonomic}
    uintx NonProfiledCodeHeapSize                  = 122913754                              {pd product} {ergonomic}
    uintx ProfiledCodeHeapSize                     = 122913754                              {pd product} {ergonomic}
    uintx ReservedCodeCacheSize                    = 251658240                              {pd product} {ergonomic}
     bool SegmentedCodeCache                       = true                                      {product} {ergonomic}
     bool UseCompressedClassPointers               = true                                 {lp64_product} {ergonomic}
     bool UseCompressedOops                        = true                                 {lp64_product} {ergonomic}
     bool UseG1GC                                  = true                                      {product} {ergonomic}
     bool UseLargePagesIndividualAllocation        = false                                  {pd product} {ergonomic}

Logging:
Log output configuration:
 #0: stdout all=warning uptime,level,tags
 #1: stderr all=off uptime,level,tags

Environment Variables:
PATH=%INTEL_DEV_REDIST%redist\intel64\compiler;C:\Program Files\Common Files\Oracle\Java\javapath;C:\WINDOWS\system32;C:\WINDOWS;C:\WINDOWS\System32\Wbem;C:\WINDOWS\System32\WindowsPowerShell\v1.0\;C:\WINDOWS\System32\OpenSSH\;C:\Program Files\Git\cmd;C:\Users\k.nesar\AppData\Local\Microsoft\WindowsApps;C:\Program Files\JetBrains\PyCharm Community Edition 2020.2.3\bin;C:\adb;C:\Program Files\dotnet\;C:\WINDOWS\system32;C:\WINDOWS;C:\WINDOWS\System32\Wbem;C:\WINDOWS\System32\WindowsPowerShell\v1.0\;C:\WINDOWS\System32\OpenSSH\;C:\Program Files\nodejs\;C:\Users\k.nesar\AppData\Local\Microsoft\WindowsApps;;C:\Program Files\JetBrains\PyCharm Community Edition 2020.2.3\bin;;C:\Users\k.nesar\AppData\Local\Programs\Microsoft VS Code\bin;C:\Users\k.nesar\AppData\Roaming\npm
USERNAME=K.Nesar
OS=Windows_NT
PROCESSOR_IDENTIFIER=Intel64 Family 6 Model 142 Stepping 10, GenuineIntel



---------------  S Y S T E M  ---------------

OS: Windows 10 , 64 bit Build 22000 (10.0.22000.120)
OS uptime: 10 days 2:01 hours

CPU:total 4 (initial active 4) (2 cores per cpu, 2 threads per core) family 6 model 142 stepping 10 microcode 0xe0, cmov, cx8, fxsr, mmx, sse, sse2, sse3, ssse3, sse4.1, sse4.2, popcnt, avx, avx2, aes, clmul, erms, 3dnowpref, lzcnt, ht, tsc, tscinvbit, bmi1, bmi2, adx, fma

Memory: 4k page, system-wide physical 12152M (756M free)
TotalPageFile size 34778M (AvailPageFile size 77M)
current process WorkingSet (physical memory assigned to process): 375M, peak: 376M
current process commit charge ("private bytes"): 415M, peak: 416M

vm_info: OpenJDK 64-Bit Server VM (11.0.10+0-b96-7249189) for windows-amd64 JRE (11.0.10+0-b96-7249189), built on Mar 31 2021 21:44:00 by "builder" with MS VC++ 14.0 (VS2015)

END.
