#
# There is insufficient memory for the Java Runtime Environment to continue.
# Native memory allocation (malloc) failed to allocate 1148576 bytes for Chunk::new
# Possible reasons:
#   The system is out of physical RAM or swap space
#   The process is running with CompressedOops enabled, and the Java Heap may be blocking the growth of the native heap
# Possible solutions:
#   Reduce memory load on the system
#   Increase physical memory or swap space
#   Check if swap backing store is full
#   Decrease Java heap size (-Xmx/-Xms)
#   Decrease number of Java threads
#   Decrease Java thread stack sizes (-Xss)
#   Set larger code cache with -XX:ReservedCodeCacheSize=
#   JVM is running with Unscaled Compressed Oops mode in which the Java heap is
#     placed in the first 4GB address space. The Java Heap base address is the
#     maximum limit for the native heap growth. Please use -XX:HeapBaseMinAddress
#     to set the Java Heap base and to place the Java Heap above 4GB virtual address.
# This output file may be truncated or incomplete.
#
#  Out of Memory Error (./src/hotspot/share/memory/arena.cpp:197), pid=10324, tid=14712
#
# JRE version: OpenJDK Runtime Environment (11.0.10) (build 11.0.10+0-b96-7249189)
# Java VM: OpenJDK 64-Bit Server VM (11.0.10+0-b96-7249189, mixed mode, tiered, compressed oops, g1 gc, windows-amd64)
# No core dump will be written. Minidumps are not enabled by default on client versions of Windows
#

---------------  S U M M A R Y ------------

Command Line: --add-opens=java.base/java.util=ALL-UNNAMED --add-opens=java.base/java.lang=ALL-UNNAMED --add-opens=java.base/java.lang.invoke=ALL-UNNAMED --add-opens=java.base/java.util=ALL-UNNAMED --add-opens=java.prefs/java.util.prefs=ALL-UNNAMED --add-opens=java.prefs/java.util.prefs=ALL-UNNAMED --add-opens=java.base/java.nio.charset=ALL-UNNAMED --add-opens=java.base/java.net=ALL-UNNAMED --add-opens=java.base/java.util.concurrent.atomic=ALL-UNNAMED -Xmx2048m -Dfile.encoding=UTF-8 -Duser.country=US -Duser.language=en -Duser.variant org.gradle.launcher.daemon.bootstrap.GradleDaemon 7.0.2

Host: Intel(R) Core(TM) i3-7020U CPU @ 2.30GHz, 4 cores, 11G,  Windows 10 , 64 bit Build 22000 (10.0.22000.120)
Time: Mon Nov  1 17:02:53 2021 India Standard Time elapsed time: 41.990403 seconds (0d 0h 0m 41s)

---------------  T H R E A D  ---------------

Current thread (0x0000016de7616000):  JavaThread "C2 CompilerThread0" daemon [_thread_in_native, id=14712, stack(0x0000004f34e00000,0x0000004f34f00000)]


Current CompileTask:
C2:  41990 7519       4       org.gradle.internal.instantiation.generator.AbstractClassGenerator::inspectType (560 bytes)

Stack: [0x0000004f34e00000,0x0000004f34f00000]
Native frames: (J=compiled Java code, j=interpreted, Vv=VM code, C=native code)
V  [jvm.dll+0x5ecfaa]
V  [jvm.dll+0x722bd5]
V  [jvm.dll+0x72412d]
V  [jvm.dll+0x7247e3]
V  [jvm.dll+0x242928]
V  [jvm.dll+0xbc4fc]
V  [jvm.dll+0xbca0c]
V  [jvm.dll+0x2b4fd4]
V  [jvm.dll+0x506028]
V  [jvm.dll+0x203253]
V  [jvm.dll+0x1fd07c]
V  [jvm.dll+0x1fa77f]
V  [jvm.dll+0x18354c]
V  [jvm.dll+0x208ee7]
V  [jvm.dll+0x207731]
V  [jvm.dll+0x6eb1cf]
V  [jvm.dll+0x6e3d45]
V  [jvm.dll+0x5ebe96]
C  [ucrtbase.dll+0x26c0c]
C  [KERNEL32.DLL+0x154e0]
C  [ntdll.dll+0x485b]


---------------  P R O C E S S  ---------------

Threads class SMR info:
_java_thread_list=0x0000016debce9d70, length=42, elements={
0x0000016dcb23f800, 0x0000016de75b0800, 0x0000016de75b2000, 0x0000016de7610800,
0x0000016de7611800, 0x0000016de7613000, 0x0000016de7616000, 0x0000016de7617000,
0x0000016de7680000, 0x0000016de777b800, 0x0000016de8dae000, 0x0000016de9920000,
0x0000016de85c4000, 0x0000016de85c4800, 0x0000016de8afd800, 0x0000016de8f75000,
0x0000016de8e72000, 0x0000016de866a000, 0x0000016de8682800, 0x0000016de841b800,
0x0000016de841b000, 0x0000016de8419800, 0x0000016de8417000, 0x0000016de841c800,
0x0000016de8418800, 0x0000016de841a000, 0x0000016de841d800, 0x0000016de8417800,
0x0000016de9b6b800, 0x0000016de9b6c000, 0x0000016de9b6e000, 0x0000016de9b6d000,
0x0000016de9b69800, 0x0000016de9b6e800, 0x0000016de9b6a800, 0x0000016de9b71000,
0x0000016de9b72000, 0x0000016de9b73800, 0x0000016de9b75000, 0x0000016de9b77000,
0x0000016de9b77800, 0x0000016de9b74800
}

Java Threads: ( => current thread )
  0x0000016dcb23f800 JavaThread "main" [_thread_blocked, id=10132, stack(0x0000004f34100000,0x0000004f34200000)]
  0x0000016de75b0800 JavaThread "Reference Handler" daemon [_thread_blocked, id=13844, stack(0x0000004f34900000,0x0000004f34a00000)]
  0x0000016de75b2000 JavaThread "Finalizer" daemon [_thread_blocked, id=21304, stack(0x0000004f34a00000,0x0000004f34b00000)]
  0x0000016de7610800 JavaThread "Signal Dispatcher" daemon [_thread_blocked, id=3524, stack(0x0000004f34b00000,0x0000004f34c00000)]
  0x0000016de7611800 JavaThread "Attach Listener" daemon [_thread_blocked, id=7668, stack(0x0000004f34c00000,0x0000004f34d00000)]
  0x0000016de7613000 JavaThread "Service Thread" daemon [_thread_blocked, id=6992, stack(0x0000004f34d00000,0x0000004f34e00000)]
=>0x0000016de7616000 JavaThread "C2 CompilerThread0" daemon [_thread_in_native, id=14712, stack(0x0000004f34e00000,0x0000004f34f00000)]
  0x0000016de7617000 JavaThread "C1 CompilerThread0" daemon [_thread_blocked, id=8468, stack(0x0000004f34f00000,0x0000004f35000000)]
  0x0000016de7680000 JavaThread "Sweeper thread" daemon [_thread_blocked, id=2152, stack(0x0000004f35000000,0x0000004f35100000)]
  0x0000016de777b800 JavaThread "Common-Cleaner" daemon [_thread_blocked, id=20536, stack(0x0000004f35100000,0x0000004f35200000)]
  0x0000016de8dae000 JavaThread "Daemon health stats" [_thread_blocked, id=7308, stack(0x0000004f35600000,0x0000004f35700000)]
  0x0000016de9920000 JavaThread "Incoming local TCP Connector on port 53106" [_thread_in_native, id=13264, stack(0x0000004f35700000,0x0000004f35800000)]
  0x0000016de85c4000 JavaThread "Daemon" [_thread_blocked, id=14732, stack(0x0000004f35800000,0x0000004f35900000)]
  0x0000016de85c4800 JavaThread "Daemon periodic checks" [_thread_blocked, id=3200, stack(0x0000004f35900000,0x0000004f35a00000)]
  0x0000016de8afd800 JavaThread "Handler for socket connection from /127.0.0.1:53106 to /127.0.0.1:53107" [_thread_in_native, id=18620, stack(0x0000004f35a00000,0x0000004f35b00000)]
  0x0000016de8f75000 JavaThread "Cancel handler" [_thread_blocked, id=18332, stack(0x0000004f35b00000,0x0000004f35c00000)]
  0x0000016de8e72000 JavaThread "Daemon worker" [_thread_in_vm, id=17984, stack(0x0000004f35c00000,0x0000004f35d00000)]
  0x0000016de866a000 JavaThread "Asynchronous log dispatcher for DefaultDaemonConnection: socket connection from /127.0.0.1:53106 to /127.0.0.1:53107" [_thread_blocked, id=2492, stack(0x0000004f35d00000,0x0000004f35e00000)]
  0x0000016de8682800 JavaThread "Stdin handler" [_thread_blocked, id=1972, stack(0x0000004f35e00000,0x0000004f35f00000)]
  0x0000016de841b800 JavaThread "Daemon client event forwarder" [_thread_blocked, id=6952, stack(0x0000004f35f00000,0x0000004f36000000)]
  0x0000016de841b000 JavaThread "Cache worker for file hash cache (C:\Users\k.nesar\.gradle\caches\7.0.2\fileHashes)" [_thread_blocked, id=14620, stack(0x0000004f36000000,0x0000004f36100000)]
  0x0000016de8419800 JavaThread "File lock request listener" [_thread_in_native, id=7008, stack(0x0000004f36100000,0x0000004f36200000)]
  0x0000016de8417000 JavaThread "Cache worker for journal cache (C:\Users\k.nesar\.gradle\caches\journal-1)" [_thread_blocked, id=4456, stack(0x0000004f36200000,0x0000004f36300000)]
  0x0000016de841c800 JavaThread "Cache worker for file hash cache (C:\Users\k.nesar\AndroidStudioProjects\Play_Beat\.gradle\7.0.2\fileHashes)" [_thread_blocked, id=20812, stack(0x0000004f36300000,0x0000004f36400000)]
  0x0000016de8418800 JavaThread "File watcher server" daemon [_thread_in_native, id=9572, stack(0x0000004f36400000,0x0000004f36500000)]
  0x0000016de841a000 JavaThread "File watcher consumer" daemon [_thread_blocked, id=6476, stack(0x0000004f36500000,0x0000004f36600000)]
  0x0000016de841d800 JavaThread "Cache worker for checksums cache (C:\Users\k.nesar\AndroidStudioProjects\Play_Beat\.gradle\checksums)" [_thread_blocked, id=20788, stack(0x0000004f36600000,0x0000004f36700000)]
  0x0000016de8417800 JavaThread "Cache worker for cache directory md-supplier (C:\Users\k.nesar\.gradle\caches\7.0.2\md-supplier)" [_thread_blocked, id=5588, stack(0x0000004f36700000,0x0000004f36800000)]
  0x0000016de9b6b800 JavaThread "Cache worker for cache directory md-rule (C:\Users\k.nesar\.gradle\caches\7.0.2\md-rule)" [_thread_blocked, id=17612, stack(0x0000004f36800000,0x0000004f36900000)]
  0x0000016de9b6c000 JavaThread "Cache worker for execution history cache (C:\Users\k.nesar\.gradle\caches\7.0.2\executionHistory)" [_thread_blocked, id=3600, stack(0x0000004f36a00000,0x0000004f36b00000)]
  0x0000016de9b6e000 JavaThread "jar transforms" [_thread_blocked, id=15920, stack(0x0000004f36900000,0x0000004f36a00000)]
  0x0000016de9b6d000 JavaThread "jar transforms Thread 2" [_thread_blocked, id=10700, stack(0x0000004f36c00000,0x0000004f36d00000)]
  0x0000016de9b69800 JavaThread "Cache worker for file content cache (C:\Users\k.nesar\.gradle\caches\7.0.2\fileContent)" [_thread_blocked, id=3560, stack(0x0000004f36d00000,0x0000004f36e00000)]
  0x0000016de9b6e800 JavaThread "Cache worker for dependencies-accessors (C:\Users\k.nesar\AndroidStudioProjects\Play_Beat\.gradle\7.0.2\dependencies-accessors)" [_thread_blocked, id=19620, stack(0x0000004f36e00000,0x0000004f36f00000)]
  0x0000016de9b6a800 JavaThread "jar transforms Thread 3" [_thread_blocked, id=9680, stack(0x0000004f36f00000,0x0000004f37000000)]
  0x0000016de9b71000 JavaThread "Cache worker for Build Output Cleanup Cache (C:\Users\k.nesar\AndroidStudioProjects\Play_Beat\.gradle\buildOutputCleanup)" [_thread_blocked, id=20524, stack(0x0000004f36b00000,0x0000004f36c00000)]
  0x0000016de9b72000 JavaThread "Build operations" [_thread_blocked, id=6032, stack(0x0000004f37100000,0x0000004f37200000)]
  0x0000016de9b73800 JavaThread "Build operations Thread 2" [_thread_blocked, id=13776, stack(0x0000004f37200000,0x0000004f37300000)]
  0x0000016de9b75000 JavaThread "Build operations Thread 3" [_thread_blocked, id=21288, stack(0x0000004f37300000,0x0000004f37400000)]
  0x0000016de9b77000 JavaThread "Build operations Thread 4" [_thread_blocked, id=17548, stack(0x0000004f37400000,0x0000004f37500000)]
  0x0000016de9b77800 JavaThread "jar transforms Thread 4" [_thread_blocked, id=17672, stack(0x0000004f37000000,0x0000004f37100000)]
  0x0000016de9b74800 JavaThread "Memory manager" [_thread_blocked, id=18308, stack(0x0000004f37600000,0x0000004f37700000)]

Other Threads:
  0x0000016de6da2000 VMThread "VM Thread" [stack: 0x0000004f34800000,0x0000004f34900000] [id=2708]
  0x0000016de77ae800 WatcherThread [stack: 0x0000004f35200000,0x0000004f35300000] [id=10296]
  0x0000016dcb257800 GCTaskThread "GC Thread#0" [stack: 0x0000004f34300000,0x0000004f34400000] [id=18188]
  0x0000016de7e38800 GCTaskThread "GC Thread#1" [stack: 0x0000004f35300000,0x0000004f35400000] [id=14676]
  0x0000016de7b1d800 GCTaskThread "GC Thread#2" [stack: 0x0000004f35400000,0x0000004f35500000] [id=16928]
  0x0000016de836b000 GCTaskThread "GC Thread#3" [stack: 0x0000004f35500000,0x0000004f35600000] [id=5576]
  0x0000016dcb286800 ConcurrentGCThread "G1 Main Marker" [stack: 0x0000004f34400000,0x0000004f34500000] [id=3644]
  0x0000016dcb288000 ConcurrentGCThread "G1 Conc#0" [stack: 0x0000004f34500000,0x0000004f34600000] [id=3708]
  0x0000016de6bee800 ConcurrentGCThread "G1 Refine#0" [stack: 0x0000004f34600000,0x0000004f34700000] [id=1936]
  0x0000016de6bef800 ConcurrentGCThread "G1 Young RemSet Sampling" [stack: 0x0000004f34700000,0x0000004f34800000] [id=17808]

Threads with active compile tasks:
C2 CompilerThread0  42051 7519       4       org.gradle.internal.instantiation.generator.AbstractClassGenerator::inspectType (560 bytes)

VM state:not at safepoint (normal execution)

VM Mutex/Monitor currently owned by a thread: None

Heap address: 0x0000000080000000, size: 2048 MB, Compressed Oops mode: 32-bit
Narrow klass base: 0x0000000000000000, Narrow klass shift: 3
Compressed class space size: 1073741824 Address: 0x0000000100000000

Heap:
 garbage-first heap   total 194560K, used 105851K [0x0000000080000000, 0x0000000100000000)
  region size 1024K, 46 young (47104K), 7 survivors (7168K)
 Metaspace       used 78112K, capacity 80006K, committed 80124K, reserved 1118208K
  class space    used 10149K, capacity 10824K, committed 10880K, reserved 1048576K
Heap Regions: E=young(eden), S=young(survivor), O=old, HS=humongous(starts), HC=humongous(continues), CS=collection set, F=free, A=archive, TAMS=top-at-mark-start (previous, next)
|   0|0x0000000080000000, 0x0000000080100000, 0x0000000080100000|100%| O|  |TAMS 0x0000000080100000, 0x0000000080000000| Untracked 
|   1|0x0000000080100000, 0x0000000080200000, 0x0000000080200000|100%| O|  |TAMS 0x0000000080200000, 0x0000000080100000| Untracked 
|   2|0x0000000080200000, 0x0000000080300000, 0x0000000080300000|100%| O|  |TAMS 0x0000000080300000, 0x0000000080200000| Untracked 
|   3|0x0000000080300000, 0x0000000080400000, 0x0000000080400000|100%|HS|  |TAMS 0x0000000080400000, 0x0000000080300000| Complete 
|   4|0x0000000080400000, 0x0000000080500000, 0x0000000080500000|100%|HC|  |TAMS 0x0000000080500000, 0x0000000080400000| Complete 
|   5|0x0000000080500000, 0x0000000080600000, 0x0000000080600000|100%|HC|  |TAMS 0x0000000080600000, 0x0000000080500000| Complete 
|   6|0x0000000080600000, 0x0000000080700000, 0x0000000080700000|100%| O|  |TAMS 0x0000000080700000, 0x0000000080600000| Untracked 
|   7|0x0000000080700000, 0x0000000080800000, 0x0000000080800000|100%| O|  |TAMS 0x0000000080800000, 0x0000000080700000| Untracked 
|   8|0x0000000080800000, 0x0000000080900000, 0x0000000080900000|100%| O|  |TAMS 0x0000000080900000, 0x0000000080800000| Untracked 
|   9|0x0000000080900000, 0x0000000080a00000, 0x0000000080a00000|100%| O|  |TAMS 0x0000000080a00000, 0x0000000080900000| Untracked 
|  10|0x0000000080a00000, 0x0000000080b00000, 0x0000000080b00000|100%| O|  |TAMS 0x0000000080b00000, 0x0000000080a00000| Untracked 
|  11|0x0000000080b00000, 0x0000000080c00000, 0x0000000080c00000|100%| O|  |TAMS 0x0000000080c00000, 0x0000000080b00000| Untracked 
|  12|0x0000000080c00000, 0x0000000080d00000, 0x0000000080d00000|100%| O|  |TAMS 0x0000000080d00000, 0x0000000080c00000| Untracked 
|  13|0x0000000080d00000, 0x0000000080e00000, 0x0000000080e00000|100%| O|  |TAMS 0x0000000080e00000, 0x0000000080d00000| Untracked 
|  14|0x0000000080e00000, 0x0000000080f00000, 0x0000000080f00000|100%| O|  |TAMS 0x0000000080f00000, 0x0000000080e00000| Untracked 
|  15|0x0000000080f00000, 0x0000000081000000, 0x0000000081000000|100%|HS|  |TAMS 0x0000000081000000, 0x0000000080f00000| Complete 
|  16|0x0000000081000000, 0x0000000081100000, 0x0000000081100000|100%| O|  |TAMS 0x0000000081100000, 0x0000000081000000| Untracked 
|  17|0x0000000081100000, 0x0000000081200000, 0x0000000081200000|100%| O|  |TAMS 0x0000000081200000, 0x0000000081100000| Untracked 
|  18|0x0000000081200000, 0x0000000081300000, 0x0000000081300000|100%| O|  |TAMS 0x0000000081300000, 0x0000000081200000| Untracked 
|  19|0x0000000081300000, 0x0000000081400000, 0x0000000081400000|100%| O|  |TAMS 0x0000000081400000, 0x0000000081300000| Untracked 
|  20|0x0000000081400000, 0x0000000081500000, 0x0000000081500000|100%| O|  |TAMS 0x0000000081500000, 0x0000000081400000| Untracked 
|  21|0x0000000081500000, 0x0000000081600000, 0x0000000081600000|100%| O|  |TAMS 0x0000000081600000, 0x0000000081500000| Untracked 
|  22|0x0000000081600000, 0x0000000081700000, 0x0000000081700000|100%| O|  |TAMS 0x0000000081700000, 0x0000000081600000| Untracked 
|  23|0x0000000081700000, 0x0000000081800000, 0x0000000081800000|100%|HS|  |TAMS 0x0000000081800000, 0x0000000081700000| Complete 
|  24|0x0000000081800000, 0x0000000081900000, 0x0000000081900000|100%|HS|  |TAMS 0x0000000081900000, 0x0000000081800000| Complete 
|  25|0x0000000081900000, 0x0000000081a00000, 0x0000000081a00000|100%|HS|  |TAMS 0x0000000081a00000, 0x0000000081900000| Complete 
|  26|0x0000000081a00000, 0x0000000081b00000, 0x0000000081b00000|100%|HC|  |TAMS 0x0000000081b00000, 0x0000000081a00000| Complete 
|  27|0x0000000081b00000, 0x0000000081c00000, 0x0000000081c00000|100%|HC|  |TAMS 0x0000000081c00000, 0x0000000081b00000| Complete 
|  28|0x0000000081c00000, 0x0000000081d00000, 0x0000000081d00000|100%|HS|  |TAMS 0x0000000081d00000, 0x0000000081c00000| Complete 
|  29|0x0000000081d00000, 0x0000000081e00000, 0x0000000081e00000|100%|HC|  |TAMS 0x0000000081e00000, 0x0000000081d00000| Complete 
|  30|0x0000000081e00000, 0x0000000081f00000, 0x0000000081f00000|100%| O|  |TAMS 0x0000000081f00000, 0x0000000081e00000| Untracked 
|  31|0x0000000081f00000, 0x0000000082000000, 0x0000000082000000|100%| O|  |TAMS 0x0000000082000000, 0x0000000081f00000| Untracked 
|  32|0x0000000082000000, 0x0000000082100000, 0x0000000082100000|100%| O|  |TAMS 0x0000000082100000, 0x0000000082000000| Untracked 
|  33|0x0000000082100000, 0x0000000082200000, 0x0000000082200000|100%| O|  |TAMS 0x0000000082200000, 0x0000000082100000| Untracked 
|  34|0x0000000082200000, 0x0000000082300000, 0x0000000082300000|100%| O|  |TAMS 0x0000000082300000, 0x0000000082200000| Untracked 
|  35|0x0000000082300000, 0x0000000082400000, 0x0000000082400000|100%| O|  |TAMS 0x0000000082400000, 0x0000000082300000| Untracked 
|  36|0x0000000082400000, 0x0000000082500000, 0x0000000082500000|100%| O|  |TAMS 0x0000000082400000, 0x0000000082400000| Untracked 
|  37|0x0000000082500000, 0x0000000082600000, 0x0000000082600000|100%| O|  |TAMS 0x0000000082600000, 0x0000000082500000| Untracked 
|  38|0x0000000082600000, 0x0000000082700000, 0x0000000082700000|100%| O|  |TAMS 0x0000000082700000, 0x0000000082600000| Untracked 
|  39|0x0000000082700000, 0x0000000082800000, 0x0000000082800000|100%| O|  |TAMS 0x0000000082800000, 0x0000000082700000| Untracked 
|  40|0x0000000082800000, 0x0000000082900000, 0x0000000082900000|100%| O|  |TAMS 0x0000000082900000, 0x0000000082800000| Untracked 
|  41|0x0000000082900000, 0x0000000082a00000, 0x0000000082a00000|100%| O|  |TAMS 0x0000000082a00000, 0x0000000082900000| Untracked 
|  42|0x0000000082a00000, 0x0000000082b00000, 0x0000000082b00000|100%| O|  |TAMS 0x0000000082b00000, 0x0000000082a00000| Untracked 
|  43|0x0000000082b00000, 0x0000000082c00000, 0x0000000082c00000|100%| O|  |TAMS 0x0000000082c00000, 0x0000000082b00000| Untracked 
|  44|0x0000000082c00000, 0x0000000082d00000, 0x0000000082d00000|100%| O|  |TAMS 0x0000000082d00000, 0x0000000082c00000| Untracked 
|  45|0x0000000082d00000, 0x0000000082e00000, 0x0000000082e00000|100%| O|  |TAMS 0x0000000082e00000, 0x0000000082d00000| Untracked 
|  46|0x0000000082e00000, 0x0000000082f00000, 0x0000000082f00000|100%| O|  |TAMS 0x0000000082f00000, 0x0000000082e00000| Untracked 
|  47|0x0000000082f00000, 0x0000000083000000, 0x0000000083000000|100%| O|  |TAMS 0x0000000083000000, 0x0000000082f00000| Untracked 
|  48|0x0000000083000000, 0x0000000083100000, 0x0000000083100000|100%| O|  |TAMS 0x0000000083100000, 0x0000000083000000| Untracked 
|  49|0x0000000083100000, 0x0000000083200000, 0x0000000083200000|100%| O|  |TAMS 0x0000000083200000, 0x0000000083100000| Untracked 
|  50|0x0000000083200000, 0x0000000083300000, 0x0000000083300000|100%| O|  |TAMS 0x0000000083300000, 0x0000000083200000| Untracked 
|  51|0x0000000083300000, 0x0000000083400000, 0x0000000083400000|100%| O|  |TAMS 0x00000000833b8e00, 0x0000000083300000| Untracked 
|  52|0x0000000083400000, 0x0000000083500000, 0x0000000083500000|100%| O|  |TAMS 0x0000000083400000, 0x0000000083400000| Untracked 
|  53|0x0000000083500000, 0x0000000083600000, 0x0000000083600000|100%| O|  |TAMS 0x0000000083500000, 0x0000000083500000| Untracked 
|  54|0x0000000083600000, 0x0000000083700000, 0x0000000083700000|100%| O|  |TAMS 0x0000000083600000, 0x0000000083600000| Untracked 
|  55|0x0000000083700000, 0x0000000083800000, 0x0000000083800000|100%| O|  |TAMS 0x0000000083700000, 0x0000000083700000| Untracked 
|  56|0x0000000083800000, 0x0000000083900000, 0x0000000083900000|100%| O|  |TAMS 0x0000000083800000, 0x0000000083800000| Untracked 
|  57|0x0000000083900000, 0x0000000083a00000, 0x0000000083a00000|100%| O|  |TAMS 0x0000000083900000, 0x0000000083900000| Untracked 
|  58|0x0000000083a00000, 0x0000000083af6000, 0x0000000083b00000| 96%| O|  |TAMS 0x0000000083a00000, 0x0000000083a00000| Untracked 
|  59|0x0000000083b00000, 0x0000000083b00000, 0x0000000083c00000|  0%| F|  |TAMS 0x0000000083b00000, 0x0000000083b00000| Untracked 
|  60|0x0000000083c00000, 0x0000000083c00000, 0x0000000083d00000|  0%| F|  |TAMS 0x0000000083c00000, 0x0000000083c00000| Untracked 
|  61|0x0000000083d00000, 0x0000000083d00000, 0x0000000083e00000|  0%| F|  |TAMS 0x0000000083d00000, 0x0000000083d00000| Untracked 
|  62|0x0000000083e00000, 0x0000000083e00000, 0x0000000083f00000|  0%| F|  |TAMS 0x0000000083e00000, 0x0000000083e00000| Untracked 
|  63|0x0000000083f00000, 0x0000000083f00000, 0x0000000084000000|  0%| F|  |TAMS 0x0000000083f00000, 0x0000000083f00000| Untracked 
|  64|0x0000000084000000, 0x0000000084000000, 0x0000000084100000|  0%| F|  |TAMS 0x0000000084000000, 0x0000000084000000| Untracked 
|  65|0x0000000084100000, 0x0000000084100000, 0x0000000084200000|  0%| F|  |TAMS 0x0000000084100000, 0x0000000084100000| Untracked 
|  66|0x0000000084200000, 0x0000000084200000, 0x0000000084300000|  0%| F|  |TAMS 0x0000000084200000, 0x0000000084200000| Untracked 
|  67|0x0000000084300000, 0x0000000084300000, 0x0000000084400000|  0%| F|  |TAMS 0x0000000084300000, 0x0000000084300000| Untracked 
|  68|0x0000000084400000, 0x0000000084400000, 0x0000000084500000|  0%| F|  |TAMS 0x0000000084400000, 0x0000000084400000| Untracked 
|  69|0x0000000084500000, 0x0000000084500000, 0x0000000084600000|  0%| F|  |TAMS 0x0000000084500000, 0x0000000084500000| Untracked 
|  70|0x0000000084600000, 0x0000000084600000, 0x0000000084700000|  0%| F|  |TAMS 0x0000000084600000, 0x0000000084600000| Untracked 
|  71|0x0000000084700000, 0x0000000084700000, 0x0000000084800000|  0%| F|  |TAMS 0x0000000084700000, 0x0000000084700000| Untracked 
|  72|0x0000000084800000, 0x0000000084800000, 0x0000000084900000|  0%| F|  |TAMS 0x0000000084800000, 0x0000000084800000| Untracked 
|  73|0x0000000084900000, 0x0000000084900000, 0x0000000084a00000|  0%| F|  |TAMS 0x0000000084900000, 0x0000000084900000| Untracked 
|  74|0x0000000084a00000, 0x0000000084a00000, 0x0000000084b00000|  0%| F|  |TAMS 0x0000000084a00000, 0x0000000084a00000| Untracked 
|  75|0x0000000084b00000, 0x0000000084b00000, 0x0000000084c00000|  0%| F|  |TAMS 0x0000000084b00000, 0x0000000084b00000| Untracked 
|  76|0x0000000084c00000, 0x0000000084c00000, 0x0000000084d00000|  0%| F|  |TAMS 0x0000000084c00000, 0x0000000084c00000| Untracked 
|  77|0x0000000084d00000, 0x0000000084d00000, 0x0000000084e00000|  0%| F|  |TAMS 0x0000000084d00000, 0x0000000084d00000| Untracked 
|  78|0x0000000084e00000, 0x0000000084e00000, 0x0000000084f00000|  0%| F|  |TAMS 0x0000000084e00000, 0x0000000084e00000| Untracked 
|  79|0x0000000084f00000, 0x0000000084f00000, 0x0000000085000000|  0%| F|  |TAMS 0x0000000084f00000, 0x0000000084f00000| Untracked 
|  80|0x0000000085000000, 0x0000000085000000, 0x0000000085100000|  0%| F|  |TAMS 0x0000000085000000, 0x0000000085000000| Untracked 
|  81|0x0000000085100000, 0x0000000085100000, 0x0000000085200000|  0%| F|  |TAMS 0x0000000085100000, 0x0000000085100000| Untracked 
|  82|0x0000000085200000, 0x0000000085200000, 0x0000000085300000|  0%| F|  |TAMS 0x0000000085200000, 0x0000000085200000| Untracked 
|  83|0x0000000085300000, 0x0000000085300000, 0x0000000085400000|  0%| F|  |TAMS 0x0000000085300000, 0x0000000085300000| Untracked 
|  84|0x0000000085400000, 0x0000000085400000, 0x0000000085500000|  0%| F|  |TAMS 0x0000000085400000, 0x0000000085400000| Untracked 
|  85|0x0000000085500000, 0x0000000085500000, 0x0000000085600000|  0%| F|  |TAMS 0x0000000085500000, 0x0000000085500000| Untracked 
|  86|0x0000000085600000, 0x0000000085600000, 0x0000000085700000|  0%| F|  |TAMS 0x0000000085600000, 0x0000000085600000| Untracked 
|  87|0x0000000085700000, 0x0000000085700000, 0x0000000085800000|  0%| F|  |TAMS 0x0000000085700000, 0x0000000085700000| Untracked 
|  88|0x0000000085800000, 0x0000000085800000, 0x0000000085900000|  0%| F|  |TAMS 0x0000000085800000, 0x0000000085800000| Untracked 
|  89|0x0000000085900000, 0x0000000085900000, 0x0000000085a00000|  0%| F|  |TAMS 0x0000000085900000, 0x0000000085900000| Untracked 
|  90|0x0000000085a00000, 0x0000000085a00000, 0x0000000085b00000|  0%| F|  |TAMS 0x0000000085a00000, 0x0000000085a00000| Untracked 
|  91|0x0000000085b00000, 0x0000000085b00000, 0x0000000085c00000|  0%| F|  |TAMS 0x0000000085b00000, 0x0000000085b00000| Untracked 
|  92|0x0000000085c00000, 0x0000000085c00000, 0x0000000085d00000|  0%| F|  |TAMS 0x0000000085c00000, 0x0000000085c00000| Untracked 
|  93|0x0000000085d00000, 0x0000000085d00000, 0x0000000085e00000|  0%| F|  |TAMS 0x0000000085d00000, 0x0000000085d00000| Untracked 
|  94|0x0000000085e00000, 0x0000000085e68e00, 0x0000000085f00000| 40%| S|CS|TAMS 0x0000000085e00000, 0x0000000085e00000| Complete 
|  95|0x0000000085f00000, 0x0000000086000000, 0x0000000086000000|100%| S|CS|TAMS 0x0000000085f00000, 0x0000000085f00000| Complete 
|  96|0x0000000086000000, 0x0000000086100000, 0x0000000086100000|100%| S|CS|TAMS 0x0000000086000000, 0x0000000086000000| Complete 
|  97|0x0000000086100000, 0x0000000086200000, 0x0000000086200000|100%| S|CS|TAMS 0x0000000086100000, 0x0000000086100000| Complete 
|  98|0x0000000086200000, 0x0000000086300000, 0x0000000086300000|100%| S|CS|TAMS 0x0000000086200000, 0x0000000086200000| Complete 
|  99|0x0000000086300000, 0x0000000086300000, 0x0000000086400000|  0%| F|  |TAMS 0x0000000086300000, 0x0000000086300000| Untracked 
| 100|0x0000000086400000, 0x0000000086400000, 0x0000000086500000|  0%| F|  |TAMS 0x0000000086400000, 0x0000000086400000| Untracked 
| 101|0x0000000086500000, 0x0000000086600000, 0x0000000086600000|100%| S|CS|TAMS 0x0000000086500000, 0x0000000086500000| Complete 
| 102|0x0000000086600000, 0x0000000086700000, 0x0000000086700000|100%| S|CS|TAMS 0x0000000086600000, 0x0000000086600000| Complete 
| 103|0x0000000086700000, 0x0000000086700000, 0x0000000086800000|  0%| F|  |TAMS 0x0000000086700000, 0x0000000086700000| Untracked 
| 104|0x0000000086800000, 0x0000000086800000, 0x0000000086900000|  0%| F|  |TAMS 0x0000000086800000, 0x0000000086800000| Untracked 
| 105|0x0000000086900000, 0x0000000086900000, 0x0000000086a00000|  0%| F|  |TAMS 0x0000000086900000, 0x0000000086900000| Untracked 
| 106|0x0000000086a00000, 0x0000000086a00000, 0x0000000086b00000|  0%| F|  |TAMS 0x0000000086a00000, 0x0000000086a00000| Untracked 
| 107|0x0000000086b00000, 0x0000000086b00000, 0x0000000086c00000|  0%| F|  |TAMS 0x0000000086b00000, 0x0000000086b00000| Untracked 
| 108|0x0000000086c00000, 0x0000000086c00000, 0x0000000086d00000|  0%| F|  |TAMS 0x0000000086c00000, 0x0000000086c00000| Untracked 
| 109|0x0000000086d00000, 0x0000000086d00000, 0x0000000086e00000|  0%| F|  |TAMS 0x0000000086d00000, 0x0000000086d00000| Untracked 
| 110|0x0000000086e00000, 0x0000000086e00000, 0x0000000086f00000|  0%| F|  |TAMS 0x0000000086e00000, 0x0000000086e00000| Untracked 
| 111|0x0000000086f00000, 0x0000000086f00000, 0x0000000087000000|  0%| F|  |TAMS 0x0000000086f00000, 0x0000000086f00000| Untracked 
| 112|0x0000000087000000, 0x0000000087000000, 0x0000000087100000|  0%| F|  |TAMS 0x0000000087000000, 0x0000000087000000| Untracked 
| 113|0x0000000087100000, 0x0000000087100000, 0x0000000087200000|  0%| F|  |TAMS 0x0000000087100000, 0x0000000087100000| Untracked 
| 114|0x0000000087200000, 0x0000000087200000, 0x0000000087300000|  0%| F|  |TAMS 0x0000000087200000, 0x0000000087200000| Untracked 
| 115|0x0000000087300000, 0x0000000087300000, 0x0000000087400000|  0%| F|  |TAMS 0x0000000087300000, 0x0000000087300000| Untracked 
| 116|0x0000000087400000, 0x0000000087400000, 0x0000000087500000|  0%| F|  |TAMS 0x0000000087400000, 0x0000000087400000| Untracked 
| 117|0x0000000087500000, 0x0000000087500000, 0x0000000087600000|  0%| F|  |TAMS 0x0000000087500000, 0x0000000087500000| Untracked 
| 118|0x0000000087600000, 0x0000000087600000, 0x0000000087700000|  0%| F|  |TAMS 0x0000000087600000, 0x0000000087600000| Untracked 
| 119|0x0000000087700000, 0x0000000087700000, 0x0000000087800000|  0%| F|  |TAMS 0x0000000087700000, 0x0000000087700000| Untracked 
| 120|0x0000000087800000, 0x0000000087800000, 0x0000000087900000|  0%| F|  |TAMS 0x0000000087800000, 0x0000000087800000| Untracked 
| 121|0x0000000087900000, 0x0000000087900000, 0x0000000087a00000|  0%| F|  |TAMS 0x0000000087900000, 0x0000000087900000| Untracked 
| 122|0x0000000087a00000, 0x0000000087a00000, 0x0000000087b00000|  0%| F|  |TAMS 0x0000000087a00000, 0x0000000087a00000| Untracked 
| 123|0x0000000087b00000, 0x0000000087b00000, 0x0000000087c00000|  0%| F|  |TAMS 0x0000000087b00000, 0x0000000087b00000| Untracked 
| 124|0x0000000087c00000, 0x0000000087c00000, 0x0000000087d00000|  0%| F|  |TAMS 0x0000000087c00000, 0x0000000087c00000| Untracked 
| 125|0x0000000087d00000, 0x0000000087d00000, 0x0000000087e00000|  0%| F|  |TAMS 0x0000000087d00000, 0x0000000087d00000| Untracked 
| 126|0x0000000087e00000, 0x0000000087e00000, 0x0000000087f00000|  0%| F|  |TAMS 0x0000000087e00000, 0x0000000087e00000| Untracked 
| 127|0x0000000087f00000, 0x0000000087f00000, 0x0000000088000000|  0%| F|  |TAMS 0x0000000087f00000, 0x0000000087f00000| Untracked 
| 128|0x0000000088000000, 0x0000000088000000, 0x0000000088100000|  0%| F|  |TAMS 0x0000000088000000, 0x0000000088000000| Untracked 
| 129|0x0000000088100000, 0x0000000088100000, 0x0000000088200000|  0%| F|  |TAMS 0x0000000088100000, 0x0000000088100000| Untracked 
| 130|0x0000000088200000, 0x0000000088200000, 0x0000000088300000|  0%| F|  |TAMS 0x0000000088200000, 0x0000000088200000| Untracked 
| 131|0x0000000088300000, 0x0000000088300000, 0x0000000088400000|  0%| F|  |TAMS 0x0000000088300000, 0x0000000088300000| Untracked 
| 132|0x0000000088400000, 0x0000000088400000, 0x0000000088500000|  0%| F|  |TAMS 0x0000000088400000, 0x0000000088400000| Untracked 
| 133|0x0000000088500000, 0x0000000088500000, 0x0000000088600000|  0%| F|  |TAMS 0x0000000088500000, 0x0000000088500000| Untracked 
| 134|0x0000000088600000, 0x0000000088600000, 0x0000000088700000|  0%| F|  |TAMS 0x0000000088600000, 0x0000000088600000| Untracked 
| 135|0x0000000088700000, 0x0000000088700000, 0x0000000088800000|  0%| F|  |TAMS 0x0000000088700000, 0x0000000088700000| Untracked 
| 136|0x0000000088800000, 0x0000000088800000, 0x0000000088900000|  0%| F|  |TAMS 0x0000000088800000, 0x0000000088800000| Untracked 
| 137|0x0000000088900000, 0x0000000088900000, 0x0000000088a00000|  0%| F|  |TAMS 0x0000000088900000, 0x0000000088900000| Untracked 
| 138|0x0000000088a00000, 0x0000000088a00000, 0x0000000088b00000|  0%| F|  |TAMS 0x0000000088a00000, 0x0000000088a00000| Untracked 
| 139|0x0000000088b00000, 0x0000000088b00000, 0x0000000088c00000|  0%| F|  |TAMS 0x0000000088b00000, 0x0000000088b00000| Untracked 
| 140|0x0000000088c00000, 0x0000000088c00000, 0x0000000088d00000|  0%| F|  |TAMS 0x0000000088c00000, 0x0000000088c00000| Untracked 
| 141|0x0000000088d00000, 0x0000000088d00000, 0x0000000088e00000|  0%| F|  |TAMS 0x0000000088d00000, 0x0000000088d00000| Untracked 
| 142|0x0000000088e00000, 0x0000000088e00000, 0x0000000088f00000|  0%| F|  |TAMS 0x0000000088e00000, 0x0000000088e00000| Untracked 
| 143|0x0000000088f00000, 0x0000000088f00000, 0x0000000089000000|  0%| F|  |TAMS 0x0000000088f00000, 0x0000000088f00000| Untracked 
| 144|0x0000000089000000, 0x0000000089000000, 0x0000000089100000|  0%| F|  |TAMS 0x0000000089000000, 0x0000000089000000| Untracked 
| 145|0x0000000089100000, 0x0000000089100000, 0x0000000089200000|  0%| F|  |TAMS 0x0000000089100000, 0x0000000089100000| Untracked 
| 146|0x0000000089200000, 0x0000000089200000, 0x0000000089300000|  0%| F|  |TAMS 0x0000000089200000, 0x0000000089200000| Untracked 
| 147|0x0000000089300000, 0x0000000089300000, 0x0000000089400000|  0%| F|  |TAMS 0x0000000089300000, 0x0000000089300000| Untracked 
| 148|0x0000000089400000, 0x0000000089400000, 0x0000000089500000|  0%| F|  |TAMS 0x0000000089400000, 0x0000000089400000| Untracked 
| 149|0x0000000089500000, 0x0000000089500000, 0x0000000089600000|  0%| F|  |TAMS 0x0000000089500000, 0x0000000089500000| Untracked 
| 150|0x0000000089600000, 0x0000000089600000, 0x0000000089700000|  0%| F|  |TAMS 0x0000000089600000, 0x0000000089600000| Untracked 
| 151|0x0000000089700000, 0x0000000089800000, 0x0000000089800000|100%| E|  |TAMS 0x0000000089700000, 0x0000000089700000| Complete 
| 152|0x0000000089800000, 0x0000000089900000, 0x0000000089900000|100%| E|CS|TAMS 0x0000000089800000, 0x0000000089800000| Complete 
| 153|0x0000000089900000, 0x0000000089a00000, 0x0000000089a00000|100%| E|CS|TAMS 0x0000000089900000, 0x0000000089900000| Complete 
| 154|0x0000000089a00000, 0x0000000089b00000, 0x0000000089b00000|100%| E|CS|TAMS 0x0000000089a00000, 0x0000000089a00000| Complete 
| 155|0x0000000089b00000, 0x0000000089c00000, 0x0000000089c00000|100%| E|CS|TAMS 0x0000000089b00000, 0x0000000089b00000| Complete 
| 156|0x0000000089c00000, 0x0000000089d00000, 0x0000000089d00000|100%| E|CS|TAMS 0x0000000089c00000, 0x0000000089c00000| Complete 
| 157|0x0000000089d00000, 0x0000000089e00000, 0x0000000089e00000|100%| E|CS|TAMS 0x0000000089d00000, 0x0000000089d00000| Complete 
| 158|0x0000000089e00000, 0x0000000089f00000, 0x0000000089f00000|100%| E|CS|TAMS 0x0000000089e00000, 0x0000000089e00000| Complete 
| 159|0x0000000089f00000, 0x000000008a000000, 0x000000008a000000|100%| E|CS|TAMS 0x0000000089f00000, 0x0000000089f00000| Complete 
| 160|0x000000008a000000, 0x000000008a100000, 0x000000008a100000|100%| E|CS|TAMS 0x000000008a000000, 0x000000008a000000| Complete 
| 161|0x000000008a100000, 0x000000008a200000, 0x000000008a200000|100%| E|CS|TAMS 0x000000008a100000, 0x000000008a100000| Complete 
| 162|0x000000008a200000, 0x000000008a300000, 0x000000008a300000|100%| E|CS|TAMS 0x000000008a200000, 0x000000008a200000| Complete 
| 163|0x000000008a300000, 0x000000008a400000, 0x000000008a400000|100%| E|CS|TAMS 0x000000008a300000, 0x000000008a300000| Complete 
| 164|0x000000008a400000, 0x000000008a500000, 0x000000008a500000|100%| E|CS|TAMS 0x000000008a400000, 0x000000008a400000| Complete 
| 165|0x000000008a500000, 0x000000008a600000, 0x000000008a600000|100%| E|CS|TAMS 0x000000008a500000, 0x000000008a500000| Complete 
| 166|0x000000008a600000, 0x000000008a700000, 0x000000008a700000|100%| E|CS|TAMS 0x000000008a600000, 0x000000008a600000| Complete 
| 167|0x000000008a700000, 0x000000008a800000, 0x000000008a800000|100%| E|CS|TAMS 0x000000008a700000, 0x000000008a700000| Complete 
| 168|0x000000008a800000, 0x000000008a900000, 0x000000008a900000|100%| E|CS|TAMS 0x000000008a800000, 0x000000008a800000| Complete 
| 169|0x000000008a900000, 0x000000008aa00000, 0x000000008aa00000|100%| E|CS|TAMS 0x000000008a900000, 0x000000008a900000| Complete 
| 170|0x000000008aa00000, 0x000000008ab00000, 0x000000008ab00000|100%| E|CS|TAMS 0x000000008aa00000, 0x000000008aa00000| Complete 
| 171|0x000000008ab00000, 0x000000008ac00000, 0x000000008ac00000|100%| E|CS|TAMS 0x000000008ab00000, 0x000000008ab00000| Complete 
| 172|0x000000008ac00000, 0x000000008ad00000, 0x000000008ad00000|100%| E|CS|TAMS 0x000000008ac00000, 0x000000008ac00000| Complete 
| 173|0x000000008ad00000, 0x000000008ae00000, 0x000000008ae00000|100%| E|CS|TAMS 0x000000008ad00000, 0x000000008ad00000| Complete 
| 174|0x000000008ae00000, 0x000000008af00000, 0x000000008af00000|100%| E|CS|TAMS 0x000000008ae00000, 0x000000008ae00000| Complete 
| 175|0x000000008af00000, 0x000000008b000000, 0x000000008b000000|100%| E|CS|TAMS 0x000000008af00000, 0x000000008af00000| Complete 
| 176|0x000000008b000000, 0x000000008b100000, 0x000000008b100000|100%| E|CS|TAMS 0x000000008b000000, 0x000000008b000000| Complete 
| 177|0x000000008b100000, 0x000000008b200000, 0x000000008b200000|100%| E|CS|TAMS 0x000000008b100000, 0x000000008b100000| Complete 
| 178|0x000000008b200000, 0x000000008b300000, 0x000000008b300000|100%| E|CS|TAMS 0x000000008b200000, 0x000000008b200000| Complete 
| 179|0x000000008b300000, 0x000000008b400000, 0x000000008b400000|100%| E|CS|TAMS 0x000000008b300000, 0x000000008b300000| Complete 
| 180|0x000000008b400000, 0x000000008b500000, 0x000000008b500000|100%| E|CS|TAMS 0x000000008b400000, 0x000000008b400000| Complete 
| 181|0x000000008b500000, 0x000000008b600000, 0x000000008b600000|100%| E|CS|TAMS 0x000000008b500000, 0x000000008b500000| Complete 
| 182|0x000000008b600000, 0x000000008b700000, 0x000000008b700000|100%| E|CS|TAMS 0x000000008b600000, 0x000000008b600000| Complete 
| 183|0x000000008b700000, 0x000000008b800000, 0x000000008b800000|100%| E|CS|TAMS 0x000000008b700000, 0x000000008b700000| Complete 
| 184|0x000000008b800000, 0x000000008b900000, 0x000000008b900000|100%| E|CS|TAMS 0x000000008b800000, 0x000000008b800000| Complete 
| 185|0x000000008b900000, 0x000000008ba00000, 0x000000008ba00000|100%| E|CS|TAMS 0x000000008b900000, 0x000000008b900000| Complete 
| 186|0x000000008ba00000, 0x000000008bb00000, 0x000000008bb00000|100%| E|CS|TAMS 0x000000008ba00000, 0x000000008ba00000| Complete 
| 187|0x000000008bb00000, 0x000000008bc00000, 0x000000008bc00000|100%| E|CS|TAMS 0x000000008bb00000, 0x000000008bb00000| Complete 
| 188|0x000000008bc00000, 0x000000008bd00000, 0x000000008bd00000|100%| E|CS|TAMS 0x000000008bc00000, 0x000000008bc00000| Complete 
| 189|0x000000008bd00000, 0x000000008be00000, 0x000000008be00000|100%| E|CS|TAMS 0x000000008bd00000, 0x000000008bd00000| Complete 

Card table byte_map: [0x0000016ddff20000,0x0000016de0320000] _byte_map_base: 0x0000016ddfb20000

Marking Bits (Prev, Next): (CMBitMap*) 0x0000016dcb27dcd8, (CMBitMap*) 0x0000016dcb27dd10
 Prev Bits: [0x0000016de0720000, 0x0000016de2720000)
 Next Bits: [0x0000016de2720000, 0x0000016de4720000)

Polling page: 0x0000016dcb310000

Metaspace:

Usage:
  Non-class:     67.57 MB capacity,    66.40 MB ( 98%) used,  1003.11 KB (  1%) free+waste,   194.69 KB ( <1%) overhead. 
      Class:     10.61 MB capacity,     9.92 MB ( 94%) used,   614.68 KB (  6%) free+waste,    90.19 KB ( <1%) overhead. 
       Both:     78.18 MB capacity,    76.33 MB ( 98%) used,     1.58 MB (  2%) free+waste,   284.88 KB ( <1%) overhead. 

Virtual space:
  Non-class space:       68.00 MB reserved,      67.62 MB (>99%) committed 
      Class space:        1.00 GB reserved,      10.63 MB (  1%) committed 
             Both:        1.07 GB reserved,      78.25 MB (  7%) committed 

Chunk freelists:
   Non-Class:  0 bytes
       Class:  14.00 KB
        Both:  14.00 KB

MaxMetaspaceSize: 17179869184.00 GB
CompressedClassSpaceSize: 1.00 GB

CodeHeap 'non-profiled nmethods': size=120064Kb used=4636Kb max_used=4636Kb free=115427Kb
 bounds [0x0000016dd7fb0000, 0x0000016dd8440000, 0x0000016ddf4f0000]
CodeHeap 'profiled nmethods': size=120000Kb used=16188Kb max_used=16188Kb free=103811Kb
 bounds [0x0000016dd0a80000, 0x0000016dd1a50000, 0x0000016dd7fb0000]
CodeHeap 'non-nmethods': size=5696Kb used=2268Kb max_used=2321Kb free=3427Kb
 bounds [0x0000016dd04f0000, 0x0000016dd0760000, 0x0000016dd0a80000]
 total_blobs=8376 nmethods=7510 adapters=777
 compilation: enabled
              stopped_count=0, restarted_count=0
 full_count=0

Compilation events (20 events):
Event: 41.645 Thread 0x0000016de7617000 7525       3       org.gradle.api.internal.collections.IterationOrderRetainingSetElementSource::iterator (21 bytes)
Event: 41.646 Thread 0x0000016de7617000 nmethod 7525 0x0000016dd1a36390 code [0x0000016dd1a36560, 0x0000016dd1a36858]
Event: 41.646 Thread 0x0000016de7617000 7526       3       org.gradle.api.internal.DefaultDomainObjectSet_Decorated::getStore (39 bytes)
Event: 41.647 Thread 0x0000016de7617000 nmethod 7526 0x0000016dd1a36910 code [0x0000016dd1a36b40, 0x0000016dd1a37268]
Event: 41.648 Thread 0x0000016de7617000 7527       3       org.gradle.internal.typeconversion.NotationParserBuilder::fromCharSequence (59 bytes)
Event: 41.649 Thread 0x0000016de7617000 nmethod 7527 0x0000016dd1a37490 code [0x0000016dd1a37780, 0x0000016dd1a386e8]
Event: 41.662 Thread 0x0000016de7616000 nmethod 7481 0x0000016dd8435990 code [0x0000016dd8435ba0, 0x0000016dd8436990]
Event: 41.662 Thread 0x0000016de7616000 7519       4       org.gradle.internal.instantiation.generator.AbstractClassGenerator::inspectType (560 bytes)
Event: 41.663 Thread 0x0000016de7617000 7528       3       org.objectweb.asm.SymbolTable::putBootstrapMethods (56 bytes)
Event: 41.664 Thread 0x0000016de7617000 nmethod 7528 0x0000016dd1a38c90 code [0x0000016dd1a38ea0, 0x0000016dd1a39188]
Event: 41.665 Thread 0x0000016de7617000 7529   !   3       org.gradle.cache.internal.DefaultCrossBuildInMemoryCacheFactory$AbstractCrossBuildInMemoryCache::put (38 bytes)
Event: 41.665 Thread 0x0000016de7617000 nmethod 7529 0x0000016dd1a39390 code [0x0000016dd1a39560, 0x0000016dd1a399b8]
Event: 41.666 Thread 0x0000016de7617000 7530       3       org.gradle.api.internal.provider.AbstractProperty::disallowChanges (8 bytes)
Event: 41.666 Thread 0x0000016de7617000 nmethod 7530 0x0000016dd1a39b90 code [0x0000016dd1a39d40, 0x0000016dd1a39f08]
Event: 41.666 Thread 0x0000016de7617000 7531       3       org.gradle.api.internal.provider.AbstractProperty$NonFinalizedValue::disallowChanges (6 bytes)
Event: 41.666 Thread 0x0000016de7617000 nmethod 7531 0x0000016dd1a3a010 code [0x0000016dd1a3a1c0, 0x0000016dd1a3a2b8]
Event: 41.671 Thread 0x0000016de7617000 7532       3       org.gradle.api.internal.tasks.DefaultTaskDependency::<init> (9 bytes)
Event: 41.672 Thread 0x0000016de7617000 nmethod 7532 0x0000016dd1a3a390 code [0x0000016dd1a3a560, 0x0000016dd1a3a898]
Event: 41.677 Thread 0x0000016de7617000 7533   !   3       org.gradle.internal.instantiation.generator.AbstractClassGenerator::generateUnderLock (702 bytes)
Event: 41.691 Thread 0x0000016de7617000 nmethod 7533 0x0000016dd1a3aa10 code [0x0000016dd1a3b6a0, 0x0000016dd1a44788]

GC Heap History (20 events):
Event: 3.564 GC heap before
{Heap before GC invocations=2 (full 0):
 garbage-first heap   total 194560K, used 32424K [0x0000000080000000, 0x0000000100000000)
  region size 1024K, 24 young (24576K), 1 survivors (1024K)
 Metaspace       used 10749K, capacity 11007K, committed 11264K, reserved 1058816K
  class space    used 1123K, capacity 1206K, committed 1280K, reserved 1048576K
}
Event: 3.567 GC heap after
{Heap after GC invocations=3 (full 0):
 garbage-first heap   total 194560K, used 9530K [0x0000000080000000, 0x0000000100000000)
  region size 1024K, 2 young (2048K), 2 survivors (2048K)
 Metaspace       used 10749K, capacity 11007K, committed 11264K, reserved 1058816K
  class space    used 1123K, capacity 1206K, committed 1280K, reserved 1048576K
}
Event: 4.616 GC heap before
{Heap before GC invocations=3 (full 0):
 garbage-first heap   total 194560K, used 45370K [0x0000000080000000, 0x0000000100000000)
  region size 1024K, 37 young (37888K), 2 survivors (2048K)
 Metaspace       used 14128K, capacity 14449K, committed 14592K, reserved 1062912K
  class space    used 1602K, capacity 1716K, committed 1792K, reserved 1048576K
}
Event: 4.623 GC heap after
{Heap after GC invocations=4 (full 0):
 garbage-first heap   total 194560K, used 14606K [0x0000000080000000, 0x0000000100000000)
  region size 1024K, 5 young (5120K), 5 survivors (5120K)
 Metaspace       used 14128K, capacity 14449K, committed 14592K, reserved 1062912K
  class space    used 1602K, capacity 1716K, committed 1792K, reserved 1048576K
}
Event: 8.908 GC heap before
{Heap before GC invocations=4 (full 0):
 garbage-first heap   total 194560K, used 53518K [0x0000000080000000, 0x0000000100000000)
  region size 1024K, 45 young (46080K), 5 survivors (5120K)
 Metaspace       used 20633K, capacity 21154K, committed 21296K, reserved 1069056K
  class space    used 2513K, capacity 2688K, committed 2688K, reserved 1048576K
}
Event: 8.923 GC heap after
{Heap after GC invocations=5 (full 0):
 garbage-first heap   total 194560K, used 16885K [0x0000000080000000, 0x0000000100000000)
  region size 1024K, 2 young (2048K), 2 survivors (2048K)
 Metaspace       used 20633K, capacity 21154K, committed 21296K, reserved 1069056K
  class space    used 2513K, capacity 2688K, committed 2688K, reserved 1048576K
}
Event: 11.294 GC heap before
{Heap before GC invocations=6 (full 0):
 garbage-first heap   total 194560K, used 76277K [0x0000000080000000, 0x0000000100000000)
  region size 1024K, 60 young (61440K), 2 survivors (2048K)
 Metaspace       used 26394K, capacity 27072K, committed 27184K, reserved 1073152K
  class space    used 3464K, capacity 3710K, committed 3712K, reserved 1048576K
}
Event: 11.305 GC heap after
{Heap after GC invocations=7 (full 0):
 garbage-first heap   total 194560K, used 18677K [0x0000000080000000, 0x0000000100000000)
  region size 1024K, 4 young (4096K), 4 survivors (4096K)
 Metaspace       used 26394K, capacity 27072K, committed 27184K, reserved 1073152K
  class space    used 3464K, capacity 3710K, committed 3712K, reserved 1048576K
}
Event: 13.803 GC heap before
{Heap before GC invocations=7 (full 0):
 garbage-first heap   total 194560K, used 67829K [0x0000000080000000, 0x0000000100000000)
  region size 1024K, 54 young (55296K), 4 survivors (4096K)
 Metaspace       used 34838K, capacity 35611K, committed 35708K, reserved 1081344K
  class space    used 4525K, capacity 4832K, committed 4864K, reserved 1048576K
}
Event: 13.818 GC heap after
{Heap after GC invocations=8 (full 0):
 garbage-first heap   total 194560K, used 22897K [0x0000000080000000, 0x0000000100000000)
  region size 1024K, 8 young (8192K), 8 survivors (8192K)
 Metaspace       used 34838K, capacity 35611K, committed 35708K, reserved 1081344K
  class space    used 4525K, capacity 4832K, committed 4864K, reserved 1048576K
}
Event: 17.463 GC heap before
{Heap before GC invocations=9 (full 0):
 garbage-first heap   total 194560K, used 104817K [0x0000000080000000, 0x0000000100000000)
  region size 1024K, 86 young (88064K), 8 survivors (8192K)
 Metaspace       used 40727K, capacity 41717K, committed 41852K, reserved 1085440K
  class space    used 5242K, capacity 5599K, committed 5632K, reserved 1048576K
}
Event: 17.487 GC heap after
{Heap after GC invocations=10 (full 0):
 garbage-first heap   total 194560K, used 28243K [0x0000000080000000, 0x0000000100000000)
  region size 1024K, 10 young (10240K), 10 survivors (10240K)
 Metaspace       used 40727K, capacity 41717K, committed 41852K, reserved 1085440K
  class space    used 5242K, capacity 5599K, committed 5632K, reserved 1048576K
}
Event: 21.142 GC heap before
{Heap before GC invocations=10 (full 0):
 garbage-first heap   total 194560K, used 119379K [0x0000000080000000, 0x0000000100000000)
  region size 1024K, 98 young (100352K), 10 survivors (10240K)
 Metaspace       used 47197K, capacity 48467K, committed 48636K, reserved 1091584K
  class space    used 6014K, capacity 6497K, committed 6528K, reserved 1048576K
}
Event: 21.171 GC heap after
{Heap after GC invocations=11 (full 0):
 garbage-first heap   total 194560K, used 33154K [0x0000000080000000, 0x0000000100000000)
  region size 1024K, 11 young (11264K), 11 survivors (11264K)
 Metaspace       used 47197K, capacity 48467K, committed 48636K, reserved 1091584K
  class space    used 6014K, capacity 6497K, committed 6528K, reserved 1048576K
}
Event: 27.209 GC heap before
{Heap before GC invocations=11 (full 0):
 garbage-first heap   total 194560K, used 132482K [0x0000000080000000, 0x0000000100000000)
  region size 1024K, 102 young (104448K), 11 survivors (11264K)
 Metaspace       used 58267K, capacity 59806K, committed 59900K, reserved 1101824K
  class space    used 7392K, capacity 7977K, committed 8064K, reserved 1048576K
}
Event: 27.250 GC heap after
{Heap after GC invocations=12 (full 0):
 garbage-first heap   total 194560K, used 51357K [0x0000000080000000, 0x0000000100000000)
  region size 1024K, 15 young (15360K), 15 survivors (15360K)
 Metaspace       used 58267K, capacity 59806K, committed 59900K, reserved 1101824K
  class space    used 7392K, capacity 7977K, committed 8064K, reserved 1048576K
}
Event: 31.200 GC heap before
{Heap before GC invocations=13 (full 0):
 garbage-first heap   total 194560K, used 142493K [0x0000000080000000, 0x0000000100000000)
  region size 1024K, 104 young (106496K), 15 survivors (15360K)
 Metaspace       used 65895K, capacity 67518K, committed 67708K, reserved 1107968K
  class space    used 8346K, capacity 8929K, committed 8960K, reserved 1048576K
}
Event: 31.265 GC heap after
{Heap after GC invocations=14 (full 0):
 garbage-first heap   total 194560K, used 60131K [0x0000000080000000, 0x0000000100000000)
  region size 1024K, 8 young (8192K), 8 survivors (8192K)
 Metaspace       used 65895K, capacity 67518K, committed 67708K, reserved 1107968K
  class space    used 8346K, capacity 8929K, committed 8960K, reserved 1048576K
}
Event: 39.637 GC heap before
{Heap before GC invocations=15 (full 0):
 garbage-first heap   total 194560K, used 149219K [0x0000000080000000, 0x0000000100000000)
  region size 1024K, 95 young (97280K), 8 survivors (8192K)
 Metaspace       used 73297K, capacity 75128K, committed 75388K, reserved 1114112K
  class space    used 9464K, capacity 10132K, committed 10240K, reserved 1048576K
}
Event: 39.664 GC heap after
{Heap after GC invocations=16 (full 0):
 garbage-first heap   total 194560K, used 66939K [0x0000000080000000, 0x0000000100000000)
  region size 1024K, 7 young (7168K), 7 survivors (7168K)
 Metaspace       used 73297K, capacity 75128K, committed 75388K, reserved 1114112K
  class space    used 9464K, capacity 10132K, committed 10240K, reserved 1048576K
}

Deoptimization events (20 events):
Event: 41.537 Thread 0x0000016de8e72000 DEOPT PACKING pc=0x0000016dd82e19b0 sp=0x0000004f35cfa300
Event: 41.537 Thread 0x0000016de8e72000 DEOPT UNPACKING pc=0x0000016dd05178af sp=0x0000004f35cfa120 mode 2
Event: 41.587 Thread 0x0000016de8e72000 Uncommon trap: trap_request=0xffffff4d fr.pc=0x0000016dd82e2948 relative=0x00000000000000a8
Event: 41.587 Thread 0x0000016de8e72000 Uncommon trap: reason=unstable_if action=reinterpret pc=0x0000016dd82e2948 method=java.lang.CharacterDataLatin1.digit(II)I @ 12 c2
Event: 41.587 Thread 0x0000016de8e72000 DEOPT PACKING pc=0x0000016dd82e2948 sp=0x0000004f35cfa210
Event: 41.587 Thread 0x0000016de8e72000 DEOPT UNPACKING pc=0x0000016dd05178af sp=0x0000004f35cfa0c8 mode 2
Event: 41.632 Thread 0x0000016de8e72000 DEOPT PACKING pc=0x0000016dd16604f3 sp=0x0000004f35cf8d20
Event: 41.632 Thread 0x0000016de8e72000 DEOPT UNPACKING pc=0x0000016dd05176ce sp=0x0000004f35cf82e8 mode 0
Event: 41.865 Thread 0x0000016de8e72000 DEOPT PACKING pc=0x0000016dd16604f3 sp=0x0000004f35cf8ae0
Event: 41.865 Thread 0x0000016de8e72000 DEOPT UNPACKING pc=0x0000016dd05176ce sp=0x0000004f35cf8080 mode 0
Event: 41.884 Thread 0x0000016de8e72000 DEOPT PACKING pc=0x0000016dd1191b44 sp=0x0000004f35cf8950
Event: 41.884 Thread 0x0000016de8e72000 DEOPT UNPACKING pc=0x0000016dd05176ce sp=0x0000004f35cf7d88 mode 0
Event: 41.884 Thread 0x0000016de8e72000 DEOPT PACKING pc=0x0000016dd1191c4c sp=0x0000004f35cf89c0
Event: 41.884 Thread 0x0000016de8e72000 DEOPT UNPACKING pc=0x0000016dd05176ce sp=0x0000004f35cf7e60 mode 0
Event: 41.884 Thread 0x0000016de8e72000 DEOPT PACKING pc=0x0000016dd127477c sp=0x0000004f35cf8a30
Event: 41.884 Thread 0x0000016de8e72000 DEOPT UNPACKING pc=0x0000016dd05176ce sp=0x0000004f35cf7e30 mode 0
Event: 41.884 Thread 0x0000016de8e72000 Uncommon trap: trap_request=0xfffffff4 fr.pc=0x0000016dd83e15cc relative=0x000000000000396c
Event: 41.884 Thread 0x0000016de8e72000 Uncommon trap: reason=null_check action=make_not_entrant pc=0x0000016dd83e15cc method=sun.reflect.generics.visitor.Reifier.reifyTypeArguments([Lsun/reflect/generics/tree/TypeArgument;)[Ljava/lang/reflect/Type; @ 29 c2
Event: 41.884 Thread 0x0000016de8e72000 DEOPT PACKING pc=0x0000016dd83e15cc sp=0x0000004f35cf8ab0
Event: 41.884 Thread 0x0000016de8e72000 DEOPT UNPACKING pc=0x0000016dd05178af sp=0x0000004f35cf8a28 mode 2

Classes redefined (0 events):
No events

Internal exceptions (20 events):
Event: 38.150 Thread 0x0000016de8e72000 Exception <a 'java/lang/ClassNotFoundException'{0x0000000087e1fe68}: com/android/build/gradle/internal/api/ApkVariantOutputImplBeanInfo> (0x0000000087e1fe68) thrown at [./src/hotspot/share/classfile/systemDictionary.cpp, line 231]
Event: 38.152 Thread 0x0000016de8e72000 Exception <a 'java/lang/ClassNotFoundException'{0x0000000087e3b2e8}: com/android/build/gradle/internal/api/BaseVariantOutputImplBeanInfo> (0x0000000087e3b2e8) thrown at [./src/hotspot/share/classfile/systemDictionary.cpp, line 231]
Event: 38.154 Thread 0x0000016de8e72000 Exception <a 'java/lang/ClassNotFoundException'{0x0000000087e567d0}: com/android/build/gradle/internal/api/BaseVariantOutputImplCustomizer> (0x0000000087e567d0) thrown at [./src/hotspot/share/classfile/systemDictionary.cpp, line 231]
Event: 38.155 Thread 0x0000016de8e72000 Exception <a 'java/lang/ClassNotFoundException'{0x0000000087e84590}: com/android/build/gradle/internal/api/ApkVariantOutputImplCustomizer> (0x0000000087e84590) thrown at [./src/hotspot/share/classfile/systemDictionary.cpp, line 231]
Event: 38.156 Thread 0x0000016de8e72000 Exception <a 'java/lang/ClassNotFoundException'{0x0000000087eae688}: com/android/build/gradle/internal/api/ApkVariantOutputImpl_DecoratedCustomizer> (0x0000000087eae688) thrown at [./src/hotspot/share/classfile/systemDictionary.cpp, line 231]
Event: 38.210 Thread 0x0000016de8e72000 Exception <a 'java/lang/ClassNotFoundException'{0x0000000087c26570}: com/android/build/gradle/internal/api/ReadOnlyBuildTypeBeanInfo> (0x0000000087c26570) thrown at [./src/hotspot/share/classfile/systemDictionary.cpp, line 231]
Event: 38.211 Thread 0x0000016de8e72000 Exception <a 'java/lang/ClassNotFoundException'{0x0000000087c408a8}: com/android/build/gradle/internal/api/ReadOnlyBaseConfigBeanInfo> (0x0000000087c408a8) thrown at [./src/hotspot/share/classfile/systemDictionary.cpp, line 231]
Event: 38.212 Thread 0x0000016de8e72000 Exception <a 'java/lang/ClassNotFoundException'{0x0000000087c5b488}: com/android/build/gradle/internal/api/ReadOnlyBaseConfigCustomizer> (0x0000000087c5b488) thrown at [./src/hotspot/share/classfile/systemDictionary.cpp, line 231]
Event: 38.217 Thread 0x0000016de8e72000 Exception <a 'java/lang/ClassNotFoundException'{0x0000000087c86140}: com/android/build/gradle/internal/api/ReadOnlyBuildTypeCustomizer> (0x0000000087c86140) thrown at [./src/hotspot/share/classfile/systemDictionary.cpp, line 231]
Event: 40.204 Thread 0x0000016de8e72000 Exception <a 'sun/nio/fs/WindowsException'{0x000000008b53e5e8}> (0x000000008b53e5e8) thrown at [./src/hotspot/share/prims/jni.cpp, line 615]
Event: 40.204 Thread 0x0000016de8e72000 Exception <a 'sun/nio/fs/WindowsException'{0x000000008b53ebb8}> (0x000000008b53ebb8) thrown at [./src/hotspot/share/prims/jni.cpp, line 615]
Event: 40.829 Thread 0x0000016de8e72000 Exception <a 'java/lang/NullPointerException'{0x000000008ac18f00}> (0x000000008ac18f00) thrown at [./src/hotspot/share/interpreter/linkResolver.cpp, line 1440]
Event: 41.121 Thread 0x0000016de8e72000 Implicit null exception at 0x0000016dd83fde89 to 0x0000016dd83fe548
Event: 41.369 Thread 0x0000016de8e72000 Exception <a 'java/lang/NoSuchMethodError'{0x0000000089ef4108}: 'int java.lang.invoke.DirectMethodHandle$Holder.invokeStatic(java.lang.Object, java.lang.Object, int, java.lang.Object)'> (0x0000000089ef4108) thrown at [./src/hotspot/share/interpreter/linkResolver.cpp, line 773]
Event: 41.373 Thread 0x0000016de8e72000 Exception <a 'java/lang/NoSuchMethodError'{0x0000000089efafb0}: 'java.lang.Object java.lang.invoke.Invokers$Holder.linkToTargetMethod(java.lang.Object, int, java.lang.Object)'> (0x0000000089efafb0) thrown at [./src/hotspot/share/interpreter/linkResolver.cpp, line 773]
Event: 41.545 Thread 0x0000016de8e72000 Exception <a 'sun/nio/fs/WindowsException'{0x0000000089c2a808}> (0x0000000089c2a808) thrown at [./src/hotspot/share/prims/jni.cpp, line 615]
Event: 41.546 Thread 0x0000016de8e72000 Exception <a 'sun/nio/fs/WindowsException'{0x0000000089c2b900}> (0x0000000089c2b900) thrown at [./src/hotspot/share/prims/jni.cpp, line 615]
Event: 41.546 Thread 0x0000016de8e72000 Exception <a 'sun/nio/fs/WindowsException'{0x0000000089c2ca30}> (0x0000000089c2ca30) thrown at [./src/hotspot/share/prims/jni.cpp, line 615]
Event: 41.546 Thread 0x0000016de8e72000 Exception <a 'sun/nio/fs/WindowsException'{0x0000000089c2db60}> (0x0000000089c2db60) thrown at [./src/hotspot/share/prims/jni.cpp, line 615]
Event: 41.884 Thread 0x0000016de8e72000 Implicit null exception at 0x0000016dd83de965 to 0x0000016dd83e15a4

Events (20 events):
Event: 41.636 loading class org/gradle/api/internal/artifacts/publish/DefaultPublishArtifact
Event: 41.636 loading class org/gradle/api/internal/artifacts/publish/DefaultPublishArtifact done
Event: 41.640 loading class org/gradle/api/artifacts/PublishArtifact
Event: 41.640 loading class org/gradle/api/artifacts/PublishArtifact done
Event: 41.640 loading class org/gradle/api/artifacts/PublishArtifact
Event: 41.640 loading class org/gradle/api/artifacts/PublishArtifact done
Event: 41.650 loading class org/gradle/api/internal/artifacts/ivyservice/moduleconverter/DefaultLocalComponentMetadataBuilder$NestedVariantIdentifier
Event: 41.650 loading class org/gradle/api/internal/artifacts/ivyservice/moduleconverter/DefaultLocalComponentMetadataBuilder$NestedVariantIdentifier done
Event: 41.668 loading class com/android/build/gradle/internal/packaging/JarCreatorType
Event: 41.668 loading class com/android/build/gradle/internal/packaging/JarCreatorType done
Event: 41.692 loading class com/android/build/gradle/internal/tasks/featuresplit/FeatureSetMetadata
Event: 41.692 loading class com/android/build/gradle/internal/tasks/featuresplit/FeatureSetMetadata done
Event: 41.881 loading class com/android/build/gradle/internal/tasks/SigningConfigWriterTask$CreationAction$configure$1
Event: 41.881 loading class com/android/build/gradle/internal/tasks/SigningConfigWriterTask$CreationAction$configure$1 done
Event: 41.882 loading class sun/reflect/generics/scope/DummyScope
Event: 41.882 loading class sun/reflect/generics/scope/DummyScope done
Event: 41.882 Executing VM operation: Deoptimize
Event: 41.884 Executing VM operation: Deoptimize done
Event: 41.884 loading class com/android/build/gradle/internal/tasks/SigningConfigWriterTask$CreationAction$configure$2
Event: 41.884 loading class com/android/build/gradle/internal/tasks/SigningConfigWriterTask$CreationAction$configure$2 done


Dynamic libraries:
0x00007ff7b3470000 - 0x00007ff7b347a000 	C:\Program Files\Android\Android Studio\jre\bin\java.exe
0x00007ffc7ca40000 - 0x00007ffc7cc47000 	C:\WINDOWS\SYSTEM32\ntdll.dll
0x00007ffc7b130000 - 0x00007ffc7b1ed000 	C:\WINDOWS\System32\KERNEL32.DLL
0x00007ffc7a550000 - 0x00007ffc7a8c4000 	C:\WINDOWS\System32\KERNELBASE.dll
0x00007ffc76b70000 - 0x00007ffc76c01000 	C:\WINDOWS\SYSTEM32\apphelp.dll
0x00007ffc79f20000 - 0x00007ffc7a031000 	C:\WINDOWS\System32\ucrtbase.dll
0x00007ffc67f70000 - 0x00007ffc67f89000 	C:\Program Files\Android\Android Studio\jre\bin\jli.dll
0x00007ffc7bdc0000 - 0x00007ffc7bf6c000 	C:\WINDOWS\System32\USER32.dll
0x00007ffc7a040000 - 0x00007ffc7a066000 	C:\WINDOWS\System32\win32u.dll
0x00007ffc7b100000 - 0x00007ffc7b129000 	C:\WINDOWS\System32\GDI32.dll
0x00007ffc7a070000 - 0x00007ffc7a182000 	C:\WINDOWS\System32\gdi32full.dll
0x00007ffc7a300000 - 0x00007ffc7a39d000 	C:\WINDOWS\System32\msvcp_win.dll
0x00007ffc674b0000 - 0x00007ffc674c7000 	C:\Program Files\Android\Android Studio\jre\bin\VCRUNTIME140.dll
0x00007ffc6eed0000 - 0x00007ffc6f175000 	C:\WINDOWS\WinSxS\amd64_microsoft.windows.common-controls_6595b64144ccf1df_6.0.22000.120_none_9d947278b86cc467\COMCTL32.dll
0x00007ffc7b3b0000 - 0x00007ffc7b453000 	C:\WINDOWS\System32\msvcrt.dll
0x00007ffc7c240000 - 0x00007ffc7c271000 	C:\WINDOWS\System32\IMM32.DLL
0x00007ffc488b0000 - 0x00007ffc4894d000 	C:\Program Files\Android\Android Studio\jre\bin\msvcp140.dll
0x00007ffc181b0000 - 0x00007ffc18c7f000 	C:\Program Files\Android\Android Studio\jre\bin\server\jvm.dll
0x00007ffc7c0f0000 - 0x00007ffc7c19c000 	C:\WINDOWS\System32\ADVAPI32.dll
0x00007ffc7c1a0000 - 0x00007ffc7c23d000 	C:\WINDOWS\System32\sechost.dll
0x00007ffc7c760000 - 0x00007ffc7c881000 	C:\WINDOWS\System32\RPCRT4.dll
0x00007ffc7b5f0000 - 0x00007ffc7b5f8000 	C:\WINDOWS\System32\PSAPI.DLL
0x00007ffc6e600000 - 0x00007ffc6e609000 	C:\WINDOWS\SYSTEM32\WSOCK32.dll
0x00007ffc7bf70000 - 0x00007ffc7bfdf000 	C:\WINDOWS\System32\WS2_32.dll
0x00007ffc74970000 - 0x00007ffc749a3000 	C:\WINDOWS\SYSTEM32\WINMM.dll
0x00007ffc720a0000 - 0x00007ffc720aa000 	C:\WINDOWS\SYSTEM32\VERSION.dll
0x00007ffc79140000 - 0x00007ffc79158000 	C:\WINDOWS\SYSTEM32\kernel.appcore.dll
0x00007ffc72b80000 - 0x00007ffc72b91000 	C:\Program Files\Android\Android Studio\jre\bin\verify.dll
0x00007ffc77c00000 - 0x00007ffc77e21000 	C:\WINDOWS\SYSTEM32\DBGHELP.DLL
0x00007ffc725a0000 - 0x00007ffc725d1000 	C:\WINDOWS\SYSTEM32\dbgcore.DLL
0x00007ffc7a460000 - 0x00007ffc7a4e0000 	C:\WINDOWS\System32\bcryptPrimitives.dll
0x00007ffc65120000 - 0x00007ffc65149000 	C:\Program Files\Android\Android Studio\jre\bin\java.dll
0x00007ffc74a00000 - 0x00007ffc74a0b000 	C:\Program Files\Android\Android Studio\jre\bin\jimage.dll
0x00007ffc71c40000 - 0x00007ffc71c58000 	C:\Program Files\Android\Android Studio\jre\bin\zip.dll
0x00007ffc7b600000 - 0x00007ffc7bda9000 	C:\WINDOWS\System32\SHELL32.dll
0x00007ffc780a0000 - 0x00007ffc78902000 	C:\WINDOWS\SYSTEM32\windows.storage.dll
0x00007ffc7aa90000 - 0x00007ffc7ae08000 	C:\WINDOWS\System32\combase.dll
0x00007ffc77f30000 - 0x00007ffc78096000 	C:\WINDOWS\SYSTEM32\wintypes.dll
0x00007ffc7afa0000 - 0x00007ffc7b08a000 	C:\WINDOWS\System32\SHCORE.dll
0x00007ffc7af40000 - 0x00007ffc7af9d000 	C:\WINDOWS\System32\shlwapi.dll
0x00007ffc79e50000 - 0x00007ffc79e71000 	C:\WINDOWS\SYSTEM32\profapi.dll
0x00007ffc71860000 - 0x00007ffc7187a000 	C:\Program Files\Android\Android Studio\jre\bin\net.dll
0x00007ffc743a0000 - 0x00007ffc744ac000 	C:\WINDOWS\SYSTEM32\WINHTTP.dll
0x00007ffc79550000 - 0x00007ffc795b7000 	C:\WINDOWS\system32\mswsock.dll
0x00007ffc71740000 - 0x00007ffc71754000 	C:\Program Files\Android\Android Studio\jre\bin\nio.dll
0x00007ffc70be0000 - 0x00007ffc70c07000 	C:\Users\k.nesar\.gradle\native\8bec1ad78214c89d9ad589b4d07fe93259594b29d510b10fafb7a158f7737e5d\windows-amd64\native-platform.dll
0x00007ffc418a0000 - 0x00007ffc419dd000 	C:\Users\k.nesar\.gradle\native\53dbd7edfb1c66fb8903c78663c9afc45aea4f116125fa6feffd364cf09443e8\windows-amd64\native-platform-file-events.dll
0x00007ffc71bf0000 - 0x00007ffc71bfa000 	C:\Program Files\Android\Android Studio\jre\bin\management.dll
0x00007ffc71bd0000 - 0x00007ffc71bdc000 	C:\Program Files\Android\Android Studio\jre\bin\management_ext.dll
0x00007ffc79790000 - 0x00007ffc797a8000 	C:\WINDOWS\SYSTEM32\CRYPTSP.dll
0x00007ffc790a0000 - 0x00007ffc790d5000 	C:\WINDOWS\system32\rsaenh.dll
0x00007ffc79640000 - 0x00007ffc79669000 	C:\WINDOWS\SYSTEM32\USERENV.dll
0x00007ffc79910000 - 0x00007ffc79937000 	C:\WINDOWS\SYSTEM32\bcrypt.dll
0x00007ffc797b0000 - 0x00007ffc797bc000 	C:\WINDOWS\SYSTEM32\CRYPTBASE.dll
0x00007ffc78c80000 - 0x00007ffc78cad000 	C:\WINDOWS\SYSTEM32\IPHLPAPI.DLL
0x00007ffc7bdb0000 - 0x00007ffc7bdb9000 	C:\WINDOWS\System32\NSI.dll
0x00007ffc74200000 - 0x00007ffc74219000 	C:\WINDOWS\SYSTEM32\dhcpcsvc6.DLL
0x00007ffc745c0000 - 0x00007ffc745de000 	C:\WINDOWS\SYSTEM32\dhcpcsvc.DLL
0x00007ffc78d00000 - 0x00007ffc78de7000 	C:\WINDOWS\SYSTEM32\DNSAPI.dll

dbghelp: loaded successfully - version: 4.0.5 - missing functions: none
symbol engine: initialized successfully - sym options: 0x614 - pdb path: .;C:\Program Files\Android\Android Studio\jre\bin;C:\WINDOWS\SYSTEM32;C:\WINDOWS\WinSxS\amd64_microsoft.windows.common-controls_6595b64144ccf1df_6.0.22000.120_none_9d947278b86cc467;C:\Program Files\Android\Android Studio\jre\bin\server;C:\Users\k.nesar\.gradle\native\8bec1ad78214c89d9ad589b4d07fe93259594b29d510b10fafb7a158f7737e5d\windows-amd64;C:\Users\k.nesar\.gradle\native\53dbd7edfb1c66fb8903c78663c9afc45aea4f116125fa6feffd364cf09443e8\windows-amd64

VM Arguments:
jvm_args: --add-opens=java.base/java.util=ALL-UNNAMED --add-opens=java.base/java.lang=ALL-UNNAMED --add-opens=java.base/java.lang.invoke=ALL-UNNAMED --add-opens=java.base/java.util=ALL-UNNAMED --add-opens=java.prefs/java.util.prefs=ALL-UNNAMED --add-opens=java.prefs/java.util.prefs=ALL-UNNAMED --add-opens=java.base/java.nio.charset=ALL-UNNAMED --add-opens=java.base/java.net=ALL-UNNAMED --add-opens=java.base/java.util.concurrent.atomic=ALL-UNNAMED -Xmx2048m -Dfile.encoding=UTF-8 -Duser.country=US -Duser.language=en -Duser.variant 
java_command: org.gradle.launcher.daemon.bootstrap.GradleDaemon 7.0.2
java_class_path (initial): C:\Users\k.nesar\.gradle\wrapper\dists\gradle-7.0.2-bin\857tjihv64xamwrf0h14cai3r\gradle-7.0.2\lib\gradle-launcher-7.0.2.jar
Launcher Type: SUN_STANDARD

[Global flags]
     intx CICompilerCount                          = 3                                         {product} {ergonomic}
     uint ConcGCThreads                            = 1                                         {product} {ergonomic}
     uint G1ConcRefinementThreads                  = 4                                         {product} {ergonomic}
   size_t G1HeapRegionSize                         = 1048576                                   {product} {ergonomic}
    uintx GCDrainStackTargetSize                   = 64                                        {product} {ergonomic}
   size_t InitialHeapSize                          = 199229440                                 {product} {ergonomic}
   size_t MarkStackSize                            = 4194304                                   {product} {ergonomic}
   size_t MaxHeapSize                              = 2147483648                                {product} {command line}
   size_t MaxNewSize                               = 1287651328                                {product} {ergonomic}
   size_t MinHeapDeltaBytes                        = 1048576                                   {product} {ergonomic}
    uintx NonNMethodCodeHeapSize                   = 5830732                                {pd product} {ergonomic}
    uintx NonProfiledCodeHeapSize                  = 122913754                              {pd product} {ergonomic}
    uintx ProfiledCodeHeapSize                     = 122913754                              {pd product} {ergonomic}
    uintx ReservedCodeCacheSize                    = 251658240                              {pd product} {ergonomic}
     bool SegmentedCodeCache                       = true                                      {product} {ergonomic}
     bool UseCompressedClassPointers               = true                                 {lp64_product} {ergonomic}
     bool UseCompressedOops                        = true                                 {lp64_product} {ergonomic}
     bool UseG1GC                                  = true                                      {product} {ergonomic}
     bool UseLargePagesIndividualAllocation        = false                                  {pd product} {ergonomic}

Logging:
Log output configuration:
 #0: stdout all=warning uptime,level,tags
 #1: stderr all=off uptime,level,tags

Environment Variables:
PATH=%INTEL_DEV_REDIST%redist\intel64\compiler;C:\Program Files\Common Files\Oracle\Java\javapath;C:\WINDOWS\system32;C:\WINDOWS;C:\WINDOWS\System32\Wbem;C:\WINDOWS\System32\WindowsPowerShell\v1.0\;C:\WINDOWS\System32\OpenSSH\;C:\Program Files\Git\cmd;C:\Users\k.nesar\AppData\Local\Microsoft\WindowsApps;C:\Program Files\JetBrains\PyCharm Community Edition 2020.2.3\bin;C:\adb;C:\Program Files\dotnet\;C:\WINDOWS\system32;C:\WINDOWS;C:\WINDOWS\System32\Wbem;C:\WINDOWS\System32\WindowsPowerShell\v1.0\;C:\WINDOWS\System32\OpenSSH\;C:\Program Files\nodejs\;C:\Users\k.nesar\AppData\Local\Microsoft\WindowsApps;;C:\Program Files\JetBrains\PyCharm Community Edition 2020.2.3\bin;;C:\Users\k.nesar\AppData\Local\Programs\Microsoft VS Code\bin;C:\Users\k.nesar\AppData\Roaming\npm
USERNAME=K.Nesar
OS=Windows_NT
PROCESSOR_IDENTIFIER=Intel64 Family 6 Model 142 Stepping 10, GenuineIntel



---------------  S Y S T E M  ---------------

OS: Windows 10 , 64 bit Build 22000 (10.0.22000.120)
OS uptime: 10 days 2:09 hours

CPU:total 4 (initial active 4) (2 cores per cpu, 2 threads per core) family 6 model 142 stepping 10 microcode 0xe0, cmov, cx8, fxsr, mmx, sse, sse2, sse3, ssse3, sse4.1, sse4.2, popcnt, avx, avx2, aes, clmul, erms, 3dnowpref, lzcnt, ht, tsc, tscinvbit, bmi1, bmi2, adx, fma

Memory: 4k page, system-wide physical 12152M (324M free)
TotalPageFile size 34778M (AvailPageFile size 40M)
current process WorkingSet (physical memory assigned to process): 395M, peak: 399M
current process commit charge ("private bytes"): 441M, peak: 447M

vm_info: OpenJDK 64-Bit Server VM (11.0.10+0-b96-7249189) for windows-amd64 JRE (11.0.10+0-b96-7249189), built on Mar 31 2021 21:44:00 by "builder" with MS VC++ 14.0 (VS2015)

END.
