#
# There is insufficient memory for the Java Runtime Environment to continue.
# Native memory allocation (malloc) failed to allocate 460976 bytes for Chunk::new
# Possible reasons:
#   The system is out of physical RAM or swap space
#   The process is running with CompressedOops enabled, and the Java Heap may be blocking the growth of the native heap
# Possible solutions:
#   Reduce memory load on the system
#   Increase physical memory or swap space
#   Check if swap backing store is full
#   Decrease Java heap size (-Xmx/-Xms)
#   Decrease number of Java threads
#   Decrease Java thread stack sizes (-Xss)
#   Set larger code cache with -XX:ReservedCodeCacheSize=
#   JVM is running with Unscaled Compressed Oops mode in which the Java heap is
#     placed in the first 4GB address space. The Java Heap base address is the
#     maximum limit for the native heap growth. Please use -XX:HeapBaseMinAddress
#     to set the Java Heap base and to place the Java Heap above 4GB virtual address.
# This output file may be truncated or incomplete.
#
#  Out of Memory Error (./src/hotspot/share/memory/arena.cpp:197), pid=13324, tid=17340
#
# JRE version: OpenJDK Runtime Environment (11.0.10) (build 11.0.10+0-b96-7249189)
# Java VM: OpenJDK 64-Bit Server VM (11.0.10+0-b96-7249189, mixed mode, tiered, compressed oops, g1 gc, windows-amd64)
# No core dump will be written. Minidumps are not enabled by default on client versions of Windows
#

---------------  S U M M A R Y ------------

Command Line: --add-opens=java.base/java.util=ALL-UNNAMED --add-opens=java.base/java.lang=ALL-UNNAMED --add-opens=java.base/java.lang.invoke=ALL-UNNAMED --add-opens=java.base/java.util=ALL-UNNAMED --add-opens=java.prefs/java.util.prefs=ALL-UNNAMED --add-opens=java.prefs/java.util.prefs=ALL-UNNAMED --add-opens=java.base/java.nio.charset=ALL-UNNAMED --add-opens=java.base/java.net=ALL-UNNAMED --add-opens=java.base/java.util.concurrent.atomic=ALL-UNNAMED -Xmx2048m -Dfile.encoding=UTF-8 -Duser.country=US -Duser.language=en -Duser.variant org.gradle.launcher.daemon.bootstrap.GradleDaemon 7.0.2

Host: Intel(R) Core(TM) i3-7020U CPU @ 2.30GHz, 4 cores, 11G,  Windows 10 , 64 bit Build 22000 (10.0.22000.120)
Time: Mon Nov  1 16:56:53 2021 India Standard Time elapsed time: 15.808628 seconds (0d 0h 0m 15s)

---------------  T H R E A D  ---------------

Current thread (0x0000022efe92f000):  JavaThread "C2 CompilerThread0" daemon [_thread_in_native, id=17340, stack(0x000000562e200000,0x000000562e300000)]


Current CompileTask:
C2:  15808 3338       4       sun.net.util.URLUtil::urlNoFragString (114 bytes)

Stack: [0x000000562e200000,0x000000562e300000]
Native frames: (J=compiled Java code, j=interpreted, Vv=VM code, C=native code)
V  [jvm.dll+0x5ecfaa]
V  [jvm.dll+0x722bd5]
V  [jvm.dll+0x72412d]
V  [jvm.dll+0x7247e3]
V  [jvm.dll+0x242928]
V  [jvm.dll+0xbc4fc]
V  [jvm.dll+0xbca0c]
V  [jvm.dll+0x352d7d]
V  [jvm.dll+0x19800c]
V  [jvm.dll+0x1fb70e]
V  [jvm.dll+0x1fa7f4]
V  [jvm.dll+0x18354c]
V  [jvm.dll+0x208ee7]
V  [jvm.dll+0x207731]
V  [jvm.dll+0x6eb1cf]
V  [jvm.dll+0x6e3d45]
V  [jvm.dll+0x5ebe96]
C  [ucrtbase.dll+0x26c0c]
C  [KERNEL32.DLL+0x154e0]
C  [ntdll.dll+0x485b]


---------------  P R O C E S S  ---------------

Threads class SMR info:
_java_thread_list=0x0000022e91346a90, length=33, elements={
0x0000022ef34af800, 0x0000022efe0be800, 0x0000022efe0cd800, 0x0000022efe929800,
0x0000022efe92a800, 0x0000022efe92b800, 0x0000022efe92f000, 0x0000022efe98a800,
0x0000022efe99f000, 0x0000022efea97000, 0x0000022e90a87000, 0x0000022e8f360000,
0x0000022e8f801800, 0x0000022e90b62800, 0x0000022e8f9d9000, 0x0000022e8fa40000,
0x0000022e8fc2a800, 0x0000022e901cd800, 0x0000022e8f392800, 0x0000022efea60800,
0x0000022efea61000, 0x0000022efea62000, 0x0000022efea62800, 0x0000022e90611000,
0x0000022e90614000, 0x0000022e90615000, 0x0000022e90611800, 0x0000022e90613000,
0x0000022e90615800, 0x0000022e90610000, 0x0000022e90617800, 0x0000022e9061c000,
0x0000022e90619800
}

Java Threads: ( => current thread )
  0x0000022ef34af800 JavaThread "main" [_thread_blocked, id=9708, stack(0x000000562d500000,0x000000562d600000)]
  0x0000022efe0be800 JavaThread "Reference Handler" daemon [_thread_blocked, id=9416, stack(0x000000562dd00000,0x000000562de00000)]
  0x0000022efe0cd800 JavaThread "Finalizer" daemon [_thread_blocked, id=4640, stack(0x000000562de00000,0x000000562df00000)]
  0x0000022efe929800 JavaThread "Signal Dispatcher" daemon [_thread_blocked, id=12036, stack(0x000000562df00000,0x000000562e000000)]
  0x0000022efe92a800 JavaThread "Attach Listener" daemon [_thread_blocked, id=17436, stack(0x000000562e000000,0x000000562e100000)]
  0x0000022efe92b800 JavaThread "Service Thread" daemon [_thread_blocked, id=10748, stack(0x000000562e100000,0x000000562e200000)]
=>0x0000022efe92f000 JavaThread "C2 CompilerThread0" daemon [_thread_in_native, id=17340, stack(0x000000562e200000,0x000000562e300000)]
  0x0000022efe98a800 JavaThread "C1 CompilerThread0" daemon [_thread_blocked, id=20524, stack(0x000000562e300000,0x000000562e400000)]
  0x0000022efe99f000 JavaThread "Sweeper thread" daemon [_thread_blocked, id=8924, stack(0x000000562e400000,0x000000562e500000)]
  0x0000022efea97000 JavaThread "Common-Cleaner" daemon [_thread_blocked, id=11984, stack(0x000000562e500000,0x000000562e600000)]
  0x0000022e90a87000 JavaThread "Daemon health stats" [_thread_blocked, id=5288, stack(0x000000562eb00000,0x000000562ec00000)]
  0x0000022e8f360000 JavaThread "Incoming local TCP Connector on port 64409" [_thread_in_native, id=9768, stack(0x000000562e700000,0x000000562e800000)]
  0x0000022e8f801800 JavaThread "Daemon" [_thread_blocked, id=17720, stack(0x000000562ec00000,0x000000562ed00000)]
  0x0000022e90b62800 JavaThread "Daemon periodic checks" [_thread_blocked, id=19908, stack(0x000000562ed00000,0x000000562ee00000)]
  0x0000022e8f9d9000 JavaThread "Handler for socket connection from /127.0.0.1:64409 to /127.0.0.1:64410" [_thread_in_native, id=19360, stack(0x000000562ee00000,0x000000562ef00000)]
  0x0000022e8fa40000 JavaThread "Cancel handler" [_thread_blocked, id=9364, stack(0x000000562ef00000,0x000000562f000000)]
  0x0000022e8fc2a800 JavaThread "Daemon worker" [_thread_in_vm, id=8436, stack(0x000000562f000000,0x000000562f100000)]
  0x0000022e901cd800 JavaThread "Asynchronous log dispatcher for DefaultDaemonConnection: socket connection from /127.0.0.1:64409 to /127.0.0.1:64410" [_thread_blocked, id=8760, stack(0x000000562f100000,0x000000562f200000)]
  0x0000022e8f392800 JavaThread "Stdin handler" [_thread_blocked, id=19164, stack(0x000000562f200000,0x000000562f300000)]
  0x0000022efea60800 JavaThread "Daemon client event forwarder" [_thread_blocked, id=2436, stack(0x000000562f300000,0x000000562f400000)]
  0x0000022efea61000 JavaThread "Cache worker for file hash cache (C:\Users\k.nesar\.gradle\caches\7.0.2\fileHashes)" [_thread_blocked, id=8792, stack(0x000000562f400000,0x000000562f500000)]
  0x0000022efea62000 JavaThread "File lock request listener" [_thread_in_native, id=21104, stack(0x000000562f500000,0x000000562f600000)]
  0x0000022efea62800 JavaThread "Cache worker for journal cache (C:\Users\k.nesar\.gradle\caches\journal-1)" [_thread_blocked, id=13588, stack(0x000000562f600000,0x000000562f700000)]
  0x0000022e90611000 JavaThread "Cache worker for file hash cache (C:\Users\k.nesar\AndroidStudioProjects\Play_Beat\.gradle\7.0.2\fileHashes)" [_thread_blocked, id=11036, stack(0x000000562f800000,0x000000562f900000)]
  0x0000022e90614000 JavaThread "File watcher server" daemon [_thread_in_native, id=8444, stack(0x000000562f900000,0x000000562fa00000)]
  0x0000022e90615000 JavaThread "File watcher consumer" daemon [_thread_blocked, id=5060, stack(0x000000562fa00000,0x000000562fb00000)]
  0x0000022e90611800 JavaThread "Cache worker for checksums cache (C:\Users\k.nesar\AndroidStudioProjects\Play_Beat\.gradle\checksums)" [_thread_blocked, id=11212, stack(0x000000562fb00000,0x000000562fc00000)]
  0x0000022e90613000 JavaThread "Cache worker for cache directory md-supplier (C:\Users\k.nesar\.gradle\caches\7.0.2\md-supplier)" [_thread_blocked, id=6052, stack(0x000000562fc00000,0x000000562fd00000)]
  0x0000022e90615800 JavaThread "Cache worker for cache directory md-rule (C:\Users\k.nesar\.gradle\caches\7.0.2\md-rule)" [_thread_blocked, id=15316, stack(0x000000562f700000,0x000000562f800000)]
  0x0000022e90610000 JavaThread "Cache worker for execution history cache (C:\Users\k.nesar\.gradle\caches\7.0.2\executionHistory)" [_thread_blocked, id=18012, stack(0x000000562fd00000,0x000000562fe00000)]
  0x0000022e90617800 JavaThread "jar transforms" [_thread_blocked, id=5576, stack(0x000000562fe00000,0x000000562ff00000)]
  0x0000022e9061c000 JavaThread "jar transforms Thread 2" [_thread_blocked, id=20896, stack(0x000000562ff00000,0x0000005630000000)]
  0x0000022e90619800 JavaThread "Cache worker for file content cache (C:\Users\k.nesar\.gradle\caches\7.0.2\fileContent)" [_thread_blocked, id=3008, stack(0x0000005630000000,0x0000005630100000)]

Other Threads:
  0x0000022efe8d4000 VMThread "VM Thread" [stack: 0x000000562dc00000,0x000000562dd00000] [id=16456]
  0x0000022efeaf2800 WatcherThread [stack: 0x000000562e600000,0x000000562e700000] [id=9464]
  0x0000022ef34c7800 GCTaskThread "GC Thread#0" [stack: 0x000000562d700000,0x000000562d800000] [id=15460]
  0x0000022efee75000 GCTaskThread "GC Thread#1" [stack: 0x000000562e800000,0x000000562e900000] [id=18536]
  0x0000022e8f07d000 GCTaskThread "GC Thread#2" [stack: 0x000000562e900000,0x000000562ea00000] [id=17520]
  0x0000022e8f0d1000 GCTaskThread "GC Thread#3" [stack: 0x000000562ea00000,0x000000562eb00000] [id=10172]
  0x0000022ef34f6800 ConcurrentGCThread "G1 Main Marker" [stack: 0x000000562d800000,0x000000562d900000] [id=12528]
  0x0000022ef34f8000 ConcurrentGCThread "G1 Conc#0" [stack: 0x000000562d900000,0x000000562da00000] [id=11204]
  0x0000022efdf10800 ConcurrentGCThread "G1 Refine#0" [stack: 0x000000562da00000,0x000000562db00000] [id=15488]
  0x0000022efdf11000 ConcurrentGCThread "G1 Young RemSet Sampling" [stack: 0x000000562db00000,0x000000562dc00000] [id=18944]

Threads with active compile tasks:
C2 CompilerThread0  15855 3338       4       sun.net.util.URLUtil::urlNoFragString (114 bytes)
C1 CompilerThread0  15855 3374       3       groovy.lang.MetaClassImpl::createMetaBeanProperty (35 bytes)

VM state:not at safepoint (normal execution)

VM Mutex/Monitor currently owned by a thread: None

Heap address: 0x0000000080000000, size: 2048 MB, Compressed Oops mode: 32-bit
Narrow klass base: 0x0000000000000000, Narrow klass shift: 3
Compressed class space size: 1073741824 Address: 0x0000000100000000

Heap:
 garbage-first heap   total 194560K, used 58257K [0x0000000080000000, 0x0000000100000000)
  region size 1024K, 46 young (47104K), 10 survivors (10240K)
 Metaspace       used 37345K, capacity 38286K, committed 38396K, reserved 1083392K
  class space    used 4831K, capacity 5143K, committed 5248K, reserved 1048576K
Heap Regions: E=young(eden), S=young(survivor), O=old, HS=humongous(starts), HC=humongous(continues), CS=collection set, F=free, A=archive, TAMS=top-at-mark-start (previous, next)
|   0|0x0000000080000000, 0x0000000080100000, 0x0000000080100000|100%| O|  |TAMS 0x0000000080100000, 0x0000000080000000| Untracked 
|   1|0x0000000080100000, 0x0000000080200000, 0x0000000080200000|100%| O|  |TAMS 0x0000000080200000, 0x0000000080100000| Untracked 
|   2|0x0000000080200000, 0x0000000080300000, 0x0000000080300000|100%| O|  |TAMS 0x0000000080300000, 0x0000000080200000| Untracked 
|   3|0x0000000080300000, 0x0000000080400000, 0x0000000080400000|100%|HS|  |TAMS 0x0000000080400000, 0x0000000080300000| Complete 
|   4|0x0000000080400000, 0x0000000080500000, 0x0000000080500000|100%|HC|  |TAMS 0x0000000080500000, 0x0000000080400000| Complete 
|   5|0x0000000080500000, 0x0000000080600000, 0x0000000080600000|100%|HC|  |TAMS 0x0000000080600000, 0x0000000080500000| Complete 
|   6|0x0000000080600000, 0x0000000080700000, 0x0000000080700000|100%| O|  |TAMS 0x0000000080700000, 0x0000000080600000| Untracked 
|   7|0x0000000080700000, 0x0000000080800000, 0x0000000080800000|100%| O|  |TAMS 0x0000000080800000, 0x0000000080700000| Untracked 
|   8|0x0000000080800000, 0x0000000080900000, 0x0000000080900000|100%| O|  |TAMS 0x0000000080900000, 0x0000000080800000| Untracked 
|   9|0x0000000080900000, 0x0000000080a00000, 0x0000000080a00000|100%| O|  |TAMS 0x0000000080a00000, 0x0000000080900000| Untracked 
|  10|0x0000000080a00000, 0x0000000080b00000, 0x0000000080b00000|100%| O|  |TAMS 0x0000000080b00000, 0x0000000080a00000| Untracked 
|  11|0x0000000080b00000, 0x0000000080c00000, 0x0000000080c00000|100%| O|  |TAMS 0x0000000080c00000, 0x0000000080b00000| Untracked 
|  12|0x0000000080c00000, 0x0000000080c17000, 0x0000000080d00000|  8%| O|  |TAMS 0x0000000080c17000, 0x0000000080c00000| Untracked 
|  13|0x0000000080d00000, 0x0000000080d00000, 0x0000000080e00000|  0%| F|  |TAMS 0x0000000080d00000, 0x0000000080d00000| Untracked 
|  14|0x0000000080e00000, 0x0000000080e00000, 0x0000000080f00000|  0%| F|  |TAMS 0x0000000080e00000, 0x0000000080e00000| Untracked 
|  15|0x0000000080f00000, 0x0000000080f00000, 0x0000000081000000|  0%| F|  |TAMS 0x0000000080f00000, 0x0000000080f00000| Untracked 
|  16|0x0000000081000000, 0x0000000081000000, 0x0000000081100000|  0%| F|  |TAMS 0x0000000081000000, 0x0000000081000000| Untracked 
|  17|0x0000000081100000, 0x0000000081100000, 0x0000000081200000|  0%| F|  |TAMS 0x0000000081100000, 0x0000000081100000| Untracked 
|  18|0x0000000081200000, 0x0000000081200000, 0x0000000081300000|  0%| F|  |TAMS 0x0000000081200000, 0x0000000081200000| Untracked 
|  19|0x0000000081300000, 0x0000000081300000, 0x0000000081400000|  0%| F|  |TAMS 0x0000000081300000, 0x0000000081300000| Untracked 
|  20|0x0000000081400000, 0x0000000081400000, 0x0000000081500000|  0%| F|  |TAMS 0x0000000081400000, 0x0000000081400000| Untracked 
|  21|0x0000000081500000, 0x0000000081500000, 0x0000000081600000|  0%| F|  |TAMS 0x0000000081500000, 0x0000000081500000| Untracked 
|  22|0x0000000081600000, 0x0000000081600000, 0x0000000081700000|  0%| F|  |TAMS 0x0000000081600000, 0x0000000081600000| Untracked 
|  23|0x0000000081700000, 0x0000000081700000, 0x0000000081800000|  0%| F|  |TAMS 0x0000000081700000, 0x0000000081700000| Untracked 
|  24|0x0000000081800000, 0x0000000081800000, 0x0000000081900000|  0%| F|  |TAMS 0x0000000081800000, 0x0000000081800000| Untracked 
|  25|0x0000000081900000, 0x0000000081900000, 0x0000000081a00000|  0%| F|  |TAMS 0x0000000081900000, 0x0000000081900000| Untracked 
|  26|0x0000000081a00000, 0x0000000081a00000, 0x0000000081b00000|  0%| F|  |TAMS 0x0000000081a00000, 0x0000000081a00000| Untracked 
|  27|0x0000000081b00000, 0x0000000081b00000, 0x0000000081c00000|  0%| F|  |TAMS 0x0000000081b00000, 0x0000000081b00000| Untracked 
|  28|0x0000000081c00000, 0x0000000081c00000, 0x0000000081d00000|  0%| F|  |TAMS 0x0000000081c00000, 0x0000000081c00000| Untracked 
|  29|0x0000000081d00000, 0x0000000081d00000, 0x0000000081e00000|  0%| F|  |TAMS 0x0000000081d00000, 0x0000000081d00000| Untracked 
|  30|0x0000000081e00000, 0x0000000081e00000, 0x0000000081f00000|  0%| F|  |TAMS 0x0000000081e00000, 0x0000000081e00000| Untracked 
|  31|0x0000000081f00000, 0x0000000081f00000, 0x0000000082000000|  0%| F|  |TAMS 0x0000000081f00000, 0x0000000081f00000| Untracked 
|  32|0x0000000082000000, 0x0000000082000000, 0x0000000082100000|  0%| F|  |TAMS 0x0000000082000000, 0x0000000082000000| Untracked 
|  33|0x0000000082100000, 0x0000000082100000, 0x0000000082200000|  0%| F|  |TAMS 0x0000000082100000, 0x0000000082100000| Untracked 
|  34|0x0000000082200000, 0x0000000082200000, 0x0000000082300000|  0%| F|  |TAMS 0x0000000082200000, 0x0000000082200000| Untracked 
|  35|0x0000000082300000, 0x0000000082300000, 0x0000000082400000|  0%| F|  |TAMS 0x0000000082300000, 0x0000000082300000| Untracked 
|  36|0x0000000082400000, 0x0000000082400000, 0x0000000082500000|  0%| F|  |TAMS 0x0000000082400000, 0x0000000082400000| Untracked 
|  37|0x0000000082500000, 0x0000000082500000, 0x0000000082600000|  0%| F|  |TAMS 0x0000000082500000, 0x0000000082500000| Untracked 
|  38|0x0000000082600000, 0x0000000082600000, 0x0000000082700000|  0%| F|  |TAMS 0x0000000082600000, 0x0000000082600000| Untracked 
|  39|0x0000000082700000, 0x0000000082700000, 0x0000000082800000|  0%| F|  |TAMS 0x0000000082700000, 0x0000000082700000| Untracked 
|  40|0x0000000082800000, 0x0000000082800000, 0x0000000082900000|  0%| F|  |TAMS 0x0000000082800000, 0x0000000082800000| Untracked 
|  41|0x0000000082900000, 0x0000000082900000, 0x0000000082a00000|  0%| F|  |TAMS 0x0000000082900000, 0x0000000082900000| Untracked 
|  42|0x0000000082a00000, 0x0000000082a00000, 0x0000000082b00000|  0%| F|  |TAMS 0x0000000082a00000, 0x0000000082a00000| Untracked 
|  43|0x0000000082b00000, 0x0000000082b00000, 0x0000000082c00000|  0%| F|  |TAMS 0x0000000082b00000, 0x0000000082b00000| Untracked 
|  44|0x0000000082c00000, 0x0000000082c00000, 0x0000000082d00000|  0%| F|  |TAMS 0x0000000082c00000, 0x0000000082c00000| Untracked 
|  45|0x0000000082d00000, 0x0000000082d00000, 0x0000000082e00000|  0%| F|  |TAMS 0x0000000082d00000, 0x0000000082d00000| Untracked 
|  46|0x0000000082e00000, 0x0000000082e00000, 0x0000000082f00000|  0%| F|  |TAMS 0x0000000082e00000, 0x0000000082e00000| Untracked 
|  47|0x0000000082f00000, 0x0000000082f00000, 0x0000000083000000|  0%| F|  |TAMS 0x0000000082f00000, 0x0000000082f00000| Untracked 
|  48|0x0000000083000000, 0x0000000083000000, 0x0000000083100000|  0%| F|  |TAMS 0x0000000083000000, 0x0000000083000000| Untracked 
|  49|0x0000000083100000, 0x0000000083100000, 0x0000000083200000|  0%| F|  |TAMS 0x0000000083100000, 0x0000000083100000| Untracked 
|  50|0x0000000083200000, 0x0000000083200000, 0x0000000083300000|  0%| F|  |TAMS 0x0000000083200000, 0x0000000083200000| Untracked 
|  51|0x0000000083300000, 0x0000000083300000, 0x0000000083400000|  0%| F|  |TAMS 0x0000000083300000, 0x0000000083300000| Untracked 
|  52|0x0000000083400000, 0x0000000083400000, 0x0000000083500000|  0%| F|  |TAMS 0x0000000083400000, 0x0000000083400000| Untracked 
|  53|0x0000000083500000, 0x0000000083500000, 0x0000000083600000|  0%| F|  |TAMS 0x0000000083500000, 0x0000000083500000| Untracked 
|  54|0x0000000083600000, 0x0000000083600000, 0x0000000083700000|  0%| F|  |TAMS 0x0000000083600000, 0x0000000083600000| Untracked 
|  55|0x0000000083700000, 0x0000000083700000, 0x0000000083800000|  0%| F|  |TAMS 0x0000000083700000, 0x0000000083700000| Untracked 
|  56|0x0000000083800000, 0x0000000083800000, 0x0000000083900000|  0%| F|  |TAMS 0x0000000083800000, 0x0000000083800000| Untracked 
|  57|0x0000000083900000, 0x0000000083900000, 0x0000000083a00000|  0%| F|  |TAMS 0x0000000083900000, 0x0000000083900000| Untracked 
|  58|0x0000000083a00000, 0x0000000083a00000, 0x0000000083b00000|  0%| F|  |TAMS 0x0000000083a00000, 0x0000000083a00000| Untracked 
|  59|0x0000000083b00000, 0x0000000083b00000, 0x0000000083c00000|  0%| F|  |TAMS 0x0000000083b00000, 0x0000000083b00000| Untracked 
|  60|0x0000000083c00000, 0x0000000083c00000, 0x0000000083d00000|  0%| F|  |TAMS 0x0000000083c00000, 0x0000000083c00000| Untracked 
|  61|0x0000000083d00000, 0x0000000083d00000, 0x0000000083e00000|  0%| F|  |TAMS 0x0000000083d00000, 0x0000000083d00000| Untracked 
|  62|0x0000000083e00000, 0x0000000083e00000, 0x0000000083f00000|  0%| F|  |TAMS 0x0000000083e00000, 0x0000000083e00000| Untracked 
|  63|0x0000000083f00000, 0x0000000083f00000, 0x0000000084000000|  0%| F|  |TAMS 0x0000000083f00000, 0x0000000083f00000| Untracked 
|  64|0x0000000084000000, 0x0000000084000000, 0x0000000084100000|  0%| F|  |TAMS 0x0000000084000000, 0x0000000084000000| Untracked 
|  65|0x0000000084100000, 0x0000000084100000, 0x0000000084200000|  0%| F|  |TAMS 0x0000000084100000, 0x0000000084100000| Untracked 
|  66|0x0000000084200000, 0x0000000084200000, 0x0000000084300000|  0%| F|  |TAMS 0x0000000084200000, 0x0000000084200000| Untracked 
|  67|0x0000000084300000, 0x0000000084300000, 0x0000000084400000|  0%| F|  |TAMS 0x0000000084300000, 0x0000000084300000| Untracked 
|  68|0x0000000084400000, 0x0000000084400000, 0x0000000084500000|  0%| F|  |TAMS 0x0000000084400000, 0x0000000084400000| Untracked 
|  69|0x0000000084500000, 0x0000000084500000, 0x0000000084600000|  0%| F|  |TAMS 0x0000000084500000, 0x0000000084500000| Untracked 
|  70|0x0000000084600000, 0x0000000084600000, 0x0000000084700000|  0%| F|  |TAMS 0x0000000084600000, 0x0000000084600000| Untracked 
|  71|0x0000000084700000, 0x0000000084700000, 0x0000000084800000|  0%| F|  |TAMS 0x0000000084700000, 0x0000000084700000| Untracked 
|  72|0x0000000084800000, 0x0000000084800000, 0x0000000084900000|  0%| F|  |TAMS 0x0000000084800000, 0x0000000084800000| Untracked 
|  73|0x0000000084900000, 0x0000000084900000, 0x0000000084a00000|  0%| F|  |TAMS 0x0000000084900000, 0x0000000084900000| Untracked 
|  74|0x0000000084a00000, 0x0000000084a00000, 0x0000000084b00000|  0%| F|  |TAMS 0x0000000084a00000, 0x0000000084a00000| Untracked 
|  75|0x0000000084b00000, 0x0000000084b00000, 0x0000000084c00000|  0%| F|  |TAMS 0x0000000084b00000, 0x0000000084b00000| Untracked 
|  76|0x0000000084c00000, 0x0000000084c00000, 0x0000000084d00000|  0%| F|  |TAMS 0x0000000084c00000, 0x0000000084c00000| Untracked 
|  77|0x0000000084d00000, 0x0000000084d00000, 0x0000000084e00000|  0%| F|  |TAMS 0x0000000084d00000, 0x0000000084d00000| Untracked 
|  78|0x0000000084e00000, 0x0000000084e00000, 0x0000000084f00000|  0%| F|  |TAMS 0x0000000084e00000, 0x0000000084e00000| Untracked 
|  79|0x0000000084f00000, 0x0000000084f00000, 0x0000000085000000|  0%| F|  |TAMS 0x0000000084f00000, 0x0000000084f00000| Untracked 
|  80|0x0000000085000000, 0x0000000085000000, 0x0000000085100000|  0%| F|  |TAMS 0x0000000085000000, 0x0000000085000000| Untracked 
|  81|0x0000000085100000, 0x0000000085100000, 0x0000000085200000|  0%| F|  |TAMS 0x0000000085100000, 0x0000000085100000| Untracked 
|  82|0x0000000085200000, 0x0000000085200000, 0x0000000085300000|  0%| F|  |TAMS 0x0000000085200000, 0x0000000085200000| Untracked 
|  83|0x0000000085300000, 0x0000000085300000, 0x0000000085400000|  0%| F|  |TAMS 0x0000000085300000, 0x0000000085300000| Untracked 
|  84|0x0000000085400000, 0x0000000085400000, 0x0000000085500000|  0%| F|  |TAMS 0x0000000085400000, 0x0000000085400000| Untracked 
|  85|0x0000000085500000, 0x0000000085500000, 0x0000000085600000|  0%| F|  |TAMS 0x0000000085500000, 0x0000000085500000| Untracked 
|  86|0x0000000085600000, 0x0000000085600000, 0x0000000085700000|  0%| F|  |TAMS 0x0000000085600000, 0x0000000085600000| Untracked 
|  87|0x0000000085700000, 0x0000000085700000, 0x0000000085800000|  0%| F|  |TAMS 0x0000000085700000, 0x0000000085700000| Untracked 
|  88|0x0000000085800000, 0x0000000085800000, 0x0000000085900000|  0%| F|  |TAMS 0x0000000085800000, 0x0000000085800000| Untracked 
|  89|0x0000000085900000, 0x0000000085900000, 0x0000000085a00000|  0%| F|  |TAMS 0x0000000085900000, 0x0000000085900000| Untracked 
|  90|0x0000000085a00000, 0x0000000085a00000, 0x0000000085b00000|  0%| F|  |TAMS 0x0000000085a00000, 0x0000000085a00000| Untracked 
|  91|0x0000000085b00000, 0x0000000085b00000, 0x0000000085c00000|  0%| F|  |TAMS 0x0000000085b00000, 0x0000000085b00000| Untracked 
|  92|0x0000000085c00000, 0x0000000085c00000, 0x0000000085d00000|  0%| F|  |TAMS 0x0000000085c00000, 0x0000000085c00000| Untracked 
|  93|0x0000000085d00000, 0x0000000085d00000, 0x0000000085e00000|  0%| F|  |TAMS 0x0000000085d00000, 0x0000000085d00000| Untracked 
|  94|0x0000000085e00000, 0x0000000085e00000, 0x0000000085f00000|  0%| F|  |TAMS 0x0000000085e00000, 0x0000000085e00000| Untracked 
|  95|0x0000000085f00000, 0x0000000085f00000, 0x0000000086000000|  0%| F|  |TAMS 0x0000000085f00000, 0x0000000085f00000| Untracked 
|  96|0x0000000086000000, 0x0000000086000000, 0x0000000086100000|  0%| F|  |TAMS 0x0000000086000000, 0x0000000086000000| Untracked 
|  97|0x0000000086100000, 0x0000000086100000, 0x0000000086200000|  0%| F|  |TAMS 0x0000000086100000, 0x0000000086100000| Untracked 
|  98|0x0000000086200000, 0x0000000086200000, 0x0000000086300000|  0%| F|  |TAMS 0x0000000086200000, 0x0000000086200000| Untracked 
|  99|0x0000000086300000, 0x0000000086300000, 0x0000000086400000|  0%| F|  |TAMS 0x0000000086300000, 0x0000000086300000| Untracked 
| 100|0x0000000086400000, 0x0000000086400000, 0x0000000086500000|  0%| F|  |TAMS 0x0000000086400000, 0x0000000086400000| Untracked 
| 101|0x0000000086500000, 0x0000000086500000, 0x0000000086600000|  0%| F|  |TAMS 0x0000000086500000, 0x0000000086500000| Untracked 
| 102|0x0000000086600000, 0x0000000086600000, 0x0000000086700000|  0%| F|  |TAMS 0x0000000086600000, 0x0000000086600000| Untracked 
| 103|0x0000000086700000, 0x0000000086700000, 0x0000000086800000|  0%| F|  |TAMS 0x0000000086700000, 0x0000000086700000| Untracked 
| 104|0x0000000086800000, 0x0000000086800000, 0x0000000086900000|  0%| F|  |TAMS 0x0000000086800000, 0x0000000086800000| Untracked 
| 105|0x0000000086900000, 0x0000000086900000, 0x0000000086a00000|  0%| F|  |TAMS 0x0000000086900000, 0x0000000086900000| Untracked 
| 106|0x0000000086a00000, 0x0000000086a00000, 0x0000000086b00000|  0%| F|  |TAMS 0x0000000086a00000, 0x0000000086a00000| Untracked 
| 107|0x0000000086b00000, 0x0000000086b00000, 0x0000000086c00000|  0%| F|  |TAMS 0x0000000086b00000, 0x0000000086b00000| Untracked 
| 108|0x0000000086c00000, 0x0000000086c00000, 0x0000000086d00000|  0%| F|  |TAMS 0x0000000086c00000, 0x0000000086c00000| Untracked 
| 109|0x0000000086d00000, 0x0000000086d00000, 0x0000000086e00000|  0%| F|  |TAMS 0x0000000086d00000, 0x0000000086d00000| Untracked 
| 110|0x0000000086e00000, 0x0000000086e00000, 0x0000000086f00000|  0%| F|  |TAMS 0x0000000086e00000, 0x0000000086e00000| Untracked 
| 111|0x0000000086f00000, 0x0000000086f00000, 0x0000000087000000|  0%| F|  |TAMS 0x0000000086f00000, 0x0000000086f00000| Untracked 
| 112|0x0000000087000000, 0x0000000087000000, 0x0000000087100000|  0%| F|  |TAMS 0x0000000087000000, 0x0000000087000000| Untracked 
| 113|0x0000000087100000, 0x0000000087100000, 0x0000000087200000|  0%| F|  |TAMS 0x0000000087100000, 0x0000000087100000| Untracked 
| 114|0x0000000087200000, 0x0000000087200000, 0x0000000087300000|  0%| F|  |TAMS 0x0000000087200000, 0x0000000087200000| Untracked 
| 115|0x0000000087300000, 0x0000000087300000, 0x0000000087400000|  0%| F|  |TAMS 0x0000000087300000, 0x0000000087300000| Untracked 
| 116|0x0000000087400000, 0x0000000087400000, 0x0000000087500000|  0%| F|  |TAMS 0x0000000087400000, 0x0000000087400000| Untracked 
| 117|0x0000000087500000, 0x0000000087500000, 0x0000000087600000|  0%| F|  |TAMS 0x0000000087500000, 0x0000000087500000| Untracked 
| 118|0x0000000087600000, 0x0000000087600000, 0x0000000087700000|  0%| F|  |TAMS 0x0000000087600000, 0x0000000087600000| Untracked 
| 119|0x0000000087700000, 0x0000000087700000, 0x0000000087800000|  0%| F|  |TAMS 0x0000000087700000, 0x0000000087700000| Untracked 
| 120|0x0000000087800000, 0x0000000087800000, 0x0000000087900000|  0%| F|  |TAMS 0x0000000087800000, 0x0000000087800000| Untracked 
| 121|0x0000000087900000, 0x0000000087900000, 0x0000000087a00000|  0%| F|  |TAMS 0x0000000087900000, 0x0000000087900000| Untracked 
| 122|0x0000000087a00000, 0x0000000087a00000, 0x0000000087b00000|  0%| F|  |TAMS 0x0000000087a00000, 0x0000000087a00000| Untracked 
| 123|0x0000000087b00000, 0x0000000087b00000, 0x0000000087c00000|  0%| F|  |TAMS 0x0000000087b00000, 0x0000000087b00000| Untracked 
| 124|0x0000000087c00000, 0x0000000087c00000, 0x0000000087d00000|  0%| F|  |TAMS 0x0000000087c00000, 0x0000000087c00000| Untracked 
| 125|0x0000000087d00000, 0x0000000087d00000, 0x0000000087e00000|  0%| F|  |TAMS 0x0000000087d00000, 0x0000000087d00000| Untracked 
| 126|0x0000000087e00000, 0x0000000087e00000, 0x0000000087f00000|  0%| F|  |TAMS 0x0000000087e00000, 0x0000000087e00000| Untracked 
| 127|0x0000000087f00000, 0x0000000087f00000, 0x0000000088000000|  0%| F|  |TAMS 0x0000000087f00000, 0x0000000087f00000| Untracked 
| 128|0x0000000088000000, 0x0000000088000000, 0x0000000088100000|  0%| F|  |TAMS 0x0000000088000000, 0x0000000088000000| Untracked 
| 129|0x0000000088100000, 0x0000000088100000, 0x0000000088200000|  0%| F|  |TAMS 0x0000000088100000, 0x0000000088100000| Untracked 
| 130|0x0000000088200000, 0x0000000088200000, 0x0000000088300000|  0%| F|  |TAMS 0x0000000088200000, 0x0000000088200000| Untracked 
| 131|0x0000000088300000, 0x0000000088300000, 0x0000000088400000|  0%| F|  |TAMS 0x0000000088300000, 0x0000000088300000| Untracked 
| 132|0x0000000088400000, 0x0000000088400000, 0x0000000088500000|  0%| F|  |TAMS 0x0000000088400000, 0x0000000088400000| Untracked 
| 133|0x0000000088500000, 0x0000000088500000, 0x0000000088600000|  0%| F|  |TAMS 0x0000000088500000, 0x0000000088500000| Untracked 
| 134|0x0000000088600000, 0x0000000088600000, 0x0000000088700000|  0%| F|  |TAMS 0x0000000088600000, 0x0000000088600000| Untracked 
| 135|0x0000000088700000, 0x0000000088700000, 0x0000000088800000|  0%| F|  |TAMS 0x0000000088700000, 0x0000000088700000| Untracked 
| 136|0x0000000088800000, 0x0000000088800000, 0x0000000088900000|  0%| F|  |TAMS 0x0000000088800000, 0x0000000088800000| Untracked 
| 137|0x0000000088900000, 0x0000000088900000, 0x0000000088a00000|  0%| F|  |TAMS 0x0000000088900000, 0x0000000088900000| Untracked 
| 138|0x0000000088a00000, 0x0000000088a00000, 0x0000000088b00000|  0%| F|  |TAMS 0x0000000088a00000, 0x0000000088a00000| Untracked 
| 139|0x0000000088b00000, 0x0000000088b00000, 0x0000000088c00000|  0%| F|  |TAMS 0x0000000088b00000, 0x0000000088b00000| Untracked 
| 140|0x0000000088c00000, 0x0000000088c00000, 0x0000000088d00000|  0%| F|  |TAMS 0x0000000088c00000, 0x0000000088c00000| Untracked 
| 141|0x0000000088d00000, 0x0000000088d00000, 0x0000000088e00000|  0%| F|  |TAMS 0x0000000088d00000, 0x0000000088d00000| Untracked 
| 142|0x0000000088e00000, 0x0000000088e00000, 0x0000000088f00000|  0%| F|  |TAMS 0x0000000088e00000, 0x0000000088e00000| Untracked 
| 143|0x0000000088f00000, 0x0000000088f00000, 0x0000000089000000|  0%| F|  |TAMS 0x0000000088f00000, 0x0000000088f00000| Untracked 
| 144|0x0000000089000000, 0x00000000890cd710, 0x0000000089100000| 80%| S|CS|TAMS 0x0000000089000000, 0x0000000089000000| Complete 
| 145|0x0000000089100000, 0x0000000089200000, 0x0000000089200000|100%| S|CS|TAMS 0x0000000089100000, 0x0000000089100000| Complete 
| 146|0x0000000089200000, 0x0000000089300000, 0x0000000089300000|100%| S|CS|TAMS 0x0000000089200000, 0x0000000089200000| Complete 
| 147|0x0000000089300000, 0x0000000089400000, 0x0000000089400000|100%| S|CS|TAMS 0x0000000089300000, 0x0000000089300000| Complete 
| 148|0x0000000089400000, 0x0000000089500000, 0x0000000089500000|100%| S|CS|TAMS 0x0000000089400000, 0x0000000089400000| Complete 
| 149|0x0000000089500000, 0x0000000089600000, 0x0000000089600000|100%| S|CS|TAMS 0x0000000089500000, 0x0000000089500000| Complete 
| 150|0x0000000089600000, 0x0000000089700000, 0x0000000089700000|100%| S|CS|TAMS 0x0000000089600000, 0x0000000089600000| Complete 
| 151|0x0000000089700000, 0x0000000089800000, 0x0000000089800000|100%| S|CS|TAMS 0x0000000089700000, 0x0000000089700000| Complete 
| 152|0x0000000089800000, 0x0000000089900000, 0x0000000089900000|100%| S|CS|TAMS 0x0000000089800000, 0x0000000089800000| Complete 
| 153|0x0000000089900000, 0x0000000089a00000, 0x0000000089a00000|100%| S|CS|TAMS 0x0000000089900000, 0x0000000089900000| Complete 
| 154|0x0000000089a00000, 0x0000000089a85078, 0x0000000089b00000| 51%| E|  |TAMS 0x0000000089a00000, 0x0000000089a00000| Complete 
| 155|0x0000000089b00000, 0x0000000089c00000, 0x0000000089c00000|100%| E|CS|TAMS 0x0000000089b00000, 0x0000000089b00000| Complete 
| 156|0x0000000089c00000, 0x0000000089d00000, 0x0000000089d00000|100%| E|CS|TAMS 0x0000000089c00000, 0x0000000089c00000| Complete 
| 157|0x0000000089d00000, 0x0000000089e00000, 0x0000000089e00000|100%| E|CS|TAMS 0x0000000089d00000, 0x0000000089d00000| Complete 
| 158|0x0000000089e00000, 0x0000000089f00000, 0x0000000089f00000|100%| E|CS|TAMS 0x0000000089e00000, 0x0000000089e00000| Complete 
| 159|0x0000000089f00000, 0x000000008a000000, 0x000000008a000000|100%| E|CS|TAMS 0x0000000089f00000, 0x0000000089f00000| Complete 
| 160|0x000000008a000000, 0x000000008a100000, 0x000000008a100000|100%| E|CS|TAMS 0x000000008a000000, 0x000000008a000000| Complete 
| 161|0x000000008a100000, 0x000000008a200000, 0x000000008a200000|100%| E|CS|TAMS 0x000000008a100000, 0x000000008a100000| Complete 
| 162|0x000000008a200000, 0x000000008a300000, 0x000000008a300000|100%| E|CS|TAMS 0x000000008a200000, 0x000000008a200000| Complete 
| 163|0x000000008a300000, 0x000000008a400000, 0x000000008a400000|100%| E|CS|TAMS 0x000000008a300000, 0x000000008a300000| Complete 
| 164|0x000000008a400000, 0x000000008a500000, 0x000000008a500000|100%| E|CS|TAMS 0x000000008a400000, 0x000000008a400000| Complete 
| 165|0x000000008a500000, 0x000000008a600000, 0x000000008a600000|100%| E|CS|TAMS 0x000000008a500000, 0x000000008a500000| Complete 
| 166|0x000000008a600000, 0x000000008a700000, 0x000000008a700000|100%| E|CS|TAMS 0x000000008a600000, 0x000000008a600000| Complete 
| 167|0x000000008a700000, 0x000000008a800000, 0x000000008a800000|100%| E|CS|TAMS 0x000000008a700000, 0x000000008a700000| Complete 
| 168|0x000000008a800000, 0x000000008a900000, 0x000000008a900000|100%| E|CS|TAMS 0x000000008a800000, 0x000000008a800000| Complete 
| 169|0x000000008a900000, 0x000000008aa00000, 0x000000008aa00000|100%| E|CS|TAMS 0x000000008a900000, 0x000000008a900000| Complete 
| 170|0x000000008aa00000, 0x000000008ab00000, 0x000000008ab00000|100%| E|CS|TAMS 0x000000008aa00000, 0x000000008aa00000| Complete 
| 171|0x000000008ab00000, 0x000000008ac00000, 0x000000008ac00000|100%| E|CS|TAMS 0x000000008ab00000, 0x000000008ab00000| Complete 
| 172|0x000000008ac00000, 0x000000008ad00000, 0x000000008ad00000|100%| E|CS|TAMS 0x000000008ac00000, 0x000000008ac00000| Complete 
| 173|0x000000008ad00000, 0x000000008ae00000, 0x000000008ae00000|100%| E|CS|TAMS 0x000000008ad00000, 0x000000008ad00000| Complete 
| 174|0x000000008ae00000, 0x000000008af00000, 0x000000008af00000|100%| E|CS|TAMS 0x000000008ae00000, 0x000000008ae00000| Complete 
| 175|0x000000008af00000, 0x000000008b000000, 0x000000008b000000|100%| E|CS|TAMS 0x000000008af00000, 0x000000008af00000| Complete 
| 176|0x000000008b000000, 0x000000008b100000, 0x000000008b100000|100%| E|CS|TAMS 0x000000008b000000, 0x000000008b000000| Complete 
| 177|0x000000008b100000, 0x000000008b200000, 0x000000008b200000|100%| E|CS|TAMS 0x000000008b100000, 0x000000008b100000| Complete 
| 178|0x000000008b200000, 0x000000008b300000, 0x000000008b300000|100%| E|CS|TAMS 0x000000008b200000, 0x000000008b200000| Complete 
| 179|0x000000008b300000, 0x000000008b400000, 0x000000008b400000|100%| E|CS|TAMS 0x000000008b300000, 0x000000008b300000| Complete 
| 180|0x000000008b400000, 0x000000008b500000, 0x000000008b500000|100%| E|CS|TAMS 0x000000008b400000, 0x000000008b400000| Complete 
| 181|0x000000008b500000, 0x000000008b600000, 0x000000008b600000|100%| E|CS|TAMS 0x000000008b500000, 0x000000008b500000| Complete 
| 182|0x000000008b600000, 0x000000008b700000, 0x000000008b700000|100%| E|CS|TAMS 0x000000008b600000, 0x000000008b600000| Complete 
| 183|0x000000008b700000, 0x000000008b800000, 0x000000008b800000|100%| E|CS|TAMS 0x000000008b700000, 0x000000008b700000| Complete 
| 184|0x000000008b800000, 0x000000008b900000, 0x000000008b900000|100%| E|CS|TAMS 0x000000008b800000, 0x000000008b800000| Complete 
| 185|0x000000008b900000, 0x000000008ba00000, 0x000000008ba00000|100%| E|CS|TAMS 0x000000008b900000, 0x000000008b900000| Complete 
| 186|0x000000008ba00000, 0x000000008bb00000, 0x000000008bb00000|100%| E|CS|TAMS 0x000000008ba00000, 0x000000008ba00000| Complete 
| 187|0x000000008bb00000, 0x000000008bc00000, 0x000000008bc00000|100%| E|CS|TAMS 0x000000008bb00000, 0x000000008bb00000| Complete 
| 188|0x000000008bc00000, 0x000000008bd00000, 0x000000008bd00000|100%| E|CS|TAMS 0x000000008bc00000, 0x000000008bc00000| Complete 
| 189|0x000000008bd00000, 0x000000008be00000, 0x000000008be00000|100%| E|CS|TAMS 0x000000008bd00000, 0x000000008bd00000| Complete 

Card table byte_map: [0x0000022ef7390000,0x0000022ef7790000] _byte_map_base: 0x0000022ef6f90000

Marking Bits (Prev, Next): (CMBitMap*) 0x0000022ef34edcd8, (CMBitMap*) 0x0000022ef34edd10
 Prev Bits: [0x0000022ef7b90000, 0x0000022ef9b90000)
 Next Bits: [0x0000022ef9b90000, 0x0000022efbb90000)

Polling page: 0x0000022ef1370000

Metaspace:

Usage:
  Non-class:     32.37 MB capacity,    31.78 MB ( 98%) used,   512.67 KB (  2%) free+waste,    87.13 KB ( <1%) overhead. 
      Class:      5.05 MB capacity,     4.72 MB ( 93%) used,   297.09 KB (  6%) free+waste,    42.13 KB ( <1%) overhead. 
       Both:     37.42 MB capacity,    36.50 MB ( 98%) used,   809.76 KB (  2%) free+waste,   129.25 KB ( <1%) overhead. 

Virtual space:
  Non-class space:       34.00 MB reserved,      32.37 MB ( 95%) committed 
      Class space:        1.00 GB reserved,       5.13 MB ( <1%) committed 
             Both:        1.03 GB reserved,      37.50 MB (  4%) committed 

Chunk freelists:
   Non-Class:  5.00 KB
       Class:  9.00 KB
        Both:  14.00 KB

MaxMetaspaceSize: 17179869184.00 GB
CompressedClassSpaceSize: 1.00 GB

CodeHeap 'non-profiled nmethods': size=120064Kb used=1657Kb max_used=1657Kb free=118406Kb
 bounds [0x0000022e87ac0000, 0x0000022e87d30000, 0x0000022e8f000000]
CodeHeap 'profiled nmethods': size=120000Kb used=7028Kb max_used=7028Kb free=112971Kb
 bounds [0x0000022e80590000, 0x0000022e80c70000, 0x0000022e87ac0000]
CodeHeap 'non-nmethods': size=5696Kb used=1513Kb max_used=1546Kb free=4182Kb
 bounds [0x0000022e80000000, 0x0000022e80270000, 0x0000022e80590000]
 total_blobs=3983 nmethods=3359 adapters=535
 compilation: enabled
              stopped_count=0, restarted_count=0
 full_count=0

Compilation events (20 events):
Event: 15.681 Thread 0x0000022efe98a800 nmethod 3337 0x0000022e87c5c410 code [0x0000022e87c5c5c0, 0x0000022e87c5c678]
Event: 15.681 Thread 0x0000022efe98a800 3336       1       org.codehaus.groovy.util.SingleKeyHashMap$Entry::getKey (5 bytes)
Event: 15.681 Thread 0x0000022efe98a800 nmethod 3336 0x0000022e87c5c710 code [0x0000022e87c5c8c0, 0x0000022e87c5c978]
Event: 15.685 Thread 0x0000022efe92f000 3338       4       sun.net.util.URLUtil::urlNoFragString (114 bytes)
Event: 15.693 Thread 0x0000022efe98a800 3339       3       java.util.regex.CharPredicates$$Lambda$35/0x00000001000d8840::is (9 bytes)
Event: 15.693 Thread 0x0000022efe98a800 nmethod 3339 0x0000022e80c58a10 code [0x0000022e80c58be0, 0x0000022e80c58f78]
Event: 15.693 Thread 0x0000022efe98a800 3340       3       java.util.regex.CharPredicates::lambda$ctype$14 (21 bytes)
Event: 15.694 Thread 0x0000022efe98a800 nmethod 3340 0x0000022e80c59110 code [0x0000022e80c592e0, 0x0000022e80c595f8]
Event: 15.696 Thread 0x0000022efe98a800 3341       3       com.google.common.cache.LongAddables::create (12 bytes)
Event: 15.696 Thread 0x0000022efe98a800 nmethod 3341 0x0000022e80c59710 code [0x0000022e80c59900, 0x0000022e80c59c98]
Event: 15.696 Thread 0x0000022efe98a800 3342       3       com.google.common.cache.LongAddables$1::get (5 bytes)
Event: 15.696 Thread 0x0000022efe98a800 nmethod 3342 0x0000022e80c59e10 code [0x0000022e80c59fe0, 0x0000022e80c5a318]
Event: 15.696 Thread 0x0000022efe98a800 3343       3       com.google.common.cache.LongAddables$1::get (8 bytes)
Event: 15.697 Thread 0x0000022efe98a800 nmethod 3343 0x0000022e80c5a490 code [0x0000022e80c5a660, 0x0000022e80c5a938]
Event: 15.724 Thread 0x0000022efe98a800 3344  s    3       java.io.BufferedOutputStream::write (35 bytes)
Event: 15.724 Thread 0x0000022efe98a800 nmethod 3344 0x0000022e80c5aa90 code [0x0000022e80c5ac60, 0x0000022e80c5b0c8]
Event: 15.731 Thread 0x0000022efe98a800 3345       3       org.codehaus.groovy.util.FastArray::copy (31 bytes)
Event: 15.732 Thread 0x0000022efe98a800 nmethod 3345 0x0000022e80c5b290 code [0x0000022e80c5b460, 0x0000022e80c5b828]
Event: 15.732 Thread 0x0000022efe98a800 3346       3       org.codehaus.groovy.reflection.CachedClass::getSuperClassDistance (41 bytes)
Event: 15.732 Thread 0x0000022efe98a800 nmethod 3346 0x0000022e80c5b990 code [0x0000022e80c5bb60, 0x0000022e80c5bdc8]

GC Heap History (12 events):
Event: 1.407 GC heap before
{Heap before GC invocations=0 (full 0):
 garbage-first heap   total 194560K, used 19456K [0x0000000080000000, 0x0000000100000000)
  region size 1024K, 14 young (14336K), 0 survivors (0K)
 Metaspace       used 6740K, capacity 6925K, committed 7168K, reserved 1056768K
  class space    used 582K, capacity 650K, committed 768K, reserved 1048576K
}
Event: 1.415 GC heap after
{Heap after GC invocations=1 (full 0):
 garbage-first heap   total 194560K, used 7955K [0x0000000080000000, 0x0000000100000000)
  region size 1024K, 2 young (2048K), 2 survivors (2048K)
 Metaspace       used 6740K, capacity 6925K, committed 7168K, reserved 1056768K
  class space    used 582K, capacity 650K, committed 768K, reserved 1048576K
}
Event: 2.636 GC heap before
{Heap before GC invocations=1 (full 0):
 garbage-first heap   total 194560K, used 19219K [0x0000000080000000, 0x0000000100000000)
  region size 1024K, 13 young (13312K), 2 survivors (2048K)
 Metaspace       used 9836K, capacity 10054K, committed 10112K, reserved 1058816K
  class space    used 1022K, capacity 1102K, committed 1152K, reserved 1048576K
}
Event: 2.640 GC heap after
{Heap after GC invocations=2 (full 0):
 garbage-first heap   total 194560K, used 9079K [0x0000000080000000, 0x0000000100000000)
  region size 1024K, 2 young (2048K), 2 survivors (2048K)
 Metaspace       used 9836K, capacity 10054K, committed 10112K, reserved 1058816K
  class space    used 1022K, capacity 1102K, committed 1152K, reserved 1048576K
}
Event: 3.970 GC heap before
{Heap before GC invocations=2 (full 0):
 garbage-first heap   total 194560K, used 42871K [0x0000000080000000, 0x0000000100000000)
  region size 1024K, 35 young (35840K), 2 survivors (2048K)
 Metaspace       used 10829K, capacity 11071K, committed 11264K, reserved 1058816K
  class space    used 1125K, capacity 1206K, committed 1280K, reserved 1048576K
}
Event: 3.975 GC heap after
{Heap after GC invocations=3 (full 0):
 garbage-first heap   total 194560K, used 12668K [0x0000000080000000, 0x0000000100000000)
  region size 1024K, 5 young (5120K), 5 survivors (5120K)
 Metaspace       used 10829K, capacity 11071K, committed 11264K, reserved 1058816K
  class space    used 1125K, capacity 1206K, committed 1280K, reserved 1048576K
}
Event: 9.170 GC heap before
{Heap before GC invocations=3 (full 0):
 garbage-first heap   total 194560K, used 74108K [0x0000000080000000, 0x0000000100000000)
  region size 1024K, 66 young (67584K), 5 survivors (5120K)
 Metaspace       used 20623K, capacity 21154K, committed 21296K, reserved 1069056K
  class space    used 2512K, capacity 2688K, committed 2688K, reserved 1048576K
}
Event: 9.185 GC heap after
{Heap after GC invocations=4 (full 0):
 garbage-first heap   total 194560K, used 16785K [0x0000000080000000, 0x0000000100000000)
  region size 1024K, 9 young (9216K), 9 survivors (9216K)
 Metaspace       used 20623K, capacity 21154K, committed 21296K, reserved 1069056K
  class space    used 2512K, capacity 2688K, committed 2688K, reserved 1048576K
}
Event: 12.394 GC heap before
{Heap before GC invocations=5 (full 0):
 garbage-first heap   total 194560K, used 90513K [0x0000000080000000, 0x0000000100000000)
  region size 1024K, 81 young (82944K), 9 survivors (9216K)
 Metaspace       used 27809K, capacity 28502K, committed 28720K, reserved 1075200K
  class space    used 3682K, capacity 3930K, committed 3968K, reserved 1048576K
}
Event: 12.411 GC heap after
{Heap after GC invocations=6 (full 0):
 garbage-first heap   total 194560K, used 19175K [0x0000000080000000, 0x0000000100000000)
  region size 1024K, 7 young (7168K), 7 survivors (7168K)
 Metaspace       used 27809K, capacity 28502K, committed 28720K, reserved 1075200K
  class space    used 3682K, capacity 3930K, committed 3968K, reserved 1048576K
}
Event: 14.271 GC heap before
{Heap before GC invocations=6 (full 0):
 garbage-first heap   total 194560K, used 53991K [0x0000000080000000, 0x0000000100000000)
  region size 1024K, 43 young (44032K), 7 survivors (7168K)
 Metaspace       used 34851K, capacity 35611K, committed 35708K, reserved 1081344K
  class space    used 4533K, capacity 4832K, committed 4864K, reserved 1048576K
}
Event: 14.291 GC heap after
{Heap after GC invocations=7 (full 0):
 garbage-first heap   total 194560K, used 22417K [0x0000000080000000, 0x0000000100000000)
  region size 1024K, 10 young (10240K), 10 survivors (10240K)
 Metaspace       used 34851K, capacity 35611K, committed 35708K, reserved 1081344K
  class space    used 4533K, capacity 4832K, committed 4864K, reserved 1048576K
}

Deoptimization events (20 events):
Event: 15.586 Thread 0x0000022e8fc2a800 Uncommon trap: trap_request=0xffffff4d fr.pc=0x0000022e87c0fb7c relative=0x000000000000071c
Event: 15.586 Thread 0x0000022e8fc2a800 Uncommon trap: reason=unstable_if action=reinterpret pc=0x0000022e87c0fb7c method=java.lang.Class.getPackageName()Ljava/lang/String; @ 55 c2
Event: 15.586 Thread 0x0000022e8fc2a800 DEOPT PACKING pc=0x0000022e87c0fb7c sp=0x000000562f0f8e80
Event: 15.586 Thread 0x0000022e8fc2a800 DEOPT UNPACKING pc=0x0000022e800278af sp=0x000000562f0f8e40 mode 2
Event: 15.665 Thread 0x0000022e8fc2a800 Uncommon trap: trap_request=0xffffffde fr.pc=0x0000022e87c43bec relative=0x000000000000044c
Event: 15.665 Thread 0x0000022e8fc2a800 Uncommon trap: reason=class_check action=maybe_recompile pc=0x0000022e87c43bec method=java.util.regex.Pattern$Start.match(Ljava/util/regex/Matcher;ILjava/lang/CharSequence;)Z @ 44 c2
Event: 15.665 Thread 0x0000022e8fc2a800 DEOPT PACKING pc=0x0000022e87c43bec sp=0x000000562f0f76c0
Event: 15.665 Thread 0x0000022e8fc2a800 DEOPT UNPACKING pc=0x0000022e800278af sp=0x000000562f0f75f0 mode 2
Event: 15.669 Thread 0x0000022e8fc2a800 Uncommon trap: trap_request=0xffffffde fr.pc=0x0000022e87c43bec relative=0x000000000000044c
Event: 15.669 Thread 0x0000022e8fc2a800 Uncommon trap: reason=class_check action=maybe_recompile pc=0x0000022e87c43bec method=java.util.regex.Pattern$Start.match(Ljava/util/regex/Matcher;ILjava/lang/CharSequence;)Z @ 44 c2
Event: 15.669 Thread 0x0000022e8fc2a800 DEOPT PACKING pc=0x0000022e87c43bec sp=0x000000562f0f76c0
Event: 15.669 Thread 0x0000022e8fc2a800 DEOPT UNPACKING pc=0x0000022e800278af sp=0x000000562f0f75f0 mode 2
Event: 15.677 Thread 0x0000022e8fc2a800 Uncommon trap: trap_request=0xffffffbe fr.pc=0x0000022e87c5a2ec relative=0x000000000000070c
Event: 15.677 Thread 0x0000022e8fc2a800 Uncommon trap: reason=profile_predicate action=maybe_recompile pc=0x0000022e87c5a2ec method=java.lang.PublicMethods$MethodList.filter([Ljava/lang/reflect/Method;Ljava/lang/String;[Ljava/lang/Class;Z)Ljava/lang/PublicMethods$MethodList; @ 21 c2
Event: 15.677 Thread 0x0000022e8fc2a800 DEOPT PACKING pc=0x0000022e87c5a2ec sp=0x000000562f0f8f30
Event: 15.677 Thread 0x0000022e8fc2a800 DEOPT UNPACKING pc=0x0000022e800278af sp=0x000000562f0f8ee8 mode 2
Event: 15.677 Thread 0x0000022e8fc2a800 Uncommon trap: trap_request=0xffffffbe fr.pc=0x0000022e87c5a2ec relative=0x000000000000070c
Event: 15.677 Thread 0x0000022e8fc2a800 Uncommon trap: reason=profile_predicate action=maybe_recompile pc=0x0000022e87c5a2ec method=java.lang.PublicMethods$MethodList.filter([Ljava/lang/reflect/Method;Ljava/lang/String;[Ljava/lang/Class;Z)Ljava/lang/PublicMethods$MethodList; @ 21 c2
Event: 15.677 Thread 0x0000022e8fc2a800 DEOPT PACKING pc=0x0000022e87c5a2ec sp=0x000000562f0f8f30
Event: 15.677 Thread 0x0000022e8fc2a800 DEOPT UNPACKING pc=0x0000022e800278af sp=0x000000562f0f8ee8 mode 2

Classes redefined (0 events):
No events

Internal exceptions (20 events):
Event: 15.084 Thread 0x0000022e8fc2a800 Exception <a 'java/lang/ClassNotFoundException'{0x000000008a7a61f0}: org/gradle/internal/extensibility/DefaultExtraPropertiesExtensionCustomizer> (0x000000008a7a61f0) thrown at [./src/hotspot/share/classfile/systemDictionary.cpp, line 231]
Event: 15.228 Thread 0x0000022e8fc2a800 Exception <a 'java/lang/NoSuchMethodError'{0x000000008a5f1500}: 'int java.lang.invoke.DirectMethodHandle$Holder.invokeStatic(java.lang.Object, java.lang.Object, java.lang.Object, java.lang.Object, java.lang.Object)'> (0x000000008a5f1500) thrown at [./src/hotspot/share/interpreter/linkResolver.cpp, line 773]
Event: 15.582 Thread 0x0000022e8fc2a800 Implicit null exception at 0x0000022e87b3d080 to 0x0000022e87b3dbf2
Event: 15.617 Thread 0x0000022e8fc2a800 Exception <a 'java/lang/ClassNotFoundException'{0x000000008a09ff70}: groovy/lang/BindingBeanInfo> (0x000000008a09ff70) thrown at [./src/hotspot/share/classfile/systemDictionary.cpp, line 231]
Event: 15.620 Thread 0x0000022e8fc2a800 Exception <a 'java/lang/ClassNotFoundException'{0x000000008a0bff00}: groovy/lang/BindingCustomizer> (0x000000008a0bff00) thrown at [./src/hotspot/share/classfile/systemDictionary.cpp, line 231]
Event: 15.645 Thread 0x0000022e8fc2a800 Exception <a 'java/lang/ClassNotFoundException'{0x0000000089e1d678}: settings_7vzgjjypunirvnh55m3twle16BeanInfo> (0x0000000089e1d678) thrown at [./src/hotspot/share/classfile/systemDictionary.cpp, line 231]
Event: 15.646 Thread 0x0000022e8fc2a800 Exception <a 'java/lang/ClassNotFoundException'{0x0000000089e323e0}: org/gradle/initialization/SettingsScriptBeanInfo> (0x0000000089e323e0) thrown at [./src/hotspot/share/classfile/systemDictionary.cpp, line 231]
Event: 15.646 Thread 0x0000022e8fc2a800 Exception <a 'java/lang/ClassNotFoundException'{0x0000000089e484a8}: org/gradle/plugin/use/internal/PluginsAwareScriptBeanInfo> (0x0000000089e484a8) thrown at [./src/hotspot/share/classfile/systemDictionary.cpp, line 231]
Event: 15.647 Thread 0x0000022e8fc2a800 Exception <a 'java/lang/ClassNotFoundException'{0x0000000089e5d258}: org/gradle/groovy/scripts/DefaultScriptBeanInfo> (0x0000000089e5d258) thrown at [./src/hotspot/share/classfile/systemDictionary.cpp, line 231]
Event: 15.647 Thread 0x0000022e8fc2a800 Exception <a 'java/lang/ClassNotFoundException'{0x0000000089e71e40}: org/gradle/groovy/scripts/BasicScriptBeanInfo> (0x0000000089e71e40) thrown at [./src/hotspot/share/classfile/systemDictionary.cpp, line 231]
Event: 15.648 Thread 0x0000022e8fc2a800 Exception <a 'java/lang/ClassNotFoundException'{0x0000000089e86100}: org/gradle/groovy/scripts/ScriptBeanInfo> (0x0000000089e86100) thrown at [./src/hotspot/share/classfile/systemDictionary.cpp, line 231]
Event: 15.649 Thread 0x0000022e8fc2a800 Exception <a 'java/lang/ClassNotFoundException'{0x0000000089ea6810}: groovy/lang/ScriptBeanInfo> (0x0000000089ea6810) thrown at [./src/hotspot/share/classfile/systemDictionary.cpp, line 231]
Event: 15.659 Thread 0x0000022e8fc2a800 Exception <a 'java/lang/ClassNotFoundException'{0x0000000089ec7468}: groovy/lang/ScriptCustomizer> (0x0000000089ec7468) thrown at [./src/hotspot/share/classfile/systemDictionary.cpp, line 231]
Event: 15.661 Thread 0x0000022e8fc2a800 Exception <a 'java/lang/ClassNotFoundException'{0x0000000089ee3028}: org/gradle/groovy/scripts/ScriptCustomizer> (0x0000000089ee3028) thrown at [./src/hotspot/share/classfile/systemDictionary.cpp, line 231]
Event: 15.662 Thread 0x0000022e8fc2a800 Exception <a 'java/lang/ClassNotFoundException'{0x0000000089efe848}: org/gradle/groovy/scripts/BasicScriptCustomizer> (0x0000000089efe848) thrown at [./src/hotspot/share/classfile/systemDictionary.cpp, line 231]
Event: 15.664 Thread 0x0000022e8fc2a800 Exception <a 'java/lang/ClassNotFoundException'{0x0000000089d20068}: org/gradle/groovy/scripts/DefaultScriptCustomizer> (0x0000000089d20068) thrown at [./src/hotspot/share/classfile/systemDictionary.cpp, line 231]
Event: 15.673 Thread 0x0000022e8fc2a800 Exception <a 'java/lang/ClassNotFoundException'{0x0000000089d6e5e8}: org/gradle/plugin/use/internal/PluginsAwareScriptCustomizer> (0x0000000089d6e5e8) thrown at [./src/hotspot/share/classfile/systemDictionary.cpp, line 231]
Event: 15.674 Thread 0x0000022e8fc2a800 Exception <a 'java/lang/ClassNotFoundException'{0x0000000089d8be88}: org/gradle/initialization/SettingsScriptCustomizer> (0x0000000089d8be88) thrown at [./src/hotspot/share/classfile/systemDictionary.cpp, line 231]
Event: 15.675 Thread 0x0000022e8fc2a800 Exception <a 'java/lang/ClassNotFoundException'{0x0000000089d9ec78}: settings_7vzgjjypunirvnh55m3twle16Customizer> (0x0000000089d9ec78) thrown at [./src/hotspot/share/classfile/systemDictionary.cpp, line 231]
Event: 15.793 Thread 0x0000022e8fc2a800 Exception <a 'java/lang/ClassNotFoundException'{0x0000000089cea4d8}: groovy/lang/Closure$1BeanInfo> (0x0000000089cea4d8) thrown at [./src/hotspot/share/classfile/systemDictionary.cpp, line 231]

Events (20 events):
Event: 15.727 loading class org/codehaus/groovy/runtime/GeneratedClosure
Event: 15.727 loading class org/codehaus/groovy/runtime/GeneratedClosure done
Event: 15.727 loading class groovy/lang/Closure
Event: 15.727 loading class groovy/lang/Closure done
Event: 15.729 loading class groovy/runtime/metaclass/groovy/lang/Closure$1MetaClass
Event: 15.729 loading class groovy/runtime/metaclass/groovy/lang/Closure$1MetaClass done
Event: 15.783 loading class groovy/lang/Closure$1BeanInfo
Event: 15.783 loading class groovy/lang/Closure$1BeanInfo done
Event: 15.787 loading class groovy/lang/Closure$1BeanInfo
Event: 15.787 loading class groovy/lang/Closure$1BeanInfo done
Event: 15.787 loading class groovy/lang/Closure$1BeanInfo
Event: 15.787 loading class groovy/lang/Closure$1BeanInfo done
Event: 15.792 loading class groovy/lang/Closure$1BeanInfo
Event: 15.792 loading class groovy/lang/Closure$1BeanInfo done
Event: 15.793 loading class groovy/lang/ClosureBeanInfo
Event: 15.793 loading class groovy/lang/ClosureBeanInfo done
Event: 15.793 loading class groovy/lang/ClosureBeanInfo
Event: 15.793 loading class groovy/lang/ClosureBeanInfo done
Event: 15.793 loading class groovy/lang/ClosureBeanInfo
Event: 15.793 loading class groovy/lang/ClosureBeanInfo done


Dynamic libraries:
0x00007ff718b90000 - 0x00007ff718b9a000 	C:\Program Files\Android\Android Studio\jre\bin\java.exe
0x00007ffc7ca40000 - 0x00007ffc7cc47000 	C:\WINDOWS\SYSTEM32\ntdll.dll
0x00007ffc7b130000 - 0x00007ffc7b1ed000 	C:\WINDOWS\System32\KERNEL32.DLL
0x00007ffc7a550000 - 0x00007ffc7a8c4000 	C:\WINDOWS\System32\KERNELBASE.dll
0x00007ffc76b70000 - 0x00007ffc76c01000 	C:\WINDOWS\SYSTEM32\apphelp.dll
0x00007ffc79f20000 - 0x00007ffc7a031000 	C:\WINDOWS\System32\ucrtbase.dll
0x00007ffc5a7d0000 - 0x00007ffc5a7e9000 	C:\Program Files\Android\Android Studio\jre\bin\jli.dll
0x00007ffc7bdc0000 - 0x00007ffc7bf6c000 	C:\WINDOWS\System32\USER32.dll
0x00007ffc7a040000 - 0x00007ffc7a066000 	C:\WINDOWS\System32\win32u.dll
0x00007ffc7b100000 - 0x00007ffc7b129000 	C:\WINDOWS\System32\GDI32.dll
0x00007ffc7a070000 - 0x00007ffc7a182000 	C:\WINDOWS\System32\gdi32full.dll
0x00007ffc7a300000 - 0x00007ffc7a39d000 	C:\WINDOWS\System32\msvcp_win.dll
0x00007ffc589a0000 - 0x00007ffc589b7000 	C:\Program Files\Android\Android Studio\jre\bin\VCRUNTIME140.dll
0x00007ffc6eed0000 - 0x00007ffc6f175000 	C:\WINDOWS\WinSxS\amd64_microsoft.windows.common-controls_6595b64144ccf1df_6.0.22000.120_none_9d947278b86cc467\COMCTL32.dll
0x00007ffc7b3b0000 - 0x00007ffc7b453000 	C:\WINDOWS\System32\msvcrt.dll
0x00007ffc7c240000 - 0x00007ffc7c271000 	C:\WINDOWS\System32\IMM32.DLL
0x00007ffc40160000 - 0x00007ffc401fd000 	C:\Program Files\Android\Android Studio\jre\bin\msvcp140.dll
0x00007ffc181b0000 - 0x00007ffc18c7f000 	C:\Program Files\Android\Android Studio\jre\bin\server\jvm.dll
0x00007ffc7c0f0000 - 0x00007ffc7c19c000 	C:\WINDOWS\System32\ADVAPI32.dll
0x00007ffc7c1a0000 - 0x00007ffc7c23d000 	C:\WINDOWS\System32\sechost.dll
0x00007ffc7c760000 - 0x00007ffc7c881000 	C:\WINDOWS\System32\RPCRT4.dll
0x00007ffc7b5f0000 - 0x00007ffc7b5f8000 	C:\WINDOWS\System32\PSAPI.DLL
0x00007ffc6e600000 - 0x00007ffc6e609000 	C:\WINDOWS\SYSTEM32\WSOCK32.dll
0x00007ffc7bf70000 - 0x00007ffc7bfdf000 	C:\WINDOWS\System32\WS2_32.dll
0x00007ffc74970000 - 0x00007ffc749a3000 	C:\WINDOWS\SYSTEM32\WINMM.dll
0x00007ffc720a0000 - 0x00007ffc720aa000 	C:\WINDOWS\SYSTEM32\VERSION.dll
0x00007ffc79140000 - 0x00007ffc79158000 	C:\WINDOWS\SYSTEM32\kernel.appcore.dll
0x00007ffc72b80000 - 0x00007ffc72b91000 	C:\Program Files\Android\Android Studio\jre\bin\verify.dll
0x00007ffc77c00000 - 0x00007ffc77e21000 	C:\WINDOWS\SYSTEM32\DBGHELP.DLL
0x00007ffc725a0000 - 0x00007ffc725d1000 	C:\WINDOWS\SYSTEM32\dbgcore.DLL
0x00007ffc7a460000 - 0x00007ffc7a4e0000 	C:\WINDOWS\System32\bcryptPrimitives.dll
0x00007ffc65120000 - 0x00007ffc65149000 	C:\Program Files\Android\Android Studio\jre\bin\java.dll
0x00007ffc74a00000 - 0x00007ffc74a0b000 	C:\Program Files\Android\Android Studio\jre\bin\jimage.dll
0x00007ffc71c40000 - 0x00007ffc71c58000 	C:\Program Files\Android\Android Studio\jre\bin\zip.dll
0x00007ffc7b600000 - 0x00007ffc7bda9000 	C:\WINDOWS\System32\SHELL32.dll
0x00007ffc780a0000 - 0x00007ffc78902000 	C:\WINDOWS\SYSTEM32\windows.storage.dll
0x00007ffc7aa90000 - 0x00007ffc7ae08000 	C:\WINDOWS\System32\combase.dll
0x00007ffc77f30000 - 0x00007ffc78096000 	C:\WINDOWS\SYSTEM32\wintypes.dll
0x00007ffc7afa0000 - 0x00007ffc7b08a000 	C:\WINDOWS\System32\SHCORE.dll
0x00007ffc7af40000 - 0x00007ffc7af9d000 	C:\WINDOWS\System32\shlwapi.dll
0x00007ffc79e50000 - 0x00007ffc79e71000 	C:\WINDOWS\SYSTEM32\profapi.dll
0x00007ffc71860000 - 0x00007ffc7187a000 	C:\Program Files\Android\Android Studio\jre\bin\net.dll
0x00007ffc743a0000 - 0x00007ffc744ac000 	C:\WINDOWS\SYSTEM32\WINHTTP.dll
0x00007ffc79550000 - 0x00007ffc795b7000 	C:\WINDOWS\system32\mswsock.dll
0x00007ffc71740000 - 0x00007ffc71754000 	C:\Program Files\Android\Android Studio\jre\bin\nio.dll
0x00007ffc70be0000 - 0x00007ffc70c07000 	C:\Users\k.nesar\.gradle\native\8bec1ad78214c89d9ad589b4d07fe93259594b29d510b10fafb7a158f7737e5d\windows-amd64\native-platform.dll
0x00007ffc418a0000 - 0x00007ffc419dd000 	C:\Users\k.nesar\.gradle\native\53dbd7edfb1c66fb8903c78663c9afc45aea4f116125fa6feffd364cf09443e8\windows-amd64\native-platform-file-events.dll
0x00007ffc71bf0000 - 0x00007ffc71bfa000 	C:\Program Files\Android\Android Studio\jre\bin\management.dll
0x00007ffc71bd0000 - 0x00007ffc71bdc000 	C:\Program Files\Android\Android Studio\jre\bin\management_ext.dll
0x00007ffc79790000 - 0x00007ffc797a8000 	C:\WINDOWS\SYSTEM32\CRYPTSP.dll
0x00007ffc790a0000 - 0x00007ffc790d5000 	C:\WINDOWS\system32\rsaenh.dll
0x00007ffc79640000 - 0x00007ffc79669000 	C:\WINDOWS\SYSTEM32\USERENV.dll
0x00007ffc79910000 - 0x00007ffc79937000 	C:\WINDOWS\SYSTEM32\bcrypt.dll
0x00007ffc797b0000 - 0x00007ffc797bc000 	C:\WINDOWS\SYSTEM32\CRYPTBASE.dll
0x00007ffc78c80000 - 0x00007ffc78cad000 	C:\WINDOWS\SYSTEM32\IPHLPAPI.DLL
0x00007ffc7bdb0000 - 0x00007ffc7bdb9000 	C:\WINDOWS\System32\NSI.dll
0x00007ffc74200000 - 0x00007ffc74219000 	C:\WINDOWS\SYSTEM32\dhcpcsvc6.DLL
0x00007ffc745c0000 - 0x00007ffc745de000 	C:\WINDOWS\SYSTEM32\dhcpcsvc.DLL
0x00007ffc78d00000 - 0x00007ffc78de7000 	C:\WINDOWS\SYSTEM32\DNSAPI.dll

dbghelp: loaded successfully - version: 4.0.5 - missing functions: none
symbol engine: initialized successfully - sym options: 0x614 - pdb path: .;C:\Program Files\Android\Android Studio\jre\bin;C:\WINDOWS\SYSTEM32;C:\WINDOWS\WinSxS\amd64_microsoft.windows.common-controls_6595b64144ccf1df_6.0.22000.120_none_9d947278b86cc467;C:\Program Files\Android\Android Studio\jre\bin\server;C:\Users\k.nesar\.gradle\native\8bec1ad78214c89d9ad589b4d07fe93259594b29d510b10fafb7a158f7737e5d\windows-amd64;C:\Users\k.nesar\.gradle\native\53dbd7edfb1c66fb8903c78663c9afc45aea4f116125fa6feffd364cf09443e8\windows-amd64

VM Arguments:
jvm_args: --add-opens=java.base/java.util=ALL-UNNAMED --add-opens=java.base/java.lang=ALL-UNNAMED --add-opens=java.base/java.lang.invoke=ALL-UNNAMED --add-opens=java.base/java.util=ALL-UNNAMED --add-opens=java.prefs/java.util.prefs=ALL-UNNAMED --add-opens=java.prefs/java.util.prefs=ALL-UNNAMED --add-opens=java.base/java.nio.charset=ALL-UNNAMED --add-opens=java.base/java.net=ALL-UNNAMED --add-opens=java.base/java.util.concurrent.atomic=ALL-UNNAMED -Xmx2048m -Dfile.encoding=UTF-8 -Duser.country=US -Duser.language=en -Duser.variant 
java_command: org.gradle.launcher.daemon.bootstrap.GradleDaemon 7.0.2
java_class_path (initial): C:\Users\k.nesar\.gradle\wrapper\dists\gradle-7.0.2-bin\857tjihv64xamwrf0h14cai3r\gradle-7.0.2\lib\gradle-launcher-7.0.2.jar
Launcher Type: SUN_STANDARD

[Global flags]
     intx CICompilerCount                          = 3                                         {product} {ergonomic}
     uint ConcGCThreads                            = 1                                         {product} {ergonomic}
     uint G1ConcRefinementThreads                  = 4                                         {product} {ergonomic}
   size_t G1HeapRegionSize                         = 1048576                                   {product} {ergonomic}
    uintx GCDrainStackTargetSize                   = 64                                        {product} {ergonomic}
   size_t InitialHeapSize                          = 199229440                                 {product} {ergonomic}
   size_t MarkStackSize                            = 4194304                                   {product} {ergonomic}
   size_t MaxHeapSize                              = 2147483648                                {product} {command line}
   size_t MaxNewSize                               = 1287651328                                {product} {ergonomic}
   size_t MinHeapDeltaBytes                        = 1048576                                   {product} {ergonomic}
    uintx NonNMethodCodeHeapSize                   = 5830732                                {pd product} {ergonomic}
    uintx NonProfiledCodeHeapSize                  = 122913754                              {pd product} {ergonomic}
    uintx ProfiledCodeHeapSize                     = 122913754                              {pd product} {ergonomic}
    uintx ReservedCodeCacheSize                    = 251658240                              {pd product} {ergonomic}
     bool SegmentedCodeCache                       = true                                      {product} {ergonomic}
     bool UseCompressedClassPointers               = true                                 {lp64_product} {ergonomic}
     bool UseCompressedOops                        = true                                 {lp64_product} {ergonomic}
     bool UseG1GC                                  = true                                      {product} {ergonomic}
     bool UseLargePagesIndividualAllocation        = false                                  {pd product} {ergonomic}

Logging:
Log output configuration:
 #0: stdout all=warning uptime,level,tags
 #1: stderr all=off uptime,level,tags

Environment Variables:
PATH=%INTEL_DEV_REDIST%redist\intel64\compiler;C:\Program Files\Common Files\Oracle\Java\javapath;C:\WINDOWS\system32;C:\WINDOWS;C:\WINDOWS\System32\Wbem;C:\WINDOWS\System32\WindowsPowerShell\v1.0\;C:\WINDOWS\System32\OpenSSH\;C:\Program Files\Git\cmd;C:\Users\k.nesar\AppData\Local\Microsoft\WindowsApps;C:\Program Files\JetBrains\PyCharm Community Edition 2020.2.3\bin;C:\adb;C:\Program Files\dotnet\;C:\WINDOWS\system32;C:\WINDOWS;C:\WINDOWS\System32\Wbem;C:\WINDOWS\System32\WindowsPowerShell\v1.0\;C:\WINDOWS\System32\OpenSSH\;C:\Program Files\nodejs\;C:\Users\k.nesar\AppData\Local\Microsoft\WindowsApps;;C:\Program Files\JetBrains\PyCharm Community Edition 2020.2.3\bin;;C:\Users\k.nesar\AppData\Local\Programs\Microsoft VS Code\bin;C:\Users\k.nesar\AppData\Roaming\npm
USERNAME=K.Nesar
OS=Windows_NT
PROCESSOR_IDENTIFIER=Intel64 Family 6 Model 142 Stepping 10, GenuineIntel



---------------  S Y S T E M  ---------------

OS: Windows 10 , 64 bit Build 22000 (10.0.22000.120)
OS uptime: 10 days 2:03 hours

CPU:total 4 (initial active 4) (2 cores per cpu, 2 threads per core) family 6 model 142 stepping 10 microcode 0xe0, cmov, cx8, fxsr, mmx, sse, sse2, sse3, ssse3, sse4.1, sse4.2, popcnt, avx, avx2, aes, clmul, erms, 3dnowpref, lzcnt, ht, tsc, tscinvbit, bmi1, bmi2, adx, fma

Memory: 4k page, system-wide physical 12152M (319M free)
TotalPageFile size 34778M (AvailPageFile size 4M)
current process WorkingSet (physical memory assigned to process): 221M, peak: 256M
current process commit charge ("private bytes"): 343M, peak: 376M

vm_info: OpenJDK 64-Bit Server VM (11.0.10+0-b96-7249189) for windows-amd64 JRE (11.0.10+0-b96-7249189), built on Mar 31 2021 21:44:00 by "builder" with MS VC++ 14.0 (VS2015)

END.
