#
# There is insufficient memory for the Java Runtime Environment to continue.
# Native memory allocation (mmap) failed to map 354418688 bytes for Failed to commit area from 0x0000000096600000 to 0x00000000ab800000 of length 354418688.
# Possible reasons:
#   The system is out of physical RAM or swap space
#   The process is running with CompressedOops enabled, and the Java Heap may be blocking the growth of the native heap
# Possible solutions:
#   Reduce memory load on the system
#   Increase physical memory or swap space
#   Check if swap backing store is full
#   Decrease Java heap size (-Xmx/-Xms)
#   Decrease number of Java threads
#   Decrease Java thread stack sizes (-Xss)
#   Set larger code cache with -XX:ReservedCodeCacheSize=
#   JVM is running with Unscaled Compressed Oops mode in which the Java heap is
#     placed in the first 4GB address space. The Java Heap base address is the
#     maximum limit for the native heap growth. Please use -XX:HeapBaseMinAddress
#     to set the Java Heap base and to place the Java Heap above 4GB virtual address.
# This output file may be truncated or incomplete.
#
#  Out of Memory Error (./src/hotspot/os/windows/os_windows.cpp:3301), pid=10516, tid=11636
#
# JRE version: OpenJDK Runtime Environment (11.0.10) (build 11.0.10+0-b96-7249189)
# Java VM: OpenJDK 64-Bit Server VM (11.0.10+0-b96-7249189, mixed mode, tiered, compressed oops, g1 gc, windows-amd64)
# No core dump will be written. Minidumps are not enabled by default on client versions of Windows
#

---------------  S U M M A R Y ------------

Command Line: --add-opens=java.base/java.util=ALL-UNNAMED --add-opens=java.base/java.lang=ALL-UNNAMED --add-opens=java.base/java.lang.invoke=ALL-UNNAMED --add-opens=java.base/java.util=ALL-UNNAMED --add-opens=java.prefs/java.util.prefs=ALL-UNNAMED --add-opens=java.prefs/java.util.prefs=ALL-UNNAMED --add-opens=java.base/java.nio.charset=ALL-UNNAMED --add-opens=java.base/java.net=ALL-UNNAMED --add-opens=java.base/java.util.concurrent.atomic=ALL-UNNAMED -Xmx2048m -Dfile.encoding=UTF-8 -Duser.country=US -Duser.language=en -Duser.variant org.gradle.launcher.daemon.bootstrap.GradleDaemon 7.0.2

Host: Intel(R) Core(TM) i3-7020U CPU @ 2.30GHz, 4 cores, 11G,  Windows 10 , 64 bit Build 22000 (10.0.22000.120)
Time: Mon Nov  1 17:24:16 2021 India Standard Time elapsed time: 47.541443 seconds (0d 0h 0m 47s)

---------------  T H R E A D  ---------------

Current thread (0x00000291aa200000):  VMThread "VM Thread" [stack: 0x000000d8a4700000,0x000000d8a4800000] [id=11636]

Stack: [0x000000d8a4700000,0x000000d8a4800000]
[error occurred during error reporting (printing stack bounds), id 0xc0000005, EXCEPTION_ACCESS_VIOLATION (0xc0000005) at pc=0x00000291940e0f2d]

Native frames: (J=compiled Java code, j=interpreted, Vv=VM code, C=native code)
V  [jvm.dll+0x5ecfaa]
V  [jvm.dll+0x722bd5]
V  [jvm.dll+0x72412d]
V  [jvm.dll+0x724745]
V  [jvm.dll+0x7246fb]
V  [jvm.dll+0x5ec348]
V  [jvm.dll+0x5ecad8]
C  [ntdll.dll+0xa826f]
C  [ntdll.dll+0x359ca]
C  [ntdll.dll+0xa727e]
C  0x00000291940e0f2d

VM_Operation (0x000000d8a87fdf70): G1CollectForAllocation, mode: safepoint, requested by thread 0x00000291adda5800


---------------  P R O C E S S  ---------------

Threads class SMR info:
_java_thread_list=0x00000291ade80ab0, length=59, elements={
0x00000291905ff800, 0x00000291aa208000, 0x00000291aaa18800, 0x00000291aa20e800,
0x00000291aaa6a800, 0x00000291aaa6b800, 0x00000291aaa6f000, 0x00000291aaace000,
0x00000291aaad0800, 0x00000291aabcb000, 0x00000291ada27800, 0x00000291abf98800,
0x00000291ac06e800, 0x00000291aae00800, 0x00000291aae02800, 0x00000291aae03000,
0x00000291aadfd800, 0x00000291aae04000, 0x00000291aadff000, 0x00000291aadfe000,
0x00000291aae00000, 0x00000291aae01800, 0x00000291ad245000, 0x00000291ad24b800,
0x00000291ad24a000, 0x00000291ad247000, 0x00000291ad248800, 0x00000291ad247800,
0x00000291ad249800, 0x00000291ad24b000, 0x00000291ad24d800, 0x00000291ad24e000,
0x00000291ad24f000, 0x00000291ad250000, 0x00000291ad24c800, 0x00000291ad251800,
0x00000291ad253000, 0x00000291ad250800, 0x00000291ad254000, 0x00000291b01dc000,
0x00000291b01da800, 0x00000291b01db800, 0x00000291b01d7800, 0x00000291b01de000,
0x00000291b01d8000, 0x00000291b01d9000, 0x00000291b01d9800, 0x00000291adda2000,
0x00000291add9f800, 0x00000291adda0800, 0x00000291adda3000, 0x00000291add9d800,
0x00000291add9e000, 0x00000291adda8000, 0x00000291adda7000, 0x00000291adda5800,
0x00000291adda8800, 0x00000291adda6800, 0x00000291b00f9800
}

Java Threads: ( => current thread )
  0x00000291905ff800 JavaThread "main" [_thread_blocked, id=9112, stack(0x000000d8a4000000,0x000000d8a4100000)]
  0x00000291aa208000 JavaThread "Reference Handler" daemon [_thread_blocked, id=16744, stack(0x000000d8a4800000,0x000000d8a4900000)]
  0x00000291aaa18800 JavaThread "Finalizer" daemon [_thread_blocked, id=12772, stack(0x000000d8a4900000,0x000000d8a4a00000)]
  0x00000291aa20e800 JavaThread "Signal Dispatcher" daemon [_thread_blocked, id=12748, stack(0x000000d8a4a00000,0x000000d8a4b00000)]
  0x00000291aaa6a800 JavaThread "Attach Listener" daemon [_thread_blocked, id=12344, stack(0x000000d8a4b00000,0x000000d8a4c00000)]
  0x00000291aaa6b800 JavaThread "Service Thread" daemon [_thread_blocked, id=9936, stack(0x000000d8a4c00000,0x000000d8a4d00000)]
  0x00000291aaa6f000 JavaThread "C2 CompilerThread0" daemon [_thread_blocked, id=5400, stack(0x000000d8a4d00000,0x000000d8a4e00000)]
  0x00000291aaace000 JavaThread "C1 CompilerThread0" daemon [_thread_blocked, id=7144, stack(0x000000d8a4f00000,0x000000d8a5000000)]
  0x00000291aaad0800 JavaThread "Sweeper thread" daemon [_thread_blocked, id=9448, stack(0x000000d8a5000000,0x000000d8a5100000)]
  0x00000291aabcb000 JavaThread "Common-Cleaner" daemon [_thread_blocked, id=4176, stack(0x000000d8a5100000,0x000000d8a5200000)]
  0x00000291ada27800 JavaThread "Daemon health stats" [_thread_blocked, id=8852, stack(0x000000d8a5700000,0x000000d8a5800000)]
  0x00000291abf98800 JavaThread "Incoming local TCP Connector on port 55830" [_thread_in_native, id=20380, stack(0x000000d8a5300000,0x000000d8a5400000)]
  0x00000291ac06e800 JavaThread "Daemon periodic checks" [_thread_blocked, id=21116, stack(0x000000d8a5800000,0x000000d8a5900000)]
  0x00000291aae00800 JavaThread "Daemon" [_thread_blocked, id=2928, stack(0x000000d8a5900000,0x000000d8a5a00000)]
  0x00000291aae02800 JavaThread "Handler for socket connection from /127.0.0.1:55830 to /127.0.0.1:55831" [_thread_in_native, id=19736, stack(0x000000d8a5a00000,0x000000d8a5b00000)]
  0x00000291aae03000 JavaThread "Cancel handler" [_thread_blocked, id=16716, stack(0x000000d8a5b00000,0x000000d8a5c00000)]
  0x00000291aadfd800 JavaThread "Daemon worker" [_thread_blocked, id=19656, stack(0x000000d8a5c00000,0x000000d8a5d00000)]
  0x00000291aae04000 JavaThread "Asynchronous log dispatcher for DefaultDaemonConnection: socket connection from /127.0.0.1:55830 to /127.0.0.1:55831" [_thread_blocked, id=19684, stack(0x000000d8a5d00000,0x000000d8a5e00000)]
  0x00000291aadff000 JavaThread "Stdin handler" [_thread_blocked, id=5712, stack(0x000000d8a5e00000,0x000000d8a5f00000)]
  0x00000291aadfe000 JavaThread "Daemon client event forwarder" [_thread_blocked, id=18312, stack(0x000000d8a5f00000,0x000000d8a6000000)]
  0x00000291aae00000 JavaThread "Cache worker for file hash cache (C:\Users\k.nesar\.gradle\caches\7.0.2\fileHashes)" [_thread_blocked, id=7016, stack(0x000000d8a6000000,0x000000d8a6100000)]
  0x00000291aae01800 JavaThread "File lock request listener" [_thread_in_native, id=19932, stack(0x000000d8a6100000,0x000000d8a6200000)]
  0x00000291ad245000 JavaThread "Cache worker for journal cache (C:\Users\k.nesar\.gradle\caches\journal-1)" [_thread_blocked, id=17828, stack(0x000000d8a6200000,0x000000d8a6300000)]
  0x00000291ad24b800 JavaThread "Cache worker for file hash cache (C:\Users\k.nesar\AndroidStudioProjects\Play_Beat\.gradle\7.0.2\fileHashes)" [_thread_blocked, id=12504, stack(0x000000d8a6400000,0x000000d8a6500000)]
  0x00000291ad24a000 JavaThread "File watcher server" daemon [_thread_blocked, id=14408, stack(0x000000d8a6500000,0x000000d8a6600000)]
  0x00000291ad247000 JavaThread "File watcher consumer" daemon [_thread_blocked, id=17400, stack(0x000000d8a6600000,0x000000d8a6700000)]
  0x00000291ad248800 JavaThread "Cache worker for checksums cache (C:\Users\k.nesar\AndroidStudioProjects\Play_Beat\.gradle\checksums)" [_thread_blocked, id=12928, stack(0x000000d8a6700000,0x000000d8a6800000)]
  0x00000291ad247800 JavaThread "Cache worker for cache directory md-supplier (C:\Users\k.nesar\.gradle\caches\7.0.2\md-supplier)" [_thread_blocked, id=11368, stack(0x000000d8a6800000,0x000000d8a6900000)]
  0x00000291ad249800 JavaThread "Cache worker for cache directory md-rule (C:\Users\k.nesar\.gradle\caches\7.0.2\md-rule)" [_thread_blocked, id=12460, stack(0x000000d8a6900000,0x000000d8a6a00000)]
  0x00000291ad24b000 JavaThread "Cache worker for execution history cache (C:\Users\k.nesar\.gradle\caches\7.0.2\executionHistory)" [_thread_blocked, id=18528, stack(0x000000d8a6a00000,0x000000d8a6b00000)]
  0x00000291ad24d800 JavaThread "jar transforms" [_thread_blocked, id=8376, stack(0x000000d8a6b00000,0x000000d8a6c00000)]
  0x00000291ad24e000 JavaThread "jar transforms Thread 2" [_thread_blocked, id=13904, stack(0x000000d8a6c00000,0x000000d8a6d00000)]
  0x00000291ad24f000 JavaThread "Cache worker for file content cache (C:\Users\k.nesar\.gradle\caches\7.0.2\fileContent)" [_thread_blocked, id=12540, stack(0x000000d8a6d00000,0x000000d8a6e00000)]
  0x00000291ad250000 JavaThread "Cache worker for dependencies-accessors (C:\Users\k.nesar\AndroidStudioProjects\Play_Beat\.gradle\7.0.2\dependencies-accessors)" [_thread_blocked, id=17040, stack(0x000000d8a6300000,0x000000d8a6400000)]
  0x00000291ad24c800 JavaThread "jar transforms Thread 3" [_thread_blocked, id=12600, stack(0x000000d8a6e00000,0x000000d8a6f00000)]
  0x00000291ad251800 JavaThread "Cache worker for Build Output Cleanup Cache (C:\Users\k.nesar\AndroidStudioProjects\Play_Beat\.gradle\buildOutputCleanup)" [_thread_blocked, id=20212, stack(0x000000d8a6f00000,0x000000d8a7000000)]
  0x00000291ad253000 JavaThread "Build operations" [_thread_blocked, id=20820, stack(0x000000d8a7100000,0x000000d8a7200000)]
  0x00000291ad250800 JavaThread "Build operations Thread 2" [_thread_blocked, id=9944, stack(0x000000d8a7200000,0x000000d8a7300000)]
  0x00000291ad254000 JavaThread "Build operations Thread 3" [_thread_blocked, id=15748, stack(0x000000d8a7300000,0x000000d8a7400000)]
  0x00000291b01dc000 JavaThread "Build operations Thread 4" [_thread_blocked, id=10900, stack(0x000000d8a7400000,0x000000d8a7500000)]
  0x00000291b01da800 JavaThread "jar transforms Thread 4" [_thread_blocked, id=1764, stack(0x000000d8a7500000,0x000000d8a7600000)]
  0x00000291b01db800 JavaThread "Memory manager" [_thread_blocked, id=8052, stack(0x000000d8a7700000,0x000000d8a7800000)]
  0x00000291b01d7800 JavaThread "build event listener" [_thread_blocked, id=10016, stack(0x000000d8a7800000,0x000000d8a7900000)]
  0x00000291b01de000 JavaThread "Execution worker for ':'" [_thread_blocked, id=11588, stack(0x000000d8a7900000,0x000000d8a7a00000)]
  0x00000291b01d8000 JavaThread "Execution worker for ':' Thread 2" [_thread_blocked, id=15244, stack(0x000000d8a7a00000,0x000000d8a7b00000)]
  0x00000291b01d9000 JavaThread "Execution worker for ':' Thread 3" [_thread_blocked, id=16460, stack(0x000000d8a7b00000,0x000000d8a7c00000)]
  0x00000291b01d9800 JavaThread "Cache worker for execution history cache (C:\Users\k.nesar\AndroidStudioProjects\Play_Beat\.gradle\7.0.2\executionHistory)" [_thread_blocked, id=8660, stack(0x000000d8a7c00000,0x000000d8a7d00000)]
  0x00000291adda2000 JavaThread "WorkerExecutor Queue" [_thread_blocked, id=20584, stack(0x000000d8a7d00000,0x000000d8a7e00000)]
  0x00000291add9f800 JavaThread "WorkerExecutor Queue Thread 2" [_thread_blocked, id=6416, stack(0x000000d8a8000000,0x000000d8a8100000)]
  0x00000291adda0800 JavaThread "pool-3-thread-1" [_thread_blocked, id=14352, stack(0x000000d8a8100000,0x000000d8a8200000)]
  0x00000291adda3000 JavaThread "stderr" [_thread_in_native, id=15964, stack(0x000000d8a8200000,0x000000d8a8300000)]
  0x00000291add9d800 JavaThread "stdout" [_thread_in_native, id=15488, stack(0x000000d8a8300000,0x000000d8a8400000)]
  0x00000291add9e000 JavaThread "WorkerExecutor Queue Thread 3" [_thread_blocked, id=6332, stack(0x000000d8a8400000,0x000000d8a8500000)]
  0x00000291adda8000 JavaThread "WorkerExecutor Queue Thread 4" [_thread_blocked, id=11436, stack(0x000000d8a8500000,0x000000d8a8600000)]
  0x00000291adda7000 JavaThread "ForkJoinPool-1-worker-3" daemon [_thread_blocked, id=13668, stack(0x000000d8a8600000,0x000000d8a8700000)]
  0x00000291adda5800 JavaThread "ForkJoinPool-1-worker-5" daemon [_thread_blocked, id=8384, stack(0x000000d8a8700000,0x000000d8a8800000)]
  0x00000291adda8800 JavaThread "ForkJoinPool-1-worker-7" daemon [_thread_blocked, id=12804, stack(0x000000d8a7000000,0x000000d8a7100000)]
  0x00000291adda6800 JavaThread "ForkJoinPool-1-worker-1" daemon [_thread_blocked, id=11252, stack(0x000000d8a8800000,0x000000d8a8900000)]
  0x00000291b00f9800 JavaThread "C2 CompilerThread1" daemon [_thread_blocked, id=11832, stack(0x000000d8a8900000,0x000000d8a8a00000)]

Other Threads:
=>0x00000291aa200000 VMThread "VM Thread" [stack: 0x000000d8a4700000,0x000000d8a4800000] [id=11636]
  0x00000291aabe3000 WatcherThread [stack: 0x000000d8a5200000,0x000000d8a5300000] [id=16000]
  0x0000029190617800 GCTaskThread "GC Thread#0" [stack: 0x000000d8a4200000,0x000000d8a4300000] [id=2520]
  0x00000291ab64f000 GCTaskThread "GC Thread#1" [stack: 0x000000d8a5400000,0x000000d8a5500000] [id=6080]
  0x00000291ab066800 GCTaskThread "GC Thread#2" [stack: 0x000000d8a5500000,0x000000d8a5600000] [id=8124]
  0x00000291ab1bc800 GCTaskThread "GC Thread#3" [stack: 0x000000d8a5600000,0x000000d8a5700000] [id=4528]
  0x0000029190646800 ConcurrentGCThread "G1 Main Marker" [stack: 0x000000d8a4300000,0x000000d8a4400000] [id=5584]
  0x0000029190648000 ConcurrentGCThread "G1 Conc#0" [stack: 0x000000d8a4400000,0x000000d8a4500000] [id=12352]
  0x00000291aa04e800 ConcurrentGCThread "G1 Refine#0" [stack: 0x000000d8a4500000,0x000000d8a4600000] [id=18660]
  0x00000291ae1b2000 ConcurrentGCThread "G1 Refine#1" [stack: 0x000000d8a7600000,0x000000d8a7700000] [id=9556]
  0x00000291aa04f800 ConcurrentGCThread "G1 Young RemSet Sampling" [stack: 0x000000d8a4600000,0x000000d8a4700000] [id=14480]

Threads with active compile tasks:
C2 CompilerThread0  47572 12195       4       com.android.tools.r8.internal.cd::b (32 bytes)
C2 CompilerThread1  47572 12192       4       com.android.tools.r8.graph.Z::b (74 bytes)

VM state:at safepoint (normal execution)

VM Mutex/Monitor currently owned by a thread:  ([mutex/lock_event])
[0x00000291905fa360] Threads_lock - owner thread: 0x00000291aa200000
[0x00000291905faa20] Heap_lock - owner thread: 0x00000291adda5800

Heap address: 0x0000000080000000, size: 2048 MB, Compressed Oops mode: 32-bit
Narrow klass base: 0x0000000000000000, Narrow klass shift: 3
Compressed class space size: 1073741824 Address: 0x0000000100000000

Heap:
 garbage-first heap   total 712704K, used 276480K [0x0000000080000000, 0x0000000100000000)
  region size 1024K, 4 young (4096K), 4 survivors (4096K)
 Metaspace       used 96670K, capacity 99076K, committed 99388K, reserved 1134592K
  class space    used 12619K, capacity 13495K, committed 13568K, reserved 1048576K
Heap Regions: E=young(eden), S=young(survivor), O=old, HS=humongous(starts), HC=humongous(continues), CS=collection set, F=free, A=archive, TAMS=top-at-mark-start (previous, next)
|   0|0x0000000080000000, 0x0000000080100000, 0x0000000080100000|100%| O|  |TAMS 0x0000000080100000, 0x0000000080000000| Untracked 
|   1|0x0000000080100000, 0x0000000080200000, 0x0000000080200000|100%| O|  |TAMS 0x0000000080200000, 0x0000000080100000| Untracked 
|   2|0x0000000080200000, 0x0000000080300000, 0x0000000080300000|100%| O|  |TAMS 0x0000000080300000, 0x0000000080200000| Untracked 
|   3|0x0000000080300000, 0x0000000080400000, 0x0000000080400000|100%|HS|  |TAMS 0x0000000080400000, 0x0000000080300000| Complete 
|   4|0x0000000080400000, 0x0000000080500000, 0x0000000080500000|100%|HC|  |TAMS 0x0000000080500000, 0x0000000080400000| Complete 
|   5|0x0000000080500000, 0x0000000080600000, 0x0000000080600000|100%|HC|  |TAMS 0x0000000080600000, 0x0000000080500000| Complete 
|   6|0x0000000080600000, 0x0000000080700000, 0x0000000080700000|100%| O|  |TAMS 0x0000000080700000, 0x0000000080600000| Untracked 
|   7|0x0000000080700000, 0x0000000080800000, 0x0000000080800000|100%| O|  |TAMS 0x0000000080800000, 0x0000000080700000| Untracked 
|   8|0x0000000080800000, 0x0000000080900000, 0x0000000080900000|100%| O|  |TAMS 0x0000000080900000, 0x0000000080800000| Untracked 
|   9|0x0000000080900000, 0x0000000080a00000, 0x0000000080a00000|100%| O|  |TAMS 0x0000000080a00000, 0x0000000080900000| Untracked 
|  10|0x0000000080a00000, 0x0000000080b00000, 0x0000000080b00000|100%| O|  |TAMS 0x0000000080b00000, 0x0000000080a00000| Untracked 
|  11|0x0000000080b00000, 0x0000000080c00000, 0x0000000080c00000|100%| O|  |TAMS 0x0000000080c00000, 0x0000000080b00000| Untracked 
|  12|0x0000000080c00000, 0x0000000080d00000, 0x0000000080d00000|100%|HS|  |TAMS 0x0000000080d00000, 0x0000000080c00000| Complete 
|  13|0x0000000080d00000, 0x0000000080e00000, 0x0000000080e00000|100%|HS|  |TAMS 0x0000000080e00000, 0x0000000080d00000| Complete 
|  14|0x0000000080e00000, 0x0000000080f00000, 0x0000000080f00000|100%|HS|  |TAMS 0x0000000080f00000, 0x0000000080e00000| Complete 
|  15|0x0000000080f00000, 0x0000000081000000, 0x0000000081000000|100%| O|  |TAMS 0x0000000081000000, 0x0000000080f00000| Untracked 
|  16|0x0000000081000000, 0x0000000081100000, 0x0000000081100000|100%| O|  |TAMS 0x0000000081100000, 0x0000000081000000| Untracked 
|  17|0x0000000081100000, 0x0000000081200000, 0x0000000081200000|100%| O|  |TAMS 0x0000000081200000, 0x0000000081100000| Untracked 
|  18|0x0000000081200000, 0x0000000081300000, 0x0000000081300000|100%| O|  |TAMS 0x0000000081300000, 0x0000000081200000| Untracked 
|  19|0x0000000081300000, 0x0000000081400000, 0x0000000081400000|100%| O|  |TAMS 0x0000000081400000, 0x0000000081300000| Untracked 
|  20|0x0000000081400000, 0x0000000081500000, 0x0000000081500000|100%|HS|  |TAMS 0x0000000081500000, 0x0000000081400000| Complete 
|  21|0x0000000081500000, 0x0000000081600000, 0x0000000081600000|100%|HC|  |TAMS 0x0000000081600000, 0x0000000081500000| Complete 
|  22|0x0000000081600000, 0x0000000081700000, 0x0000000081700000|100%|HC|  |TAMS 0x0000000081700000, 0x0000000081600000| Complete 
|  23|0x0000000081700000, 0x0000000081800000, 0x0000000081800000|100%|HS|  |TAMS 0x0000000081800000, 0x0000000081700000| Complete 
|  24|0x0000000081800000, 0x0000000081900000, 0x0000000081900000|100%|HC|  |TAMS 0x0000000081900000, 0x0000000081800000| Complete 
|  25|0x0000000081900000, 0x0000000081a00000, 0x0000000081a00000|100%| O|  |TAMS 0x0000000081a00000, 0x0000000081900000| Untracked 
|  26|0x0000000081a00000, 0x0000000081b00000, 0x0000000081b00000|100%| O|  |TAMS 0x0000000081b00000, 0x0000000081a00000| Untracked 
|  27|0x0000000081b00000, 0x0000000081c00000, 0x0000000081c00000|100%| O|  |TAMS 0x0000000081c00000, 0x0000000081b00000| Untracked 
|  28|0x0000000081c00000, 0x0000000081d00000, 0x0000000081d00000|100%| O|  |TAMS 0x0000000081d00000, 0x0000000081c00000| Untracked 
|  29|0x0000000081d00000, 0x0000000081e00000, 0x0000000081e00000|100%| O|  |TAMS 0x0000000081e00000, 0x0000000081d00000| Untracked 
|  30|0x0000000081e00000, 0x0000000081f00000, 0x0000000081f00000|100%| O|  |TAMS 0x0000000081f00000, 0x0000000081e00000| Untracked 
|  31|0x0000000081f00000, 0x0000000082000000, 0x0000000082000000|100%| O|  |TAMS 0x0000000082000000, 0x0000000081f00000| Untracked 
|  32|0x0000000082000000, 0x0000000082100000, 0x0000000082100000|100%| O|  |TAMS 0x0000000082100000, 0x0000000082000000| Untracked 
|  33|0x0000000082100000, 0x0000000082200000, 0x0000000082200000|100%| O|  |TAMS 0x0000000082200000, 0x0000000082100000| Untracked 
|  34|0x0000000082200000, 0x0000000082300000, 0x0000000082300000|100%| O|  |TAMS 0x0000000082300000, 0x0000000082200000| Untracked 
|  35|0x0000000082300000, 0x0000000082400000, 0x0000000082400000|100%| O|  |TAMS 0x0000000082400000, 0x0000000082300000| Untracked 
|  36|0x0000000082400000, 0x0000000082500000, 0x0000000082500000|100%| O|  |TAMS 0x0000000082500000, 0x0000000082400000| Untracked 
|  37|0x0000000082500000, 0x0000000082600000, 0x0000000082600000|100%| O|  |TAMS 0x0000000082600000, 0x0000000082500000| Untracked 
|  38|0x0000000082600000, 0x0000000082700000, 0x0000000082700000|100%| O|  |TAMS 0x0000000082700000, 0x0000000082600000| Untracked 
|  39|0x0000000082700000, 0x0000000082800000, 0x0000000082800000|100%| O|  |TAMS 0x0000000082800000, 0x0000000082700000| Untracked 
|  40|0x0000000082800000, 0x0000000082900000, 0x0000000082900000|100%| O|  |TAMS 0x0000000082900000, 0x0000000082800000| Untracked 
|  41|0x0000000082900000, 0x0000000082a00000, 0x0000000082a00000|100%| O|  |TAMS 0x0000000082a00000, 0x0000000082900000| Untracked 
|  42|0x0000000082a00000, 0x0000000082b00000, 0x0000000082b00000|100%| O|  |TAMS 0x0000000082b00000, 0x0000000082a00000| Untracked 
|  43|0x0000000082b00000, 0x0000000082c00000, 0x0000000082c00000|100%| O|  |TAMS 0x0000000082c00000, 0x0000000082b00000| Untracked 
|  44|0x0000000082c00000, 0x0000000082d00000, 0x0000000082d00000|100%| O|  |TAMS 0x0000000082d00000, 0x0000000082c00000| Untracked 
|  45|0x0000000082d00000, 0x0000000082e00000, 0x0000000082e00000|100%| O|  |TAMS 0x0000000082e00000, 0x0000000082d00000| Untracked 
|  46|0x0000000082e00000, 0x0000000082f00000, 0x0000000082f00000|100%| O|  |TAMS 0x0000000082f00000, 0x0000000082e00000| Untracked 
|  47|0x0000000082f00000, 0x0000000083000000, 0x0000000083000000|100%| O|  |TAMS 0x0000000083000000, 0x0000000082f00000| Untracked 
|  48|0x0000000083000000, 0x0000000083100000, 0x0000000083100000|100%| O|  |TAMS 0x0000000083100000, 0x0000000083000000| Untracked 
|  49|0x0000000083100000, 0x0000000083200000, 0x0000000083200000|100%| O|  |TAMS 0x0000000083200000, 0x0000000083100000| Untracked 
|  50|0x0000000083200000, 0x0000000083300000, 0x0000000083300000|100%| O|  |TAMS 0x0000000083300000, 0x0000000083200000| Untracked 
|  51|0x0000000083300000, 0x0000000083400000, 0x0000000083400000|100%| O|  |TAMS 0x0000000083400000, 0x0000000083300000| Untracked 
|  52|0x0000000083400000, 0x0000000083500000, 0x0000000083500000|100%| O|  |TAMS 0x0000000083500000, 0x0000000083400000| Untracked 
|  53|0x0000000083500000, 0x0000000083600000, 0x0000000083600000|100%| O|  |TAMS 0x0000000083600000, 0x0000000083500000| Untracked 
|  54|0x0000000083600000, 0x0000000083700000, 0x0000000083700000|100%| O|  |TAMS 0x0000000083700000, 0x0000000083600000| Untracked 
|  55|0x0000000083700000, 0x0000000083800000, 0x0000000083800000|100%| O|  |TAMS 0x0000000083800000, 0x0000000083700000| Untracked 
|  56|0x0000000083800000, 0x0000000083900000, 0x0000000083900000|100%| O|  |TAMS 0x0000000083900000, 0x0000000083800000| Untracked 
|  57|0x0000000083900000, 0x0000000083a00000, 0x0000000083a00000|100%| O|  |TAMS 0x0000000083a00000, 0x0000000083900000| Untracked 
|  58|0x0000000083a00000, 0x0000000083b00000, 0x0000000083b00000|100%| O|  |TAMS 0x0000000083b00000, 0x0000000083a00000| Untracked 
|  59|0x0000000083b00000, 0x0000000083c00000, 0x0000000083c00000|100%| O|  |TAMS 0x0000000083c00000, 0x0000000083b00000| Untracked 
|  60|0x0000000083c00000, 0x0000000083d00000, 0x0000000083d00000|100%| O|  |TAMS 0x0000000083d00000, 0x0000000083c00000| Untracked 
|  61|0x0000000083d00000, 0x0000000083e00000, 0x0000000083e00000|100%| O|  |TAMS 0x0000000083e00000, 0x0000000083d00000| Untracked 
|  62|0x0000000083e00000, 0x0000000083f00000, 0x0000000083f00000|100%| O|  |TAMS 0x0000000083f00000, 0x0000000083e00000| Untracked 
|  63|0x0000000083f00000, 0x0000000084000000, 0x0000000084000000|100%| O|  |TAMS 0x0000000084000000, 0x0000000083f00000| Untracked 
|  64|0x0000000084000000, 0x0000000084100000, 0x0000000084100000|100%| O|  |TAMS 0x0000000084100000, 0x0000000084000000| Untracked 
|  65|0x0000000084100000, 0x0000000084200000, 0x0000000084200000|100%| O|  |TAMS 0x0000000084200000, 0x0000000084100000| Untracked 
|  66|0x0000000084200000, 0x0000000084300000, 0x0000000084300000|100%| O|  |TAMS 0x0000000084300000, 0x0000000084200000| Untracked 
|  67|0x0000000084300000, 0x0000000084400000, 0x0000000084400000|100%| O|  |TAMS 0x0000000084400000, 0x0000000084300000| Untracked 
|  68|0x0000000084400000, 0x0000000084500000, 0x0000000084500000|100%| O|  |TAMS 0x0000000084500000, 0x0000000084400000| Untracked 
|  69|0x0000000084500000, 0x0000000084600000, 0x0000000084600000|100%| O|  |TAMS 0x0000000084600000, 0x0000000084500000| Untracked 
|  70|0x0000000084600000, 0x0000000084700000, 0x0000000084700000|100%| O|  |TAMS 0x0000000084700000, 0x0000000084600000| Untracked 
|  71|0x0000000084700000, 0x0000000084800000, 0x0000000084800000|100%| O|  |TAMS 0x0000000084800000, 0x0000000084700000| Untracked 
|  72|0x0000000084800000, 0x0000000084900000, 0x0000000084900000|100%| O|  |TAMS 0x0000000084900000, 0x0000000084800000| Untracked 
|  73|0x0000000084900000, 0x0000000084a00000, 0x0000000084a00000|100%| O|  |TAMS 0x0000000084a00000, 0x0000000084900000| Untracked 
|  74|0x0000000084a00000, 0x0000000084b00000, 0x0000000084b00000|100%| O|  |TAMS 0x0000000084b00000, 0x0000000084a00000| Untracked 
|  75|0x0000000084b00000, 0x0000000084c00000, 0x0000000084c00000|100%| O|  |TAMS 0x0000000084c00000, 0x0000000084b00000| Untracked 
|  76|0x0000000084c00000, 0x0000000084d00000, 0x0000000084d00000|100%| O|  |TAMS 0x0000000084d00000, 0x0000000084c00000| Untracked 
|  77|0x0000000084d00000, 0x0000000084e00000, 0x0000000084e00000|100%| O|  |TAMS 0x0000000084e00000, 0x0000000084d00000| Untracked 
|  78|0x0000000084e00000, 0x0000000084f00000, 0x0000000084f00000|100%| O|  |TAMS 0x0000000084f00000, 0x0000000084e00000| Untracked 
|  79|0x0000000084f00000, 0x0000000085000000, 0x0000000085000000|100%| O|  |TAMS 0x0000000085000000, 0x0000000084f00000| Untracked 
|  80|0x0000000085000000, 0x0000000085100000, 0x0000000085100000|100%| O|  |TAMS 0x0000000085100000, 0x0000000085000000| Untracked 
|  81|0x0000000085100000, 0x0000000085200000, 0x0000000085200000|100%| O|  |TAMS 0x0000000085200000, 0x0000000085100000| Untracked 
|  82|0x0000000085200000, 0x0000000085300000, 0x0000000085300000|100%|HS|  |TAMS 0x0000000085300000, 0x0000000085200000| Complete 
|  83|0x0000000085300000, 0x0000000085400000, 0x0000000085400000|100%|HC|  |TAMS 0x0000000085400000, 0x0000000085300000| Complete 
|  84|0x0000000085400000, 0x0000000085500000, 0x0000000085500000|100%|HS|  |TAMS 0x0000000085500000, 0x0000000085400000| Complete 
|  85|0x0000000085500000, 0x0000000085600000, 0x0000000085600000|100%|HC|  |TAMS 0x0000000085600000, 0x0000000085500000| Complete 
|  86|0x0000000085600000, 0x0000000085700000, 0x0000000085700000|100%| O|  |TAMS 0x0000000085700000, 0x0000000085600000| Untracked 
|  87|0x0000000085700000, 0x0000000085800000, 0x0000000085800000|100%| O|  |TAMS 0x0000000085800000, 0x0000000085700000| Untracked 
|  88|0x0000000085800000, 0x0000000085900000, 0x0000000085900000|100%| O|  |TAMS 0x0000000085900000, 0x0000000085800000| Untracked 
|  89|0x0000000085900000, 0x0000000085a00000, 0x0000000085a00000|100%| O|  |TAMS 0x0000000085a00000, 0x0000000085900000| Untracked 
|  90|0x0000000085a00000, 0x0000000085b00000, 0x0000000085b00000|100%|HS|  |TAMS 0x0000000085b00000, 0x0000000085a00000| Complete 
|  91|0x0000000085b00000, 0x0000000085c00000, 0x0000000085c00000|100%|HS|  |TAMS 0x0000000085c00000, 0x0000000085b00000| Complete 
|  92|0x0000000085c00000, 0x0000000085d00000, 0x0000000085d00000|100%|HS|  |TAMS 0x0000000085d00000, 0x0000000085c00000| Complete 
|  93|0x0000000085d00000, 0x0000000085e00000, 0x0000000085e00000|100%|HS|  |TAMS 0x0000000085e00000, 0x0000000085d00000| Complete 
|  94|0x0000000085e00000, 0x0000000085f00000, 0x0000000085f00000|100%|HS|  |TAMS 0x0000000085f00000, 0x0000000085e00000| Complete 
|  95|0x0000000085f00000, 0x0000000086000000, 0x0000000086000000|100%|HS|  |TAMS 0x0000000086000000, 0x0000000085f00000| Complete 
|  96|0x0000000086000000, 0x0000000086100000, 0x0000000086100000|100%|HC|  |TAMS 0x0000000086100000, 0x0000000086000000| Complete 
|  97|0x0000000086100000, 0x0000000086200000, 0x0000000086200000|100%|HS|  |TAMS 0x0000000086200000, 0x0000000086100000| Complete 
|  98|0x0000000086200000, 0x0000000086300000, 0x0000000086300000|100%|HS|  |TAMS 0x0000000086300000, 0x0000000086200000| Complete 
|  99|0x0000000086300000, 0x0000000086400000, 0x0000000086400000|100%|HC|  |TAMS 0x0000000086400000, 0x0000000086300000| Complete 
| 100|0x0000000086400000, 0x0000000086500000, 0x0000000086500000|100%|HC|  |TAMS 0x0000000086500000, 0x0000000086400000| Complete 
| 101|0x0000000086500000, 0x0000000086600000, 0x0000000086600000|100%|HS|  |TAMS 0x0000000086600000, 0x0000000086500000| Complete 
| 102|0x0000000086600000, 0x0000000086700000, 0x0000000086700000|100%|HC|  |TAMS 0x0000000086700000, 0x0000000086600000| Complete 
| 103|0x0000000086700000, 0x0000000086800000, 0x0000000086800000|100%| O|  |TAMS 0x0000000086800000, 0x0000000086700000| Untracked 
| 104|0x0000000086800000, 0x0000000086900000, 0x0000000086900000|100%| O|  |TAMS 0x0000000086900000, 0x0000000086800000| Untracked 
| 105|0x0000000086900000, 0x0000000086a00000, 0x0000000086a00000|100%| O|  |TAMS 0x0000000086a00000, 0x0000000086900000| Untracked 
| 106|0x0000000086a00000, 0x0000000086b00000, 0x0000000086b00000|100%| O|  |TAMS 0x0000000086b00000, 0x0000000086a00000| Untracked 
| 107|0x0000000086b00000, 0x0000000086c00000, 0x0000000086c00000|100%| O|  |TAMS 0x0000000086c00000, 0x0000000086b00000| Untracked 
| 108|0x0000000086c00000, 0x0000000086d00000, 0x0000000086d00000|100%| O|  |TAMS 0x0000000086d00000, 0x0000000086c00000| Untracked 
| 109|0x0000000086d00000, 0x0000000086e00000, 0x0000000086e00000|100%| O|  |TAMS 0x0000000086e00000, 0x0000000086d00000| Untracked 
| 110|0x0000000086e00000, 0x0000000086f00000, 0x0000000086f00000|100%| O|  |TAMS 0x0000000086f00000, 0x0000000086e00000| Untracked 
| 111|0x0000000086f00000, 0x0000000087000000, 0x0000000087000000|100%| O|  |TAMS 0x0000000087000000, 0x0000000086f00000| Untracked 
| 112|0x0000000087000000, 0x0000000087100000, 0x0000000087100000|100%|HS|  |TAMS 0x0000000087100000, 0x0000000087000000| Complete 
| 113|0x0000000087100000, 0x0000000087200000, 0x0000000087200000|100%|HC|  |TAMS 0x0000000087200000, 0x0000000087100000| Complete 
| 114|0x0000000087200000, 0x0000000087300000, 0x0000000087300000|100%| O|  |TAMS 0x0000000087300000, 0x0000000087200000| Untracked 
| 115|0x0000000087300000, 0x0000000087400000, 0x0000000087400000|100%| O|  |TAMS 0x0000000087400000, 0x0000000087300000| Untracked 
| 116|0x0000000087400000, 0x0000000087500000, 0x0000000087500000|100%|HS|  |TAMS 0x0000000087500000, 0x0000000087400000| Complete 
| 117|0x0000000087500000, 0x0000000087600000, 0x0000000087600000|100%|HC|  |TAMS 0x0000000087600000, 0x0000000087500000| Complete 
| 118|0x0000000087600000, 0x0000000087700000, 0x0000000087700000|100%| O|  |TAMS 0x0000000087700000, 0x0000000087600000| Untracked 
| 119|0x0000000087700000, 0x0000000087800000, 0x0000000087800000|100%|HS|  |TAMS 0x0000000087800000, 0x0000000087700000| Complete 
| 120|0x0000000087800000, 0x0000000087900000, 0x0000000087900000|100%| O|  |TAMS 0x0000000087900000, 0x0000000087800000| Untracked 
| 121|0x0000000087900000, 0x0000000087a00000, 0x0000000087a00000|100%|HS|  |TAMS 0x0000000087a00000, 0x0000000087900000| Complete 
| 122|0x0000000087a00000, 0x0000000087b00000, 0x0000000087b00000|100%| O|  |TAMS 0x0000000087b00000, 0x0000000087a00000| Untracked 
| 123|0x0000000087b00000, 0x0000000087c00000, 0x0000000087c00000|100%|HS|  |TAMS 0x0000000087c00000, 0x0000000087b00000| Complete 
| 124|0x0000000087c00000, 0x0000000087d00000, 0x0000000087d00000|100%| O|  |TAMS 0x0000000087d00000, 0x0000000087c00000| Untracked 
| 125|0x0000000087d00000, 0x0000000087e00000, 0x0000000087e00000|100%|HS|  |TAMS 0x0000000087e00000, 0x0000000087d00000| Complete 
| 126|0x0000000087e00000, 0x0000000087f00000, 0x0000000087f00000|100%|HS|  |TAMS 0x0000000087f00000, 0x0000000087e00000| Complete 
| 127|0x0000000087f00000, 0x0000000088000000, 0x0000000088000000|100%|HS|  |TAMS 0x0000000088000000, 0x0000000087f00000| Complete 
| 128|0x0000000088000000, 0x0000000088100000, 0x0000000088100000|100%| O|  |TAMS 0x0000000088100000, 0x0000000088000000| Untracked 
| 129|0x0000000088100000, 0x0000000088200000, 0x0000000088200000|100%| O|  |TAMS 0x0000000088200000, 0x0000000088100000| Untracked 
| 130|0x0000000088200000, 0x0000000088300000, 0x0000000088300000|100%|HS|  |TAMS 0x0000000088300000, 0x0000000088200000| Complete 
| 131|0x0000000088300000, 0x0000000088400000, 0x0000000088400000|100%|HC|  |TAMS 0x0000000088400000, 0x0000000088300000| Complete 
| 132|0x0000000088400000, 0x0000000088500000, 0x0000000088500000|100%| O|  |TAMS 0x0000000088500000, 0x0000000088400000| Untracked 
| 133|0x0000000088500000, 0x0000000088600000, 0x0000000088600000|100%|HS|  |TAMS 0x0000000088600000, 0x0000000088500000| Complete 
| 134|0x0000000088600000, 0x0000000088700000, 0x0000000088700000|100%| O|  |TAMS 0x0000000088700000, 0x0000000088600000| Untracked 
| 135|0x0000000088700000, 0x0000000088800000, 0x0000000088800000|100%| O|  |TAMS 0x0000000088800000, 0x0000000088700000| Untracked 
| 136|0x0000000088800000, 0x0000000088900000, 0x0000000088900000|100%| O|  |TAMS 0x0000000088900000, 0x0000000088800000| Untracked 
| 137|0x0000000088900000, 0x0000000088a00000, 0x0000000088a00000|100%|HS|  |TAMS 0x0000000088a00000, 0x0000000088900000| Complete 
| 138|0x0000000088a00000, 0x0000000088b00000, 0x0000000088b00000|100%|HC|  |TAMS 0x0000000088b00000, 0x0000000088a00000| Complete 
| 139|0x0000000088b00000, 0x0000000088c00000, 0x0000000088c00000|100%|HC|  |TAMS 0x0000000088c00000, 0x0000000088b00000| Complete 
| 140|0x0000000088c00000, 0x0000000088d00000, 0x0000000088d00000|100%| O|  |TAMS 0x0000000088d00000, 0x0000000088c00000| Untracked 
| 141|0x0000000088d00000, 0x0000000088e00000, 0x0000000088e00000|100%| O|  |TAMS 0x0000000088e00000, 0x0000000088d00000| Untracked 
| 142|0x0000000088e00000, 0x0000000088f00000, 0x0000000088f00000|100%|HS|  |TAMS 0x0000000088f00000, 0x0000000088e00000| Complete 
| 143|0x0000000088f00000, 0x0000000089000000, 0x0000000089000000|100%|HC|  |TAMS 0x0000000089000000, 0x0000000088f00000| Complete 
| 144|0x0000000089000000, 0x0000000089100000, 0x0000000089100000|100%| O|  |TAMS 0x0000000089100000, 0x0000000089000000| Untracked 
| 145|0x0000000089100000, 0x0000000089200000, 0x0000000089200000|100%| O|  |TAMS 0x0000000089200000, 0x0000000089100000| Untracked 
| 146|0x0000000089200000, 0x0000000089300000, 0x0000000089300000|100%| O|  |TAMS 0x0000000089300000, 0x0000000089200000| Untracked 
| 147|0x0000000089300000, 0x0000000089400000, 0x0000000089400000|100%| O|  |TAMS 0x0000000089400000, 0x0000000089300000| Untracked 
| 148|0x0000000089400000, 0x0000000089500000, 0x0000000089500000|100%| O|  |TAMS 0x0000000089500000, 0x0000000089400000| Untracked 
| 149|0x0000000089500000, 0x0000000089600000, 0x0000000089600000|100%| O|  |TAMS 0x0000000089600000, 0x0000000089500000| Untracked 
| 150|0x0000000089600000, 0x0000000089700000, 0x0000000089700000|100%| O|  |TAMS 0x0000000089700000, 0x0000000089600000| Untracked 
| 151|0x0000000089700000, 0x0000000089800000, 0x0000000089800000|100%|HS|  |TAMS 0x0000000089800000, 0x0000000089700000| Complete 
| 152|0x0000000089800000, 0x0000000089900000, 0x0000000089900000|100%|HC|  |TAMS 0x0000000089900000, 0x0000000089800000| Complete 
| 153|0x0000000089900000, 0x0000000089a00000, 0x0000000089a00000|100%| O|  |TAMS 0x0000000089a00000, 0x0000000089900000| Untracked 
| 154|0x0000000089a00000, 0x0000000089b00000, 0x0000000089b00000|100%| O|  |TAMS 0x0000000089b00000, 0x0000000089a00000| Untracked 
| 155|0x0000000089b00000, 0x0000000089c00000, 0x0000000089c00000|100%| O|  |TAMS 0x0000000089c00000, 0x0000000089b00000| Untracked 
| 156|0x0000000089c00000, 0x0000000089d00000, 0x0000000089d00000|100%| O|  |TAMS 0x0000000089d00000, 0x0000000089c00000| Untracked 
| 157|0x0000000089d00000, 0x0000000089e00000, 0x0000000089e00000|100%| O|  |TAMS 0x0000000089e00000, 0x0000000089d00000| Untracked 
| 158|0x0000000089e00000, 0x0000000089f00000, 0x0000000089f00000|100%| O|  |TAMS 0x0000000089f00000, 0x0000000089e00000| Untracked 
| 159|0x0000000089f00000, 0x000000008a000000, 0x000000008a000000|100%| O|  |TAMS 0x000000008a000000, 0x0000000089f00000| Untracked 
| 160|0x000000008a000000, 0x000000008a100000, 0x000000008a100000|100%| O|  |TAMS 0x000000008a100000, 0x000000008a000000| Untracked 
| 161|0x000000008a100000, 0x000000008a200000, 0x000000008a200000|100%| O|  |TAMS 0x000000008a200000, 0x000000008a100000| Untracked 
| 162|0x000000008a200000, 0x000000008a300000, 0x000000008a300000|100%| O|  |TAMS 0x000000008a300000, 0x000000008a200000| Untracked 
| 163|0x000000008a300000, 0x000000008a400000, 0x000000008a400000|100%| O|  |TAMS 0x000000008a400000, 0x000000008a300000| Untracked 
| 164|0x000000008a400000, 0x000000008a500000, 0x000000008a500000|100%| O|  |TAMS 0x000000008a500000, 0x000000008a400000| Untracked 
| 165|0x000000008a500000, 0x000000008a600000, 0x000000008a600000|100%| O|  |TAMS 0x000000008a600000, 0x000000008a500000| Untracked 
| 166|0x000000008a600000, 0x000000008a700000, 0x000000008a700000|100%| O|  |TAMS 0x000000008a700000, 0x000000008a600000| Untracked 
| 167|0x000000008a700000, 0x000000008a800000, 0x000000008a800000|100%| O|  |TAMS 0x000000008a800000, 0x000000008a700000| Untracked 
| 168|0x000000008a800000, 0x000000008a900000, 0x000000008a900000|100%| O|  |TAMS 0x000000008a900000, 0x000000008a800000| Untracked 
| 169|0x000000008a900000, 0x000000008aa00000, 0x000000008aa00000|100%| O|  |TAMS 0x000000008aa00000, 0x000000008a900000| Untracked 
| 170|0x000000008aa00000, 0x000000008ab00000, 0x000000008ab00000|100%| O|  |TAMS 0x000000008ab00000, 0x000000008aa00000| Untracked 
| 171|0x000000008ab00000, 0x000000008ac00000, 0x000000008ac00000|100%| O|  |TAMS 0x000000008ac00000, 0x000000008ab00000| Untracked 
| 172|0x000000008ac00000, 0x000000008ad00000, 0x000000008ad00000|100%| O|  |TAMS 0x000000008ad00000, 0x000000008ac00000| Untracked 
| 173|0x000000008ad00000, 0x000000008ae00000, 0x000000008ae00000|100%| O|  |TAMS 0x000000008ae00000, 0x000000008ad00000| Untracked 
| 174|0x000000008ae00000, 0x000000008af00000, 0x000000008af00000|100%| O|  |TAMS 0x000000008af00000, 0x000000008ae00000| Untracked 
| 175|0x000000008af00000, 0x000000008b000000, 0x000000008b000000|100%| O|  |TAMS 0x000000008b000000, 0x000000008af00000| Untracked 
| 176|0x000000008b000000, 0x000000008b100000, 0x000000008b100000|100%| O|  |TAMS 0x000000008b100000, 0x000000008b000000| Untracked 
| 177|0x000000008b100000, 0x000000008b200000, 0x000000008b200000|100%| O|  |TAMS 0x000000008b200000, 0x000000008b100000| Untracked 
| 178|0x000000008b200000, 0x000000008b300000, 0x000000008b300000|100%| O|  |TAMS 0x000000008b300000, 0x000000008b200000| Untracked 
| 179|0x000000008b300000, 0x000000008b400000, 0x000000008b400000|100%| O|  |TAMS 0x000000008b400000, 0x000000008b300000| Untracked 
| 180|0x000000008b400000, 0x000000008b500000, 0x000000008b500000|100%| O|  |TAMS 0x000000008b500000, 0x000000008b400000| Untracked 
| 181|0x000000008b500000, 0x000000008b600000, 0x000000008b600000|100%| O|  |TAMS 0x000000008b600000, 0x000000008b500000| Untracked 
| 182|0x000000008b600000, 0x000000008b700000, 0x000000008b700000|100%| O|  |TAMS 0x000000008b700000, 0x000000008b600000| Untracked 
| 183|0x000000008b700000, 0x000000008b800000, 0x000000008b800000|100%| O|  |TAMS 0x000000008b800000, 0x000000008b700000| Untracked 
| 184|0x000000008b800000, 0x000000008b900000, 0x000000008b900000|100%| O|  |TAMS 0x000000008b900000, 0x000000008b800000| Untracked 
| 185|0x000000008b900000, 0x000000008ba00000, 0x000000008ba00000|100%| O|  |TAMS 0x000000008ba00000, 0x000000008b900000| Untracked 
| 186|0x000000008ba00000, 0x000000008bb00000, 0x000000008bb00000|100%| O|  |TAMS 0x000000008bb00000, 0x000000008ba00000| Untracked 
| 187|0x000000008bb00000, 0x000000008bc00000, 0x000000008bc00000|100%| O|  |TAMS 0x000000008bc00000, 0x000000008bb00000| Untracked 
| 188|0x000000008bc00000, 0x000000008bd00000, 0x000000008bd00000|100%| O|  |TAMS 0x000000008bd00000, 0x000000008bc00000| Untracked 
| 189|0x000000008bd00000, 0x000000008be00000, 0x000000008be00000|100%| O|  |TAMS 0x000000008be00000, 0x000000008bd00000| Untracked 
| 190|0x000000008be00000, 0x000000008bf00000, 0x000000008bf00000|100%| O|  |TAMS 0x000000008bf00000, 0x000000008be00000| Untracked 
| 191|0x000000008bf00000, 0x000000008c000000, 0x000000008c000000|100%| O|  |TAMS 0x000000008c000000, 0x000000008bf00000| Untracked 
| 192|0x000000008c000000, 0x000000008c100000, 0x000000008c100000|100%| O|  |TAMS 0x000000008c100000, 0x000000008c000000| Untracked 
| 193|0x000000008c100000, 0x000000008c200000, 0x000000008c200000|100%| O|  |TAMS 0x000000008c200000, 0x000000008c100000| Untracked 
| 194|0x000000008c200000, 0x000000008c300000, 0x000000008c300000|100%| O|  |TAMS 0x000000008c300000, 0x000000008c200000| Untracked 
| 195|0x000000008c300000, 0x000000008c400000, 0x000000008c400000|100%| O|  |TAMS 0x000000008c400000, 0x000000008c300000| Untracked 
| 196|0x000000008c400000, 0x000000008c500000, 0x000000008c500000|100%| O|  |TAMS 0x000000008c500000, 0x000000008c400000| Untracked 
| 197|0x000000008c500000, 0x000000008c600000, 0x000000008c600000|100%| O|  |TAMS 0x000000008c600000, 0x000000008c500000| Untracked 
| 198|0x000000008c600000, 0x000000008c700000, 0x000000008c700000|100%| O|  |TAMS 0x000000008c700000, 0x000000008c600000| Untracked 
| 199|0x000000008c700000, 0x000000008c800000, 0x000000008c800000|100%| O|  |TAMS 0x000000008c800000, 0x000000008c700000| Untracked 
| 200|0x000000008c800000, 0x000000008c900000, 0x000000008c900000|100%| O|  |TAMS 0x000000008c900000, 0x000000008c800000| Untracked 
| 201|0x000000008c900000, 0x000000008ca00000, 0x000000008ca00000|100%| O|  |TAMS 0x000000008ca00000, 0x000000008c900000| Untracked 
| 202|0x000000008ca00000, 0x000000008cb00000, 0x000000008cb00000|100%| O|  |TAMS 0x000000008cb00000, 0x000000008ca00000| Untracked 
| 203|0x000000008cb00000, 0x000000008cc00000, 0x000000008cc00000|100%| O|  |TAMS 0x000000008cc00000, 0x000000008cb00000| Untracked 
| 204|0x000000008cc00000, 0x000000008cd00000, 0x000000008cd00000|100%| O|  |TAMS 0x000000008cd00000, 0x000000008cc00000| Untracked 
| 205|0x000000008cd00000, 0x000000008ce00000, 0x000000008ce00000|100%| O|  |TAMS 0x000000008ce00000, 0x000000008cd00000| Untracked 
| 206|0x000000008ce00000, 0x000000008cf00000, 0x000000008cf00000|100%| O|  |TAMS 0x000000008cf00000, 0x000000008ce00000| Untracked 
| 207|0x000000008cf00000, 0x000000008d000000, 0x000000008d000000|100%| O|  |TAMS 0x000000008d000000, 0x000000008cf00000| Untracked 
| 208|0x000000008d000000, 0x000000008d100000, 0x000000008d100000|100%| O|  |TAMS 0x000000008d100000, 0x000000008d000000| Untracked 
| 209|0x000000008d100000, 0x000000008d200000, 0x000000008d200000|100%| O|  |TAMS 0x000000008d200000, 0x000000008d100000| Untracked 
| 210|0x000000008d200000, 0x000000008d300000, 0x000000008d300000|100%| O|  |TAMS 0x000000008d300000, 0x000000008d200000| Untracked 
| 211|0x000000008d300000, 0x000000008d400000, 0x000000008d400000|100%| O|  |TAMS 0x000000008d400000, 0x000000008d300000| Untracked 
| 212|0x000000008d400000, 0x000000008d500000, 0x000000008d500000|100%| O|  |TAMS 0x000000008d500000, 0x000000008d400000| Untracked 
| 213|0x000000008d500000, 0x000000008d600000, 0x000000008d600000|100%| O|  |TAMS 0x000000008d600000, 0x000000008d500000| Untracked 
| 214|0x000000008d600000, 0x000000008d700000, 0x000000008d700000|100%| O|  |TAMS 0x000000008d700000, 0x000000008d600000| Untracked 
| 215|0x000000008d700000, 0x000000008d800000, 0x000000008d800000|100%| O|  |TAMS 0x000000008d800000, 0x000000008d700000| Untracked 
| 216|0x000000008d800000, 0x000000008d900000, 0x000000008d900000|100%| O|  |TAMS 0x000000008d900000, 0x000000008d800000| Untracked 
| 217|0x000000008d900000, 0x000000008da00000, 0x000000008da00000|100%| O|  |TAMS 0x000000008da00000, 0x000000008d900000| Untracked 
| 218|0x000000008da00000, 0x000000008db00000, 0x000000008db00000|100%| O|  |TAMS 0x000000008db00000, 0x000000008da00000| Untracked 
| 219|0x000000008db00000, 0x000000008dc00000, 0x000000008dc00000|100%| O|  |TAMS 0x000000008dc00000, 0x000000008db00000| Untracked 
| 220|0x000000008dc00000, 0x000000008dd00000, 0x000000008dd00000|100%| O|  |TAMS 0x000000008dd00000, 0x000000008dc00000| Untracked 
| 221|0x000000008dd00000, 0x000000008de00000, 0x000000008de00000|100%| O|  |TAMS 0x000000008de00000, 0x000000008dd00000| Untracked 
| 222|0x000000008de00000, 0x000000008df00000, 0x000000008df00000|100%| O|  |TAMS 0x000000008df00000, 0x000000008de00000| Untracked 
| 223|0x000000008df00000, 0x000000008e000000, 0x000000008e000000|100%| O|  |TAMS 0x000000008e000000, 0x000000008df00000| Untracked 
| 224|0x000000008e000000, 0x000000008e100000, 0x000000008e100000|100%| O|  |TAMS 0x000000008e100000, 0x000000008e000000| Untracked 
| 225|0x000000008e100000, 0x000000008e200000, 0x000000008e200000|100%| O|  |TAMS 0x000000008e200000, 0x000000008e100000| Untracked 
| 226|0x000000008e200000, 0x000000008e300000, 0x000000008e300000|100%| O|  |TAMS 0x000000008e300000, 0x000000008e200000| Untracked 
| 227|0x000000008e300000, 0x000000008e400000, 0x000000008e400000|100%| O|  |TAMS 0x000000008e400000, 0x000000008e300000| Untracked 
| 228|0x000000008e400000, 0x000000008e500000, 0x000000008e500000|100%| O|  |TAMS 0x000000008e500000, 0x000000008e400000| Untracked 
| 229|0x000000008e500000, 0x000000008e600000, 0x000000008e600000|100%| O|  |TAMS 0x000000008e600000, 0x000000008e500000| Untracked 
| 230|0x000000008e600000, 0x000000008e700000, 0x000000008e700000|100%| O|  |TAMS 0x000000008e700000, 0x000000008e600000| Untracked 
| 231|0x000000008e700000, 0x000000008e800000, 0x000000008e800000|100%| O|  |TAMS 0x000000008e800000, 0x000000008e700000| Untracked 
| 232|0x000000008e800000, 0x000000008e900000, 0x000000008e900000|100%| O|  |TAMS 0x000000008e900000, 0x000000008e800000| Untracked 
| 233|0x000000008e900000, 0x000000008ea00000, 0x000000008ea00000|100%| O|  |TAMS 0x000000008ea00000, 0x000000008e900000| Untracked 
| 234|0x000000008ea00000, 0x000000008eb00000, 0x000000008eb00000|100%| O|  |TAMS 0x000000008eb00000, 0x000000008ea00000| Untracked 
| 235|0x000000008eb00000, 0x000000008ec00000, 0x000000008ec00000|100%| O|  |TAMS 0x000000008ec00000, 0x000000008eb00000| Untracked 
| 236|0x000000008ec00000, 0x000000008ed00000, 0x000000008ed00000|100%| O|  |TAMS 0x000000008ed00000, 0x000000008ec00000| Untracked 
| 237|0x000000008ed00000, 0x000000008ee00000, 0x000000008ee00000|100%| O|  |TAMS 0x000000008ee00000, 0x000000008ed00000| Untracked 
| 238|0x000000008ee00000, 0x000000008ef00000, 0x000000008ef00000|100%| O|  |TAMS 0x000000008ef00000, 0x000000008ee00000| Untracked 
| 239|0x000000008ef00000, 0x000000008f000000, 0x000000008f000000|100%| O|  |TAMS 0x000000008f000000, 0x000000008ef00000| Untracked 
| 240|0x000000008f000000, 0x000000008f100000, 0x000000008f100000|100%| O|  |TAMS 0x000000008f100000, 0x000000008f000000| Untracked 
| 241|0x000000008f100000, 0x000000008f200000, 0x000000008f200000|100%| O|  |TAMS 0x000000008f200000, 0x000000008f100000| Untracked 
| 242|0x000000008f200000, 0x000000008f300000, 0x000000008f300000|100%| O|  |TAMS 0x000000008f300000, 0x000000008f200000| Untracked 
| 243|0x000000008f300000, 0x000000008f400000, 0x000000008f400000|100%| O|  |TAMS 0x000000008f300000, 0x000000008f300000| Untracked 
| 244|0x000000008f400000, 0x000000008f500000, 0x000000008f500000|100%| O|  |TAMS 0x000000008f400000, 0x000000008f400000| Untracked 
| 245|0x000000008f500000, 0x000000008f600000, 0x000000008f600000|100%| O|  |TAMS 0x000000008f500000, 0x000000008f500000| Untracked 
| 246|0x000000008f600000, 0x000000008f700000, 0x000000008f700000|100%| O|  |TAMS 0x000000008f600000, 0x000000008f600000| Untracked 
| 247|0x000000008f700000, 0x000000008f800000, 0x000000008f800000|100%| O|  |TAMS 0x000000008f700000, 0x000000008f700000| Untracked 
| 248|0x000000008f800000, 0x000000008f900000, 0x000000008f900000|100%| O|  |TAMS 0x000000008f800000, 0x000000008f800000| Untracked 
| 249|0x000000008f900000, 0x000000008fa00000, 0x000000008fa00000|100%| O|  |TAMS 0x000000008f900000, 0x000000008f900000| Untracked 
| 250|0x000000008fa00000, 0x000000008fb00000, 0x000000008fb00000|100%| O|  |TAMS 0x000000008fa00000, 0x000000008fa00000| Untracked 
| 251|0x000000008fb00000, 0x000000008fc00000, 0x000000008fc00000|100%| O|  |TAMS 0x000000008fb00000, 0x000000008fb00000| Untracked 
| 252|0x000000008fc00000, 0x000000008fd00000, 0x000000008fd00000|100%| O|  |TAMS 0x000000008fc00000, 0x000000008fc00000| Untracked 
| 253|0x000000008fd00000, 0x000000008fe00000, 0x000000008fe00000|100%| O|  |TAMS 0x000000008fd00000, 0x000000008fd00000| Untracked 
| 254|0x000000008fe00000, 0x000000008ff00000, 0x000000008ff00000|100%| O|  |TAMS 0x000000008fe00000, 0x000000008fe00000| Untracked 
| 255|0x000000008ff00000, 0x0000000090000000, 0x0000000090000000|100%| O|  |TAMS 0x000000008ff00000, 0x000000008ff00000| Untracked 
| 256|0x0000000090000000, 0x0000000090100000, 0x0000000090100000|100%| O|  |TAMS 0x0000000090000000, 0x0000000090000000| Untracked 
| 257|0x0000000090100000, 0x0000000090200000, 0x0000000090200000|100%| O|  |TAMS 0x0000000090100000, 0x0000000090100000| Untracked 
| 258|0x0000000090200000, 0x0000000090300000, 0x0000000090300000|100%| O|  |TAMS 0x0000000090200000, 0x0000000090200000| Untracked 
| 259|0x0000000090300000, 0x0000000090400000, 0x0000000090400000|100%| O|  |TAMS 0x0000000090300000, 0x0000000090300000| Untracked 
| 260|0x0000000090400000, 0x0000000090500000, 0x0000000090500000|100%| O|  |TAMS 0x0000000090400000, 0x0000000090400000| Untracked 
| 261|0x0000000090500000, 0x0000000090600000, 0x0000000090600000|100%| O|  |TAMS 0x0000000090500000, 0x0000000090500000| Untracked 
| 262|0x0000000090600000, 0x0000000090700000, 0x0000000090700000|100%| O|  |TAMS 0x0000000090600000, 0x0000000090600000| Untracked 
| 263|0x0000000090700000, 0x0000000090800000, 0x0000000090800000|100%| O|  |TAMS 0x0000000090700000, 0x0000000090700000| Untracked 
| 264|0x0000000090800000, 0x0000000090900000, 0x0000000090900000|100%| O|  |TAMS 0x0000000090800000, 0x0000000090800000| Untracked 
| 265|0x0000000090900000, 0x0000000090a00000, 0x0000000090a00000|100%| O|  |TAMS 0x0000000090900000, 0x0000000090900000| Untracked 
| 266|0x0000000090a00000, 0x0000000090a00000, 0x0000000090b00000|  0%| F|  |TAMS 0x0000000090a00000, 0x0000000090a00000| Untracked 
| 267|0x0000000090b00000, 0x0000000090b00000, 0x0000000090c00000|  0%| F|  |TAMS 0x0000000090b00000, 0x0000000090b00000| Untracked 
| 268|0x0000000090c00000, 0x0000000090c00000, 0x0000000090d00000|  0%| F|  |TAMS 0x0000000090c00000, 0x0000000090c00000| Untracked 
| 269|0x0000000090d00000, 0x0000000090d00000, 0x0000000090e00000|  0%| F|  |TAMS 0x0000000090d00000, 0x0000000090d00000| Untracked 
| 270|0x0000000090e00000, 0x0000000090e00000, 0x0000000090f00000|  0%| F|  |TAMS 0x0000000090e00000, 0x0000000090e00000| Untracked 
| 271|0x0000000090f00000, 0x0000000090f00000, 0x0000000091000000|  0%| F|  |TAMS 0x0000000090f00000, 0x0000000090f00000| Untracked 
| 272|0x0000000091000000, 0x0000000091000000, 0x0000000091100000|  0%| F|  |TAMS 0x0000000091000000, 0x0000000091000000| Untracked 
| 273|0x0000000091100000, 0x0000000091100000, 0x0000000091200000|  0%| F|  |TAMS 0x0000000091100000, 0x0000000091100000| Untracked 
| 274|0x0000000091200000, 0x0000000091200000, 0x0000000091300000|  0%| F|  |TAMS 0x0000000091200000, 0x0000000091200000| Untracked 
| 275|0x0000000091300000, 0x0000000091300000, 0x0000000091400000|  0%| F|  |TAMS 0x0000000091300000, 0x0000000091300000| Untracked 
| 276|0x0000000091400000, 0x0000000091400000, 0x0000000091500000|  0%| F|  |TAMS 0x0000000091400000, 0x0000000091400000| Untracked 
| 277|0x0000000091500000, 0x0000000091500000, 0x0000000091600000|  0%| F|  |TAMS 0x0000000091500000, 0x0000000091500000| Untracked 
| 278|0x0000000091600000, 0x0000000091600000, 0x0000000091700000|  0%| F|  |TAMS 0x0000000091600000, 0x0000000091600000| Untracked 
| 279|0x0000000091700000, 0x0000000091700000, 0x0000000091800000|  0%| F|  |TAMS 0x0000000091700000, 0x0000000091700000| Untracked 
| 280|0x0000000091800000, 0x0000000091800000, 0x0000000091900000|  0%| F|  |TAMS 0x0000000091800000, 0x0000000091800000| Untracked 
| 281|0x0000000091900000, 0x0000000091900000, 0x0000000091a00000|  0%| F|  |TAMS 0x0000000091900000, 0x0000000091900000| Untracked 
| 282|0x0000000091a00000, 0x0000000091a00000, 0x0000000091b00000|  0%| F|  |TAMS 0x0000000091a00000, 0x0000000091a00000| Untracked 
| 283|0x0000000091b00000, 0x0000000091b00000, 0x0000000091c00000|  0%| F|  |TAMS 0x0000000091b00000, 0x0000000091b00000| Untracked 
| 284|0x0000000091c00000, 0x0000000091c00000, 0x0000000091d00000|  0%| F|  |TAMS 0x0000000091c00000, 0x0000000091c00000| Untracked 
| 285|0x0000000091d00000, 0x0000000091d00000, 0x0000000091e00000|  0%| F|  |TAMS 0x0000000091d00000, 0x0000000091d00000| Untracked 
| 286|0x0000000091e00000, 0x0000000091e00000, 0x0000000091f00000|  0%| F|  |TAMS 0x0000000091e00000, 0x0000000091e00000| Untracked 
| 287|0x0000000091f00000, 0x0000000091f00000, 0x0000000092000000|  0%| F|  |TAMS 0x0000000091f00000, 0x0000000091f00000| Untracked 
| 288|0x0000000092000000, 0x0000000092000000, 0x0000000092100000|  0%| F|  |TAMS 0x0000000092000000, 0x0000000092000000| Untracked 
| 289|0x0000000092100000, 0x0000000092100000, 0x0000000092200000|  0%| F|  |TAMS 0x0000000092100000, 0x0000000092100000| Untracked 
| 290|0x0000000092200000, 0x0000000092200000, 0x0000000092300000|  0%| F|  |TAMS 0x0000000092200000, 0x0000000092200000| Untracked 
| 291|0x0000000092300000, 0x0000000092300000, 0x0000000092400000|  0%| F|  |TAMS 0x0000000092300000, 0x0000000092300000| Untracked 
| 292|0x0000000092400000, 0x0000000092400000, 0x0000000092500000|  0%| F|  |TAMS 0x0000000092400000, 0x0000000092400000| Untracked 
| 293|0x0000000092500000, 0x0000000092500000, 0x0000000092600000|  0%| F|  |TAMS 0x0000000092500000, 0x0000000092500000| Untracked 
| 294|0x0000000092600000, 0x0000000092600000, 0x0000000092700000|  0%| F|  |TAMS 0x0000000092600000, 0x0000000092600000| Untracked 
| 295|0x0000000092700000, 0x0000000092700000, 0x0000000092800000|  0%| F|  |TAMS 0x0000000092700000, 0x0000000092700000| Untracked 
| 296|0x0000000092800000, 0x0000000092800000, 0x0000000092900000|  0%| F|  |TAMS 0x0000000092800000, 0x0000000092800000| Untracked 
| 297|0x0000000092900000, 0x0000000092900000, 0x0000000092a00000|  0%| F|  |TAMS 0x0000000092900000, 0x0000000092900000| Untracked 
| 298|0x0000000092a00000, 0x0000000092a00000, 0x0000000092b00000|  0%| F|  |TAMS 0x0000000092a00000, 0x0000000092a00000| Untracked 
| 299|0x0000000092b00000, 0x0000000092b00000, 0x0000000092c00000|  0%| F|  |TAMS 0x0000000092b00000, 0x0000000092b00000| Untracked 
| 300|0x0000000092c00000, 0x0000000092c00000, 0x0000000092d00000|  0%| F|  |TAMS 0x0000000092c00000, 0x0000000092c00000| Untracked 
| 301|0x0000000092d00000, 0x0000000092d00000, 0x0000000092e00000|  0%| F|  |TAMS 0x0000000092d00000, 0x0000000092d00000| Untracked 
| 302|0x0000000092e00000, 0x0000000092e00000, 0x0000000092f00000|  0%| F|  |TAMS 0x0000000092e00000, 0x0000000092e00000| Untracked 
| 303|0x0000000092f00000, 0x0000000092f00000, 0x0000000093000000|  0%| F|  |TAMS 0x0000000092f00000, 0x0000000092f00000| Untracked 
| 304|0x0000000093000000, 0x0000000093000000, 0x0000000093100000|  0%| F|  |TAMS 0x0000000093000000, 0x0000000093000000| Untracked 
| 305|0x0000000093100000, 0x0000000093100000, 0x0000000093200000|  0%| F|  |TAMS 0x0000000093100000, 0x0000000093100000| Untracked 
| 306|0x0000000093200000, 0x0000000093200000, 0x0000000093300000|  0%| F|  |TAMS 0x0000000093200000, 0x0000000093200000| Untracked 
| 307|0x0000000093300000, 0x0000000093300000, 0x0000000093400000|  0%| F|  |TAMS 0x0000000093300000, 0x0000000093300000| Untracked 
| 308|0x0000000093400000, 0x0000000093400000, 0x0000000093500000|  0%| F|  |TAMS 0x0000000093400000, 0x0000000093400000| Untracked 
| 309|0x0000000093500000, 0x0000000093500000, 0x0000000093600000|  0%| F|  |TAMS 0x0000000093500000, 0x0000000093500000| Untracked 
| 310|0x0000000093600000, 0x0000000093600000, 0x0000000093700000|  0%| F|  |TAMS 0x0000000093600000, 0x0000000093600000| Untracked 
| 311|0x0000000093700000, 0x0000000093700000, 0x0000000093800000|  0%| F|  |TAMS 0x0000000093700000, 0x0000000093700000| Untracked 
| 312|0x0000000093800000, 0x0000000093800000, 0x0000000093900000|  0%| F|  |TAMS 0x0000000093800000, 0x0000000093800000| Untracked 
| 313|0x0000000093900000, 0x0000000093900000, 0x0000000093a00000|  0%| F|  |TAMS 0x0000000093900000, 0x0000000093900000| Untracked 
| 314|0x0000000093a00000, 0x0000000093a00000, 0x0000000093b00000|  0%| F|  |TAMS 0x0000000093a00000, 0x0000000093a00000| Untracked 
| 315|0x0000000093b00000, 0x0000000093b00000, 0x0000000093c00000|  0%| F|  |TAMS 0x0000000093b00000, 0x0000000093b00000| Untracked 
| 316|0x0000000093c00000, 0x0000000093c00000, 0x0000000093d00000|  0%| F|  |TAMS 0x0000000093c00000, 0x0000000093c00000| Untracked 
| 317|0x0000000093d00000, 0x0000000093d00000, 0x0000000093e00000|  0%| F|  |TAMS 0x0000000093d00000, 0x0000000093d00000| Untracked 
| 318|0x0000000093e00000, 0x0000000093e00000, 0x0000000093f00000|  0%| F|  |TAMS 0x0000000093e00000, 0x0000000093e00000| Untracked 
| 319|0x0000000093f00000, 0x0000000093f00000, 0x0000000094000000|  0%| F|  |TAMS 0x0000000093f00000, 0x0000000093f00000| Untracked 
| 320|0x0000000094000000, 0x0000000094000000, 0x0000000094100000|  0%| F|  |TAMS 0x0000000094000000, 0x0000000094000000| Untracked 
| 321|0x0000000094100000, 0x0000000094100000, 0x0000000094200000|  0%| F|  |TAMS 0x0000000094100000, 0x0000000094100000| Untracked 
| 322|0x0000000094200000, 0x0000000094200000, 0x0000000094300000|  0%| F|  |TAMS 0x0000000094200000, 0x0000000094200000| Untracked 
| 323|0x0000000094300000, 0x0000000094300000, 0x0000000094400000|  0%| F|  |TAMS 0x0000000094300000, 0x0000000094300000| Untracked 
| 324|0x0000000094400000, 0x0000000094400000, 0x0000000094500000|  0%| F|  |TAMS 0x0000000094400000, 0x0000000094400000| Untracked 
| 325|0x0000000094500000, 0x0000000094500000, 0x0000000094600000|  0%| F|  |TAMS 0x0000000094500000, 0x0000000094500000| Untracked 
| 326|0x0000000094600000, 0x0000000094600000, 0x0000000094700000|  0%| F|  |TAMS 0x0000000094600000, 0x0000000094600000| Untracked 
| 327|0x0000000094700000, 0x0000000094700000, 0x0000000094800000|  0%| F|  |TAMS 0x0000000094700000, 0x0000000094700000| Untracked 
| 328|0x0000000094800000, 0x0000000094800000, 0x0000000094900000|  0%| F|  |TAMS 0x0000000094800000, 0x0000000094800000| Untracked 
| 329|0x0000000094900000, 0x0000000094a00000, 0x0000000094a00000|100%| S|CS|TAMS 0x0000000094900000, 0x0000000094900000| Complete 
| 330|0x0000000094a00000, 0x0000000094b00000, 0x0000000094b00000|100%| S|CS|TAMS 0x0000000094a00000, 0x0000000094a00000| Complete 
| 331|0x0000000094b00000, 0x0000000094c00000, 0x0000000094c00000|100%| S|CS|TAMS 0x0000000094b00000, 0x0000000094b00000| Complete 
| 332|0x0000000094c00000, 0x0000000094d00000, 0x0000000094d00000|100%| S|CS|TAMS 0x0000000094c00000, 0x0000000094c00000| Complete 
| 333|0x0000000094d00000, 0x0000000094d00000, 0x0000000094e00000|  0%| F|  |TAMS 0x0000000094d00000, 0x0000000094d00000| Untracked 
| 334|0x0000000094e00000, 0x0000000094e00000, 0x0000000094f00000|  0%| F|  |TAMS 0x0000000094e00000, 0x0000000094e00000| Untracked 
| 335|0x0000000094f00000, 0x0000000094f00000, 0x0000000095000000|  0%| F|  |TAMS 0x0000000094f00000, 0x0000000094f00000| Untracked 
| 336|0x0000000095000000, 0x0000000095000000, 0x0000000095100000|  0%| F|  |TAMS 0x0000000095000000, 0x0000000095000000| Untracked 
| 337|0x0000000095100000, 0x0000000095100000, 0x0000000095200000|  0%| F|  |TAMS 0x0000000095100000, 0x0000000095100000| Untracked 
| 338|0x0000000095200000, 0x0000000095200000, 0x0000000095300000|  0%| F|  |TAMS 0x0000000095200000, 0x0000000095200000| Untracked 
| 339|0x0000000095300000, 0x0000000095300000, 0x0000000095400000|  0%| F|  |TAMS 0x0000000095300000, 0x0000000095300000| Untracked 
| 340|0x0000000095400000, 0x0000000095400000, 0x0000000095500000|  0%| F|  |TAMS 0x0000000095400000, 0x0000000095400000| Untracked 
| 341|0x0000000095500000, 0x0000000095500000, 0x0000000095600000|  0%| F|  |TAMS 0x0000000095500000, 0x0000000095500000| Untracked 
| 342|0x0000000095600000, 0x0000000095600000, 0x0000000095700000|  0%| F|  |TAMS 0x0000000095600000, 0x0000000095600000| Untracked 
| 343|0x0000000095700000, 0x0000000095700000, 0x0000000095800000|  0%| F|  |TAMS 0x0000000095700000, 0x0000000095700000| Untracked 
| 344|0x0000000095800000, 0x0000000095800000, 0x0000000095900000|  0%| F|  |TAMS 0x0000000095800000, 0x0000000095800000| Untracked 
| 345|0x0000000095900000, 0x0000000095900000, 0x0000000095a00000|  0%| F|  |TAMS 0x0000000095900000, 0x0000000095900000| Untracked 
| 346|0x0000000095a00000, 0x0000000095a00000, 0x0000000095b00000|  0%| F|  |TAMS 0x0000000095a00000, 0x0000000095a00000| Untracked 
| 347|0x0000000095b00000, 0x0000000095b00000, 0x0000000095c00000|  0%| F|  |TAMS 0x0000000095b00000, 0x0000000095b00000| Untracked 
| 348|0x0000000095c00000, 0x0000000095c00000, 0x0000000095d00000|  0%| F|  |TAMS 0x0000000095c00000, 0x0000000095c00000| Untracked 
| 349|0x0000000095d00000, 0x0000000095d00000, 0x0000000095e00000|  0%| F|  |TAMS 0x0000000095d00000, 0x0000000095d00000| Untracked 
| 350|0x0000000095e00000, 0x0000000095e00000, 0x0000000095f00000|  0%| F|  |TAMS 0x0000000095e00000, 0x0000000095e00000| Untracked 
| 351|0x0000000095f00000, 0x0000000095f00000, 0x0000000096000000|  0%| F|  |TAMS 0x0000000095f00000, 0x0000000095f00000| Untracked 
| 352|0x0000000096000000, 0x0000000096000000, 0x0000000096100000|  0%| F|  |TAMS 0x0000000096000000, 0x0000000096000000| Untracked 
| 353|0x0000000096100000, 0x0000000096100000, 0x0000000096200000|  0%| F|  |TAMS 0x0000000096100000, 0x0000000096100000| Untracked 
| 354|0x0000000096200000, 0x0000000096200000, 0x0000000096300000|  0%| F|  |TAMS 0x0000000096200000, 0x0000000096200000| Untracked 
| 355|0x0000000096300000, 0x0000000096300000, 0x0000000096400000|  0%| F|  |TAMS 0x0000000096300000, 0x0000000096300000| Untracked 
| 356|0x0000000096400000, 0x0000000096400000, 0x0000000096500000|  0%| F|  |TAMS 0x0000000096400000, 0x0000000096400000| Untracked 
| 357|0x0000000096500000, 0x0000000096500000, 0x0000000096600000|  0%| F|  |TAMS 0x0000000096500000, 0x0000000096500000| Untracked 

Card table byte_map: [0x00000291a34e0000,0x00000291a38e0000] _byte_map_base: 0x00000291a30e0000

Marking Bits (Prev, Next): (CMBitMap*) 0x000002919063dd10, (CMBitMap*) 0x000002919063dcd8
 Prev Bits: [0x00000291a5ce0000, 0x00000291a7ce0000)
 Next Bits: [0x00000291a3ce0000, 0x00000291a5ce0000)

Polling page: 0x000002918e550000

Metaspace:

Usage:
  Non-class:     83.58 MB capacity,    82.08 MB ( 98%) used,     1.23 MB (  1%) free+waste,   268.13 KB ( <1%) overhead. 
      Class:     13.18 MB capacity,    12.32 MB ( 94%) used,   756.26 KB (  6%) free+waste,   119.00 KB ( <1%) overhead. 
       Both:     96.75 MB capacity,    94.41 MB ( 98%) used,     1.97 MB (  2%) free+waste,   387.13 KB ( <1%) overhead. 

Virtual space:
  Non-class space:       84.00 MB reserved,      83.81 MB (>99%) committed 
      Class space:        1.00 GB reserved,      13.25 MB (  1%) committed 
             Both:        1.08 GB reserved,      97.06 MB (  9%) committed 

Chunk freelists:
   Non-Class:  47.00 KB
       Class:  9.00 KB
        Both:  56.00 KB

MaxMetaspaceSize: 17179869184.00 GB
CompressedClassSpaceSize: 1.00 GB

CodeHeap 'non-profiled nmethods': size=120064Kb used=8080Kb max_used=8080Kb free=111983Kb
 bounds [0x000002919bba0000, 0x000002919c390000, 0x00000291a30e0000]
CodeHeap 'profiled nmethods': size=120000Kb used=26121Kb max_used=26121Kb free=93879Kb
 bounds [0x0000029194670000, 0x0000029196000000, 0x000002919bba0000]
CodeHeap 'non-nmethods': size=5696Kb used=2308Kb max_used=2379Kb free=3387Kb
 bounds [0x00000291940e0000, 0x0000029194350000, 0x0000029194670000]
 total_blobs=12943 nmethods=12030 adapters=824
 compilation: enabled
              stopped_count=0, restarted_count=0
 full_count=0

Compilation events (20 events):
Event: 47.466 Thread 0x00000291b00f9800 nmethod 12185 0x000002919c37fb90 code [0x000002919c37fda0, 0x000002919c380c18]
Event: 47.466 Thread 0x00000291b00f9800 12178       4       com.android.tools.r8.internal.pp$$Lambda$1118/0x0000000100d0d840::accept (9 bytes)
Event: 47.467 Thread 0x00000291aaa6f000 nmethod 12183 0x000002919c381890 code [0x000002919c381a40, 0x000002919c381b48]
Event: 47.467 Thread 0x00000291aaa6f000 12130       4       com.android.tools.r8.internal.xA::size (6 bytes)
Event: 47.467 Thread 0x00000291aaa6f000 nmethod 12130 0x000002919c381c10 code [0x000002919c381da0, 0x000002919c381e18]
Event: 47.467 Thread 0x00000291aaa6f000 12144       4       com.android.tools.r8.graph.E::H (2 bytes)
Event: 47.468 Thread 0x00000291aaa6f000 nmethod 12144 0x000002919c381e90 code [0x000002919c382020, 0x000002919c382078]
Event: 47.468 Thread 0x00000291aaa6f000 12182       4       com.android.tools.r8.ir.optimize.info.b::v (8 bytes)
Event: 47.477 Thread 0x00000291b00f9800 nmethod 12178 0x000002919c382110 code [0x000002919c3822c0, 0x000002919c382838]
Event: 47.477 Thread 0x00000291b00f9800 12192       4       com.android.tools.r8.graph.Z::b (74 bytes)
Event: 47.480 Thread 0x00000291aaa6f000 nmethod 12182 0x000002919c382a90 code [0x000002919c382c40, 0x000002919c383358]
Event: 47.480 Thread 0x00000291aaa6f000 12193       4       com.android.tools.r8.internal.p8$a::<init> (7 bytes)
Event: 47.484 Thread 0x00000291aaa6f000 nmethod 12193 0x000002919c383410 code [0x000002919c3835a0, 0x000002919c383798]
Event: 47.484 Thread 0x00000291aaa6f000 12184       4       com.android.tools.r8.ir.optimize.info.k::<init> (88 bytes)
Event: 47.488 Thread 0x00000291aaace000 12198       2       com.android.tools.r8.internal.pr::d (11 bytes)
Event: 47.489 Thread 0x00000291aaace000 nmethod 12198 0x0000029195ff1b90 code [0x0000029195ff1d40, 0x0000029195ff1f98]
Event: 47.489 Thread 0x00000291aaace000 12199       2       com.android.tools.r8.internal.J0::iterator (5 bytes)
Event: 47.489 Thread 0x00000291aaace000 nmethod 12199 0x0000029195ff2090 code [0x0000029195ff2240, 0x0000029195ff2368]
Event: 47.494 Thread 0x00000291aaa6f000 nmethod 12184 0x000002919c383810 code [0x000002919c3839c0, 0x000002919c384098]
Event: 47.495 Thread 0x00000291aaa6f000 12195       4       com.android.tools.r8.internal.cd::b (32 bytes)

GC Heap History (20 events):
Event: 42.440 GC heap after
{Heap after GC invocations=28 (full 0):
 garbage-first heap   total 216064K, used 168198K [0x0000000080000000, 0x0000000100000000)
  region size 1024K, 3 young (3072K), 3 survivors (3072K)
 Metaspace       used 92625K, capacity 94896K, committed 95036K, reserved 1132544K
  class space    used 11900K, capacity 12730K, committed 12800K, reserved 1048576K
}
Event: 42.582 GC heap before
{Heap before GC invocations=28 (full 0):
 garbage-first heap   total 216064K, used 180486K [0x0000000080000000, 0x0000000100000000)
  region size 1024K, 15 young (15360K), 3 survivors (3072K)
 Metaspace       used 92625K, capacity 94896K, committed 95036K, reserved 1132544K
  class space    used 11900K, capacity 12730K, committed 12800K, reserved 1048576K
}
Event: 42.616 GC heap after
{Heap after GC invocations=29 (full 0):
 garbage-first heap   total 216064K, used 172722K [0x0000000080000000, 0x0000000100000000)
  region size 1024K, 2 young (2048K), 2 survivors (2048K)
 Metaspace       used 92625K, capacity 94896K, committed 95036K, reserved 1132544K
  class space    used 11900K, capacity 12730K, committed 12800K, reserved 1048576K
}
Event: 42.690 GC heap before
{Heap before GC invocations=29 (full 0):
 garbage-first heap   total 216064K, used 183986K [0x0000000080000000, 0x0000000100000000)
  region size 1024K, 12 young (12288K), 2 survivors (2048K)
 Metaspace       used 92625K, capacity 94896K, committed 95036K, reserved 1132544K
  class space    used 11900K, capacity 12730K, committed 12800K, reserved 1048576K
}
Event: 42.720 GC heap after
{Heap after GC invocations=30 (full 0):
 garbage-first heap   total 260096K, used 179477K [0x0000000080000000, 0x0000000100000000)
  region size 1024K, 2 young (2048K), 2 survivors (2048K)
 Metaspace       used 92625K, capacity 94896K, committed 95036K, reserved 1132544K
  class space    used 11900K, capacity 12730K, committed 12800K, reserved 1048576K
}
Event: 43.209 GC heap before
{Heap before GC invocations=31 (full 0):
 garbage-first heap   total 260096K, used 202005K [0x0000000080000000, 0x0000000100000000)
  region size 1024K, 25 young (25600K), 2 survivors (2048K)
 Metaspace       used 94816K, capacity 97147K, committed 97340K, reserved 1134592K
  class space    used 12373K, capacity 13247K, committed 13312K, reserved 1048576K
}
Event: 43.246 GC heap after
{Heap after GC invocations=32 (full 0):
 garbage-first heap   total 260096K, used 188416K [0x0000000080000000, 0x0000000100000000)
  region size 1024K, 4 young (4096K), 4 survivors (4096K)
 Metaspace       used 94816K, capacity 97147K, committed 97340K, reserved 1134592K
  class space    used 12373K, capacity 13247K, committed 13312K, reserved 1048576K
}
Event: 43.686 GC heap before
{Heap before GC invocations=32 (full 0):
 garbage-first heap   total 260096K, used 208896K [0x0000000080000000, 0x0000000100000000)
  region size 1024K, 24 young (24576K), 4 survivors (4096K)
 Metaspace       used 94850K, capacity 97214K, committed 97340K, reserved 1134592K
  class space    used 12373K, capacity 13247K, committed 13312K, reserved 1048576K
}
Event: 43.729 GC heap after
{Heap after GC invocations=33 (full 0):
 garbage-first heap   total 260096K, used 198960K [0x0000000080000000, 0x0000000100000000)
  region size 1024K, 3 young (3072K), 3 survivors (3072K)
 Metaspace       used 94850K, capacity 97214K, committed 97340K, reserved 1134592K
  class space    used 12373K, capacity 13247K, committed 13312K, reserved 1048576K
}
Event: 44.514 GC heap before
{Heap before GC invocations=33 (full 0):
 garbage-first heap   total 260096K, used 212272K [0x0000000080000000, 0x0000000100000000)
  region size 1024K, 18 young (18432K), 3 survivors (3072K)
 Metaspace       used 94896K, capacity 97214K, committed 97340K, reserved 1134592K
  class space    used 12373K, capacity 13247K, committed 13312K, reserved 1048576K
}
Event: 44.540 GC heap after
{Heap after GC invocations=34 (full 0):
 garbage-first heap   total 260096K, used 206793K [0x0000000080000000, 0x0000000100000000)
  region size 1024K, 3 young (3072K), 3 survivors (3072K)
 Metaspace       used 94896K, capacity 97214K, committed 97340K, reserved 1134592K
  class space    used 12373K, capacity 13247K, committed 13312K, reserved 1048576K
}
Event: 44.693 GC heap before
{Heap before GC invocations=34 (full 0):
 garbage-first heap   total 260096K, used 219081K [0x0000000080000000, 0x0000000100000000)
  region size 1024K, 15 young (15360K), 3 survivors (3072K)
 Metaspace       used 94909K, capacity 97281K, committed 97596K, reserved 1134592K
  class space    used 12374K, capacity 13247K, committed 13312K, reserved 1048576K
}
Event: 44.722 GC heap after
{Heap after GC invocations=35 (full 0):
 garbage-first heap   total 366592K, used 212992K [0x0000000080000000, 0x0000000100000000)
  region size 1024K, 2 young (2048K), 2 survivors (2048K)
 Metaspace       used 94909K, capacity 97281K, committed 97596K, reserved 1134592K
  class space    used 12374K, capacity 13247K, committed 13312K, reserved 1048576K
}
Event: 45.082 GC heap before
{Heap before GC invocations=36 (full 0):
 garbage-first heap   total 366592K, used 257024K [0x0000000080000000, 0x0000000100000000)
  region size 1024K, 45 young (46080K), 2 survivors (2048K)
 Metaspace       used 94915K, capacity 97281K, committed 97596K, reserved 1134592K
  class space    used 12374K, capacity 13247K, committed 13312K, reserved 1048576K
}
Event: 45.136 GC heap after
{Heap after GC invocations=37 (full 0):
 garbage-first heap   total 366592K, used 235221K [0x0000000080000000, 0x0000000100000000)
  region size 1024K, 6 young (6144K), 6 survivors (6144K)
 Metaspace       used 94915K, capacity 97281K, committed 97596K, reserved 1134592K
  class space    used 12374K, capacity 13247K, committed 13312K, reserved 1048576K
}
Event: 45.399 GC heap before
{Heap before GC invocations=37 (full 0):
 garbage-first heap   total 366592K, used 273109K [0x0000000080000000, 0x0000000100000000)
  region size 1024K, 43 young (44032K), 6 survivors (6144K)
 Metaspace       used 94927K, capacity 97281K, committed 97596K, reserved 1134592K
  class space    used 12374K, capacity 13247K, committed 13312K, reserved 1048576K
}
Event: 45.449 GC heap after
{Heap after GC invocations=38 (full 0):
 garbage-first heap   total 366592K, used 254976K [0x0000000080000000, 0x0000000100000000)
  region size 1024K, 6 young (6144K), 6 survivors (6144K)
 Metaspace       used 94927K, capacity 97281K, committed 97596K, reserved 1134592K
  class space    used 12374K, capacity 13247K, committed 13312K, reserved 1048576K
}
Event: 46.837 GC heap before
{Heap before GC invocations=38 (full 0):
 garbage-first heap   total 366592K, used 285696K [0x0000000080000000, 0x0000000100000000)
  region size 1024K, 37 young (37888K), 6 survivors (6144K)
 Metaspace       used 95089K, capacity 97471K, committed 97596K, reserved 1134592K
  class space    used 12388K, capacity 13264K, committed 13312K, reserved 1048576K
}
Event: 46.900 GC heap after
{Heap after GC invocations=39 (full 0):
 garbage-first heap   total 366592K, used 270848K [0x0000000080000000, 0x0000000100000000)
  region size 1024K, 5 young (5120K), 5 survivors (5120K)
 Metaspace       used 95089K, capacity 97471K, committed 97596K, reserved 1134592K
  class space    used 12388K, capacity 13264K, committed 13312K, reserved 1048576K
}
Event: 47.496 GC heap before
{Heap before GC invocations=40 (full 0):
 garbage-first heap   total 366592K, used 295424K [0x0000000080000000, 0x0000000100000000)
  region size 1024K, 30 young (30720K), 5 survivors (5120K)
 Metaspace       used 96670K, capacity 99076K, committed 99388K, reserved 1134592K
  class space    used 12619K, capacity 13495K, committed 13568K, reserved 1048576K
}

Deoptimization events (20 events):
Event: 46.987 Thread 0x00000291add9e000 DEOPT PACKING pc=0x000002919c315668 sp=0x000000d8a84fd9c0
Event: 46.987 Thread 0x00000291add9e000 DEOPT UNPACKING pc=0x00000291941078af sp=0x000000d8a84fd978 mode 2
Event: 47.321 Thread 0x00000291adda7000 Uncommon trap: trap_request=0xffffffde fr.pc=0x000002919c370e90 relative=0x00000000000012b0
Event: 47.321 Thread 0x00000291adda7000 Uncommon trap: reason=class_check action=maybe_recompile pc=0x000002919c370e90 method=com.android.tools.r8.utils.V.a(Lcom/android/tools/r8/utils/a0;Ljava/lang/Object;I)V @ 2 c2
Event: 47.321 Thread 0x00000291adda7000 DEOPT PACKING pc=0x000002919c370e90 sp=0x000000d8a86fed30
Event: 47.321 Thread 0x00000291adda7000 DEOPT UNPACKING pc=0x00000291941078af sp=0x000000d8a86feab0 mode 2
Event: 47.322 Thread 0x00000291adda6800 Uncommon trap: trap_request=0xffffffde fr.pc=0x000002919c370e90 relative=0x00000000000012b0
Event: 47.322 Thread 0x00000291adda6800 Uncommon trap: reason=class_check action=maybe_recompile pc=0x000002919c370e90 method=com.android.tools.r8.utils.V.a(Lcom/android/tools/r8/utils/a0;Ljava/lang/Object;I)V @ 2 c2
Event: 47.323 Thread 0x00000291adda8800 Uncommon trap: trap_request=0xffffffde fr.pc=0x000002919c370e90 relative=0x00000000000012b0
Event: 47.323 Thread 0x00000291adda8800 Uncommon trap: reason=class_check action=maybe_recompile pc=0x000002919c370e90 method=com.android.tools.r8.utils.V.a(Lcom/android/tools/r8/utils/a0;Ljava/lang/Object;I)V @ 2 c2
Event: 47.323 Thread 0x00000291adda8800 DEOPT PACKING pc=0x000002919c370e90 sp=0x000000d8a70fefb0
Event: 47.323 Thread 0x00000291adda8800 DEOPT UNPACKING pc=0x00000291941078af sp=0x000000d8a70fed30 mode 2
Event: 47.323 Thread 0x00000291adda5800 Uncommon trap: trap_request=0xffffffde fr.pc=0x000002919c370e90 relative=0x00000000000012b0
Event: 47.323 Thread 0x00000291adda5800 Uncommon trap: reason=class_check action=maybe_recompile pc=0x000002919c370e90 method=com.android.tools.r8.utils.V.a(Lcom/android/tools/r8/utils/a0;Ljava/lang/Object;I)V @ 2 c2
Event: 47.323 Thread 0x00000291adda5800 DEOPT PACKING pc=0x000002919c370e90 sp=0x000000d8a87febf0
Event: 47.323 Thread 0x00000291adda5800 DEOPT UNPACKING pc=0x00000291941078af sp=0x000000d8a87fe970 mode 2
Event: 47.324 Thread 0x00000291adda6800 DEOPT PACKING pc=0x000002919c370e90 sp=0x000000d8a88febf0
Event: 47.324 Thread 0x00000291adda6800 DEOPT UNPACKING pc=0x00000291941078af sp=0x000000d8a88fe970 mode 2
Event: 47.428 Thread 0x00000291adda8800 DEOPT PACKING pc=0x0000029195fe8a6f sp=0x000000d8a70feb60
Event: 47.428 Thread 0x00000291adda8800 DEOPT UNPACKING pc=0x00000291941076ce sp=0x000000d8a70fe018 mode 0

Classes redefined (0 events):
No events

Internal exceptions (20 events):
Event: 40.010 Thread 0x00000291adda2000 Exception <a 'java/lang/NoSuchMethodError'{0x0000000088bfa7e0}: 'void java.lang.invoke.DirectMethodHandle$Holder.invokeStatic(java.lang.Object, long)'> (0x0000000088bfa7e0) thrown at [./src/hotspot/share/interpreter/linkResolver.cpp, line 773]
Event: 40.010 Thread 0x00000291adda2000 Exception <a 'java/lang/NoSuchMethodError'{0x0000000088bff9f8}: 'java.lang.Object java.lang.invoke.DirectMethodHandle$Holder.invokeStatic(java.lang.Object, long)'> (0x0000000088bff9f8) thrown at [./src/hotspot/share/interpreter/linkResolver.cpp, line 773]
Event: 40.014 Thread 0x00000291adda2000 Exception <a 'java/lang/NoSuchMethodError'{0x0000000088a38860}: 'java.lang.Object java.lang.invoke.DirectMethodHandle$Holder.invokeStaticInit(java.lang.Object, java.lang.Object, long, java.lang.Object)'> (0x0000000088a38860) thrown at [./src/hotspot/share/interpreter/linkResolver.cpp, line 773]
Event: 40.014 Thread 0x00000291adda2000 Exception <a 'java/lang/NoSuchMethodError'{0x0000000088a3e9f8}: 'java.lang.Object java.lang.invoke.DirectMethodHandle$Holder.invokeStatic(java.lang.Object, java.lang.Object, long)'> (0x0000000088a3e9f8) thrown at [./src/hotspot/share/interpreter/linkResolver.cpp, line 773]
Event: 40.015 Thread 0x00000291adda2000 Exception <a 'java/lang/NoSuchMethodError'{0x0000000088a44f70}: 'java.lang.Object java.lang.invoke.Invokers$Holder.linkToTargetMethod(java.lang.Object, long, java.lang.Object)'> (0x0000000088a44f70) thrown at [./src/hotspot/share/interpreter/linkResolver.cpp, line 773]
Event: 40.421 Thread 0x00000291b01de000 Exception <a 'java/lang/NoSuchMethodError'{0x000000008b86d7c0}: 'int java.lang.invoke.DirectMethodHandle$Holder.invokeSpecial(java.lang.Object, java.lang.Object, java.lang.Object, java.lang.Object, java.lang.Object)'> (0x000000008b86d7c0) thrown at [./src/hotspot/share/interpreter/linkResolver.cpp, line 773]
Event: 40.766 Thread 0x00000291add9e000 Exception <a 'sun/nio/fs/WindowsException'{0x000000008b3a8a50}> (0x000000008b3a8a50) thrown at [./src/hotspot/share/prims/jni.cpp, line 615]
Event: 41.049 Thread 0x00000291adda2000 Exception <a 'java/lang/NoSuchMethodError'{0x000000008ad59048}: 'int java.lang.invoke.DirectMethodHandle$Holder.invokeSpecialIFC(java.lang.Object, java.lang.Object, java.lang.Object)'> (0x000000008ad59048) thrown at [./src/hotspot/share/interpreter/linkResolver.cpp, line 773]
Event: 41.204 Thread 0x00000291add9e000 Exception <a 'java/lang/NoSuchMethodError'{0x000000008aa486b8}: 'java.lang.Object java.lang.invoke.DirectMethodHandle$Holder.invokeStatic(java.lang.Object, java.lang.Object, java.lang.Object, java.lang.Object, java.lang.Object, java.lang.Object, java.lang.Object, java.lang.Object, java.lang.Object, java.lang.Object, java.lang.Object, java.lang.Object, java.lang.Object, java.lang.Object, java.lang.Object, java.lang.Object, java.lang.Object, java.lang.Object, int, java.lang.Object)'> (0x000000008aa486b8) thr
Event: 41.204 Thread 0x00000291add9e000 Exception <a 'java/lang/NoSuchMethodError'{0x000000008aa4df48}: 'java.lang.Object java.lang.invoke.DirectMethodHandle$Holder.invokeStaticInit(java.lang.Object, java.lang.Object, java.lang.Object, java.lang.Object, java.lang.Object, java.lang.Object, java.lang.Object, java.lang.Object, java.lang.Object, java.lang.Object, java.lang.Object, java.lang.Object, java.lang.Object, java.lang.Object, java.lang.Object, java.lang.Object, java.lang.Object, java.lang.Object, int, java.lang.Object)'> (0x000000008aa4df48)
Event: 42.803 Thread 0x00000291adda8800 Exception <a 'java/lang/IncompatibleClassChangeError'{0x000000008f764e78}: Found class java.lang.Object, but interface was expected> (0x000000008f764e78) thrown at [./src/hotspot/share/interpreter/linkResolver.cpp, line 839]
Event: 42.806 Thread 0x00000291adda5800 Exception <a 'java/lang/NoSuchMethodError'{0x000000008f692dc8}: 'java.lang.Object java.lang.invoke.DirectMethodHandle$Holder.newInvokeSpecial(java.lang.Object, int)'> (0x000000008f692dc8) thrown at [./src/hotspot/share/interpreter/linkResolver.cpp, line 773]
Event: 42.815 Thread 0x00000291adda7000 Exception <a 'java/lang/IncompatibleClassChangeError'{0x000000008f648cc8}: Found class java.lang.Object, but interface was expected> (0x000000008f648cc8) thrown at [./src/hotspot/share/interpreter/linkResolver.cpp, line 839]
Event: 42.817 Thread 0x00000291adda8800 Exception <a 'java/lang/IncompatibleClassChangeError'{0x000000008f6aa080}: Found class java.lang.Object, but interface was expected> (0x000000008f6aa080) thrown at [./src/hotspot/share/interpreter/linkResolver.cpp, line 839]
Event: 42.817 Thread 0x00000291adda7000 Exception <a 'java/lang/IncompatibleClassChangeError'{0x000000008f6501d0}: Found class java.lang.Object, but interface was expected> (0x000000008f6501d0) thrown at [./src/hotspot/share/interpreter/linkResolver.cpp, line 839]
Event: 46.597 Thread 0x00000291add9e000 Implicit null exception at 0x000002919c35f06a to 0x000002919c35f29c
Event: 46.938 Thread 0x00000291add9e000 Exception <a 'java/lang/NoSuchMethodError'{0x000000009657b528}: 'int java.lang.invoke.DirectMethodHandle$Holder.invokeVirtual(java.lang.Object, java.lang.Object, java.lang.Object, java.lang.Object)'> (0x000000009657b528) thrown at [./src/hotspot/share/interpreter/linkResolver.cpp, line 773]
Event: 47.075 Thread 0x00000291add9e000 Exception <a 'java/lang/NoSuchMethodError'{0x000000009632fd18}: 'void java.lang.invoke.DirectMethodHandle$Holder.invokeStatic(java.lang.Object, java.lang.Object, java.lang.Object, int)'> (0x000000009632fd18) thrown at [./src/hotspot/share/interpreter/linkResolver.cpp, line 773]
Event: 47.088 Thread 0x00000291add9e000 Exception <a 'java/lang/IncompatibleClassChangeError'{0x00000000963458e8}: Found class java.lang.Object, but interface was expected> (0x00000000963458e8) thrown at [./src/hotspot/share/interpreter/linkResolver.cpp, line 839]
Event: 47.098 Thread 0x00000291adda7000 Exception <a 'java/lang/NoSuchMethodError'{0x00000000963806c0}: 'int java.lang.invoke.DirectMethodHandle$Holder.invokeVirtual(java.lang.Object, java.lang.Object, java.lang.Object)'> (0x00000000963806c0) thrown at [./src/hotspot/share/interpreter/linkResolver.cpp, line 773]

Events (20 events):
Event: 47.349 Executing VM operation: RevokeBias done
Event: 47.349 Executing VM operation: RevokeBias
Event: 47.350 Executing VM operation: RevokeBias done
Event: 47.351 Executing VM operation: RevokeBias
Event: 47.351 Executing coalesced safepoint VM operation: RevokeBias
Event: 47.351 Executing coalesced safepoint VM operation: RevokeBias done
Event: 47.351 Executing VM operation: RevokeBias done
Event: 47.352 Executing VM operation: RevokeBias
Event: 47.352 Executing VM operation: RevokeBias done
Event: 47.363 Executing VM operation: RevokeBias
Event: 47.364 Executing coalesced safepoint VM operation: RevokeBias
Event: 47.364 Executing coalesced safepoint VM operation: RevokeBias done
Event: 47.364 Executing VM operation: RevokeBias done
Event: 47.370 Executing VM operation: RevokeBias
Event: 47.370 Executing coalesced safepoint VM operation: BulkRevokeBias
Event: 47.372 Executing coalesced safepoint VM operation: BulkRevokeBias done
Event: 47.372 Executing VM operation: RevokeBias done
Event: 47.468 loading class com/android/tools/r8/internal/n8
Event: 47.468 loading class com/android/tools/r8/internal/n8 done
Event: 47.496 Executing VM operation: G1CollectForAllocation


Dynamic libraries:
0x00007ff71ac20000 - 0x00007ff71ac2a000 	C:\Program Files\Android\Android Studio\jre\bin\java.exe
0x00007ffc7ca40000 - 0x00007ffc7cc47000 	C:\WINDOWS\SYSTEM32\ntdll.dll
0x00007ffc7b130000 - 0x00007ffc7b1ed000 	C:\WINDOWS\System32\KERNEL32.DLL
0x00007ffc7a550000 - 0x00007ffc7a8c4000 	C:\WINDOWS\System32\KERNELBASE.dll
0x00007ffc76b70000 - 0x00007ffc76c01000 	C:\WINDOWS\SYSTEM32\apphelp.dll
0x00007ffc79f20000 - 0x00007ffc7a031000 	C:\WINDOWS\System32\ucrtbase.dll
0x00007ffc6e8e0000 - 0x00007ffc6e8f9000 	C:\Program Files\Android\Android Studio\jre\bin\jli.dll
0x00007ffc7bdc0000 - 0x00007ffc7bf6c000 	C:\WINDOWS\System32\USER32.dll
0x00007ffc7a040000 - 0x00007ffc7a066000 	C:\WINDOWS\System32\win32u.dll
0x00007ffc7b100000 - 0x00007ffc7b129000 	C:\WINDOWS\System32\GDI32.dll
0x00007ffc7a070000 - 0x00007ffc7a182000 	C:\WINDOWS\System32\gdi32full.dll
0x00007ffc7a300000 - 0x00007ffc7a39d000 	C:\WINDOWS\System32\msvcp_win.dll
0x00007ffc67f70000 - 0x00007ffc67f87000 	C:\Program Files\Android\Android Studio\jre\bin\VCRUNTIME140.dll
0x00007ffc6eed0000 - 0x00007ffc6f175000 	C:\WINDOWS\WinSxS\amd64_microsoft.windows.common-controls_6595b64144ccf1df_6.0.22000.120_none_9d947278b86cc467\COMCTL32.dll
0x00007ffc7b3b0000 - 0x00007ffc7b453000 	C:\WINDOWS\System32\msvcrt.dll
0x00007ffc7c240000 - 0x00007ffc7c271000 	C:\WINDOWS\System32\IMM32.DLL
0x00007ffc41800000 - 0x00007ffc4189d000 	C:\Program Files\Android\Android Studio\jre\bin\msvcp140.dll
0x00007ffc181b0000 - 0x00007ffc18c7f000 	C:\Program Files\Android\Android Studio\jre\bin\server\jvm.dll
0x00007ffc7c0f0000 - 0x00007ffc7c19c000 	C:\WINDOWS\System32\ADVAPI32.dll
0x00007ffc7c1a0000 - 0x00007ffc7c23d000 	C:\WINDOWS\System32\sechost.dll
0x00007ffc7c760000 - 0x00007ffc7c881000 	C:\WINDOWS\System32\RPCRT4.dll
0x00007ffc7b5f0000 - 0x00007ffc7b5f8000 	C:\WINDOWS\System32\PSAPI.DLL
0x00007ffc6e600000 - 0x00007ffc6e609000 	C:\WINDOWS\SYSTEM32\WSOCK32.dll
0x00007ffc7bf70000 - 0x00007ffc7bfdf000 	C:\WINDOWS\System32\WS2_32.dll
0x00007ffc74970000 - 0x00007ffc749a3000 	C:\WINDOWS\SYSTEM32\WINMM.dll
0x00007ffc720a0000 - 0x00007ffc720aa000 	C:\WINDOWS\SYSTEM32\VERSION.dll
0x00007ffc79140000 - 0x00007ffc79158000 	C:\WINDOWS\SYSTEM32\kernel.appcore.dll
0x00007ffc72b80000 - 0x00007ffc72b91000 	C:\Program Files\Android\Android Studio\jre\bin\verify.dll
0x00007ffc77c00000 - 0x00007ffc77e21000 	C:\WINDOWS\SYSTEM32\DBGHELP.DLL
0x00007ffc725a0000 - 0x00007ffc725d1000 	C:\WINDOWS\SYSTEM32\dbgcore.DLL
0x00007ffc7a460000 - 0x00007ffc7a4e0000 	C:\WINDOWS\System32\bcryptPrimitives.dll
0x00007ffc65120000 - 0x00007ffc65149000 	C:\Program Files\Android\Android Studio\jre\bin\java.dll
0x00007ffc74a00000 - 0x00007ffc74a0b000 	C:\Program Files\Android\Android Studio\jre\bin\jimage.dll
0x00007ffc71c40000 - 0x00007ffc71c58000 	C:\Program Files\Android\Android Studio\jre\bin\zip.dll
0x00007ffc7b600000 - 0x00007ffc7bda9000 	C:\WINDOWS\System32\SHELL32.dll
0x00007ffc780a0000 - 0x00007ffc78902000 	C:\WINDOWS\SYSTEM32\windows.storage.dll
0x00007ffc7aa90000 - 0x00007ffc7ae08000 	C:\WINDOWS\System32\combase.dll
0x00007ffc77f30000 - 0x00007ffc78096000 	C:\WINDOWS\SYSTEM32\wintypes.dll
0x00007ffc7afa0000 - 0x00007ffc7b08a000 	C:\WINDOWS\System32\SHCORE.dll
0x00007ffc7af40000 - 0x00007ffc7af9d000 	C:\WINDOWS\System32\shlwapi.dll
0x00007ffc79e50000 - 0x00007ffc79e71000 	C:\WINDOWS\SYSTEM32\profapi.dll
0x00007ffc71860000 - 0x00007ffc7187a000 	C:\Program Files\Android\Android Studio\jre\bin\net.dll
0x00007ffc743a0000 - 0x00007ffc744ac000 	C:\WINDOWS\SYSTEM32\WINHTTP.dll
0x00007ffc79550000 - 0x00007ffc795b7000 	C:\WINDOWS\system32\mswsock.dll
0x00007ffc71740000 - 0x00007ffc71754000 	C:\Program Files\Android\Android Studio\jre\bin\nio.dll
0x00007ffc70be0000 - 0x00007ffc70c07000 	C:\Users\k.nesar\.gradle\native\8bec1ad78214c89d9ad589b4d07fe93259594b29d510b10fafb7a158f7737e5d\windows-amd64\native-platform.dll
0x00007ffc418a0000 - 0x00007ffc419dd000 	C:\Users\k.nesar\.gradle\native\53dbd7edfb1c66fb8903c78663c9afc45aea4f116125fa6feffd364cf09443e8\windows-amd64\native-platform-file-events.dll
0x00007ffc71bf0000 - 0x00007ffc71bfa000 	C:\Program Files\Android\Android Studio\jre\bin\management.dll
0x00007ffc71bd0000 - 0x00007ffc71bdc000 	C:\Program Files\Android\Android Studio\jre\bin\management_ext.dll
0x00007ffc79790000 - 0x00007ffc797a8000 	C:\WINDOWS\SYSTEM32\CRYPTSP.dll
0x00007ffc790a0000 - 0x00007ffc790d5000 	C:\WINDOWS\system32\rsaenh.dll
0x00007ffc79640000 - 0x00007ffc79669000 	C:\WINDOWS\SYSTEM32\USERENV.dll
0x00007ffc79910000 - 0x00007ffc79937000 	C:\WINDOWS\SYSTEM32\bcrypt.dll
0x00007ffc797b0000 - 0x00007ffc797bc000 	C:\WINDOWS\SYSTEM32\CRYPTBASE.dll
0x00007ffc78c80000 - 0x00007ffc78cad000 	C:\WINDOWS\SYSTEM32\IPHLPAPI.DLL
0x00007ffc7bdb0000 - 0x00007ffc7bdb9000 	C:\WINDOWS\System32\NSI.dll
0x00007ffc74200000 - 0x00007ffc74219000 	C:\WINDOWS\SYSTEM32\dhcpcsvc6.DLL
0x00007ffc745c0000 - 0x00007ffc745de000 	C:\WINDOWS\SYSTEM32\dhcpcsvc.DLL
0x00007ffc78d00000 - 0x00007ffc78de7000 	C:\WINDOWS\SYSTEM32\DNSAPI.dll

dbghelp: loaded successfully - version: 4.0.5 - missing functions: none
symbol engine: initialized successfully - sym options: 0x614 - pdb path: .;C:\Program Files\Android\Android Studio\jre\bin;C:\WINDOWS\SYSTEM32;C:\WINDOWS\WinSxS\amd64_microsoft.windows.common-controls_6595b64144ccf1df_6.0.22000.120_none_9d947278b86cc467;C:\Program Files\Android\Android Studio\jre\bin\server;C:\Users\k.nesar\.gradle\native\8bec1ad78214c89d9ad589b4d07fe93259594b29d510b10fafb7a158f7737e5d\windows-amd64;C:\Users\k.nesar\.gradle\native\53dbd7edfb1c66fb8903c78663c9afc45aea4f116125fa6feffd364cf09443e8\windows-amd64

VM Arguments:
jvm_args: --add-opens=java.base/java.util=ALL-UNNAMED --add-opens=java.base/java.lang=ALL-UNNAMED --add-opens=java.base/java.lang.invoke=ALL-UNNAMED --add-opens=java.base/java.util=ALL-UNNAMED --add-opens=java.prefs/java.util.prefs=ALL-UNNAMED --add-opens=java.prefs/java.util.prefs=ALL-UNNAMED --add-opens=java.base/java.nio.charset=ALL-UNNAMED --add-opens=java.base/java.net=ALL-UNNAMED --add-opens=java.base/java.util.concurrent.atomic=ALL-UNNAMED -Xmx2048m -Dfile.encoding=UTF-8 -Duser.country=US -Duser.language=en -Duser.variant 
java_command: org.gradle.launcher.daemon.bootstrap.GradleDaemon 7.0.2
java_class_path (initial): C:\Users\k.nesar\.gradle\wrapper\dists\gradle-7.0.2-bin\857tjihv64xamwrf0h14cai3r\gradle-7.0.2\lib\gradle-launcher-7.0.2.jar
Launcher Type: SUN_STANDARD

[Global flags]
     intx CICompilerCount                          = 3                                         {product} {ergonomic}
     uint ConcGCThreads                            = 1                                         {product} {ergonomic}
     uint G1ConcRefinementThreads                  = 4                                         {product} {ergonomic}
   size_t G1HeapRegionSize                         = 1048576                                   {product} {ergonomic}
    uintx GCDrainStackTargetSize                   = 64                                        {product} {ergonomic}
   size_t InitialHeapSize                          = 199229440                                 {product} {ergonomic}
   size_t MarkStackSize                            = 4194304                                   {product} {ergonomic}
   size_t MaxHeapSize                              = 2147483648                                {product} {command line}
   size_t MaxNewSize                               = 1287651328                                {product} {ergonomic}
   size_t MinHeapDeltaBytes                        = 1048576                                   {product} {ergonomic}
    uintx NonNMethodCodeHeapSize                   = 5830732                                {pd product} {ergonomic}
    uintx NonProfiledCodeHeapSize                  = 122913754                              {pd product} {ergonomic}
    uintx ProfiledCodeHeapSize                     = 122913754                              {pd product} {ergonomic}
    uintx ReservedCodeCacheSize                    = 251658240                              {pd product} {ergonomic}
     bool SegmentedCodeCache                       = true                                      {product} {ergonomic}
     bool UseCompressedClassPointers               = true                                 {lp64_product} {ergonomic}
     bool UseCompressedOops                        = true                                 {lp64_product} {ergonomic}
     bool UseG1GC                                  = true                                      {product} {ergonomic}
     bool UseLargePagesIndividualAllocation        = false                                  {pd product} {ergonomic}

Logging:
Log output configuration:
 #0: stdout all=warning uptime,level,tags
 #1: stderr all=off uptime,level,tags

Environment Variables:
PATH=%INTEL_DEV_REDIST%redist\intel64\compiler;C:\Program Files\Common Files\Oracle\Java\javapath;C:\WINDOWS\system32;C:\WINDOWS;C:\WINDOWS\System32\Wbem;C:\WINDOWS\System32\WindowsPowerShell\v1.0\;C:\WINDOWS\System32\OpenSSH\;C:\Program Files\Git\cmd;C:\Users\k.nesar\AppData\Local\Microsoft\WindowsApps;C:\Program Files\JetBrains\PyCharm Community Edition 2020.2.3\bin;C:\adb;C:\Program Files\dotnet\;C:\WINDOWS\system32;C:\WINDOWS;C:\WINDOWS\System32\Wbem;C:\WINDOWS\System32\WindowsPowerShell\v1.0\;C:\WINDOWS\System32\OpenSSH\;C:\Program Files\nodejs\;C:\Users\k.nesar\AppData\Local\Microsoft\WindowsApps;;C:\Program Files\JetBrains\PyCharm Community Edition 2020.2.3\bin;;C:\Users\k.nesar\AppData\Local\Programs\Microsoft VS Code\bin;C:\Users\k.nesar\AppData\Roaming\npm
USERNAME=K.Nesar
OS=Windows_NT
PROCESSOR_IDENTIFIER=Intel64 Family 6 Model 142 Stepping 10, GenuineIntel



---------------  S Y S T E M  ---------------

OS: Windows 10 , 64 bit Build 22000 (10.0.22000.120)
OS uptime: 10 days 2:31 hours

CPU:total 4 (initial active 4) (2 cores per cpu, 2 threads per core) family 6 model 142 stepping 10 microcode 0xe0, cmov, cx8, fxsr, mmx, sse, sse2, sse3, ssse3, sse4.1, sse4.2, popcnt, avx, avx2, aes, clmul, erms, 3dnowpref, lzcnt, ht, tsc, tscinvbit, bmi1, bmi2, adx, fma

Memory: 4k page, system-wide physical 12152M (399M free)
TotalPageFile size 34778M (AvailPageFile size 192M)
current process WorkingSet (physical memory assigned to process): 613M, peak: 613M
current process commit charge ("private bytes"): 686M, peak: 1024M

vm_info: OpenJDK 64-Bit Server VM (11.0.10+0-b96-7249189) for windows-amd64 JRE (11.0.10+0-b96-7249189), built on Mar 31 2021 21:44:00 by "builder" with MS VC++ 14.0 (VS2015)

END.
