#
# There is insufficient memory for the Java Runtime Environment to continue.
# Native memory allocation (malloc) failed to allocate 993136 bytes for Chunk::new
# Possible reasons:
#   The system is out of physical RAM or swap space
#   The process is running with CompressedOops enabled, and the Java Heap may be blocking the growth of the native heap
# Possible solutions:
#   Reduce memory load on the system
#   Increase physical memory or swap space
#   Check if swap backing store is full
#   Decrease Java heap size (-Xmx/-Xms)
#   Decrease number of Java threads
#   Decrease Java thread stack sizes (-Xss)
#   Set larger code cache with -XX:ReservedCodeCacheSize=
#   JVM is running with Unscaled Compressed Oops mode in which the Java heap is
#     placed in the first 4GB address space. The Java Heap base address is the
#     maximum limit for the native heap growth. Please use -XX:HeapBaseMinAddress
#     to set the Java Heap base and to place the Java Heap above 4GB virtual address.
# This output file may be truncated or incomplete.
#
#  Out of Memory Error (./src/hotspot/share/memory/arena.cpp:197), pid=16428, tid=20760
#
# JRE version: OpenJDK Runtime Environment (11.0.10) (build 11.0.10+0-b96-7249189)
# Java VM: OpenJDK 64-Bit Server VM (11.0.10+0-b96-7249189, mixed mode, tiered, compressed oops, g1 gc, windows-amd64)
# No core dump will be written. Minidumps are not enabled by default on client versions of Windows
#

---------------  S U M M A R Y ------------

Command Line: --add-opens=java.base/java.util=ALL-UNNAMED --add-opens=java.base/java.lang=ALL-UNNAMED --add-opens=java.base/java.lang.invoke=ALL-UNNAMED --add-opens=java.base/java.util=ALL-UNNAMED --add-opens=java.prefs/java.util.prefs=ALL-UNNAMED --add-opens=java.prefs/java.util.prefs=ALL-UNNAMED --add-opens=java.base/java.nio.charset=ALL-UNNAMED --add-opens=java.base/java.net=ALL-UNNAMED --add-opens=java.base/java.util.concurrent.atomic=ALL-UNNAMED -Xmx2048m -Dfile.encoding=UTF-8 -Duser.country=US -Duser.language=en -Duser.variant org.gradle.launcher.daemon.bootstrap.GradleDaemon 7.0.2

Host: Intel(R) Core(TM) i3-7020U CPU @ 2.30GHz, 4 cores, 11G,  Windows 10 , 64 bit Build 22000 (10.0.22000.120)
Time: Mon Nov  1 17:03:59 2021 India Standard Time elapsed time: 42.653327 seconds (0d 0h 0m 42s)

---------------  T H R E A D  ---------------

Current thread (0x0000029c18123000):  JavaThread "C2 CompilerThread1" daemon [_thread_in_native, id=20760, stack(0x000000a7fd300000,0x000000a7fd400000)]


Current CompileTask:
C2:  42653 8188       4       java.lang.String::split (324 bytes)

Stack: [0x000000a7fd300000,0x000000a7fd400000]
Native frames: (J=compiled Java code, j=interpreted, Vv=VM code, C=native code)
V  [jvm.dll+0x5ecfaa]
V  [jvm.dll+0x722bd5]
V  [jvm.dll+0x72412d]
V  [jvm.dll+0x7247e3]
V  [jvm.dll+0x242928]
V  [jvm.dll+0xbc4fc]
V  [jvm.dll+0xbca0c]
V  [jvm.dll+0x352d3b]
V  [jvm.dll+0x197e0c]
V  [jvm.dll+0x1fb70e]
V  [jvm.dll+0x1fa7f4]
V  [jvm.dll+0x18354c]
V  [jvm.dll+0x208ee7]
V  [jvm.dll+0x207731]
V  [jvm.dll+0x6eb1cf]
V  [jvm.dll+0x6e3d45]
V  [jvm.dll+0x5ebe96]
C  [ucrtbase.dll+0x26c0c]
C  [KERNEL32.DLL+0x154e0]
C  [ntdll.dll+0x485b]


---------------  P R O C E S S  ---------------

Threads class SMR info:
_java_thread_list=0x0000029c1e176cd0, length=48, elements={
0x0000029c79aaf800, 0x0000029c7e6ae800, 0x0000029c7e6b0800, 0x0000029c7ef19800,
0x0000029c7ef1a800, 0x0000029c7ef1b800, 0x0000029c7ef1f000, 0x0000029c7ef20000,
0x0000029c7ef86000, 0x0000029c7f07b000, 0x0000029c16103800, 0x0000029c1537b800,
0x0000029c7f5ad000, 0x0000029c15ba3800, 0x0000029c160bc800, 0x0000029c160fa800,
0x0000029c7f5af800, 0x0000029c7f593800, 0x0000029c7f520800, 0x0000029c7ef73000,
0x0000029c7ef72000, 0x0000029c7ef73800, 0x0000029c7ef6f800, 0x0000029c7ef74800,
0x0000029c7ef6f000, 0x0000029c7ef70800, 0x0000029c7ef71000, 0x0000029c7ef75800,
0x0000029c18120800, 0x0000029c1811c800, 0x0000029c1811f000, 0x0000029c1811d800,
0x0000029c1811e800, 0x0000029c18121800, 0x0000029c1811c000, 0x0000029c18122800,
0x0000029c18126800, 0x0000029c18125000, 0x0000029c18124000, 0x0000029c18125800,
0x0000029c18127800, 0x0000029c18129000, 0x0000029c18123000, 0x0000029c1a828800,
0x0000029c1a82a000, 0x0000029c1a82b000, 0x0000029c1a829800, 0x0000029c1a82b800
}

Java Threads: ( => current thread )
  0x0000029c79aaf800 JavaThread "main" [_thread_blocked, id=12892, stack(0x000000a7f9e00000,0x000000a7f9f00000)]
  0x0000029c7e6ae800 JavaThread "Reference Handler" daemon [_thread_blocked, id=15332, stack(0x000000a7fa500000,0x000000a7fa600000)]
  0x0000029c7e6b0800 JavaThread "Finalizer" daemon [_thread_blocked, id=8948, stack(0x000000a7fa600000,0x000000a7fa700000)]
  0x0000029c7ef19800 JavaThread "Signal Dispatcher" daemon [_thread_blocked, id=11312, stack(0x000000a7fa700000,0x000000a7fa800000)]
  0x0000029c7ef1a800 JavaThread "Attach Listener" daemon [_thread_blocked, id=21400, stack(0x000000a7fa800000,0x000000a7fa900000)]
  0x0000029c7ef1b800 JavaThread "Service Thread" daemon [_thread_blocked, id=7224, stack(0x000000a7fa900000,0x000000a7faa00000)]
  0x0000029c7ef1f000 JavaThread "C2 CompilerThread0" daemon [_thread_in_native, id=6744, stack(0x000000a7faa00000,0x000000a7fab00000)]
  0x0000029c7ef20000 JavaThread "C1 CompilerThread0" daemon [_thread_blocked, id=19840, stack(0x000000a7fab00000,0x000000a7fac00000)]
  0x0000029c7ef86000 JavaThread "Sweeper thread" daemon [_thread_blocked, id=14024, stack(0x000000a7fac00000,0x000000a7fad00000)]
  0x0000029c7f07b000 JavaThread "Common-Cleaner" daemon [_thread_blocked, id=5040, stack(0x000000a7fad00000,0x000000a7fae00000)]
  0x0000029c16103800 JavaThread "Daemon health stats" [_thread_blocked, id=12144, stack(0x000000a7fb200000,0x000000a7fb300000)]
  0x0000029c1537b800 JavaThread "Incoming local TCP Connector on port 53113" [_thread_in_native, id=8804, stack(0x000000a7fb300000,0x000000a7fb400000)]
  0x0000029c7f5ad000 JavaThread "Daemon periodic checks" [_thread_blocked, id=2300, stack(0x000000a7fb400000,0x000000a7fb500000)]
  0x0000029c15ba3800 JavaThread "Daemon" [_thread_blocked, id=1860, stack(0x000000a7fb500000,0x000000a7fb600000)]
  0x0000029c160bc800 JavaThread "Handler for socket connection from /127.0.0.1:53113 to /127.0.0.1:53114" [_thread_in_native, id=5080, stack(0x000000a7fb600000,0x000000a7fb700000)]
  0x0000029c160fa800 JavaThread "Cancel handler" [_thread_blocked, id=6240, stack(0x000000a7fb700000,0x000000a7fb800000)]
  0x0000029c7f5af800 JavaThread "Daemon worker" [_thread_in_Java, id=10092, stack(0x000000a7fb800000,0x000000a7fb900000)]
  0x0000029c7f593800 JavaThread "Asynchronous log dispatcher for DefaultDaemonConnection: socket connection from /127.0.0.1:53113 to /127.0.0.1:53114" [_thread_blocked, id=20348, stack(0x000000a7fb900000,0x000000a7fba00000)]
  0x0000029c7f520800 JavaThread "Stdin handler" [_thread_blocked, id=19392, stack(0x000000a7fba00000,0x000000a7fbb00000)]
  0x0000029c7ef73000 JavaThread "Daemon client event forwarder" [_thread_blocked, id=12928, stack(0x000000a7fbb00000,0x000000a7fbc00000)]
  0x0000029c7ef72000 JavaThread "Cache worker for file hash cache (C:\Users\k.nesar\.gradle\caches\7.0.2\fileHashes)" [_thread_blocked, id=13132, stack(0x000000a7fbc00000,0x000000a7fbd00000)]
  0x0000029c7ef73800 JavaThread "File lock request listener" [_thread_in_native, id=5640, stack(0x000000a7fbd00000,0x000000a7fbe00000)]
  0x0000029c7ef6f800 JavaThread "Cache worker for journal cache (C:\Users\k.nesar\.gradle\caches\journal-1)" [_thread_blocked, id=12600, stack(0x000000a7fbe00000,0x000000a7fbf00000)]
  0x0000029c7ef74800 JavaThread "Cache worker for file hash cache (C:\Users\k.nesar\AndroidStudioProjects\Play_Beat\.gradle\7.0.2\fileHashes)" [_thread_blocked, id=3380, stack(0x000000a7fbf00000,0x000000a7fc000000)]
  0x0000029c7ef6f000 JavaThread "File watcher server" daemon [_thread_in_native, id=17828, stack(0x000000a7fc000000,0x000000a7fc100000)]
  0x0000029c7ef70800 JavaThread "File watcher consumer" daemon [_thread_blocked, id=13972, stack(0x000000a7fc100000,0x000000a7fc200000)]
  0x0000029c7ef71000 JavaThread "Cache worker for checksums cache (C:\Users\k.nesar\AndroidStudioProjects\Play_Beat\.gradle\checksums)" [_thread_blocked, id=14916, stack(0x000000a7fc200000,0x000000a7fc300000)]
  0x0000029c7ef75800 JavaThread "Cache worker for cache directory md-supplier (C:\Users\k.nesar\.gradle\caches\7.0.2\md-supplier)" [_thread_blocked, id=11336, stack(0x000000a7fc300000,0x000000a7fc400000)]
  0x0000029c18120800 JavaThread "Cache worker for cache directory md-rule (C:\Users\k.nesar\.gradle\caches\7.0.2\md-rule)" [_thread_blocked, id=18820, stack(0x000000a7fc400000,0x000000a7fc500000)]
  0x0000029c1811c800 JavaThread "Cache worker for execution history cache (C:\Users\k.nesar\.gradle\caches\7.0.2\executionHistory)" [_thread_blocked, id=6872, stack(0x000000a7fc500000,0x000000a7fc600000)]
  0x0000029c1811f000 JavaThread "jar transforms" [_thread_blocked, id=6164, stack(0x000000a7fc600000,0x000000a7fc700000)]
  0x0000029c1811d800 JavaThread "jar transforms Thread 2" [_thread_blocked, id=18272, stack(0x000000a7fc700000,0x000000a7fc800000)]
  0x0000029c1811e800 JavaThread "Cache worker for file content cache (C:\Users\k.nesar\.gradle\caches\7.0.2\fileContent)" [_thread_blocked, id=17712, stack(0x000000a7fc800000,0x000000a7fc900000)]
  0x0000029c18121800 JavaThread "Cache worker for dependencies-accessors (C:\Users\k.nesar\AndroidStudioProjects\Play_Beat\.gradle\7.0.2\dependencies-accessors)" [_thread_blocked, id=3080, stack(0x000000a7fc900000,0x000000a7fca00000)]
  0x0000029c1811c000 JavaThread "jar transforms Thread 3" [_thread_blocked, id=12692, stack(0x000000a7fcb00000,0x000000a7fcc00000)]
  0x0000029c18122800 JavaThread "Cache worker for Build Output Cleanup Cache (C:\Users\k.nesar\AndroidStudioProjects\Play_Beat\.gradle\buildOutputCleanup)" [_thread_blocked, id=3624, stack(0x000000a7fca00000,0x000000a7fcb00000)]
  0x0000029c18126800 JavaThread "Build operations" [_thread_blocked, id=12676, stack(0x000000a7fcc00000,0x000000a7fcd00000)]
  0x0000029c18125000 JavaThread "Build operations Thread 2" [_thread_blocked, id=21220, stack(0x000000a7fcd00000,0x000000a7fce00000)]
  0x0000029c18124000 JavaThread "Build operations Thread 3" [_thread_blocked, id=14284, stack(0x000000a7fce00000,0x000000a7fcf00000)]
  0x0000029c18125800 JavaThread "Build operations Thread 4" [_thread_blocked, id=15184, stack(0x000000a7fcf00000,0x000000a7fd000000)]
  0x0000029c18127800 JavaThread "jar transforms Thread 4" [_thread_blocked, id=18960, stack(0x000000a7fd000000,0x000000a7fd100000)]
  0x0000029c18129000 JavaThread "Memory manager" [_thread_blocked, id=3160, stack(0x000000a7fd400000,0x000000a7fd500000)]
=>0x0000029c18123000 JavaThread "C2 CompilerThread1" daemon [_thread_in_native, id=20760, stack(0x000000a7fd300000,0x000000a7fd400000)]
  0x0000029c1a828800 JavaThread "build event listener" [_thread_blocked, id=21176, stack(0x000000a7fd700000,0x000000a7fd800000)]
  0x0000029c1a82a000 JavaThread "Execution worker for ':'" [_thread_blocked, id=15508, stack(0x000000a7fd800000,0x000000a7fd900000)]
  0x0000029c1a82b000 JavaThread "Execution worker for ':' Thread 2" [_thread_blocked, id=19736, stack(0x000000a7fd900000,0x000000a7fda00000)]
  0x0000029c1a829800 JavaThread "Execution worker for ':' Thread 3" [_thread_blocked, id=17500, stack(0x000000a7fda00000,0x000000a7fdb00000)]
  0x0000029c1a82b800 JavaThread "Cache worker for execution history cache (C:\Users\k.nesar\AndroidStudioProjects\Play_Beat\.gradle\7.0.2\executionHistory)" [_thread_blocked, id=19168, stack(0x000000a7fdb00000,0x000000a7fdc00000)]

Other Threads:
  0x0000029c7eec4000 VMThread "VM Thread" [stack: 0x000000a7fa400000,0x000000a7fa500000] [id=16564]
  0x0000029c7f0a2800 WatcherThread [stack: 0x000000a7fae00000,0x000000a7faf00000] [id=10816]
  0x0000029c79ac7800 GCTaskThread "GC Thread#0" [stack: 0x000000a7f9f00000,0x000000a7fa000000] [id=1520]
  0x0000029c7fa0e000 GCTaskThread "GC Thread#1" [stack: 0x000000a7faf00000,0x000000a7fb000000] [id=3972]
  0x0000029c7fa60800 GCTaskThread "GC Thread#2" [stack: 0x000000a7fb000000,0x000000a7fb100000] [id=17288]
  0x0000029c7f76c800 GCTaskThread "GC Thread#3" [stack: 0x000000a7fb100000,0x000000a7fb200000] [id=9944]
  0x0000029c79af6800 ConcurrentGCThread "G1 Main Marker" [stack: 0x000000a7fa000000,0x000000a7fa100000] [id=13508]
  0x0000029c79af8000 ConcurrentGCThread "G1 Conc#0" [stack: 0x000000a7fa100000,0x000000a7fa200000] [id=5780]
  0x0000029c7e500800 ConcurrentGCThread "G1 Refine#0" [stack: 0x000000a7fa200000,0x000000a7fa300000] [id=9156]
  0x0000029c18e0f800 ConcurrentGCThread "G1 Refine#1" [stack: 0x000000a7fd100000,0x000000a7fd200000] [id=7420]
  0x0000029c7f1f5000 ConcurrentGCThread "G1 Refine#2" [stack: 0x000000a7fd200000,0x000000a7fd300000] [id=21144]
  0x0000029c7e501000 ConcurrentGCThread "G1 Young RemSet Sampling" [stack: 0x000000a7fa300000,0x000000a7fa400000] [id=10904]

Threads with active compile tasks:
C2 CompilerThread1  42724 8188       4       java.lang.String::split (324 bytes)

VM state:not at safepoint (normal execution)

VM Mutex/Monitor currently owned by a thread: None

Heap address: 0x0000000080000000, size: 2048 MB, Compressed Oops mode: 32-bit
Narrow klass base: 0x0000000000000000, Narrow klass shift: 3
Compressed class space size: 1073741824 Address: 0x0000000100000000

Heap:
 garbage-first heap   total 194560K, used 104922K [0x0000000080000000, 0x0000000100000000)
  region size 1024K, 42 young (43008K), 6 survivors (6144K)
 Metaspace       used 82190K, capacity 84275K, committed 84604K, reserved 1122304K
  class space    used 10690K, capacity 11437K, committed 11520K, reserved 1048576K
Heap Regions: E=young(eden), S=young(survivor), O=old, HS=humongous(starts), HC=humongous(continues), CS=collection set, F=free, A=archive, TAMS=top-at-mark-start (previous, next)
|   0|0x0000000080000000, 0x0000000080100000, 0x0000000080100000|100%| O|  |TAMS 0x0000000080100000, 0x0000000080000000| Untracked 
|   1|0x0000000080100000, 0x0000000080200000, 0x0000000080200000|100%| O|  |TAMS 0x0000000080200000, 0x0000000080100000| Untracked 
|   2|0x0000000080200000, 0x0000000080300000, 0x0000000080300000|100%| O|  |TAMS 0x0000000080300000, 0x0000000080200000| Untracked 
|   3|0x0000000080300000, 0x0000000080400000, 0x0000000080400000|100%|HS|  |TAMS 0x0000000080400000, 0x0000000080300000| Complete 
|   4|0x0000000080400000, 0x0000000080500000, 0x0000000080500000|100%|HC|  |TAMS 0x0000000080500000, 0x0000000080400000| Complete 
|   5|0x0000000080500000, 0x0000000080600000, 0x0000000080600000|100%|HC|  |TAMS 0x0000000080600000, 0x0000000080500000| Complete 
|   6|0x0000000080600000, 0x0000000080700000, 0x0000000080700000|100%| O|  |TAMS 0x0000000080700000, 0x0000000080600000| Untracked 
|   7|0x0000000080700000, 0x0000000080800000, 0x0000000080800000|100%| O|  |TAMS 0x0000000080800000, 0x0000000080700000| Untracked 
|   8|0x0000000080800000, 0x0000000080900000, 0x0000000080900000|100%| O|  |TAMS 0x0000000080900000, 0x0000000080800000| Untracked 
|   9|0x0000000080900000, 0x0000000080a00000, 0x0000000080a00000|100%| O|  |TAMS 0x0000000080a00000, 0x0000000080900000| Untracked 
|  10|0x0000000080a00000, 0x0000000080b00000, 0x0000000080b00000|100%| O|  |TAMS 0x0000000080b00000, 0x0000000080a00000| Untracked 
|  11|0x0000000080b00000, 0x0000000080c00000, 0x0000000080c00000|100%| O|  |TAMS 0x0000000080c00000, 0x0000000080b00000| Untracked 
|  12|0x0000000080c00000, 0x0000000080d00000, 0x0000000080d00000|100%| O|  |TAMS 0x0000000080d00000, 0x0000000080c00000| Untracked 
|  13|0x0000000080d00000, 0x0000000080e00000, 0x0000000080e00000|100%| O|  |TAMS 0x0000000080e00000, 0x0000000080d00000| Untracked 
|  14|0x0000000080e00000, 0x0000000080f00000, 0x0000000080f00000|100%| O|  |TAMS 0x0000000080f00000, 0x0000000080e00000| Untracked 
|  15|0x0000000080f00000, 0x0000000081000000, 0x0000000081000000|100%| O|  |TAMS 0x0000000081000000, 0x0000000080f00000| Untracked 
|  16|0x0000000081000000, 0x0000000081100000, 0x0000000081100000|100%| O|  |TAMS 0x0000000081100000, 0x0000000081000000| Untracked 
|  17|0x0000000081100000, 0x0000000081200000, 0x0000000081200000|100%|HS|  |TAMS 0x0000000081200000, 0x0000000081100000| Complete 
|  18|0x0000000081200000, 0x0000000081300000, 0x0000000081300000|100%|HS|  |TAMS 0x0000000081300000, 0x0000000081200000| Complete 
|  19|0x0000000081300000, 0x0000000081400000, 0x0000000081400000|100%|HS|  |TAMS 0x0000000081400000, 0x0000000081300000| Complete 
|  20|0x0000000081400000, 0x0000000081500000, 0x0000000081500000|100%|HS|  |TAMS 0x0000000081500000, 0x0000000081400000| Complete 
|  21|0x0000000081500000, 0x0000000081600000, 0x0000000081600000|100%|HC|  |TAMS 0x0000000081600000, 0x0000000081500000| Complete 
|  22|0x0000000081600000, 0x0000000081700000, 0x0000000081700000|100%|HC|  |TAMS 0x0000000081700000, 0x0000000081600000| Complete 
|  23|0x0000000081700000, 0x0000000081800000, 0x0000000081800000|100%|HS|  |TAMS 0x0000000081800000, 0x0000000081700000| Complete 
|  24|0x0000000081800000, 0x0000000081900000, 0x0000000081900000|100%|HC|  |TAMS 0x0000000081900000, 0x0000000081800000| Complete 
|  25|0x0000000081900000, 0x0000000081a00000, 0x0000000081a00000|100%| O|  |TAMS 0x0000000081a00000, 0x0000000081900000| Untracked 
|  26|0x0000000081a00000, 0x0000000081b00000, 0x0000000081b00000|100%| O|  |TAMS 0x0000000081b00000, 0x0000000081a00000| Untracked 
|  27|0x0000000081b00000, 0x0000000081c00000, 0x0000000081c00000|100%| O|  |TAMS 0x0000000081c00000, 0x0000000081b00000| Untracked 
|  28|0x0000000081c00000, 0x0000000081d00000, 0x0000000081d00000|100%| O|  |TAMS 0x0000000081d00000, 0x0000000081c00000| Untracked 
|  29|0x0000000081d00000, 0x0000000081e00000, 0x0000000081e00000|100%| O|  |TAMS 0x0000000081e00000, 0x0000000081d00000| Untracked 
|  30|0x0000000081e00000, 0x0000000081f00000, 0x0000000081f00000|100%| O|  |TAMS 0x0000000081f00000, 0x0000000081e00000| Untracked 
|  31|0x0000000081f00000, 0x0000000082000000, 0x0000000082000000|100%| O|  |TAMS 0x0000000082000000, 0x0000000081f00000| Untracked 
|  32|0x0000000082000000, 0x0000000082100000, 0x0000000082100000|100%| O|  |TAMS 0x0000000082100000, 0x0000000082000000| Untracked 
|  33|0x0000000082100000, 0x0000000082200000, 0x0000000082200000|100%| O|  |TAMS 0x0000000082200000, 0x0000000082100000| Untracked 
|  34|0x0000000082200000, 0x0000000082300000, 0x0000000082300000|100%| O|  |TAMS 0x0000000082300000, 0x0000000082200000| Untracked 
|  35|0x0000000082300000, 0x0000000082400000, 0x0000000082400000|100%| O|  |TAMS 0x0000000082400000, 0x0000000082300000| Untracked 
|  36|0x0000000082400000, 0x0000000082500000, 0x0000000082500000|100%| O|  |TAMS 0x0000000082500000, 0x0000000082400000| Untracked 
|  37|0x0000000082500000, 0x0000000082600000, 0x0000000082600000|100%| O|  |TAMS 0x0000000082600000, 0x0000000082500000| Untracked 
|  38|0x0000000082600000, 0x0000000082700000, 0x0000000082700000|100%| O|  |TAMS 0x0000000082700000, 0x0000000082600000| Untracked 
|  39|0x0000000082700000, 0x0000000082800000, 0x0000000082800000|100%| O|  |TAMS 0x0000000082800000, 0x0000000082700000| Untracked 
|  40|0x0000000082800000, 0x0000000082900000, 0x0000000082900000|100%| O|  |TAMS 0x0000000082900000, 0x0000000082800000| Untracked 
|  41|0x0000000082900000, 0x0000000082a00000, 0x0000000082a00000|100%| O|  |TAMS 0x0000000082a00000, 0x0000000082900000| Untracked 
|  42|0x0000000082a00000, 0x0000000082b00000, 0x0000000082b00000|100%| O|  |TAMS 0x0000000082b00000, 0x0000000082a00000| Untracked 
|  43|0x0000000082b00000, 0x0000000082c00000, 0x0000000082c00000|100%| O|  |TAMS 0x0000000082c00000, 0x0000000082b00000| Untracked 
|  44|0x0000000082c00000, 0x0000000082d00000, 0x0000000082d00000|100%| O|  |TAMS 0x0000000082d00000, 0x0000000082c00000| Untracked 
|  45|0x0000000082d00000, 0x0000000082e00000, 0x0000000082e00000|100%| O|  |TAMS 0x0000000082e00000, 0x0000000082d00000| Untracked 
|  46|0x0000000082e00000, 0x0000000082f00000, 0x0000000082f00000|100%| O|  |TAMS 0x0000000082f00000, 0x0000000082e00000| Untracked 
|  47|0x0000000082f00000, 0x0000000083000000, 0x0000000083000000|100%| O|  |TAMS 0x0000000082fe3000, 0x0000000082f00000| Untracked 
|  48|0x0000000083000000, 0x0000000083100000, 0x0000000083100000|100%| O|  |TAMS 0x0000000083000000, 0x0000000083000000| Untracked 
|  49|0x0000000083100000, 0x0000000083200000, 0x0000000083200000|100%| O|  |TAMS 0x0000000083100000, 0x0000000083100000| Untracked 
|  50|0x0000000083200000, 0x0000000083300000, 0x0000000083300000|100%| O|  |TAMS 0x0000000083200000, 0x0000000083200000| Untracked 
|  51|0x0000000083300000, 0x0000000083300000, 0x0000000083400000|  0%| F|  |TAMS 0x0000000083300000, 0x0000000083300000| Untracked 
|  52|0x0000000083400000, 0x0000000083400000, 0x0000000083500000|  0%| F|  |TAMS 0x0000000083400000, 0x0000000083400000| Untracked 
|  53|0x0000000083500000, 0x0000000083500000, 0x0000000083600000|  0%| F|  |TAMS 0x0000000083500000, 0x0000000083500000| Untracked 
|  54|0x0000000083600000, 0x0000000083700000, 0x0000000083700000|100%| O|  |TAMS 0x0000000083600000, 0x0000000083600000| Untracked 
|  55|0x0000000083700000, 0x0000000083800000, 0x0000000083800000|100%| O|  |TAMS 0x0000000083700000, 0x0000000083700000| Untracked 
|  56|0x0000000083800000, 0x0000000083900000, 0x0000000083900000|100%| O|  |TAMS 0x0000000083800000, 0x0000000083800000| Untracked 
|  57|0x0000000083900000, 0x0000000083a00000, 0x0000000083a00000|100%| O|  |TAMS 0x0000000083900000, 0x0000000083900000| Untracked 
|  58|0x0000000083a00000, 0x0000000083b00000, 0x0000000083b00000|100%| O|  |TAMS 0x0000000083a00000, 0x0000000083a00000| Untracked 
|  59|0x0000000083b00000, 0x0000000083c00000, 0x0000000083c00000|100%| O|  |TAMS 0x0000000083b00000, 0x0000000083b00000| Untracked 
|  60|0x0000000083c00000, 0x0000000083d00000, 0x0000000083d00000|100%| O|  |TAMS 0x0000000083c00000, 0x0000000083c00000| Untracked 
|  61|0x0000000083d00000, 0x0000000083e00000, 0x0000000083e00000|100%| O|  |TAMS 0x0000000083d00000, 0x0000000083d00000| Untracked 
|  62|0x0000000083e00000, 0x0000000083f00000, 0x0000000083f00000|100%| O|  |TAMS 0x0000000083e00000, 0x0000000083e00000| Untracked 
|  63|0x0000000083f00000, 0x0000000084000000, 0x0000000084000000|100%| O|  |TAMS 0x0000000083f00000, 0x0000000083f00000| Untracked 
|  64|0x0000000084000000, 0x0000000084079200, 0x0000000084100000| 47%| O|  |TAMS 0x0000000084000000, 0x0000000084000000| Untracked 
|  65|0x0000000084100000, 0x0000000084100000, 0x0000000084200000|  0%| F|  |TAMS 0x0000000084100000, 0x0000000084100000| Untracked 
|  66|0x0000000084200000, 0x0000000084200000, 0x0000000084300000|  0%| F|  |TAMS 0x0000000084200000, 0x0000000084200000| Untracked 
|  67|0x0000000084300000, 0x0000000084300000, 0x0000000084400000|  0%| F|  |TAMS 0x0000000084300000, 0x0000000084300000| Untracked 
|  68|0x0000000084400000, 0x0000000084400000, 0x0000000084500000|  0%| F|  |TAMS 0x0000000084400000, 0x0000000084400000| Untracked 
|  69|0x0000000084500000, 0x0000000084500000, 0x0000000084600000|  0%| F|  |TAMS 0x0000000084500000, 0x0000000084500000| Untracked 
|  70|0x0000000084600000, 0x0000000084600000, 0x0000000084700000|  0%| F|  |TAMS 0x0000000084600000, 0x0000000084600000| Untracked 
|  71|0x0000000084700000, 0x0000000084700000, 0x0000000084800000|  0%| F|  |TAMS 0x0000000084700000, 0x0000000084700000| Untracked 
|  72|0x0000000084800000, 0x0000000084800000, 0x0000000084900000|  0%| F|  |TAMS 0x0000000084800000, 0x0000000084800000| Untracked 
|  73|0x0000000084900000, 0x0000000084900000, 0x0000000084a00000|  0%| F|  |TAMS 0x0000000084900000, 0x0000000084900000| Untracked 
|  74|0x0000000084a00000, 0x0000000084a00000, 0x0000000084b00000|  0%| F|  |TAMS 0x0000000084a00000, 0x0000000084a00000| Untracked 
|  75|0x0000000084b00000, 0x0000000084b00000, 0x0000000084c00000|  0%| F|  |TAMS 0x0000000084b00000, 0x0000000084b00000| Untracked 
|  76|0x0000000084c00000, 0x0000000084c00000, 0x0000000084d00000|  0%| F|  |TAMS 0x0000000084c00000, 0x0000000084c00000| Untracked 
|  77|0x0000000084d00000, 0x0000000084d00000, 0x0000000084e00000|  0%| F|  |TAMS 0x0000000084d00000, 0x0000000084d00000| Untracked 
|  78|0x0000000084e00000, 0x0000000084e00000, 0x0000000084f00000|  0%| F|  |TAMS 0x0000000084e00000, 0x0000000084e00000| Untracked 
|  79|0x0000000084f00000, 0x0000000084f00000, 0x0000000085000000|  0%| F|  |TAMS 0x0000000084f00000, 0x0000000084f00000| Untracked 
|  80|0x0000000085000000, 0x0000000085000000, 0x0000000085100000|  0%| F|  |TAMS 0x0000000085000000, 0x0000000085000000| Untracked 
|  81|0x0000000085100000, 0x0000000085100000, 0x0000000085200000|  0%| F|  |TAMS 0x0000000085100000, 0x0000000085100000| Untracked 
|  82|0x0000000085200000, 0x0000000085200000, 0x0000000085300000|  0%| F|  |TAMS 0x0000000085200000, 0x0000000085200000| Untracked 
|  83|0x0000000085300000, 0x0000000085300000, 0x0000000085400000|  0%| F|  |TAMS 0x0000000085300000, 0x0000000085300000| Untracked 
|  84|0x0000000085400000, 0x0000000085400000, 0x0000000085500000|  0%| F|  |TAMS 0x0000000085400000, 0x0000000085400000| Untracked 
|  85|0x0000000085500000, 0x0000000085500000, 0x0000000085600000|  0%| F|  |TAMS 0x0000000085500000, 0x0000000085500000| Untracked 
|  86|0x0000000085600000, 0x0000000085600000, 0x0000000085700000|  0%| F|  |TAMS 0x0000000085600000, 0x0000000085600000| Untracked 
|  87|0x0000000085700000, 0x0000000085700000, 0x0000000085800000|  0%| F|  |TAMS 0x0000000085700000, 0x0000000085700000| Untracked 
|  88|0x0000000085800000, 0x0000000085800000, 0x0000000085900000|  0%| F|  |TAMS 0x0000000085800000, 0x0000000085800000| Untracked 
|  89|0x0000000085900000, 0x0000000085900000, 0x0000000085a00000|  0%| F|  |TAMS 0x0000000085900000, 0x0000000085900000| Untracked 
|  90|0x0000000085a00000, 0x0000000085a00000, 0x0000000085b00000|  0%| F|  |TAMS 0x0000000085a00000, 0x0000000085a00000| Untracked 
|  91|0x0000000085b00000, 0x0000000085b00000, 0x0000000085c00000|  0%| F|  |TAMS 0x0000000085b00000, 0x0000000085b00000| Untracked 
|  92|0x0000000085c00000, 0x0000000085c00000, 0x0000000085d00000|  0%| F|  |TAMS 0x0000000085c00000, 0x0000000085c00000| Untracked 
|  93|0x0000000085d00000, 0x0000000085d00000, 0x0000000085e00000|  0%| F|  |TAMS 0x0000000085d00000, 0x0000000085d00000| Untracked 
|  94|0x0000000085e00000, 0x0000000085e00000, 0x0000000085f00000|  0%| F|  |TAMS 0x0000000085e00000, 0x0000000085e00000| Untracked 
|  95|0x0000000085f00000, 0x0000000085f00000, 0x0000000086000000|  0%| F|  |TAMS 0x0000000085f00000, 0x0000000085f00000| Untracked 
|  96|0x0000000086000000, 0x0000000086000000, 0x0000000086100000|  0%| F|  |TAMS 0x0000000086000000, 0x0000000086000000| Untracked 
|  97|0x0000000086100000, 0x0000000086100000, 0x0000000086200000|  0%| F|  |TAMS 0x0000000086100000, 0x0000000086100000| Untracked 
|  98|0x0000000086200000, 0x0000000086200000, 0x0000000086300000|  0%| F|  |TAMS 0x0000000086200000, 0x0000000086200000| Untracked 
|  99|0x0000000086300000, 0x0000000086300000, 0x0000000086400000|  0%| F|  |TAMS 0x0000000086300000, 0x0000000086300000| Untracked 
| 100|0x0000000086400000, 0x0000000086400000, 0x0000000086500000|  0%| F|  |TAMS 0x0000000086400000, 0x0000000086400000| Untracked 
| 101|0x0000000086500000, 0x0000000086500000, 0x0000000086600000|  0%| F|  |TAMS 0x0000000086500000, 0x0000000086500000| Untracked 
| 102|0x0000000086600000, 0x0000000086600000, 0x0000000086700000|  0%| F|  |TAMS 0x0000000086600000, 0x0000000086600000| Untracked 
| 103|0x0000000086700000, 0x0000000086700000, 0x0000000086800000|  0%| F|  |TAMS 0x0000000086700000, 0x0000000086700000| Untracked 
| 104|0x0000000086800000, 0x00000000868fd8e0, 0x0000000086900000| 99%| S|CS|TAMS 0x0000000086800000, 0x0000000086800000| Complete 
| 105|0x0000000086900000, 0x0000000086a00000, 0x0000000086a00000|100%| S|CS|TAMS 0x0000000086900000, 0x0000000086900000| Complete 
| 106|0x0000000086a00000, 0x0000000086b00000, 0x0000000086b00000|100%| S|CS|TAMS 0x0000000086a00000, 0x0000000086a00000| Complete 
| 107|0x0000000086b00000, 0x0000000086c00000, 0x0000000086c00000|100%| S|CS|TAMS 0x0000000086b00000, 0x0000000086b00000| Complete 
| 108|0x0000000086c00000, 0x0000000086d00000, 0x0000000086d00000|100%| S|CS|TAMS 0x0000000086c00000, 0x0000000086c00000| Complete 
| 109|0x0000000086d00000, 0x0000000086d00000, 0x0000000086e00000|  0%| F|  |TAMS 0x0000000086d00000, 0x0000000086d00000| Untracked 
| 110|0x0000000086e00000, 0x0000000086e00000, 0x0000000086f00000|  0%| F|  |TAMS 0x0000000086e00000, 0x0000000086e00000| Untracked 
| 111|0x0000000086f00000, 0x0000000086f00000, 0x0000000087000000|  0%| F|  |TAMS 0x0000000086f00000, 0x0000000086f00000| Untracked 
| 112|0x0000000087000000, 0x0000000087100000, 0x0000000087100000|100%| S|CS|TAMS 0x0000000087000000, 0x0000000087000000| Complete 
| 113|0x0000000087100000, 0x0000000087100000, 0x0000000087200000|  0%| F|  |TAMS 0x0000000087100000, 0x0000000087100000| Untracked 
| 114|0x0000000087200000, 0x0000000087200000, 0x0000000087300000|  0%| F|  |TAMS 0x0000000087200000, 0x0000000087200000| Untracked 
| 115|0x0000000087300000, 0x0000000087300000, 0x0000000087400000|  0%| F|  |TAMS 0x0000000087300000, 0x0000000087300000| Untracked 
| 116|0x0000000087400000, 0x0000000087400000, 0x0000000087500000|  0%| F|  |TAMS 0x0000000087400000, 0x0000000087400000| Untracked 
| 117|0x0000000087500000, 0x0000000087500000, 0x0000000087600000|  0%| F|  |TAMS 0x0000000087500000, 0x0000000087500000| Untracked 
| 118|0x0000000087600000, 0x0000000087600000, 0x0000000087700000|  0%| F|  |TAMS 0x0000000087600000, 0x0000000087600000| Untracked 
| 119|0x0000000087700000, 0x0000000087700000, 0x0000000087800000|  0%| F|  |TAMS 0x0000000087700000, 0x0000000087700000| Untracked 
| 120|0x0000000087800000, 0x0000000087800000, 0x0000000087900000|  0%| F|  |TAMS 0x0000000087800000, 0x0000000087800000| Untracked 
| 121|0x0000000087900000, 0x0000000087900000, 0x0000000087a00000|  0%| F|  |TAMS 0x0000000087900000, 0x0000000087900000| Untracked 
| 122|0x0000000087a00000, 0x0000000087a00000, 0x0000000087b00000|  0%| F|  |TAMS 0x0000000087a00000, 0x0000000087a00000| Untracked 
| 123|0x0000000087b00000, 0x0000000087b00000, 0x0000000087c00000|  0%| F|  |TAMS 0x0000000087b00000, 0x0000000087b00000| Untracked 
| 124|0x0000000087c00000, 0x0000000087c00000, 0x0000000087d00000|  0%| F|  |TAMS 0x0000000087c00000, 0x0000000087c00000| Untracked 
| 125|0x0000000087d00000, 0x0000000087d00000, 0x0000000087e00000|  0%| F|  |TAMS 0x0000000087d00000, 0x0000000087d00000| Untracked 
| 126|0x0000000087e00000, 0x0000000087e00000, 0x0000000087f00000|  0%| F|  |TAMS 0x0000000087e00000, 0x0000000087e00000| Untracked 
| 127|0x0000000087f00000, 0x0000000087f00000, 0x0000000088000000|  0%| F|  |TAMS 0x0000000087f00000, 0x0000000087f00000| Untracked 
| 128|0x0000000088000000, 0x0000000088000000, 0x0000000088100000|  0%| F|  |TAMS 0x0000000088000000, 0x0000000088000000| Untracked 
| 129|0x0000000088100000, 0x0000000088100000, 0x0000000088200000|  0%| F|  |TAMS 0x0000000088100000, 0x0000000088100000| Untracked 
| 130|0x0000000088200000, 0x0000000088200000, 0x0000000088300000|  0%| F|  |TAMS 0x0000000088200000, 0x0000000088200000| Untracked 
| 131|0x0000000088300000, 0x0000000088300000, 0x0000000088400000|  0%| F|  |TAMS 0x0000000088300000, 0x0000000088300000| Untracked 
| 132|0x0000000088400000, 0x0000000088400000, 0x0000000088500000|  0%| F|  |TAMS 0x0000000088400000, 0x0000000088400000| Untracked 
| 133|0x0000000088500000, 0x0000000088500000, 0x0000000088600000|  0%| F|  |TAMS 0x0000000088500000, 0x0000000088500000| Untracked 
| 134|0x0000000088600000, 0x0000000088600000, 0x0000000088700000|  0%| F|  |TAMS 0x0000000088600000, 0x0000000088600000| Untracked 
| 135|0x0000000088700000, 0x0000000088700000, 0x0000000088800000|  0%| F|  |TAMS 0x0000000088700000, 0x0000000088700000| Untracked 
| 136|0x0000000088800000, 0x0000000088800000, 0x0000000088900000|  0%| F|  |TAMS 0x0000000088800000, 0x0000000088800000| Untracked 
| 137|0x0000000088900000, 0x0000000088900000, 0x0000000088a00000|  0%| F|  |TAMS 0x0000000088900000, 0x0000000088900000| Untracked 
| 138|0x0000000088a00000, 0x0000000088a00000, 0x0000000088b00000|  0%| F|  |TAMS 0x0000000088a00000, 0x0000000088a00000| Untracked 
| 139|0x0000000088b00000, 0x0000000088b00000, 0x0000000088c00000|  0%| F|  |TAMS 0x0000000088b00000, 0x0000000088b00000| Untracked 
| 140|0x0000000088c00000, 0x0000000088c00000, 0x0000000088d00000|  0%| F|  |TAMS 0x0000000088c00000, 0x0000000088c00000| Untracked 
| 141|0x0000000088d00000, 0x0000000088d00000, 0x0000000088e00000|  0%| F|  |TAMS 0x0000000088d00000, 0x0000000088d00000| Untracked 
| 142|0x0000000088e00000, 0x0000000088e00000, 0x0000000088f00000|  0%| F|  |TAMS 0x0000000088e00000, 0x0000000088e00000| Untracked 
| 143|0x0000000088f00000, 0x0000000088f00000, 0x0000000089000000|  0%| F|  |TAMS 0x0000000088f00000, 0x0000000088f00000| Untracked 
| 144|0x0000000089000000, 0x0000000089000000, 0x0000000089100000|  0%| F|  |TAMS 0x0000000089000000, 0x0000000089000000| Untracked 
| 145|0x0000000089100000, 0x0000000089100000, 0x0000000089200000|  0%| F|  |TAMS 0x0000000089100000, 0x0000000089100000| Untracked 
| 146|0x0000000089200000, 0x0000000089200000, 0x0000000089300000|  0%| F|  |TAMS 0x0000000089200000, 0x0000000089200000| Untracked 
| 147|0x0000000089300000, 0x0000000089300000, 0x0000000089400000|  0%| F|  |TAMS 0x0000000089300000, 0x0000000089300000| Untracked 
| 148|0x0000000089400000, 0x0000000089400000, 0x0000000089500000|  0%| F|  |TAMS 0x0000000089400000, 0x0000000089400000| Untracked 
| 149|0x0000000089500000, 0x0000000089500000, 0x0000000089600000|  0%| F|  |TAMS 0x0000000089500000, 0x0000000089500000| Untracked 
| 150|0x0000000089600000, 0x0000000089600000, 0x0000000089700000|  0%| F|  |TAMS 0x0000000089600000, 0x0000000089600000| Untracked 
| 151|0x0000000089700000, 0x0000000089700000, 0x0000000089800000|  0%| F|  |TAMS 0x0000000089700000, 0x0000000089700000| Untracked 
| 152|0x0000000089800000, 0x0000000089800000, 0x0000000089900000|  0%| F|  |TAMS 0x0000000089800000, 0x0000000089800000| Untracked 
| 153|0x0000000089900000, 0x0000000089980800, 0x0000000089a00000| 50%| E|  |TAMS 0x0000000089900000, 0x0000000089900000| Complete 
| 154|0x0000000089a00000, 0x0000000089b00000, 0x0000000089b00000|100%| E|CS|TAMS 0x0000000089a00000, 0x0000000089a00000| Complete 
| 155|0x0000000089b00000, 0x0000000089c00000, 0x0000000089c00000|100%| E|CS|TAMS 0x0000000089b00000, 0x0000000089b00000| Complete 
| 156|0x0000000089c00000, 0x0000000089d00000, 0x0000000089d00000|100%| E|CS|TAMS 0x0000000089c00000, 0x0000000089c00000| Complete 
| 157|0x0000000089d00000, 0x0000000089e00000, 0x0000000089e00000|100%| E|CS|TAMS 0x0000000089d00000, 0x0000000089d00000| Complete 
| 158|0x0000000089e00000, 0x0000000089f00000, 0x0000000089f00000|100%| E|CS|TAMS 0x0000000089e00000, 0x0000000089e00000| Complete 
| 159|0x0000000089f00000, 0x000000008a000000, 0x000000008a000000|100%| E|CS|TAMS 0x0000000089f00000, 0x0000000089f00000| Complete 
| 160|0x000000008a000000, 0x000000008a100000, 0x000000008a100000|100%| E|CS|TAMS 0x000000008a000000, 0x000000008a000000| Complete 
| 161|0x000000008a100000, 0x000000008a200000, 0x000000008a200000|100%| E|CS|TAMS 0x000000008a100000, 0x000000008a100000| Complete 
| 162|0x000000008a200000, 0x000000008a300000, 0x000000008a300000|100%| E|CS|TAMS 0x000000008a200000, 0x000000008a200000| Complete 
| 163|0x000000008a300000, 0x000000008a400000, 0x000000008a400000|100%| E|CS|TAMS 0x000000008a300000, 0x000000008a300000| Complete 
| 164|0x000000008a400000, 0x000000008a500000, 0x000000008a500000|100%| E|CS|TAMS 0x000000008a400000, 0x000000008a400000| Complete 
| 165|0x000000008a500000, 0x000000008a600000, 0x000000008a600000|100%| E|CS|TAMS 0x000000008a500000, 0x000000008a500000| Complete 
| 166|0x000000008a600000, 0x000000008a700000, 0x000000008a700000|100%| E|CS|TAMS 0x000000008a600000, 0x000000008a600000| Complete 
| 167|0x000000008a700000, 0x000000008a800000, 0x000000008a800000|100%| E|CS|TAMS 0x000000008a700000, 0x000000008a700000| Complete 
| 168|0x000000008a800000, 0x000000008a900000, 0x000000008a900000|100%| E|CS|TAMS 0x000000008a800000, 0x000000008a800000| Complete 
| 169|0x000000008a900000, 0x000000008aa00000, 0x000000008aa00000|100%| E|CS|TAMS 0x000000008a900000, 0x000000008a900000| Complete 
| 170|0x000000008aa00000, 0x000000008ab00000, 0x000000008ab00000|100%| E|CS|TAMS 0x000000008aa00000, 0x000000008aa00000| Complete 
| 171|0x000000008ab00000, 0x000000008ac00000, 0x000000008ac00000|100%| E|CS|TAMS 0x000000008ab00000, 0x000000008ab00000| Complete 
| 172|0x000000008ac00000, 0x000000008ad00000, 0x000000008ad00000|100%| E|CS|TAMS 0x000000008ac00000, 0x000000008ac00000| Complete 
| 173|0x000000008ad00000, 0x000000008ae00000, 0x000000008ae00000|100%| E|CS|TAMS 0x000000008ad00000, 0x000000008ad00000| Complete 
| 174|0x000000008ae00000, 0x000000008af00000, 0x000000008af00000|100%| E|CS|TAMS 0x000000008ae00000, 0x000000008ae00000| Complete 
| 175|0x000000008af00000, 0x000000008b000000, 0x000000008b000000|100%| E|CS|TAMS 0x000000008af00000, 0x000000008af00000| Complete 
| 176|0x000000008b000000, 0x000000008b100000, 0x000000008b100000|100%| E|CS|TAMS 0x000000008b000000, 0x000000008b000000| Complete 
| 177|0x000000008b100000, 0x000000008b200000, 0x000000008b200000|100%| E|CS|TAMS 0x000000008b100000, 0x000000008b100000| Complete 
| 178|0x000000008b200000, 0x000000008b300000, 0x000000008b300000|100%| E|CS|TAMS 0x000000008b200000, 0x000000008b200000| Complete 
| 179|0x000000008b300000, 0x000000008b400000, 0x000000008b400000|100%| E|CS|TAMS 0x000000008b300000, 0x000000008b300000| Complete 
| 180|0x000000008b400000, 0x000000008b500000, 0x000000008b500000|100%| E|CS|TAMS 0x000000008b400000, 0x000000008b400000| Complete 
| 181|0x000000008b500000, 0x000000008b600000, 0x000000008b600000|100%| E|CS|TAMS 0x000000008b500000, 0x000000008b500000| Complete 
| 182|0x000000008b600000, 0x000000008b700000, 0x000000008b700000|100%| E|CS|TAMS 0x000000008b600000, 0x000000008b600000| Complete 
| 183|0x000000008b700000, 0x000000008b800000, 0x000000008b800000|100%| E|CS|TAMS 0x000000008b700000, 0x000000008b700000| Complete 
| 184|0x000000008b800000, 0x000000008b900000, 0x000000008b900000|100%| E|CS|TAMS 0x000000008b800000, 0x000000008b800000| Complete 
| 185|0x000000008b900000, 0x000000008ba00000, 0x000000008ba00000|100%| E|CS|TAMS 0x000000008b900000, 0x000000008b900000| Complete 
| 186|0x000000008ba00000, 0x000000008bb00000, 0x000000008bb00000|100%| E|CS|TAMS 0x000000008ba00000, 0x000000008ba00000| Complete 
| 187|0x000000008bb00000, 0x000000008bc00000, 0x000000008bc00000|100%| E|CS|TAMS 0x000000008bb00000, 0x000000008bb00000| Complete 
| 188|0x000000008bc00000, 0x000000008bd00000, 0x000000008bd00000|100%| E|CS|TAMS 0x000000008bc00000, 0x000000008bc00000| Complete 
| 189|0x000000008bd00000, 0x000000008be00000, 0x000000008be00000|100%| E|CS|TAMS 0x000000008bd00000, 0x000000008bd00000| Complete 

Card table byte_map: [0x0000029c7d990000,0x0000029c7dd90000] _byte_map_base: 0x0000029c7d590000

Marking Bits (Prev, Next): (CMBitMap*) 0x0000029c79aedcd8, (CMBitMap*) 0x0000029c79aedd10
 Prev Bits: [0x0000029c0f000000, 0x0000029c11000000)
 Next Bits: [0x0000029c11000000, 0x0000029c13000000)

Polling page: 0x0000029c779b0000

Metaspace:

Usage:
  Non-class:     71.13 MB capacity,    69.83 MB ( 98%) used,     1.10 MB (  2%) free+waste,   209.88 KB ( <1%) overhead. 
      Class:     11.17 MB capacity,    10.44 MB ( 93%) used,   649.96 KB (  6%) free+waste,    96.94 KB ( <1%) overhead. 
       Both:     82.30 MB capacity,    80.27 MB ( 98%) used,     1.73 MB (  2%) free+waste,   306.81 KB ( <1%) overhead. 

Virtual space:
  Non-class space:       72.00 MB reserved,      71.37 MB (>99%) committed 
      Class space:        1.00 GB reserved,      11.25 MB (  1%) committed 
             Both:        1.07 GB reserved,      82.62 MB (  8%) committed 

Chunk freelists:
   Non-Class:  54.00 KB
       Class:  19.00 KB
        Both:  73.00 KB

MaxMetaspaceSize: 17179869184.00 GB
CompressedClassSpaceSize: 1.00 GB

CodeHeap 'non-profiled nmethods': size=120064Kb used=5416Kb max_used=5416Kb free=114647Kb
 bounds [0x0000029c07ac0000, 0x0000029c08010000, 0x0000029c0f000000]
CodeHeap 'profiled nmethods': size=120000Kb used=17846Kb max_used=17846Kb free=102153Kb
 bounds [0x0000029c00590000, 0x0000029c01700000, 0x0000029c07ac0000]
CodeHeap 'non-nmethods': size=5696Kb used=2278Kb max_used=2336Kb free=3417Kb
 bounds [0x0000029c00000000, 0x0000029c00270000, 0x0000029c00590000]
 total_blobs=9197 nmethods=8320 adapters=788
 compilation: enabled
              stopped_count=0, restarted_count=0
 full_count=0

Compilation events (20 events):
Event: 42.513 Thread 0x0000029c7ef20000 nmethod 8330 0x0000029c016e8110 code [0x0000029c016e82c0, 0x0000029c016e83c8]
Event: 42.513 Thread 0x0000029c7ef20000 8331  s    3       java.io.FileDescriptor::close (9 bytes)
Event: 42.513 Thread 0x0000029c7ef20000 nmethod 8331 0x0000029c016e8490 code [0x0000029c016e8680, 0x0000029c016e8c38]
Event: 42.515 Thread 0x0000029c7ef20000 8333       3       org.gradle.api.internal.artifacts.ivyservice.resolveengine.graph.builder.NodeState::isExcluded (95 bytes)
Event: 42.516 Thread 0x0000029c7ef20000 nmethod 8333 0x0000029c016e8d90 code [0x0000029c016e90e0, 0x0000029c016ea858]
Event: 42.518 Thread 0x0000029c7ef20000 8334       3       org.gradle.api.internal.artifacts.ivyservice.resolveengine.graph.builder.DependencyState::addSelectionReasons (50 bytes)
Event: 42.519 Thread 0x0000029c7ef20000 nmethod 8334 0x0000029c016eaf90 code [0x0000029c016eb1c0, 0x0000029c016eb8c8]
Event: 42.519 Thread 0x0000029c7ef20000 8335       3       org.gradle.api.internal.artifacts.ivyservice.resolveengine.graph.builder.SelectorState::trackDetailsForOverrideMetadata (107 bytes)
Event: 42.520 Thread 0x0000029c7ef20000 nmethod 8335 0x0000029c016eba90 code [0x0000029c016ebda0, 0x0000029c016ed098]
Event: 42.521 Thread 0x0000029c7ef20000 8336       1       org.gradle.api.internal.artifacts.ivyservice.ivyresolve.strategy.VersionParser$DefaultVersion::getBaseVersion (5 bytes)
Event: 42.521 Thread 0x0000029c7ef20000 nmethod 8336 0x0000029c07ff2210 code [0x0000029c07ff23c0, 0x0000029c07ff2478]
Event: 42.570 Thread 0x0000029c7ef1f000 nmethod 8082 0x0000029c07ff2510 code [0x0000029c07ff2f60, 0x0000029c07ffe568]
Event: 42.571 Thread 0x0000029c7ef1f000 8299       4       org.gradle.api.internal.artifacts.ivyservice.dependencysubstitution.DefaultDependencySubstitution_Decorated::getRequested (39 bytes)
Event: 42.572 Thread 0x0000029c7ef1f000 nmethod 8299 0x0000029c08005510 code [0x0000029c080056a0, 0x0000029c08005718]
Event: 42.572 Thread 0x0000029c7ef1f000 8242       4       com.esotericsoftware.kryo.io.Input::readUtf8Length (139 bytes)
Event: 42.576 Thread 0x0000029c7ef1f000 nmethod 8242 0x0000029c08005790 code [0x0000029c08005920, 0x0000029c08005a98]
Event: 42.576 Thread 0x0000029c7ef1f000 8243       4       java.util.stream.ReferencePipeline$Head::<init> (8 bytes)
Event: 42.580 Thread 0x0000029c7ef1f000 nmethod 8243 0x0000029c08005b90 code [0x0000029c08005d20, 0x0000029c08005f98]
Event: 42.580 Thread 0x0000029c7ef1f000 8244       4       java.util.stream.ReferencePipeline::<init> (8 bytes)
Event: 42.584 Thread 0x0000029c7ef1f000 nmethod 8244 0x0000029c08006010 code [0x0000029c080061a0, 0x0000029c08006418]

GC Heap History (20 events):
Event: 3.135 GC heap before
{Heap before GC invocations=2 (full 0):
 garbage-first heap   total 194560K, used 39090K [0x0000000080000000, 0x0000000100000000)
  region size 1024K, 31 young (31744K), 2 survivors (2048K)
 Metaspace       used 10770K, capacity 11003K, committed 11264K, reserved 1058816K
  class space    used 1125K, capacity 1206K, committed 1280K, reserved 1048576K
}
Event: 3.139 GC heap after
{Heap after GC invocations=3 (full 0):
 garbage-first heap   total 194560K, used 12102K [0x0000000080000000, 0x0000000100000000)
  region size 1024K, 3 young (3072K), 3 survivors (3072K)
 Metaspace       used 10770K, capacity 11003K, committed 11264K, reserved 1058816K
  class space    used 1125K, capacity 1206K, committed 1280K, reserved 1048576K
}
Event: 7.214 GC heap before
{Heap before GC invocations=3 (full 0):
 garbage-first heap   total 194560K, used 76614K [0x0000000080000000, 0x0000000100000000)
  region size 1024K, 67 young (68608K), 3 survivors (3072K)
 Metaspace       used 20623K, capacity 21150K, committed 21296K, reserved 1069056K
  class space    used 2513K, capacity 2688K, committed 2688K, reserved 1048576K
}
Event: 7.227 GC heap after
{Heap after GC invocations=4 (full 0):
 garbage-first heap   total 194560K, used 16963K [0x0000000080000000, 0x0000000100000000)
  region size 1024K, 9 young (9216K), 9 survivors (9216K)
 Metaspace       used 20623K, capacity 21150K, committed 21296K, reserved 1069056K
  class space    used 2513K, capacity 2688K, committed 2688K, reserved 1048576K
}
Event: 10.086 GC heap before
{Heap before GC invocations=5 (full 0):
 garbage-first heap   total 194560K, used 92739K [0x0000000080000000, 0x0000000100000000)
  region size 1024K, 84 young (86016K), 9 survivors (9216K)
 Metaspace       used 28290K, capacity 28984K, committed 29104K, reserved 1075200K
  class space    used 3761K, capacity 4028K, committed 4096K, reserved 1048576K
}
Event: 10.103 GC heap after
{Heap after GC invocations=6 (full 0):
 garbage-first heap   total 194560K, used 19400K [0x0000000080000000, 0x0000000100000000)
  region size 1024K, 9 young (9216K), 9 survivors (9216K)
 Metaspace       used 28290K, capacity 28984K, committed 29104K, reserved 1075200K
  class space    used 3761K, capacity 4028K, committed 4096K, reserved 1048576K
}
Event: 11.545 GC heap before
{Heap before GC invocations=6 (full 0):
 garbage-first heap   total 194560K, used 49096K [0x0000000080000000, 0x0000000100000000)
  region size 1024K, 39 young (39936K), 9 survivors (9216K)
 Metaspace       used 34844K, capacity 35606K, committed 35708K, reserved 1081344K
  class space    used 4535K, capacity 4832K, committed 4864K, reserved 1048576K
}
Event: 11.562 GC heap after
{Heap after GC invocations=7 (full 0):
 garbage-first heap   total 194560K, used 23265K [0x0000000080000000, 0x0000000100000000)
  region size 1024K, 7 young (7168K), 7 survivors (7168K)
 Metaspace       used 34844K, capacity 35606K, committed 35708K, reserved 1081344K
  class space    used 4535K, capacity 4832K, committed 4864K, reserved 1048576K
}
Event: 15.044 GC heap before
{Heap before GC invocations=8 (full 0):
 garbage-first heap   total 194560K, used 125665K [0x0000000080000000, 0x0000000100000000)
  region size 1024K, 104 young (106496K), 7 survivors (7168K)
 Metaspace       used 43041K, capacity 44215K, committed 44412K, reserved 1087488K
  class space    used 5487K, capacity 5857K, committed 5888K, reserved 1048576K
}
Event: 15.069 GC heap after
{Heap after GC invocations=9 (full 0):
 garbage-first heap   total 194560K, used 28476K [0x0000000080000000, 0x0000000100000000)
  region size 1024K, 12 young (12288K), 12 survivors (12288K)
 Metaspace       used 43041K, capacity 44215K, committed 44412K, reserved 1087488K
  class space    used 5487K, capacity 5857K, committed 5888K, reserved 1048576K
}
Event: 22.340 GC heap before
{Heap before GC invocations=9 (full 0):
 garbage-first heap   total 194560K, used 140092K [0x0000000080000000, 0x0000000100000000)
  region size 1024K, 114 young (116736K), 12 survivors (12288K)
 Metaspace       used 49952K, capacity 51287K, committed 51580K, reserved 1093632K
  class space    used 6347K, capacity 6831K, committed 6912K, reserved 1048576K
}
Event: 22.375 GC heap after
{Heap after GC invocations=10 (full 0):
 garbage-first heap   total 194560K, used 48029K [0x0000000080000000, 0x0000000100000000)
  region size 1024K, 15 young (15360K), 15 survivors (15360K)
 Metaspace       used 49952K, capacity 51287K, committed 51580K, reserved 1093632K
  class space    used 6347K, capacity 6831K, committed 6912K, reserved 1048576K
}
Event: 24.681 GC heap before
{Heap before GC invocations=10 (full 0):
 garbage-first heap   total 194560K, used 103325K [0x0000000080000000, 0x0000000100000000)
  region size 1024K, 70 young (71680K), 15 survivors (15360K)
 Metaspace       used 58241K, capacity 59775K, committed 59900K, reserved 1101824K
  class space    used 7391K, capacity 7971K, committed 8064K, reserved 1048576K
}
Event: 24.718 GC heap after
{Heap after GC invocations=11 (full 0):
 garbage-first heap   total 194560K, used 53132K [0x0000000080000000, 0x0000000100000000)
  region size 1024K, 4 young (4096K), 4 survivors (4096K)
 Metaspace       used 58241K, capacity 59775K, committed 59900K, reserved 1101824K
  class space    used 7391K, capacity 7971K, committed 8064K, reserved 1048576K
}
Event: 31.873 GC heap before
{Heap before GC invocations=12 (full 0):
 garbage-first heap   total 194560K, used 131980K [0x0000000080000000, 0x0000000100000000)
  region size 1024K, 81 young (82944K), 4 survivors (4096K)
 Metaspace       used 65669K, capacity 67306K, committed 67452K, reserved 1107968K
  class space    used 8311K, capacity 8887K, committed 8960K, reserved 1048576K
}
Event: 31.892 GC heap after
{Heap after GC invocations=13 (full 0):
 garbage-first heap   total 194560K, used 57228K [0x0000000080000000, 0x0000000100000000)
  region size 1024K, 8 young (8192K), 8 survivors (8192K)
 Metaspace       used 65669K, capacity 67306K, committed 67452K, reserved 1107968K
  class space    used 8311K, capacity 8887K, committed 8960K, reserved 1048576K
}
Event: 36.439 GC heap before
{Heap before GC invocations=14 (full 0):
 garbage-first heap   total 194560K, used 137100K [0x0000000080000000, 0x0000000100000000)
  region size 1024K, 86 young (88064K), 8 survivors (8192K)
 Metaspace       used 71409K, capacity 73082K, committed 73212K, reserved 1112064K
  class space    used 9199K, capacity 9823K, committed 9856K, reserved 1048576K
}
Event: 36.464 GC heap after
{Heap after GC invocations=15 (full 0):
 garbage-first heap   total 194560K, used 62871K [0x0000000080000000, 0x0000000100000000)
  region size 1024K, 11 young (11264K), 11 survivors (11264K)
 Metaspace       used 71409K, capacity 73082K, committed 73212K, reserved 1112064K
  class space    used 9199K, capacity 9823K, committed 9856K, reserved 1048576K
}
Event: 40.666 GC heap before
{Heap before GC invocations=15 (full 0):
 garbage-first heap   total 194560K, used 143767K [0x0000000080000000, 0x0000000100000000)
  region size 1024K, 88 young (90112K), 11 survivors (11264K)
 Metaspace       used 79443K, capacity 81295K, committed 81532K, reserved 1120256K
  class space    used 10299K, capacity 10957K, committed 11008K, reserved 1048576K
}
Event: 40.696 GC heap after
{Heap after GC invocations=16 (full 0):
 garbage-first heap   total 194560K, used 69082K [0x0000000080000000, 0x0000000100000000)
  region size 1024K, 6 young (6144K), 6 survivors (6144K)
 Metaspace       used 79443K, capacity 81295K, committed 81532K, reserved 1120256K
  class space    used 10299K, capacity 10957K, committed 11008K, reserved 1048576K
}

Deoptimization events (20 events):
Event: 41.949 Thread 0x0000029c7f5af800 Uncommon trap: trap_request=0xffffffc6 fr.pc=0x0000029c07e64ea8 relative=0x0000000000000448
Event: 41.949 Thread 0x0000029c7f5af800 Uncommon trap: reason=bimorphic_or_optimized_type_check action=maybe_recompile pc=0x0000029c07e64ea8 method=java.util.Collections$SetFromMap.remove(Ljava/lang/Object;)Z @ 5 c2
Event: 41.949 Thread 0x0000029c7f5af800 DEOPT PACKING pc=0x0000029c07e64ea8 sp=0x000000a7fb8fb730
Event: 41.949 Thread 0x0000029c7f5af800 DEOPT UNPACKING pc=0x0000029c000278af sp=0x000000a7fb8fb728 mode 2
Event: 41.950 Thread 0x0000029c7f5af800 Uncommon trap: trap_request=0xffffffc6 fr.pc=0x0000029c07e64ea8 relative=0x0000000000000448
Event: 41.950 Thread 0x0000029c7f5af800 Uncommon trap: reason=bimorphic_or_optimized_type_check action=maybe_recompile pc=0x0000029c07e64ea8 method=java.util.Collections$SetFromMap.remove(Ljava/lang/Object;)Z @ 5 c2
Event: 41.950 Thread 0x0000029c7f5af800 DEOPT PACKING pc=0x0000029c07e64ea8 sp=0x000000a7fb8fb5e0
Event: 41.950 Thread 0x0000029c7f5af800 DEOPT UNPACKING pc=0x0000029c000278af sp=0x000000a7fb8fb5d8 mode 2
Event: 42.058 Thread 0x0000029c7f5af800 Uncommon trap: trap_request=0xffffffc6 fr.pc=0x0000029c07e64ea8 relative=0x0000000000000448
Event: 42.058 Thread 0x0000029c7f5af800 Uncommon trap: reason=bimorphic_or_optimized_type_check action=maybe_recompile pc=0x0000029c07e64ea8 method=java.util.Collections$SetFromMap.remove(Ljava/lang/Object;)Z @ 5 c2
Event: 42.058 Thread 0x0000029c7f5af800 DEOPT PACKING pc=0x0000029c07e64ea8 sp=0x000000a7fb8fb730
Event: 42.058 Thread 0x0000029c7f5af800 DEOPT UNPACKING pc=0x0000029c000278af sp=0x000000a7fb8fb728 mode 2
Event: 42.092 Thread 0x0000029c1a82b800 Uncommon trap: trap_request=0xffffffc6 fr.pc=0x0000029c07dca974 relative=0x00000000000006d4
Event: 42.092 Thread 0x0000029c1a82b800 Uncommon trap: reason=bimorphic_or_optimized_type_check action=maybe_recompile pc=0x0000029c07dca974 method=java.util.Arrays.binarySearch0([Ljava/lang/Object;IILjava/lang/Object;Ljava/util/Comparator;)I @ 48 c2
Event: 42.092 Thread 0x0000029c1a82b800 DEOPT PACKING pc=0x0000029c07dca974 sp=0x000000a7fdbfdfc0
Event: 42.092 Thread 0x0000029c1a82b800 DEOPT UNPACKING pc=0x0000029c000278af sp=0x000000a7fdbfdf40 mode 2
Event: 42.092 Thread 0x0000029c1a82b800 Uncommon trap: trap_request=0xffffffc6 fr.pc=0x0000029c07dca974 relative=0x00000000000006d4
Event: 42.092 Thread 0x0000029c1a82b800 Uncommon trap: reason=bimorphic_or_optimized_type_check action=maybe_recompile pc=0x0000029c07dca974 method=java.util.Arrays.binarySearch0([Ljava/lang/Object;IILjava/lang/Object;Ljava/util/Comparator;)I @ 48 c2
Event: 42.092 Thread 0x0000029c1a82b800 DEOPT PACKING pc=0x0000029c07dca974 sp=0x000000a7fdbfdfc0
Event: 42.092 Thread 0x0000029c1a82b800 DEOPT UNPACKING pc=0x0000029c000278af sp=0x000000a7fdbfdf40 mode 2

Classes redefined (0 events):
No events

Internal exceptions (20 events):
Event: 39.109 Thread 0x0000029c7f5af800 Exception <a 'sun/nio/fs/WindowsException'{0x00000000893aae18}> (0x00000000893aae18) thrown at [./src/hotspot/share/prims/jni.cpp, line 615]
Event: 39.378 Thread 0x0000029c7f5af800 Exception <a 'java/lang/NullPointerException'{0x0000000088a9dcf8}> (0x0000000088a9dcf8) thrown at [./src/hotspot/share/interpreter/linkResolver.cpp, line 1440]
Event: 39.703 Thread 0x0000029c7f5af800 Implicit null exception at 0x0000029c07ee6209 to 0x0000029c07ee68c8
Event: 40.122 Thread 0x0000029c7f5af800 Exception <a 'java/lang/NoSuchMethodError'{0x0000000087b94e88}: 'int java.lang.invoke.DirectMethodHandle$Holder.invokeStatic(java.lang.Object, java.lang.Object, int, java.lang.Object)'> (0x0000000087b94e88) thrown at [./src/hotspot/share/interpreter/linkResolver.cpp, line 773]
Event: 40.241 Thread 0x0000029c7f5af800 Exception <a 'sun/nio/fs/WindowsException'{0x0000000087abefe0}> (0x0000000087abefe0) thrown at [./src/hotspot/share/prims/jni.cpp, line 615]
Event: 40.241 Thread 0x0000029c7f5af800 Exception <a 'sun/nio/fs/WindowsException'{0x0000000087ac0380}> (0x0000000087ac0380) thrown at [./src/hotspot/share/prims/jni.cpp, line 615]
Event: 40.242 Thread 0x0000029c7f5af800 Exception <a 'sun/nio/fs/WindowsException'{0x0000000087ac1758}> (0x0000000087ac1758) thrown at [./src/hotspot/share/prims/jni.cpp, line 615]
Event: 40.242 Thread 0x0000029c7f5af800 Exception <a 'sun/nio/fs/WindowsException'{0x0000000087ac2b30}> (0x0000000087ac2b30) thrown at [./src/hotspot/share/prims/jni.cpp, line 615]
Event: 40.308 Thread 0x0000029c7f5af800 Implicit null exception at 0x0000029c07f9684c to 0x0000029c07f9dd74
Event: 41.174 Thread 0x0000029c7f5af800 Exception <a 'java/lang/NoSuchMethodError'{0x000000008b214e88}: 'java.lang.Object java.lang.invoke.Invokers$Holder.linkToTargetMethod(java.lang.Object, int, int, java.lang.Object)'> (0x000000008b214e88) thrown at [./src/hotspot/share/interpreter/linkResolver.cpp, line 773]
Event: 41.839 Thread 0x0000029c7ef73000 Exception <a 'java/lang/NoSuchMethodError'{0x000000008a685fd0}: <clinit>> (0x000000008a685fd0) thrown at [./src/hotspot/share/prims/jni.cpp, line 1362]
Event: 41.840 Thread 0x0000029c7ef73000 Exception <a 'java/lang/NoSuchMethodError'{0x000000008a68f8e0}: <clinit>> (0x000000008a68f8e0) thrown at [./src/hotspot/share/prims/jni.cpp, line 1362]
Event: 41.952 Thread 0x0000029c7ef73000 Exception <a 'java/lang/NoSuchMethodError'{0x000000008a5c8f30}: <clinit>> (0x000000008a5c8f30) thrown at [./src/hotspot/share/prims/jni.cpp, line 1362]
Event: 41.954 Thread 0x0000029c7ef73000 Exception <a 'java/lang/NoSuchMethodError'{0x000000008a5da150}: <clinit>> (0x000000008a5da150) thrown at [./src/hotspot/share/prims/jni.cpp, line 1362]
Event: 41.954 Thread 0x0000029c7ef73000 Exception <a 'java/lang/NoSuchMethodError'{0x000000008a5db428}: <clinit>> (0x000000008a5db428) thrown at [./src/hotspot/share/prims/jni.cpp, line 1362]
Event: 41.999 Thread 0x0000029c1a828800 Exception <a 'java/lang/NoSuchMethodError'{0x000000008a359e18}: <clinit>> (0x000000008a359e18) thrown at [./src/hotspot/share/prims/jni.cpp, line 1362]
Event: 42.002 Thread 0x0000029c1a828800 Exception <a 'java/lang/NoSuchMethodError'{0x000000008a36ec48}: <clinit>> (0x000000008a36ec48) thrown at [./src/hotspot/share/prims/jni.cpp, line 1362]
Event: 42.005 Thread 0x0000029c1a828800 Exception <a 'java/lang/NoSuchMethodError'{0x000000008a387ed0}: <clinit>> (0x000000008a387ed0) thrown at [./src/hotspot/share/prims/jni.cpp, line 1362]
Event: 42.059 Thread 0x0000029c7ef73000 Exception <a 'java/lang/NoSuchMethodError'{0x000000008a187df8}: <clinit>> (0x000000008a187df8) thrown at [./src/hotspot/share/prims/jni.cpp, line 1362]
Event: 42.111 Thread 0x0000029c7f5af800 Exception <a 'java/lang/NoSuchMethodError'{0x000000008a16b918}: 'java.lang.Object java.lang.invoke.Invokers$Holder.linkToTargetMethod(java.lang.Object, java.lang.Object, java.lang.Object, int, java.lang.Object, java.lang.Object)'> (0x000000008a16b918) thrown at [./src/hotspot/share/interpreter/linkResolver.cpp, line 773]

Events (20 events):
Event: 42.378 loading class org/gradle/api/internal/artifacts/repositories/resolver/AbstractDependenciesMetadataAdapter
Event: 42.378 loading class org/gradle/api/internal/artifacts/repositories/resolver/AbstractDependenciesMetadataAdapter done
Event: 42.400 loading class org/gradle/api/artifacts/DirectDependenciesMetadata
Event: 42.400 loading class org/gradle/api/artifacts/DirectDependenciesMetadata done
Event: 42.401 loading class org/gradle/api/internal/artifacts/repositories/resolver/DirectDependencyMetadataAdapter
Event: 42.401 loading class org/gradle/api/internal/artifacts/repositories/resolver/DirectDependencyMetadataAdapter done
Event: 42.407 loading class org/gradle/api/internal/artifacts/repositories/resolver/AbstractDependencyMetadataAdapter
Event: 42.407 loading class org/gradle/api/internal/artifacts/repositories/resolver/AbstractDependencyMetadataAdapter done
Event: 42.409 loading class org/gradle/internal/component/external/model/ivy/IvyDependencyDescriptor
Event: 42.409 loading class org/gradle/internal/component/external/model/ivy/IvyDependencyDescriptor done
Event: 42.413 loading class org/gradle/api/artifacts/DirectDependencyMetadata
Event: 42.413 loading class org/gradle/api/artifacts/DirectDependencyMetadata done
Event: 42.413 loading class com/android/build/gradle/internal/dependency/AndroidXDependencySubstitution$replaceOldSupportLibraries$1$1$1$2
Event: 42.413 loading class com/android/build/gradle/internal/dependency/AndroidXDependencySubstitution$replaceOldSupportLibraries$1$1$1$2 done
Event: 42.516 loading class org/gradle/internal/component/model/IvyArtifactName
Event: 42.516 loading class org/gradle/internal/component/model/IvyArtifactName done
Event: 42.516 loading class org/gradle/api/internal/artifacts/ivyservice/dependencysubstitution/DefaultDependencyArtifactSelector
Event: 42.516 loading class org/gradle/api/internal/artifacts/ivyservice/dependencysubstitution/DefaultDependencyArtifactSelector done
Event: 42.517 loading class org/gradle/internal/component/model/IvyArtifactName
Event: 42.517 loading class org/gradle/internal/component/model/IvyArtifactName done


Dynamic libraries:
0x00007ff6cf020000 - 0x00007ff6cf02a000 	C:\Program Files\Android\Android Studio\jre\bin\java.exe
0x00007ffc7ca40000 - 0x00007ffc7cc47000 	C:\WINDOWS\SYSTEM32\ntdll.dll
0x00007ffc7b130000 - 0x00007ffc7b1ed000 	C:\WINDOWS\System32\KERNEL32.DLL
0x00007ffc7a550000 - 0x00007ffc7a8c4000 	C:\WINDOWS\System32\KERNELBASE.dll
0x00007ffc76b70000 - 0x00007ffc76c01000 	C:\WINDOWS\SYSTEM32\apphelp.dll
0x00007ffc79f20000 - 0x00007ffc7a031000 	C:\WINDOWS\System32\ucrtbase.dll
0x00007ffc6e900000 - 0x00007ffc6e919000 	C:\Program Files\Android\Android Studio\jre\bin\jli.dll
0x00007ffc7bdc0000 - 0x00007ffc7bf6c000 	C:\WINDOWS\System32\USER32.dll
0x00007ffc7a040000 - 0x00007ffc7a066000 	C:\WINDOWS\System32\win32u.dll
0x00007ffc7b100000 - 0x00007ffc7b129000 	C:\WINDOWS\System32\GDI32.dll
0x00007ffc7a070000 - 0x00007ffc7a182000 	C:\WINDOWS\System32\gdi32full.dll
0x00007ffc7a300000 - 0x00007ffc7a39d000 	C:\WINDOWS\System32\msvcp_win.dll
0x00007ffc6e8e0000 - 0x00007ffc6e8f7000 	C:\Program Files\Android\Android Studio\jre\bin\VCRUNTIME140.dll
0x00007ffc6eed0000 - 0x00007ffc6f175000 	C:\WINDOWS\WinSxS\amd64_microsoft.windows.common-controls_6595b64144ccf1df_6.0.22000.120_none_9d947278b86cc467\COMCTL32.dll
0x00007ffc7b3b0000 - 0x00007ffc7b453000 	C:\WINDOWS\System32\msvcrt.dll
0x00007ffc7c240000 - 0x00007ffc7c271000 	C:\WINDOWS\System32\IMM32.DLL
0x00007ffc488b0000 - 0x00007ffc4894d000 	C:\Program Files\Android\Android Studio\jre\bin\msvcp140.dll
0x00007ffc181b0000 - 0x00007ffc18c7f000 	C:\Program Files\Android\Android Studio\jre\bin\server\jvm.dll
0x00007ffc7c0f0000 - 0x00007ffc7c19c000 	C:\WINDOWS\System32\ADVAPI32.dll
0x00007ffc7c1a0000 - 0x00007ffc7c23d000 	C:\WINDOWS\System32\sechost.dll
0x00007ffc7c760000 - 0x00007ffc7c881000 	C:\WINDOWS\System32\RPCRT4.dll
0x00007ffc7b5f0000 - 0x00007ffc7b5f8000 	C:\WINDOWS\System32\PSAPI.DLL
0x00007ffc6e600000 - 0x00007ffc6e609000 	C:\WINDOWS\SYSTEM32\WSOCK32.dll
0x00007ffc7bf70000 - 0x00007ffc7bfdf000 	C:\WINDOWS\System32\WS2_32.dll
0x00007ffc74970000 - 0x00007ffc749a3000 	C:\WINDOWS\SYSTEM32\WINMM.dll
0x00007ffc720a0000 - 0x00007ffc720aa000 	C:\WINDOWS\SYSTEM32\VERSION.dll
0x00007ffc79140000 - 0x00007ffc79158000 	C:\WINDOWS\SYSTEM32\kernel.appcore.dll
0x00007ffc72b80000 - 0x00007ffc72b91000 	C:\Program Files\Android\Android Studio\jre\bin\verify.dll
0x00007ffc77c00000 - 0x00007ffc77e21000 	C:\WINDOWS\SYSTEM32\DBGHELP.DLL
0x00007ffc725a0000 - 0x00007ffc725d1000 	C:\WINDOWS\SYSTEM32\dbgcore.DLL
0x00007ffc7a460000 - 0x00007ffc7a4e0000 	C:\WINDOWS\System32\bcryptPrimitives.dll
0x00007ffc65120000 - 0x00007ffc65149000 	C:\Program Files\Android\Android Studio\jre\bin\java.dll
0x00007ffc74a00000 - 0x00007ffc74a0b000 	C:\Program Files\Android\Android Studio\jre\bin\jimage.dll
0x00007ffc71c40000 - 0x00007ffc71c58000 	C:\Program Files\Android\Android Studio\jre\bin\zip.dll
0x00007ffc7b600000 - 0x00007ffc7bda9000 	C:\WINDOWS\System32\SHELL32.dll
0x00007ffc780a0000 - 0x00007ffc78902000 	C:\WINDOWS\SYSTEM32\windows.storage.dll
0x00007ffc7aa90000 - 0x00007ffc7ae08000 	C:\WINDOWS\System32\combase.dll
0x00007ffc77f30000 - 0x00007ffc78096000 	C:\WINDOWS\SYSTEM32\wintypes.dll
0x00007ffc7afa0000 - 0x00007ffc7b08a000 	C:\WINDOWS\System32\SHCORE.dll
0x00007ffc7af40000 - 0x00007ffc7af9d000 	C:\WINDOWS\System32\shlwapi.dll
0x00007ffc79e50000 - 0x00007ffc79e71000 	C:\WINDOWS\SYSTEM32\profapi.dll
0x00007ffc71860000 - 0x00007ffc7187a000 	C:\Program Files\Android\Android Studio\jre\bin\net.dll
0x00007ffc743a0000 - 0x00007ffc744ac000 	C:\WINDOWS\SYSTEM32\WINHTTP.dll
0x00007ffc79550000 - 0x00007ffc795b7000 	C:\WINDOWS\system32\mswsock.dll
0x00007ffc71740000 - 0x00007ffc71754000 	C:\Program Files\Android\Android Studio\jre\bin\nio.dll
0x00007ffc70be0000 - 0x00007ffc70c07000 	C:\Users\k.nesar\.gradle\native\8bec1ad78214c89d9ad589b4d07fe93259594b29d510b10fafb7a158f7737e5d\windows-amd64\native-platform.dll
0x00007ffc418a0000 - 0x00007ffc419dd000 	C:\Users\k.nesar\.gradle\native\53dbd7edfb1c66fb8903c78663c9afc45aea4f116125fa6feffd364cf09443e8\windows-amd64\native-platform-file-events.dll
0x00007ffc71bf0000 - 0x00007ffc71bfa000 	C:\Program Files\Android\Android Studio\jre\bin\management.dll
0x00007ffc71bd0000 - 0x00007ffc71bdc000 	C:\Program Files\Android\Android Studio\jre\bin\management_ext.dll
0x00007ffc79790000 - 0x00007ffc797a8000 	C:\WINDOWS\SYSTEM32\CRYPTSP.dll
0x00007ffc790a0000 - 0x00007ffc790d5000 	C:\WINDOWS\system32\rsaenh.dll
0x00007ffc79640000 - 0x00007ffc79669000 	C:\WINDOWS\SYSTEM32\USERENV.dll
0x00007ffc79910000 - 0x00007ffc79937000 	C:\WINDOWS\SYSTEM32\bcrypt.dll
0x00007ffc797b0000 - 0x00007ffc797bc000 	C:\WINDOWS\SYSTEM32\CRYPTBASE.dll
0x00007ffc78c80000 - 0x00007ffc78cad000 	C:\WINDOWS\SYSTEM32\IPHLPAPI.DLL
0x00007ffc7bdb0000 - 0x00007ffc7bdb9000 	C:\WINDOWS\System32\NSI.dll
0x00007ffc74200000 - 0x00007ffc74219000 	C:\WINDOWS\SYSTEM32\dhcpcsvc6.DLL
0x00007ffc745c0000 - 0x00007ffc745de000 	C:\WINDOWS\SYSTEM32\dhcpcsvc.DLL
0x00007ffc78d00000 - 0x00007ffc78de7000 	C:\WINDOWS\SYSTEM32\DNSAPI.dll

dbghelp: loaded successfully - version: 4.0.5 - missing functions: none
symbol engine: initialized successfully - sym options: 0x614 - pdb path: .;C:\Program Files\Android\Android Studio\jre\bin;C:\WINDOWS\SYSTEM32;C:\WINDOWS\WinSxS\amd64_microsoft.windows.common-controls_6595b64144ccf1df_6.0.22000.120_none_9d947278b86cc467;C:\Program Files\Android\Android Studio\jre\bin\server;C:\Users\k.nesar\.gradle\native\8bec1ad78214c89d9ad589b4d07fe93259594b29d510b10fafb7a158f7737e5d\windows-amd64;C:\Users\k.nesar\.gradle\native\53dbd7edfb1c66fb8903c78663c9afc45aea4f116125fa6feffd364cf09443e8\windows-amd64

VM Arguments:
jvm_args: --add-opens=java.base/java.util=ALL-UNNAMED --add-opens=java.base/java.lang=ALL-UNNAMED --add-opens=java.base/java.lang.invoke=ALL-UNNAMED --add-opens=java.base/java.util=ALL-UNNAMED --add-opens=java.prefs/java.util.prefs=ALL-UNNAMED --add-opens=java.prefs/java.util.prefs=ALL-UNNAMED --add-opens=java.base/java.nio.charset=ALL-UNNAMED --add-opens=java.base/java.net=ALL-UNNAMED --add-opens=java.base/java.util.concurrent.atomic=ALL-UNNAMED -Xmx2048m -Dfile.encoding=UTF-8 -Duser.country=US -Duser.language=en -Duser.variant 
java_command: org.gradle.launcher.daemon.bootstrap.GradleDaemon 7.0.2
java_class_path (initial): C:\Users\k.nesar\.gradle\wrapper\dists\gradle-7.0.2-bin\857tjihv64xamwrf0h14cai3r\gradle-7.0.2\lib\gradle-launcher-7.0.2.jar
Launcher Type: SUN_STANDARD

[Global flags]
     intx CICompilerCount                          = 3                                         {product} {ergonomic}
     uint ConcGCThreads                            = 1                                         {product} {ergonomic}
     uint G1ConcRefinementThreads                  = 4                                         {product} {ergonomic}
   size_t G1HeapRegionSize                         = 1048576                                   {product} {ergonomic}
    uintx GCDrainStackTargetSize                   = 64                                        {product} {ergonomic}
   size_t InitialHeapSize                          = 199229440                                 {product} {ergonomic}
   size_t MarkStackSize                            = 4194304                                   {product} {ergonomic}
   size_t MaxHeapSize                              = 2147483648                                {product} {command line}
   size_t MaxNewSize                               = 1287651328                                {product} {ergonomic}
   size_t MinHeapDeltaBytes                        = 1048576                                   {product} {ergonomic}
    uintx NonNMethodCodeHeapSize                   = 5830732                                {pd product} {ergonomic}
    uintx NonProfiledCodeHeapSize                  = 122913754                              {pd product} {ergonomic}
    uintx ProfiledCodeHeapSize                     = 122913754                              {pd product} {ergonomic}
    uintx ReservedCodeCacheSize                    = 251658240                              {pd product} {ergonomic}
     bool SegmentedCodeCache                       = true                                      {product} {ergonomic}
     bool UseCompressedClassPointers               = true                                 {lp64_product} {ergonomic}
     bool UseCompressedOops                        = true                                 {lp64_product} {ergonomic}
     bool UseG1GC                                  = true                                      {product} {ergonomic}
     bool UseLargePagesIndividualAllocation        = false                                  {pd product} {ergonomic}

Logging:
Log output configuration:
 #0: stdout all=warning uptime,level,tags
 #1: stderr all=off uptime,level,tags

Environment Variables:
PATH=%INTEL_DEV_REDIST%redist\intel64\compiler;C:\Program Files\Common Files\Oracle\Java\javapath;C:\WINDOWS\system32;C:\WINDOWS;C:\WINDOWS\System32\Wbem;C:\WINDOWS\System32\WindowsPowerShell\v1.0\;C:\WINDOWS\System32\OpenSSH\;C:\Program Files\Git\cmd;C:\Users\k.nesar\AppData\Local\Microsoft\WindowsApps;C:\Program Files\JetBrains\PyCharm Community Edition 2020.2.3\bin;C:\adb;C:\Program Files\dotnet\;C:\WINDOWS\system32;C:\WINDOWS;C:\WINDOWS\System32\Wbem;C:\WINDOWS\System32\WindowsPowerShell\v1.0\;C:\WINDOWS\System32\OpenSSH\;C:\Program Files\nodejs\;C:\Users\k.nesar\AppData\Local\Microsoft\WindowsApps;;C:\Program Files\JetBrains\PyCharm Community Edition 2020.2.3\bin;;C:\Users\k.nesar\AppData\Local\Programs\Microsoft VS Code\bin;C:\Users\k.nesar\AppData\Roaming\npm
USERNAME=K.Nesar
OS=Windows_NT
PROCESSOR_IDENTIFIER=Intel64 Family 6 Model 142 Stepping 10, GenuineIntel



---------------  S Y S T E M  ---------------

OS: Windows 10 , 64 bit Build 22000 (10.0.22000.120)
OS uptime: 10 days 2:10 hours

CPU:total 4 (initial active 4) (2 cores per cpu, 2 threads per core) family 6 model 142 stepping 10 microcode 0xe0, cmov, cx8, fxsr, mmx, sse, sse2, sse3, ssse3, sse4.1, sse4.2, popcnt, avx, avx2, aes, clmul, erms, 3dnowpref, lzcnt, ht, tsc, tscinvbit, bmi1, bmi2, adx, fma

Memory: 4k page, system-wide physical 12152M (284M free)
TotalPageFile size 34778M (AvailPageFile size 14M)
current process WorkingSet (physical memory assigned to process): 433M, peak: 439M
current process commit charge ("private bytes"): 463M, peak: 470M

vm_info: OpenJDK 64-Bit Server VM (11.0.10+0-b96-7249189) for windows-amd64 JRE (11.0.10+0-b96-7249189), built on Mar 31 2021 21:44:00 by "builder" with MS VC++ 14.0 (VS2015)

END.
