#
# There is insufficient memory for the Java Runtime Environment to continue.
# Native memory allocation (malloc) failed to allocate 1193936 bytes for Chunk::new
# Possible reasons:
#   The system is out of physical RAM or swap space
#   The process is running with CompressedOops enabled, and the Java Heap may be blocking the growth of the native heap
# Possible solutions:
#   Reduce memory load on the system
#   Increase physical memory or swap space
#   Check if swap backing store is full
#   Decrease Java heap size (-Xmx/-Xms)
#   Decrease number of Java threads
#   Decrease Java thread stack sizes (-Xss)
#   Set larger code cache with -XX:ReservedCodeCacheSize=
#   JVM is running with Unscaled Compressed Oops mode in which the Java heap is
#     placed in the first 4GB address space. The Java Heap base address is the
#     maximum limit for the native heap growth. Please use -XX:HeapBaseMinAddress
#     to set the Java Heap base and to place the Java Heap above 4GB virtual address.
# This output file may be truncated or incomplete.
#
#  Out of Memory Error (./src/hotspot/share/memory/arena.cpp:197), pid=8044, tid=14360
#
# JRE version: OpenJDK Runtime Environment (11.0.10) (build 11.0.10+0-b96-7249189)
# Java VM: OpenJDK 64-Bit Server VM (11.0.10+0-b96-7249189, mixed mode, tiered, compressed oops, g1 gc, windows-amd64)
# No core dump will be written. Minidumps are not enabled by default on client versions of Windows
#

---------------  S U M M A R Y ------------

Command Line: --add-opens=java.base/java.util=ALL-UNNAMED --add-opens=java.base/java.lang=ALL-UNNAMED --add-opens=java.base/java.lang.invoke=ALL-UNNAMED --add-opens=java.base/java.util=ALL-UNNAMED --add-opens=java.prefs/java.util.prefs=ALL-UNNAMED --add-opens=java.prefs/java.util.prefs=ALL-UNNAMED --add-opens=java.base/java.nio.charset=ALL-UNNAMED --add-opens=java.base/java.net=ALL-UNNAMED --add-opens=java.base/java.util.concurrent.atomic=ALL-UNNAMED -Xmx2048m -Dfile.encoding=UTF-8 -Duser.country=US -Duser.language=en -Duser.variant org.gradle.launcher.daemon.bootstrap.GradleDaemon 7.0.2

Host: Intel(R) Core(TM) i3-7020U CPU @ 2.30GHz, 4 cores, 11G,  Windows 10 , 64 bit Build 22000 (10.0.22000.120)
Time: Mon Nov  1 17:00:40 2021 India Standard Time elapsed time: 101.735693 seconds (0d 0h 1m 41s)

---------------  T H R E A D  ---------------

Current thread (0x0000018d6cc6e000):  JavaThread "C2 CompilerThread0" daemon [_thread_in_native, id=14360, stack(0x0000005f35100000,0x0000005f35200000)]


Current CompileTask:
C2: 101735 11572       4       org.apache.xerces.impl.XMLNSDocumentScannerImpl::scanEndElement (190 bytes)

Stack: [0x0000005f35100000,0x0000005f35200000]
Native frames: (J=compiled Java code, j=interpreted, Vv=VM code, C=native code)
V  [jvm.dll+0x5ecfaa]
V  [jvm.dll+0x722bd5]
V  [jvm.dll+0x72412d]
V  [jvm.dll+0x7247e3]
V  [jvm.dll+0x242928]
V  [jvm.dll+0xbc4fc]
V  [jvm.dll+0xbca0c]
V  [jvm.dll+0x352d3b]
V  [jvm.dll+0x197e0c]
V  [jvm.dll+0x1fb70e]
V  [jvm.dll+0x1fa7f4]
V  [jvm.dll+0x18354c]
V  [jvm.dll+0x208ee7]
V  [jvm.dll+0x207731]
V  [jvm.dll+0x6eb1cf]
V  [jvm.dll+0x6e3d45]
V  [jvm.dll+0x5ebe96]
C  [ucrtbase.dll+0x26c0c]
C  [KERNEL32.DLL+0x154e0]
C  [ntdll.dll+0x485b]


---------------  P R O C E S S  ---------------

Threads class SMR info:
_java_thread_list=0x0000018d705988b0, length=48, elements={
0x0000018d527ff000, 0x0000018d6c406800, 0x0000018d6c409000, 0x0000018d6cc68800,
0x0000018d6cc69800, 0x0000018d6cc6a800, 0x0000018d6cc6e000, 0x0000018d6cc6f800,
0x0000018d6ccce800, 0x0000018d6cdc8000, 0x0000018d6e729800, 0x0000018d6e544000,
0x0000018d6e545000, 0x0000018d6e546000, 0x0000018d7016c000, 0x0000018d7016f800,
0x0000018d7016b800, 0x0000018d7016a000, 0x0000018d7016a800, 0x0000018d70177000,
0x0000018d70172000, 0x0000018d70177800, 0x0000018d70173000, 0x0000018d70176000,
0x0000018d6dac5000, 0x0000018d6dacc800, 0x0000018d6dacf800, 0x0000018d6dac6800,
0x0000018d6dac3800, 0x0000018d6dac7800, 0x0000018d6dac9000, 0x0000018d6daca000,
0x0000018d6dac4000, 0x0000018d6dad0800, 0x0000018d6daca800, 0x0000018d6dad1000,
0x0000018d6dacb800, 0x0000018d6dad2000, 0x0000018d6dacd000, 0x0000018d6dace000,
0x0000018d7016e800, 0x0000018d70169000, 0x0000018d70170800, 0x0000018d70171000,
0x0000018d7016d000, 0x0000018d70173800, 0x0000018d7016e000, 0x0000018d70174800
}

Java Threads: ( => current thread )
  0x0000018d527ff000 JavaThread "main" [_thread_blocked, id=18388, stack(0x0000005f34500000,0x0000005f34600000)]
  0x0000018d6c406800 JavaThread "Reference Handler" daemon [_thread_blocked, id=1940, stack(0x0000005f34c00000,0x0000005f34d00000)]
  0x0000018d6c409000 JavaThread "Finalizer" daemon [_thread_blocked, id=8316, stack(0x0000005f34d00000,0x0000005f34e00000)]
  0x0000018d6cc68800 JavaThread "Signal Dispatcher" daemon [_thread_blocked, id=18780, stack(0x0000005f34e00000,0x0000005f34f00000)]
  0x0000018d6cc69800 JavaThread "Attach Listener" daemon [_thread_blocked, id=21360, stack(0x0000005f34f00000,0x0000005f35000000)]
  0x0000018d6cc6a800 JavaThread "Service Thread" daemon [_thread_blocked, id=16532, stack(0x0000005f35000000,0x0000005f35100000)]
=>0x0000018d6cc6e000 JavaThread "C2 CompilerThread0" daemon [_thread_in_native, id=14360, stack(0x0000005f35100000,0x0000005f35200000)]
  0x0000018d6cc6f800 JavaThread "C1 CompilerThread0" daemon [_thread_blocked, id=21148, stack(0x0000005f35200000,0x0000005f35300000)]
  0x0000018d6ccce800 JavaThread "Sweeper thread" daemon [_thread_blocked, id=9728, stack(0x0000005f35300000,0x0000005f35400000)]
  0x0000018d6cdc8000 JavaThread "Common-Cleaner" daemon [_thread_blocked, id=13672, stack(0x0000005f35400000,0x0000005f35500000)]
  0x0000018d6e729800 JavaThread "Daemon health stats" [_thread_blocked, id=11204, stack(0x0000005f35a00000,0x0000005f35b00000)]
  0x0000018d6e544000 JavaThread "Incoming local TCP Connector on port 64435" [_thread_in_native, id=10140, stack(0x0000005f35900000,0x0000005f35a00000)]
  0x0000018d6e545000 JavaThread "Daemon periodic checks" [_thread_blocked, id=11772, stack(0x0000005f35b00000,0x0000005f35c00000)]
  0x0000018d6e546000 JavaThread "Daemon" [_thread_blocked, id=13524, stack(0x0000005f35c00000,0x0000005f35d00000)]
  0x0000018d7016c000 JavaThread "Daemon worker" [_thread_blocked, id=5324, stack(0x0000005f35f00000,0x0000005f36000000)]
  0x0000018d7016f800 JavaThread "Cache worker for file hash cache (C:\Users\k.nesar\.gradle\caches\7.0.2\fileHashes)" [_thread_blocked, id=7740, stack(0x0000005f36300000,0x0000005f36400000)]
  0x0000018d7016b800 JavaThread "File lock request listener" [_thread_in_native, id=11876, stack(0x0000005f36400000,0x0000005f36500000)]
  0x0000018d7016a000 JavaThread "Cache worker for journal cache (C:\Users\k.nesar\.gradle\caches\journal-1)" [_thread_blocked, id=6300, stack(0x0000005f36500000,0x0000005f36600000)]
  0x0000018d7016a800 JavaThread "File watcher server" daemon [_thread_in_native, id=8968, stack(0x0000005f36700000,0x0000005f36800000)]
  0x0000018d70177000 JavaThread "File watcher consumer" daemon [_thread_blocked, id=20628, stack(0x0000005f36800000,0x0000005f36900000)]
  0x0000018d70172000 JavaThread "Cache worker for execution history cache (C:\Users\k.nesar\.gradle\caches\7.0.2\executionHistory)" [_thread_blocked, id=14148, stack(0x0000005f36c00000,0x0000005f36d00000)]
  0x0000018d70177800 JavaThread "jar transforms" [_thread_blocked, id=616, stack(0x0000005f36e00000,0x0000005f36f00000)]
  0x0000018d70173000 JavaThread "jar transforms Thread 2" [_thread_blocked, id=18044, stack(0x0000005f36f00000,0x0000005f37000000)]
  0x0000018d70176000 JavaThread "Cache worker for file content cache (C:\Users\k.nesar\.gradle\caches\7.0.2\fileContent)" [_thread_blocked, id=17840, stack(0x0000005f37000000,0x0000005f37100000)]
  0x0000018d6dac5000 JavaThread "jar transforms Thread 3" [_thread_blocked, id=16988, stack(0x0000005f37100000,0x0000005f37200000)]
  0x0000018d6dacc800 JavaThread "jar transforms Thread 4" [_thread_blocked, id=14964, stack(0x0000005f37a00000,0x0000005f37b00000)]
  0x0000018d6dacf800 JavaThread "Memory manager" [_thread_blocked, id=7412, stack(0x0000005f37b00000,0x0000005f37c00000)]
  0x0000018d6dac6800 JavaThread "Handler for socket connection from /127.0.0.1:64435 to /127.0.0.1:53096" [_thread_in_native, id=3632, stack(0x0000005f34300000,0x0000005f34400000)]
  0x0000018d6dac3800 JavaThread "Cancel handler" [_thread_blocked, id=9124, stack(0x0000005f34400000,0x0000005f34500000)]
  0x0000018d6dac7800 JavaThread "Asynchronous log dispatcher for DefaultDaemonConnection: socket connection from /127.0.0.1:64435 to /127.0.0.1:53096" [_thread_blocked, id=17208, stack(0x0000005f35d00000,0x0000005f35e00000)]
  0x0000018d6dac9000 JavaThread "Stdin handler" [_thread_blocked, id=21384, stack(0x0000005f35e00000,0x0000005f35f00000)]
  0x0000018d6daca000 JavaThread "Daemon client event forwarder" [_thread_blocked, id=17848, stack(0x0000005f36000000,0x0000005f36100000)]
  0x0000018d6dac4000 JavaThread "Cache worker for file hash cache (C:\Users\k.nesar\AndroidStudioProjects\Play_Beat\.gradle\7.0.2\fileHashes)" [_thread_blocked, id=16716, stack(0x0000005f36100000,0x0000005f36200000)]
  0x0000018d6dad0800 JavaThread "Cache worker for checksums cache (C:\Users\k.nesar\AndroidStudioProjects\Play_Beat\.gradle\checksums)" [_thread_blocked, id=20968, stack(0x0000005f36200000,0x0000005f36300000)]
  0x0000018d6daca800 JavaThread "Cache worker for cache directory md-supplier (C:\Users\k.nesar\.gradle\caches\7.0.2\md-supplier)" [_thread_blocked, id=8516, stack(0x0000005f36600000,0x0000005f36700000)]
  0x0000018d6dad1000 JavaThread "Cache worker for cache directory md-rule (C:\Users\k.nesar\.gradle\caches\7.0.2\md-rule)" [_thread_blocked, id=14604, stack(0x0000005f36900000,0x0000005f36a00000)]
  0x0000018d6dacb800 JavaThread "Cache worker for dependencies-accessors (C:\Users\k.nesar\AndroidStudioProjects\Play_Beat\.gradle\7.0.2\dependencies-accessors)" [_thread_blocked, id=13796, stack(0x0000005f36a00000,0x0000005f36b00000)]
  0x0000018d6dad2000 JavaThread "Cache worker for Build Output Cleanup Cache (C:\Users\k.nesar\AndroidStudioProjects\Play_Beat\.gradle\buildOutputCleanup)" [_thread_blocked, id=14460, stack(0x0000005f36b00000,0x0000005f36c00000)]
  0x0000018d6dacd000 JavaThread "Build operations" [_thread_blocked, id=14756, stack(0x0000005f36d00000,0x0000005f36e00000)]
  0x0000018d6dace000 JavaThread "Build operations Thread 2" [_thread_blocked, id=9752, stack(0x0000005f37200000,0x0000005f37300000)]
  0x0000018d7016e800 JavaThread "Build operations Thread 3" [_thread_blocked, id=4008, stack(0x0000005f37500000,0x0000005f37600000)]
  0x0000018d70169000 JavaThread "Build operations Thread 4" [_thread_blocked, id=9300, stack(0x0000005f37600000,0x0000005f37700000)]
  0x0000018d70170800 JavaThread "build event listener" [_thread_blocked, id=7828, stack(0x0000005f37700000,0x0000005f37800000)]
  0x0000018d70171000 JavaThread "Execution worker for ':'" [_thread_blocked, id=6824, stack(0x0000005f37800000,0x0000005f37900000)]
  0x0000018d7016d000 JavaThread "Execution worker for ':' Thread 2" [_thread_in_Java, id=5516, stack(0x0000005f37c00000,0x0000005f37d00000)]
  0x0000018d70173800 JavaThread "Execution worker for ':' Thread 3" [_thread_blocked, id=1484, stack(0x0000005f37d00000,0x0000005f37e00000)]
  0x0000018d7016e000 JavaThread "Cache worker for execution history cache (C:\Users\k.nesar\AndroidStudioProjects\Play_Beat\.gradle\7.0.2\executionHistory)" [_thread_blocked, id=17552, stack(0x0000005f37e00000,0x0000005f37f00000)]
  0x0000018d70174800 JavaThread "WorkerExecutor Queue" [_thread_blocked, id=19060, stack(0x0000005f37f00000,0x0000005f38000000)]

Other Threads:
  0x0000018d6c3c6000 VMThread "VM Thread" [stack: 0x0000005f34b00000,0x0000005f34c00000] [id=6464]
  0x0000018d6ce0c800 WatcherThread [stack: 0x0000005f35500000,0x0000005f35600000] [id=11196]
  0x0000018d52817000 GCTaskThread "GC Thread#0" [stack: 0x0000005f34600000,0x0000005f34700000] [id=19836]
  0x0000018d6d6ff800 GCTaskThread "GC Thread#1" [stack: 0x0000005f35600000,0x0000005f35700000] [id=18280]
  0x0000018d6d828800 GCTaskThread "GC Thread#2" [stack: 0x0000005f35700000,0x0000005f35800000] [id=18412]
  0x0000018d6d829000 GCTaskThread "GC Thread#3" [stack: 0x0000005f35800000,0x0000005f35900000] [id=18576]
  0x0000018d52846800 ConcurrentGCThread "G1 Main Marker" [stack: 0x0000005f34700000,0x0000005f34800000] [id=9004]
  0x0000018d52847800 ConcurrentGCThread "G1 Conc#0" [stack: 0x0000005f34800000,0x0000005f34900000] [id=17180]
  0x0000018d6c250800 ConcurrentGCThread "G1 Refine#0" [stack: 0x0000005f34900000,0x0000005f34a00000] [id=10740]
  0x0000018d6e344000 ConcurrentGCThread "G1 Refine#1" [stack: 0x0000005f37900000,0x0000005f37a00000] [id=10940]
  0x0000018d6c251000 ConcurrentGCThread "G1 Young RemSet Sampling" [stack: 0x0000005f34a00000,0x0000005f34b00000] [id=12356]

Threads with active compile tasks:
C2 CompilerThread0 101895 11572       4       org.apache.xerces.impl.XMLNSDocumentScannerImpl::scanEndElement (190 bytes)

VM state:not at safepoint (normal execution)

VM Mutex/Monitor currently owned by a thread: None

Heap address: 0x0000000080000000, size: 2048 MB, Compressed Oops mode: 32-bit
Narrow klass base: 0x0000000000000000, Narrow klass shift: 3
Compressed class space size: 1073741824 Address: 0x0000000100000000

Heap:
 garbage-first heap   total 194560K, used 146944K [0x0000000080000000, 0x0000000100000000)
  region size 1024K, 27 young (27648K), 6 survivors (6144K)
 Metaspace       used 87857K, capacity 90034K, committed 90532K, reserved 1128448K
  class space    used 11204K, capacity 11981K, committed 12160K, reserved 1048576K
Heap Regions: E=young(eden), S=young(survivor), O=old, HS=humongous(starts), HC=humongous(continues), CS=collection set, F=free, A=archive, TAMS=top-at-mark-start (previous, next)
|   0|0x0000000080000000, 0x0000000080100000, 0x0000000080100000|100%| O|  |TAMS 0x0000000080100000, 0x0000000080000000| Untracked 
|   1|0x0000000080100000, 0x0000000080200000, 0x0000000080200000|100%| O|  |TAMS 0x0000000080200000, 0x0000000080100000| Untracked 
|   2|0x0000000080200000, 0x0000000080300000, 0x0000000080300000|100%| O|  |TAMS 0x0000000080300000, 0x0000000080200000| Untracked 
|   3|0x0000000080300000, 0x0000000080400000, 0x0000000080400000|100%|HS|  |TAMS 0x0000000080400000, 0x0000000080300000| Complete 
|   4|0x0000000080400000, 0x0000000080500000, 0x0000000080500000|100%|HC|  |TAMS 0x0000000080500000, 0x0000000080400000| Complete 
|   5|0x0000000080500000, 0x0000000080600000, 0x0000000080600000|100%|HC|  |TAMS 0x0000000080600000, 0x0000000080500000| Complete 
|   6|0x0000000080600000, 0x0000000080700000, 0x0000000080700000|100%| O|  |TAMS 0x0000000080700000, 0x0000000080600000| Untracked 
|   7|0x0000000080700000, 0x0000000080800000, 0x0000000080800000|100%| O|  |TAMS 0x0000000080800000, 0x0000000080700000| Untracked 
|   8|0x0000000080800000, 0x0000000080900000, 0x0000000080900000|100%| O|  |TAMS 0x0000000080900000, 0x0000000080800000| Untracked 
|   9|0x0000000080900000, 0x0000000080a00000, 0x0000000080a00000|100%| O|  |TAMS 0x0000000080a00000, 0x0000000080900000| Untracked 
|  10|0x0000000080a00000, 0x0000000080b00000, 0x0000000080b00000|100%| O|  |TAMS 0x0000000080b00000, 0x0000000080a00000| Untracked 
|  11|0x0000000080b00000, 0x0000000080c00000, 0x0000000080c00000|100%| O|  |TAMS 0x0000000080c00000, 0x0000000080b00000| Untracked 
|  12|0x0000000080c00000, 0x0000000080d00000, 0x0000000080d00000|100%| O|  |TAMS 0x0000000080d00000, 0x0000000080c00000| Untracked 
|  13|0x0000000080d00000, 0x0000000080e00000, 0x0000000080e00000|100%| O|  |TAMS 0x0000000080e00000, 0x0000000080d00000| Untracked 
|  14|0x0000000080e00000, 0x0000000080f00000, 0x0000000080f00000|100%| O|  |TAMS 0x0000000080f00000, 0x0000000080e00000| Untracked 
|  15|0x0000000080f00000, 0x0000000081000000, 0x0000000081000000|100%| O|  |TAMS 0x0000000081000000, 0x0000000080f00000| Untracked 
|  16|0x0000000081000000, 0x0000000081100000, 0x0000000081100000|100%| O|  |TAMS 0x0000000081100000, 0x0000000081000000| Untracked 
|  17|0x0000000081100000, 0x0000000081200000, 0x0000000081200000|100%|HS|  |TAMS 0x0000000081200000, 0x0000000081100000| Complete 
|  18|0x0000000081200000, 0x0000000081300000, 0x0000000081300000|100%|HS|  |TAMS 0x0000000081300000, 0x0000000081200000| Complete 
|  19|0x0000000081300000, 0x0000000081400000, 0x0000000081400000|100%|HS|  |TAMS 0x0000000081400000, 0x0000000081300000| Complete 
|  20|0x0000000081400000, 0x0000000081500000, 0x0000000081500000|100%|HS|  |TAMS 0x0000000081500000, 0x0000000081400000| Complete 
|  21|0x0000000081500000, 0x0000000081600000, 0x0000000081600000|100%|HC|  |TAMS 0x0000000081600000, 0x0000000081500000| Complete 
|  22|0x0000000081600000, 0x0000000081700000, 0x0000000081700000|100%|HC|  |TAMS 0x0000000081700000, 0x0000000081600000| Complete 
|  23|0x0000000081700000, 0x0000000081800000, 0x0000000081800000|100%|HS|  |TAMS 0x0000000081800000, 0x0000000081700000| Complete 
|  24|0x0000000081800000, 0x0000000081900000, 0x0000000081900000|100%|HC|  |TAMS 0x0000000081900000, 0x0000000081800000| Complete 
|  25|0x0000000081900000, 0x0000000081a00000, 0x0000000081a00000|100%| O|  |TAMS 0x0000000081a00000, 0x0000000081900000| Untracked 
|  26|0x0000000081a00000, 0x0000000081b00000, 0x0000000081b00000|100%| O|  |TAMS 0x0000000081b00000, 0x0000000081a00000| Untracked 
|  27|0x0000000081b00000, 0x0000000081c00000, 0x0000000081c00000|100%| O|  |TAMS 0x0000000081c00000, 0x0000000081b00000| Untracked 
|  28|0x0000000081c00000, 0x0000000081d00000, 0x0000000081d00000|100%| O|  |TAMS 0x0000000081d00000, 0x0000000081c00000| Untracked 
|  29|0x0000000081d00000, 0x0000000081e00000, 0x0000000081e00000|100%| O|  |TAMS 0x0000000081e00000, 0x0000000081d00000| Untracked 
|  30|0x0000000081e00000, 0x0000000081f00000, 0x0000000081f00000|100%| O|  |TAMS 0x0000000081f00000, 0x0000000081e00000| Untracked 
|  31|0x0000000081f00000, 0x0000000082000000, 0x0000000082000000|100%| O|  |TAMS 0x0000000082000000, 0x0000000081f00000| Untracked 
|  32|0x0000000082000000, 0x0000000082100000, 0x0000000082100000|100%| O|  |TAMS 0x0000000082100000, 0x0000000082000000| Untracked 
|  33|0x0000000082100000, 0x0000000082200000, 0x0000000082200000|100%| O|  |TAMS 0x0000000082200000, 0x0000000082100000| Untracked 
|  34|0x0000000082200000, 0x0000000082300000, 0x0000000082300000|100%| O|  |TAMS 0x0000000082300000, 0x0000000082200000| Untracked 
|  35|0x0000000082300000, 0x0000000082400000, 0x0000000082400000|100%| O|  |TAMS 0x0000000082400000, 0x0000000082300000| Untracked 
|  36|0x0000000082400000, 0x0000000082500000, 0x0000000082500000|100%| O|  |TAMS 0x0000000082500000, 0x0000000082400000| Untracked 
|  37|0x0000000082500000, 0x0000000082600000, 0x0000000082600000|100%| O|  |TAMS 0x0000000082600000, 0x0000000082500000| Untracked 
|  38|0x0000000082600000, 0x0000000082700000, 0x0000000082700000|100%| O|  |TAMS 0x0000000082700000, 0x0000000082600000| Untracked 
|  39|0x0000000082700000, 0x0000000082800000, 0x0000000082800000|100%| O|  |TAMS 0x0000000082800000, 0x0000000082700000| Untracked 
|  40|0x0000000082800000, 0x0000000082900000, 0x0000000082900000|100%| O|  |TAMS 0x0000000082900000, 0x0000000082800000| Untracked 
|  41|0x0000000082900000, 0x0000000082a00000, 0x0000000082a00000|100%| O|  |TAMS 0x0000000082a00000, 0x0000000082900000| Untracked 
|  42|0x0000000082a00000, 0x0000000082b00000, 0x0000000082b00000|100%| O|  |TAMS 0x0000000082b00000, 0x0000000082a00000| Untracked 
|  43|0x0000000082b00000, 0x0000000082c00000, 0x0000000082c00000|100%| O|  |TAMS 0x0000000082c00000, 0x0000000082b00000| Untracked 
|  44|0x0000000082c00000, 0x0000000082d00000, 0x0000000082d00000|100%| O|  |TAMS 0x0000000082d00000, 0x0000000082c00000| Untracked 
|  45|0x0000000082d00000, 0x0000000082e00000, 0x0000000082e00000|100%| O|  |TAMS 0x0000000082e00000, 0x0000000082d00000| Untracked 
|  46|0x0000000082e00000, 0x0000000082f00000, 0x0000000082f00000|100%| O|  |TAMS 0x0000000082f00000, 0x0000000082e00000| Untracked 
|  47|0x0000000082f00000, 0x0000000083000000, 0x0000000083000000|100%| O|  |TAMS 0x0000000083000000, 0x0000000082f00000| Untracked 
|  48|0x0000000083000000, 0x0000000083100000, 0x0000000083100000|100%| O|  |TAMS 0x0000000083100000, 0x0000000083000000| Untracked 
|  49|0x0000000083100000, 0x0000000083200000, 0x0000000083200000|100%| O|  |TAMS 0x0000000083200000, 0x0000000083100000| Untracked 
|  50|0x0000000083200000, 0x0000000083300000, 0x0000000083300000|100%| O|  |TAMS 0x0000000083300000, 0x0000000083200000| Untracked 
|  51|0x0000000083300000, 0x0000000083400000, 0x0000000083400000|100%| O|  |TAMS 0x0000000083400000, 0x0000000083300000| Untracked 
|  52|0x0000000083400000, 0x0000000083500000, 0x0000000083500000|100%| O|  |TAMS 0x0000000083500000, 0x0000000083400000| Untracked 
|  53|0x0000000083500000, 0x0000000083600000, 0x0000000083600000|100%| O|  |TAMS 0x0000000083600000, 0x0000000083500000| Untracked 
|  54|0x0000000083600000, 0x0000000083700000, 0x0000000083700000|100%| O|  |TAMS 0x0000000083700000, 0x0000000083600000| Untracked 
|  55|0x0000000083700000, 0x0000000083800000, 0x0000000083800000|100%| O|  |TAMS 0x0000000083800000, 0x0000000083700000| Untracked 
|  56|0x0000000083800000, 0x0000000083900000, 0x0000000083900000|100%| O|  |TAMS 0x0000000083900000, 0x0000000083800000| Untracked 
|  57|0x0000000083900000, 0x0000000083a00000, 0x0000000083a00000|100%| O|  |TAMS 0x0000000083a00000, 0x0000000083900000| Untracked 
|  58|0x0000000083a00000, 0x0000000083b00000, 0x0000000083b00000|100%| O|  |TAMS 0x0000000083b00000, 0x0000000083a00000| Untracked 
|  59|0x0000000083b00000, 0x0000000083c00000, 0x0000000083c00000|100%| O|  |TAMS 0x0000000083c00000, 0x0000000083b00000| Untracked 
|  60|0x0000000083c00000, 0x0000000083d00000, 0x0000000083d00000|100%| O|  |TAMS 0x0000000083d00000, 0x0000000083c00000| Untracked 
|  61|0x0000000083d00000, 0x0000000083e00000, 0x0000000083e00000|100%| O|  |TAMS 0x0000000083e00000, 0x0000000083d00000| Untracked 
|  62|0x0000000083e00000, 0x0000000083f00000, 0x0000000083f00000|100%| O|  |TAMS 0x0000000083f00000, 0x0000000083e00000| Untracked 
|  63|0x0000000083f00000, 0x0000000084000000, 0x0000000084000000|100%| O|  |TAMS 0x0000000084000000, 0x0000000083f00000| Untracked 
|  64|0x0000000084000000, 0x0000000084100000, 0x0000000084100000|100%| O|  |TAMS 0x0000000084100000, 0x0000000084000000| Untracked 
|  65|0x0000000084100000, 0x0000000084200000, 0x0000000084200000|100%| O|  |TAMS 0x0000000084200000, 0x0000000084100000| Untracked 
|  66|0x0000000084200000, 0x0000000084300000, 0x0000000084300000|100%| O|  |TAMS 0x0000000084300000, 0x0000000084200000| Untracked 
|  67|0x0000000084300000, 0x0000000084400000, 0x0000000084400000|100%| O|  |TAMS 0x0000000084400000, 0x0000000084300000| Untracked 
|  68|0x0000000084400000, 0x0000000084500000, 0x0000000084500000|100%| O|  |TAMS 0x0000000084500000, 0x0000000084400000| Untracked 
|  69|0x0000000084500000, 0x0000000084600000, 0x0000000084600000|100%| O|  |TAMS 0x0000000084600000, 0x0000000084500000| Untracked 
|  70|0x0000000084600000, 0x0000000084700000, 0x0000000084700000|100%| O|  |TAMS 0x0000000084700000, 0x0000000084600000| Untracked 
|  71|0x0000000084700000, 0x0000000084800000, 0x0000000084800000|100%| O|  |TAMS 0x0000000084800000, 0x0000000084700000| Untracked 
|  72|0x0000000084800000, 0x0000000084900000, 0x0000000084900000|100%| O|  |TAMS 0x0000000084900000, 0x0000000084800000| Untracked 
|  73|0x0000000084900000, 0x0000000084a00000, 0x0000000084a00000|100%| O|  |TAMS 0x0000000084a00000, 0x0000000084900000| Untracked 
|  74|0x0000000084a00000, 0x0000000084b00000, 0x0000000084b00000|100%| O|  |TAMS 0x0000000084b00000, 0x0000000084a00000| Untracked 
|  75|0x0000000084b00000, 0x0000000084c00000, 0x0000000084c00000|100%| O|  |TAMS 0x0000000084c00000, 0x0000000084b00000| Untracked 
|  76|0x0000000084c00000, 0x0000000084d00000, 0x0000000084d00000|100%| O|  |TAMS 0x0000000084d00000, 0x0000000084c00000| Untracked 
|  77|0x0000000084d00000, 0x0000000084e00000, 0x0000000084e00000|100%| O|  |TAMS 0x0000000084e00000, 0x0000000084d00000| Untracked 
|  78|0x0000000084e00000, 0x0000000084f00000, 0x0000000084f00000|100%| O|  |TAMS 0x0000000084f00000, 0x0000000084e00000| Untracked 
|  79|0x0000000084f00000, 0x0000000085000000, 0x0000000085000000|100%| O|  |TAMS 0x0000000085000000, 0x0000000084f00000| Untracked 
|  80|0x0000000085000000, 0x0000000085100000, 0x0000000085100000|100%| O|  |TAMS 0x0000000085100000, 0x0000000085000000| Untracked 
|  81|0x0000000085100000, 0x0000000085200000, 0x0000000085200000|100%| O|  |TAMS 0x0000000085200000, 0x0000000085100000| Untracked 
|  82|0x0000000085200000, 0x0000000085300000, 0x0000000085300000|100%| O|  |TAMS 0x0000000085300000, 0x0000000085200000| Untracked 
|  83|0x0000000085300000, 0x0000000085400000, 0x0000000085400000|100%| O|  |TAMS 0x0000000085400000, 0x0000000085300000| Untracked 
|  84|0x0000000085400000, 0x0000000085500000, 0x0000000085500000|100%| O|  |TAMS 0x0000000085500000, 0x0000000085400000| Untracked 
|  85|0x0000000085500000, 0x0000000085600000, 0x0000000085600000|100%| O|  |TAMS 0x0000000085600000, 0x0000000085500000| Untracked 
|  86|0x0000000085600000, 0x0000000085700000, 0x0000000085700000|100%| O|  |TAMS 0x0000000085700000, 0x0000000085600000| Untracked 
|  87|0x0000000085700000, 0x0000000085800000, 0x0000000085800000|100%| O|  |TAMS 0x0000000085800000, 0x0000000085700000| Untracked 
|  88|0x0000000085800000, 0x0000000085900000, 0x0000000085900000|100%| O|  |TAMS 0x0000000085900000, 0x0000000085800000| Untracked 
|  89|0x0000000085900000, 0x0000000085a00000, 0x0000000085a00000|100%| O|  |TAMS 0x0000000085a00000, 0x0000000085900000| Untracked 
|  90|0x0000000085a00000, 0x0000000085b00000, 0x0000000085b00000|100%| O|  |TAMS 0x0000000085b00000, 0x0000000085a00000| Untracked 
|  91|0x0000000085b00000, 0x0000000085c00000, 0x0000000085c00000|100%| O|  |TAMS 0x0000000085c00000, 0x0000000085b00000| Untracked 
|  92|0x0000000085c00000, 0x0000000085d00000, 0x0000000085d00000|100%| O|  |TAMS 0x0000000085d00000, 0x0000000085c00000| Untracked 
|  93|0x0000000085d00000, 0x0000000085e00000, 0x0000000085e00000|100%| O|  |TAMS 0x0000000085e00000, 0x0000000085d00000| Untracked 
|  94|0x0000000085e00000, 0x0000000085f00000, 0x0000000085f00000|100%| O|  |TAMS 0x0000000085f00000, 0x0000000085e00000| Untracked 
|  95|0x0000000085f00000, 0x0000000086000000, 0x0000000086000000|100%| O|  |TAMS 0x0000000086000000, 0x0000000085f00000| Untracked 
|  96|0x0000000086000000, 0x0000000086100000, 0x0000000086100000|100%| O|  |TAMS 0x0000000086100000, 0x0000000086000000| Untracked 
|  97|0x0000000086100000, 0x0000000086200000, 0x0000000086200000|100%| O|  |TAMS 0x0000000086200000, 0x0000000086100000| Untracked 
|  98|0x0000000086200000, 0x0000000086300000, 0x0000000086300000|100%| O|  |TAMS 0x0000000086300000, 0x0000000086200000| Untracked 
|  99|0x0000000086300000, 0x0000000086400000, 0x0000000086400000|100%| O|  |TAMS 0x0000000086400000, 0x0000000086300000| Untracked 
| 100|0x0000000086400000, 0x0000000086500000, 0x0000000086500000|100%| O|  |TAMS 0x0000000086500000, 0x0000000086400000| Untracked 
| 101|0x0000000086500000, 0x0000000086600000, 0x0000000086600000|100%| O|  |TAMS 0x0000000086600000, 0x0000000086500000| Untracked 
| 102|0x0000000086600000, 0x0000000086700000, 0x0000000086700000|100%| O|  |TAMS 0x0000000086700000, 0x0000000086600000| Untracked 
| 103|0x0000000086700000, 0x0000000086800000, 0x0000000086800000|100%| O|  |TAMS 0x0000000086800000, 0x0000000086700000| Untracked 
| 104|0x0000000086800000, 0x0000000086900000, 0x0000000086900000|100%| O|  |TAMS 0x0000000086900000, 0x0000000086800000| Untracked 
| 105|0x0000000086900000, 0x0000000086a00000, 0x0000000086a00000|100%| O|  |TAMS 0x0000000086a00000, 0x0000000086900000| Untracked 
| 106|0x0000000086a00000, 0x0000000086b00000, 0x0000000086b00000|100%| O|  |TAMS 0x0000000086b00000, 0x0000000086a00000| Untracked 
| 107|0x0000000086b00000, 0x0000000086c00000, 0x0000000086c00000|100%| O|  |TAMS 0x0000000086c00000, 0x0000000086b00000| Untracked 
| 108|0x0000000086c00000, 0x0000000086d00000, 0x0000000086d00000|100%| O|  |TAMS 0x0000000086d00000, 0x0000000086c00000| Untracked 
| 109|0x0000000086d00000, 0x0000000086e00000, 0x0000000086e00000|100%| O|  |TAMS 0x0000000086e00000, 0x0000000086d00000| Untracked 
| 110|0x0000000086e00000, 0x0000000086f00000, 0x0000000086f00000|100%| O|  |TAMS 0x0000000086f00000, 0x0000000086e00000| Untracked 
| 111|0x0000000086f00000, 0x0000000087000000, 0x0000000087000000|100%| O|  |TAMS 0x0000000087000000, 0x0000000086f00000| Untracked 
| 112|0x0000000087000000, 0x0000000087100000, 0x0000000087100000|100%| O|  |TAMS 0x0000000087100000, 0x0000000087000000| Untracked 
| 113|0x0000000087100000, 0x0000000087200000, 0x0000000087200000|100%| O|  |TAMS 0x0000000087200000, 0x0000000087100000| Untracked 
| 114|0x0000000087200000, 0x0000000087280000, 0x0000000087300000| 50%| O|  |TAMS 0x0000000087280000, 0x0000000087200000| Untracked 
| 115|0x0000000087300000, 0x0000000087400000, 0x0000000087400000|100%|HS|  |TAMS 0x0000000087300000, 0x0000000087300000| Complete 
| 116|0x0000000087400000, 0x0000000087500000, 0x0000000087500000|100%|HS|  |TAMS 0x0000000087400000, 0x0000000087400000| Complete 
| 117|0x0000000087500000, 0x0000000087600000, 0x0000000087600000|100%|HS|  |TAMS 0x0000000087500000, 0x0000000087500000| Complete 
| 118|0x0000000087600000, 0x0000000087600000, 0x0000000087700000|  0%| F|  |TAMS 0x0000000087600000, 0x0000000087600000| Untracked 
| 119|0x0000000087700000, 0x0000000087700000, 0x0000000087800000|  0%| F|  |TAMS 0x0000000087700000, 0x0000000087700000| Untracked 
| 120|0x0000000087800000, 0x0000000087800000, 0x0000000087900000|  0%| F|  |TAMS 0x0000000087800000, 0x0000000087800000| Untracked 
| 121|0x0000000087900000, 0x0000000087900000, 0x0000000087a00000|  0%| F|  |TAMS 0x0000000087900000, 0x0000000087900000| Untracked 
| 122|0x0000000087a00000, 0x0000000087a00000, 0x0000000087b00000|  0%| F|  |TAMS 0x0000000087a00000, 0x0000000087a00000| Untracked 
| 123|0x0000000087b00000, 0x0000000087b00000, 0x0000000087c00000|  0%| F|  |TAMS 0x0000000087b00000, 0x0000000087b00000| Untracked 
| 124|0x0000000087c00000, 0x0000000087c00000, 0x0000000087d00000|  0%| F|  |TAMS 0x0000000087c00000, 0x0000000087c00000| Untracked 
| 125|0x0000000087d00000, 0x0000000087d00000, 0x0000000087e00000|  0%| F|  |TAMS 0x0000000087d00000, 0x0000000087d00000| Untracked 
| 126|0x0000000087e00000, 0x0000000087e00000, 0x0000000087f00000|  0%| F|  |TAMS 0x0000000087e00000, 0x0000000087e00000| Untracked 
| 127|0x0000000087f00000, 0x0000000087f00000, 0x0000000088000000|  0%| F|  |TAMS 0x0000000087f00000, 0x0000000087f00000| Untracked 
| 128|0x0000000088000000, 0x0000000088000000, 0x0000000088100000|  0%| F|  |TAMS 0x0000000088000000, 0x0000000088000000| Untracked 
| 129|0x0000000088100000, 0x0000000088100000, 0x0000000088200000|  0%| F|  |TAMS 0x0000000088100000, 0x0000000088100000| Untracked 
| 130|0x0000000088200000, 0x0000000088200000, 0x0000000088300000|  0%| F|  |TAMS 0x0000000088200000, 0x0000000088200000| Untracked 
| 131|0x0000000088300000, 0x0000000088300000, 0x0000000088400000|  0%| F|  |TAMS 0x0000000088300000, 0x0000000088300000| Untracked 
| 132|0x0000000088400000, 0x0000000088400000, 0x0000000088500000|  0%| F|  |TAMS 0x0000000088400000, 0x0000000088400000| Untracked 
| 133|0x0000000088500000, 0x0000000088500000, 0x0000000088600000|  0%| F|  |TAMS 0x0000000088500000, 0x0000000088500000| Untracked 
| 134|0x0000000088600000, 0x0000000088600000, 0x0000000088700000|  0%| F|  |TAMS 0x0000000088600000, 0x0000000088600000| Untracked 
| 135|0x0000000088700000, 0x0000000088700000, 0x0000000088800000|  0%| F|  |TAMS 0x0000000088700000, 0x0000000088700000| Untracked 
| 136|0x0000000088800000, 0x0000000088800000, 0x0000000088900000|  0%| F|  |TAMS 0x0000000088800000, 0x0000000088800000| Untracked 
| 137|0x0000000088900000, 0x0000000088900000, 0x0000000088a00000|  0%| F|  |TAMS 0x0000000088900000, 0x0000000088900000| Untracked 
| 138|0x0000000088a00000, 0x0000000088a00000, 0x0000000088b00000|  0%| F|  |TAMS 0x0000000088a00000, 0x0000000088a00000| Untracked 
| 139|0x0000000088b00000, 0x0000000088b00000, 0x0000000088c00000|  0%| F|  |TAMS 0x0000000088b00000, 0x0000000088b00000| Untracked 
| 140|0x0000000088c00000, 0x0000000088c00000, 0x0000000088d00000|  0%| F|  |TAMS 0x0000000088c00000, 0x0000000088c00000| Untracked 
| 141|0x0000000088d00000, 0x0000000088d00000, 0x0000000088e00000|  0%| F|  |TAMS 0x0000000088d00000, 0x0000000088d00000| Untracked 
| 142|0x0000000088e00000, 0x0000000088e00000, 0x0000000088f00000|  0%| F|  |TAMS 0x0000000088e00000, 0x0000000088e00000| Untracked 
| 143|0x0000000088f00000, 0x0000000088f00000, 0x0000000089000000|  0%| F|  |TAMS 0x0000000088f00000, 0x0000000088f00000| Untracked 
| 144|0x0000000089000000, 0x0000000089000000, 0x0000000089100000|  0%| F|  |TAMS 0x0000000089000000, 0x0000000089000000| Untracked 
| 145|0x0000000089100000, 0x0000000089100000, 0x0000000089200000|  0%| F|  |TAMS 0x0000000089100000, 0x0000000089100000| Untracked 
| 146|0x0000000089200000, 0x0000000089200000, 0x0000000089300000|  0%| F|  |TAMS 0x0000000089200000, 0x0000000089200000| Untracked 
| 147|0x0000000089300000, 0x0000000089300000, 0x0000000089400000|  0%| F|  |TAMS 0x0000000089300000, 0x0000000089300000| Untracked 
| 148|0x0000000089400000, 0x0000000089400000, 0x0000000089500000|  0%| F|  |TAMS 0x0000000089400000, 0x0000000089400000| Untracked 
| 149|0x0000000089500000, 0x0000000089500000, 0x0000000089600000|  0%| F|  |TAMS 0x0000000089500000, 0x0000000089500000| Untracked 
| 150|0x0000000089600000, 0x0000000089600000, 0x0000000089700000|  0%| F|  |TAMS 0x0000000089600000, 0x0000000089600000| Untracked 
| 151|0x0000000089700000, 0x0000000089700000, 0x0000000089800000|  0%| F|  |TAMS 0x0000000089700000, 0x0000000089700000| Untracked 
| 152|0x0000000089800000, 0x0000000089800000, 0x0000000089900000|  0%| F|  |TAMS 0x0000000089800000, 0x0000000089800000| Untracked 
| 153|0x0000000089900000, 0x0000000089900000, 0x0000000089a00000|  0%| F|  |TAMS 0x0000000089900000, 0x0000000089900000| Untracked 
| 154|0x0000000089a00000, 0x0000000089a00000, 0x0000000089b00000|  0%| F|  |TAMS 0x0000000089a00000, 0x0000000089a00000| Untracked 
| 155|0x0000000089b00000, 0x0000000089b00000, 0x0000000089c00000|  0%| F|  |TAMS 0x0000000089b00000, 0x0000000089b00000| Untracked 
| 156|0x0000000089c00000, 0x0000000089c00000, 0x0000000089d00000|  0%| F|  |TAMS 0x0000000089c00000, 0x0000000089c00000| Untracked 
| 157|0x0000000089d00000, 0x0000000089d00000, 0x0000000089e00000|  0%| F|  |TAMS 0x0000000089d00000, 0x0000000089d00000| Untracked 
| 158|0x0000000089e00000, 0x0000000089e00000, 0x0000000089f00000|  0%| F|  |TAMS 0x0000000089e00000, 0x0000000089e00000| Untracked 
| 159|0x0000000089f00000, 0x0000000089f00000, 0x000000008a000000|  0%| F|  |TAMS 0x0000000089f00000, 0x0000000089f00000| Untracked 
| 160|0x000000008a000000, 0x000000008a000000, 0x000000008a100000|  0%| F|  |TAMS 0x000000008a000000, 0x000000008a000000| Untracked 
| 161|0x000000008a100000, 0x000000008a100000, 0x000000008a200000|  0%| F|  |TAMS 0x000000008a100000, 0x000000008a100000| Untracked 
| 162|0x000000008a200000, 0x000000008a200000, 0x000000008a300000|  0%| F|  |TAMS 0x000000008a200000, 0x000000008a200000| Untracked 
| 163|0x000000008a300000, 0x000000008a3a1ba0, 0x000000008a400000| 63%| E|  |TAMS 0x000000008a300000, 0x000000008a300000| Complete 
| 164|0x000000008a400000, 0x000000008a500000, 0x000000008a500000|100%| E|CS|TAMS 0x000000008a400000, 0x000000008a400000| Complete 
| 165|0x000000008a500000, 0x000000008a600000, 0x000000008a600000|100%| E|CS|TAMS 0x000000008a500000, 0x000000008a500000| Complete 
| 166|0x000000008a600000, 0x000000008a700000, 0x000000008a700000|100%| S|CS|TAMS 0x000000008a600000, 0x000000008a600000| Complete 
| 167|0x000000008a700000, 0x000000008a800000, 0x000000008a800000|100%| S|CS|TAMS 0x000000008a700000, 0x000000008a700000| Complete 
| 168|0x000000008a800000, 0x000000008a900000, 0x000000008a900000|100%| S|CS|TAMS 0x000000008a800000, 0x000000008a800000| Complete 
| 169|0x000000008a900000, 0x000000008aa00000, 0x000000008aa00000|100%| S|CS|TAMS 0x000000008a900000, 0x000000008a900000| Complete 
| 170|0x000000008aa00000, 0x000000008ab00000, 0x000000008ab00000|100%| S|CS|TAMS 0x000000008aa00000, 0x000000008aa00000| Complete 
| 171|0x000000008ab00000, 0x000000008ac00000, 0x000000008ac00000|100%| S|CS|TAMS 0x000000008ab00000, 0x000000008ab00000| Complete 
| 172|0x000000008ac00000, 0x000000008ad00000, 0x000000008ad00000|100%| E|CS|TAMS 0x000000008ac00000, 0x000000008ac00000| Complete 
| 173|0x000000008ad00000, 0x000000008ae00000, 0x000000008ae00000|100%| E|CS|TAMS 0x000000008ad00000, 0x000000008ad00000| Complete 
| 174|0x000000008ae00000, 0x000000008af00000, 0x000000008af00000|100%| E|CS|TAMS 0x000000008ae00000, 0x000000008ae00000| Complete 
| 175|0x000000008af00000, 0x000000008b000000, 0x000000008b000000|100%| E|CS|TAMS 0x000000008af00000, 0x000000008af00000| Complete 
| 176|0x000000008b000000, 0x000000008b100000, 0x000000008b100000|100%| E|CS|TAMS 0x000000008b000000, 0x000000008b000000| Complete 
| 177|0x000000008b100000, 0x000000008b200000, 0x000000008b200000|100%| E|CS|TAMS 0x000000008b100000, 0x000000008b100000| Complete 
| 178|0x000000008b200000, 0x000000008b300000, 0x000000008b300000|100%| E|CS|TAMS 0x000000008b200000, 0x000000008b200000| Complete 
| 179|0x000000008b300000, 0x000000008b400000, 0x000000008b400000|100%| E|CS|TAMS 0x000000008b300000, 0x000000008b300000| Complete 
| 180|0x000000008b400000, 0x000000008b500000, 0x000000008b500000|100%| E|CS|TAMS 0x000000008b400000, 0x000000008b400000| Complete 
| 181|0x000000008b500000, 0x000000008b600000, 0x000000008b600000|100%| E|CS|TAMS 0x000000008b500000, 0x000000008b500000| Complete 
| 182|0x000000008b600000, 0x000000008b700000, 0x000000008b700000|100%| E|CS|TAMS 0x000000008b600000, 0x000000008b600000| Complete 
| 183|0x000000008b700000, 0x000000008b800000, 0x000000008b800000|100%| E|CS|TAMS 0x000000008b700000, 0x000000008b700000| Complete 
| 184|0x000000008b800000, 0x000000008b900000, 0x000000008b900000|100%| E|CS|TAMS 0x000000008b800000, 0x000000008b800000| Complete 
| 185|0x000000008b900000, 0x000000008ba00000, 0x000000008ba00000|100%| E|CS|TAMS 0x000000008b900000, 0x000000008b900000| Complete 
| 186|0x000000008ba00000, 0x000000008bb00000, 0x000000008bb00000|100%| E|CS|TAMS 0x000000008ba00000, 0x000000008ba00000| Complete 
| 187|0x000000008bb00000, 0x000000008bc00000, 0x000000008bc00000|100%| E|CS|TAMS 0x000000008bb00000, 0x000000008bb00000| Complete 
| 188|0x000000008bc00000, 0x000000008bd00000, 0x000000008bd00000|100%| E|CS|TAMS 0x000000008bc00000, 0x000000008bc00000| Complete 
| 189|0x000000008bd00000, 0x000000008be00000, 0x000000008be00000|100%| E|CS|TAMS 0x000000008bd00000, 0x000000008bd00000| Complete 

Card table byte_map: [0x0000018d656e0000,0x0000018d65ae0000] _byte_map_base: 0x0000018d652e0000

Marking Bits (Prev, Next): (CMBitMap*) 0x0000018d5283d728, (CMBitMap*) 0x0000018d5283d760
 Prev Bits: [0x0000018d65ee0000, 0x0000018d67ee0000)
 Next Bits: [0x0000018d67ee0000, 0x0000018d69ee0000)

Polling page: 0x0000018d50730000

Metaspace:

Usage:
  Non-class:     76.22 MB capacity,    74.86 MB ( 98%) used,     1.13 MB (  1%) free+waste,   246.31 KB ( <1%) overhead. 
      Class:     11.70 MB capacity,    10.94 MB ( 94%) used,   667.21 KB (  6%) free+waste,   109.63 KB ( <1%) overhead. 
       Both:     87.92 MB capacity,    85.80 MB ( 98%) used,     1.78 MB (  2%) free+waste,   355.94 KB ( <1%) overhead. 

Virtual space:
  Non-class space:       78.00 MB reserved,      76.54 MB ( 98%) committed 
      Class space:        1.00 GB reserved,      11.88 MB (  1%) committed 
             Both:        1.08 GB reserved,      88.41 MB (  8%) committed 

Chunk freelists:
   Non-Class:  191.00 KB
       Class:  83.00 KB
        Both:  274.00 KB

MaxMetaspaceSize: 17179869184.00 GB
CompressedClassSpaceSize: 1.00 GB

CodeHeap 'non-profiled nmethods': size=120064Kb used=6686Kb max_used=6686Kb free=113377Kb
 bounds [0x0000018d5dda0000, 0x0000018d5e430000, 0x0000018d652e0000]
CodeHeap 'profiled nmethods': size=120000Kb used=25423Kb max_used=25423Kb free=94576Kb
 bounds [0x0000018d56870000, 0x0000018d58150000, 0x0000018d5dda0000]
CodeHeap 'non-nmethods': size=5696Kb used=2278Kb max_used=2344Kb free=3417Kb
 bounds [0x0000018d562e0000, 0x0000018d56550000, 0x0000018d56870000]
 total_blobs=12371 nmethods=11491 adapters=791
 compilation: enabled
              stopped_count=0, restarted_count=0
 full_count=0

Compilation events (20 events):
Event: 101.432 Thread 0x0000018d6cc6f800 11601       2       org.apache.xerces.impl.XMLNSDocumentScannerImpl$NSContentDispatcher::reconfigurePipeline (134 bytes)
Event: 101.432 Thread 0x0000018d6cc6f800 nmethod 11601 0x0000018d58141790 code [0x0000018d581419c0, 0x0000018d58141d28]
Event: 101.432 Thread 0x0000018d6cc6f800 11602       2       org.apache.xerces.impl.dtd.XMLDTDValidator::hasGrammar (13 bytes)
Event: 101.432 Thread 0x0000018d6cc6f800 nmethod 11602 0x0000018d58141f90 code [0x0000018d58142140, 0x0000018d58142258]
Event: 101.432 Thread 0x0000018d6cc6f800 11603   !   2       java.io.StringReader::close (23 bytes)
Event: 101.433 Thread 0x0000018d6cc6f800 nmethod 11603 0x0000018d58142310 code [0x0000018d581424c0, 0x0000018d58142778]
Event: 101.433 Thread 0x0000018d6cc6f800 11604       2       com.google.common.collect.ArrayListMultimap::put (7 bytes)
Event: 101.433 Thread 0x0000018d6cc6f800 nmethod 11604 0x0000018d58142890 code [0x0000018d58142a40, 0x0000018d58142b48]
Event: 101.433 Thread 0x0000018d6cc6f800 11605       2       com.google.common.collect.AbstractListMultimap::put (7 bytes)
Event: 101.433 Thread 0x0000018d6cc6f800 nmethod 11605 0x0000018d58142c10 code [0x0000018d58142dc0, 0x0000018d58142ec8]
Event: 101.433 Thread 0x0000018d6cc6f800 11606       2       com.google.common.collect.AbstractMapBasedMultimap::put (92 bytes)
Event: 101.433 Thread 0x0000018d6cc6f800 nmethod 11606 0x0000018d58142f90 code [0x0000018d581431a0, 0x0000018d58143518]
Event: 101.437 Thread 0x0000018d6cc6f800 11612       2       org.apache.xerces.jaxp.SAXParserImpl$JAXPSAXParser::parse (57 bytes)
Event: 101.438 Thread 0x0000018d6cc6f800 nmethod 11612 0x0000018d58143710 code [0x0000018d58143900, 0x0000018d58143be8]
Event: 101.443 Thread 0x0000018d6cc6e000 nmethod 11563 0x0000018d5e422790 code [0x0000018d5e422a60, 0x0000018d5e4255f0]
Event: 101.443 Thread 0x0000018d6cc6e000 11609       4       java.lang.StringUTF16::compress (20 bytes)
Event: 101.446 Thread 0x0000018d6cc6e000 nmethod 11609 0x0000018d5e426e10 code [0x0000018d5e426fa0, 0x0000018d5e4271b8]
Event: 101.446 Thread 0x0000018d6cc6e000 11580       4       com.android.resources.ResourceType$$Lambda$1037/0x0000000100ba2840::apply (8 bytes)
Event: 101.451 Thread 0x0000018d6cc6e000 nmethod 11580 0x0000018d5e427290 code [0x0000018d5e427440, 0x0000018d5e427618]
Event: 101.451 Thread 0x0000018d6cc6e000 11572       4       org.apache.xerces.impl.XMLNSDocumentScannerImpl::scanEndElement (190 bytes)

GC Heap History (20 events):
Event: 52.832 GC heap before
{Heap before GC invocations=10 (full 0):
 garbage-first heap   total 194560K, used 99222K [0x0000000080000000, 0x0000000100000000)
  region size 1024K, 66 young (67584K), 15 survivors (15360K)
 Metaspace       used 58194K, capacity 59756K, committed 59940K, reserved 1101824K
  class space    used 7371K, capacity 7915K, committed 7936K, reserved 1048576K
}
Event: 52.879 GC heap after
{Heap after GC invocations=11 (full 0):
 garbage-first heap   total 194560K, used 51584K [0x0000000080000000, 0x0000000100000000)
  region size 1024K, 3 young (3072K), 3 survivors (3072K)
 Metaspace       used 58194K, capacity 59756K, committed 59940K, reserved 1101824K
  class space    used 7371K, capacity 7915K, committed 7936K, reserved 1048576K
}
Event: 56.466 GC heap before
{Heap before GC invocations=12 (full 0):
 garbage-first heap   total 194560K, used 128384K [0x0000000080000000, 0x0000000100000000)
  region size 1024K, 78 young (79872K), 3 survivors (3072K)
 Metaspace       used 65510K, capacity 67124K, committed 67364K, reserved 1107968K
  class space    used 8280K, capacity 8862K, committed 8960K, reserved 1048576K
}
Event: 56.480 GC heap after
{Heap after GC invocations=13 (full 0):
 garbage-first heap   total 194560K, used 56660K [0x0000000080000000, 0x0000000100000000)
  region size 1024K, 8 young (8192K), 8 survivors (8192K)
 Metaspace       used 65510K, capacity 67124K, committed 67364K, reserved 1107968K
  class space    used 8280K, capacity 8862K, committed 8960K, reserved 1048576K
}
Event: 58.944 GC heap before
{Heap before GC invocations=13 (full 0):
 garbage-first heap   total 194560K, used 134484K [0x0000000080000000, 0x0000000100000000)
  region size 1024K, 84 young (86016K), 8 survivors (8192K)
 Metaspace       used 71024K, capacity 72655K, committed 72868K, reserved 1112064K
  class space    used 9139K, capacity 9763K, committed 9856K, reserved 1048576K
}
Event: 58.966 GC heap after
{Heap after GC invocations=14 (full 0):
 garbage-first heap   total 194560K, used 62598K [0x0000000080000000, 0x0000000100000000)
  region size 1024K, 11 young (11264K), 11 survivors (11264K)
 Metaspace       used 71024K, capacity 72655K, committed 72868K, reserved 1112064K
  class space    used 9139K, capacity 9763K, committed 9856K, reserved 1048576K
}
Event: 80.365 GC heap before
{Heap before GC invocations=14 (full 0):
 garbage-first heap   total 194560K, used 140422K [0x0000000080000000, 0x0000000100000000)
  region size 1024K, 87 young (89088K), 11 survivors (11264K)
 Metaspace       used 75968K, capacity 78001K, committed 78244K, reserved 1118208K
  class space    used 9810K, capacity 10557K, committed 10624K, reserved 1048576K
}
Event: 80.405 GC heap after
{Heap after GC invocations=15 (full 0):
 garbage-first heap   total 194560K, used 68561K [0x0000000080000000, 0x0000000100000000)
  region size 1024K, 6 young (6144K), 6 survivors (6144K)
 Metaspace       used 75968K, capacity 78001K, committed 78244K, reserved 1118208K
  class space    used 9810K, capacity 10557K, committed 10624K, reserved 1048576K
}
Event: 83.925 GC heap before
{Heap before GC invocations=15 (full 0):
 garbage-first heap   total 194560K, used 148433K [0x0000000080000000, 0x0000000100000000)
  region size 1024K, 81 young (82944K), 6 survivors (6144K)
 Metaspace       used 83294K, capacity 85328K, committed 85668K, reserved 1124352K
  class space    used 10780K, capacity 11529K, committed 11648K, reserved 1048576K
}
Event: 83.948 GC heap after
{Heap after GC invocations=16 (full 0):
 garbage-first heap   total 194560K, used 74069K [0x0000000080000000, 0x0000000100000000)
  region size 1024K, 6 young (6144K), 6 survivors (6144K)
 Metaspace       used 83294K, capacity 85328K, committed 85668K, reserved 1124352K
  class space    used 10780K, capacity 11529K, committed 11648K, reserved 1048576K
}
Event: 90.243 GC heap before
{Heap before GC invocations=16 (full 0):
 garbage-first heap   total 194560K, used 147797K [0x0000000080000000, 0x0000000100000000)
  region size 1024K, 79 young (80896K), 6 survivors (6144K)
 Metaspace       used 85167K, capacity 87517K, committed 87716K, reserved 1126400K
  class space    used 11026K, capacity 11877K, committed 11904K, reserved 1048576K
}
Event: 90.274 GC heap after
{Heap after GC invocations=17 (full 0):
 garbage-first heap   total 194560K, used 79492K [0x0000000080000000, 0x0000000100000000)
  region size 1024K, 10 young (10240K), 10 survivors (10240K)
 Metaspace       used 85167K, capacity 87517K, committed 87716K, reserved 1126400K
  class space    used 11026K, capacity 11877K, committed 11904K, reserved 1048576K
}
Event: 93.888 GC heap before
{Heap before GC invocations=17 (full 0):
 garbage-first heap   total 194560K, used 152196K [0x0000000080000000, 0x0000000100000000)
  region size 1024K, 81 young (82944K), 10 survivors (10240K)
 Metaspace       used 86592K, capacity 88872K, committed 89124K, reserved 1126400K
  class space    used 11125K, capacity 11941K, committed 12032K, reserved 1048576K
}
Event: 93.913 GC heap after
{Heap after GC invocations=18 (full 0):
 garbage-first heap   total 194560K, used 84144K [0x0000000080000000, 0x0000000100000000)
  region size 1024K, 10 young (10240K), 10 survivors (10240K)
 Metaspace       used 86592K, capacity 88872K, committed 89124K, reserved 1126400K
  class space    used 11125K, capacity 11941K, committed 12032K, reserved 1048576K
}
Event: 98.607 GC heap before
{Heap before GC invocations=18 (full 0):
 garbage-first heap   total 194560K, used 153776K [0x0000000080000000, 0x0000000100000000)
  region size 1024K, 79 young (80896K), 10 survivors (10240K)
 Metaspace       used 87919K, capacity 90190K, committed 90532K, reserved 1128448K
  class space    used 11246K, capacity 12058K, committed 12160K, reserved 1048576K
}
Event: 98.643 GC heap after
{Heap after GC invocations=19 (full 0):
 garbage-first heap   total 194560K, used 93960K [0x0000000080000000, 0x0000000100000000)
  region size 1024K, 10 young (10240K), 10 survivors (10240K)
 Metaspace       used 87919K, capacity 90190K, committed 90532K, reserved 1128448K
  class space    used 11246K, capacity 12058K, committed 12160K, reserved 1048576K
}
Event: 99.950 GC heap before
{Heap before GC invocations=19 (full 0):
 garbage-first heap   total 194560K, used 154376K [0x0000000080000000, 0x0000000100000000)
  region size 1024K, 70 young (71680K), 10 survivors (10240K)
 Metaspace       used 87988K, capacity 90254K, committed 90532K, reserved 1128448K
  class space    used 11246K, capacity 12058K, committed 12160K, reserved 1048576K
}
Event: 100.007 GC heap after
{Heap after GC invocations=20 (full 0):
 garbage-first heap   total 194560K, used 116114K [0x0000000080000000, 0x0000000100000000)
  region size 1024K, 9 young (9216K), 9 survivors (9216K)
 Metaspace       used 87988K, capacity 90254K, committed 90532K, reserved 1128448K
  class space    used 11246K, capacity 12058K, committed 12160K, reserved 1048576K
}
Event: 100.903 GC heap before
{Heap before GC invocations=20 (full 0):
 garbage-first heap   total 194560K, used 132498K [0x0000000080000000, 0x0000000100000000)
  region size 1024K, 27 young (27648K), 9 survivors (9216K)
 Metaspace       used 87993K, capacity 90254K, committed 90532K, reserved 1128448K
  class space    used 11246K, capacity 12058K, committed 12160K, reserved 1048576K
}
Event: 100.926 GC heap after
{Heap after GC invocations=21 (full 0):
 garbage-first heap   total 194560K, used 123392K [0x0000000080000000, 0x0000000100000000)
  region size 1024K, 6 young (6144K), 6 survivors (6144K)
 Metaspace       used 87993K, capacity 90254K, committed 90532K, reserved 1128448K
  class space    used 11246K, capacity 12058K, committed 12160K, reserved 1048576K
}

Deoptimization events (20 events):
Event: 98.295 Thread 0x0000018d7016d000 DEOPT PACKING pc=0x0000018d580bec9b sp=0x0000005f37cf9810
Event: 98.295 Thread 0x0000018d7016d000 DEOPT UNPACKING pc=0x0000018d563076ce sp=0x0000005f37cf8c80 mode 0
Event: 98.332 Thread 0x0000018d7016d000 DEOPT PACKING pc=0x0000018d580bec9b sp=0x0000005f37cf9810
Event: 98.332 Thread 0x0000018d7016d000 DEOPT UNPACKING pc=0x0000018d563076ce sp=0x0000005f37cf8c80 mode 0
Event: 98.351 Thread 0x0000018d7016d000 DEOPT PACKING pc=0x0000018d580bec9b sp=0x0000005f37cf9810
Event: 98.351 Thread 0x0000018d7016d000 DEOPT UNPACKING pc=0x0000018d563076ce sp=0x0000005f37cf8c80 mode 0
Event: 99.530 Thread 0x0000018d7016d000 Uncommon trap: trap_request=0xffffff4d fr.pc=0x0000018d5e3b0564 relative=0x00000000000006c4
Event: 99.530 Thread 0x0000018d7016d000 Uncommon trap: reason=unstable_if action=reinterpret pc=0x0000018d5e3b0564 method=org.apache.xerces.impl.XMLEntityScanner.scanLiteral(ILorg/apache/xerces/xni/XMLString;)I @ 606 c2
Event: 99.530 Thread 0x0000018d7016d000 DEOPT PACKING pc=0x0000018d5e3b0564 sp=0x0000005f37cf9700
Event: 99.530 Thread 0x0000018d7016d000 DEOPT UNPACKING pc=0x0000018d563078af sp=0x0000005f37cf9688 mode 2
Event: 99.530 Thread 0x0000018d7016d000 Uncommon trap: trap_request=0xffffff4d fr.pc=0x0000018d5e3db114 relative=0x00000000000019b4
Event: 99.530 Thread 0x0000018d7016d000 Uncommon trap: reason=unstable_if action=reinterpret pc=0x0000018d5e3db114 method=org.apache.xerces.impl.XMLScanner.scanAttributeValue(Lorg/apache/xerces/xni/XMLString;Lorg/apache/xerces/xni/XMLString;Ljava/lang/String;ZLjava/lang/String;)Z @ 642 c2
Event: 99.530 Thread 0x0000018d7016d000 DEOPT PACKING pc=0x0000018d5e3db114 sp=0x0000005f37cf9760
Event: 99.530 Thread 0x0000018d7016d000 DEOPT UNPACKING pc=0x0000018d563078af sp=0x0000005f37cf9730 mode 2
Event: 99.859 Thread 0x0000018d7016d000 DEOPT PACKING pc=0x0000018d581167d4 sp=0x0000005f37cf9640
Event: 99.859 Thread 0x0000018d7016d000 DEOPT UNPACKING pc=0x0000018d563076ce sp=0x0000005f37cf8ad0 mode 0
Event: 100.940 Thread 0x0000018d7016d000 Uncommon trap: trap_request=0xffffffc6 fr.pc=0x0000018d5e3cdd90 relative=0x0000000000000530
Event: 100.940 Thread 0x0000018d7016d000 Uncommon trap: reason=bimorphic_or_optimized_type_check action=maybe_recompile pc=0x0000018d5e3cdd90 method=org.apache.xerces.dom.NamedNodeMapImpl.findNamePoint(Ljava/lang/String;I)I @ 50 c2
Event: 100.940 Thread 0x0000018d7016d000 DEOPT PACKING pc=0x0000018d5e3cdd90 sp=0x0000005f37cf9640
Event: 100.940 Thread 0x0000018d7016d000 DEOPT UNPACKING pc=0x0000018d563078af sp=0x0000005f37cf95d0 mode 2

Classes redefined (0 events):
No events

Internal exceptions (20 events):
Event: 80.080 Thread 0x0000018d7016c000 Implicit null exception at 0x0000018d5e20c4a0 to 0x0000018d5e20d388
Event: 80.569 Thread 0x0000018d7016c000 Exception <a 'sun/nio/fs/WindowsException'{0x000000008bb47cc0}> (0x000000008bb47cc0) thrown at [./src/hotspot/share/prims/jni.cpp, line 615]
Event: 80.578 Thread 0x0000018d7016c000 Exception <a 'sun/nio/fs/WindowsException'{0x000000008bb48290}> (0x000000008bb48290) thrown at [./src/hotspot/share/prims/jni.cpp, line 615]
Event: 80.906 Thread 0x0000018d7016c000 Exception <a 'java/lang/NullPointerException'{0x000000008b22bd98}> (0x000000008b22bd98) thrown at [./src/hotspot/share/interpreter/linkResolver.cpp, line 1440]
Event: 81.246 Thread 0x0000018d7016c000 Implicit null exception at 0x0000018d5e1d8d14 to 0x0000018d5e1d9488
Event: 81.875 Thread 0x0000018d7016c000 Exception <a 'java/lang/NoSuchMethodError'{0x000000008a329cf8}: 'int java.lang.invoke.DirectMethodHandle$Holder.invokeStatic(java.lang.Object, java.lang.Object, int, java.lang.Object)'> (0x000000008a329cf8) thrown at [./src/hotspot/share/interpreter/linkResolver.cpp, line 773]
Event: 81.881 Thread 0x0000018d7016c000 Exception <a 'java/lang/NoSuchMethodError'{0x000000008a330ba0}: 'java.lang.Object java.lang.invoke.Invokers$Holder.linkToTargetMethod(java.lang.Object, int, java.lang.Object)'> (0x000000008a330ba0) thrown at [./src/hotspot/share/interpreter/linkResolver.cpp, line 773]
Event: 82.113 Thread 0x0000018d7016c000 Exception <a 'sun/nio/fs/WindowsException'{0x000000008a25ffb0}> (0x000000008a25ffb0) thrown at [./src/hotspot/share/prims/jni.cpp, line 615]
Event: 82.113 Thread 0x0000018d7016c000 Exception <a 'sun/nio/fs/WindowsException'{0x000000008a2610a8}> (0x000000008a2610a8) thrown at [./src/hotspot/share/prims/jni.cpp, line 615]
Event: 82.114 Thread 0x0000018d7016c000 Exception <a 'sun/nio/fs/WindowsException'{0x000000008a2621d8}> (0x000000008a2621d8) thrown at [./src/hotspot/share/prims/jni.cpp, line 615]
Event: 82.114 Thread 0x0000018d7016c000 Exception <a 'sun/nio/fs/WindowsException'{0x000000008a263308}> (0x000000008a263308) thrown at [./src/hotspot/share/prims/jni.cpp, line 615]
Event: 83.575 Thread 0x0000018d7016c000 Exception <a 'java/lang/NoSuchMethodError'{0x0000000087c4d838}: 'java.lang.Object java.lang.invoke.Invokers$Holder.linkToTargetMethod(java.lang.Object, int, int, java.lang.Object)'> (0x0000000087c4d838) thrown at [./src/hotspot/share/interpreter/linkResolver.cpp, line 773]
Event: 83.949 Thread 0x0000018d6c409000 Implicit null exception at 0x0000018d5e219dad to 0x0000018d5e21a4f0
Event: 85.133 Thread 0x0000018d6daca000 Exception <a 'java/lang/NoSuchMethodError'{0x000000008b7d03c0}: <clinit>> (0x000000008b7d03c0) thrown at [./src/hotspot/share/prims/jni.cpp, line 1362]
Event: 88.939 Thread 0x0000018d7016e800 Exception <a 'java/lang/NoSuchMethodError'{0x000000008a2b8688}: 'java.lang.Object java.lang.invoke.DirectMethodHandle$Holder.invokeSpecialIFC(java.lang.Object, java.lang.Object, java.lang.Object)'> (0x000000008a2b8688) thrown at [./src/hotspot/share/interpreter/linkResolver.cpp, line 773]
Event: 88.939 Thread 0x0000018d6dacd000 Exception <a 'java/lang/NoSuchMethodError'{0x000000008a2ed248}: 'java.lang.Object java.lang.invoke.DirectMethodHandle$Holder.invokeSpecialIFC(java.lang.Object, java.lang.Object, java.lang.Object)'> (0x000000008a2ed248) thrown at [./src/hotspot/share/interpreter/linkResolver.cpp, line 773]
Event: 88.939 Thread 0x0000018d6dace000 Exception <a 'java/lang/NoSuchMethodError'{0x000000008a2e0998}: 'java.lang.Object java.lang.invoke.DirectMethodHandle$Holder.invokeSpecialIFC(java.lang.Object, java.lang.Object, java.lang.Object)'> (0x000000008a2e0998) thrown at [./src/hotspot/share/interpreter/linkResolver.cpp, line 773]
Event: 88.939 Thread 0x0000018d70169000 Exception <a 'java/lang/NoSuchMethodError'{0x000000008a2d3b78}: 'java.lang.Object java.lang.invoke.DirectMethodHandle$Holder.invokeSpecialIFC(java.lang.Object, java.lang.Object, java.lang.Object)'> (0x000000008a2d3b78) thrown at [./src/hotspot/share/interpreter/linkResolver.cpp, line 773]
Event: 88.989 Thread 0x0000018d7016e800 Exception <a 'java/lang/NoSuchMethodError'{0x0000000089faf120}: 'int java.lang.invoke.DirectMethodHandle$Holder.invokeStaticInit(java.lang.Object, java.lang.Object, java.lang.Object, java.lang.Object, java.lang.Object)'> (0x0000000089faf120) thrown at [./src/hotspot/share/interpreter/linkResolver.cpp, line 773]
Event: 93.155 Thread 0x0000018d7016c000 Exception <a 'java/lang/NoSuchMethodError'{0x0000000089466790}: 'void java.lang.invoke.DirectMethodHandle$Holder.invokeStatic(java.lang.Object, java.lang.Object, java.lang.Object, java.lang.Object, java.lang.Object, java.lang.Object, java.lang.Object)'> (0x0000000089466790) thrown at [./src/hotspot/share/interpreter/linkResolver.cpp, line 773]

Events (20 events):
Event: 95.964 loading class com/android/resources/Keyboard
Event: 95.964 loading class com/android/resources/Keyboard done
Event: 95.965 loading class com/android/resources/NavigationState
Event: 95.965 loading class com/android/resources/NavigationState done
Event: 95.967 loading class com/android/resources/Navigation
Event: 95.967 loading class com/android/resources/Navigation done
Event: 96.372 Executing VM operation: ICBufferFull
Event: 96.372 Executing VM operation: ICBufferFull done
Event: 96.380 Executing VM operation: ICBufferFull
Event: 96.380 Executing VM operation: ICBufferFull done
Event: 98.607 Executing VM operation: G1CollectForAllocation
Event: 98.643 Executing VM operation: G1CollectForAllocation done
Event: 99.950 Executing VM operation: G1CollectForAllocation
Event: 100.007 Executing VM operation: G1CollectForAllocation done
Event: 100.903 Executing VM operation: G1CollectForAllocation
Event: 100.926 Executing VM operation: G1CollectForAllocation done
Event: 101.379 Executing VM operation: CGC_Operation
Event: 101.403 Executing VM operation: CGC_Operation done
Event: 101.651 Executing VM operation: CGC_Operation
Event: 101.658 Executing VM operation: CGC_Operation done


Dynamic libraries:
0x00007ff6be260000 - 0x00007ff6be26a000 	C:\Program Files\Android\Android Studio\jre\bin\java.exe
0x00007ffc7ca40000 - 0x00007ffc7cc47000 	C:\WINDOWS\SYSTEM32\ntdll.dll
0x00007ffc7b130000 - 0x00007ffc7b1ed000 	C:\WINDOWS\System32\KERNEL32.DLL
0x00007ffc7a550000 - 0x00007ffc7a8c4000 	C:\WINDOWS\System32\KERNELBASE.dll
0x00007ffc76b70000 - 0x00007ffc76c01000 	C:\WINDOWS\SYSTEM32\apphelp.dll
0x00007ffc79f20000 - 0x00007ffc7a031000 	C:\WINDOWS\System32\ucrtbase.dll
0x00007ffc5d670000 - 0x00007ffc5d689000 	C:\Program Files\Android\Android Studio\jre\bin\jli.dll
0x00007ffc7bdc0000 - 0x00007ffc7bf6c000 	C:\WINDOWS\System32\USER32.dll
0x00007ffc7a040000 - 0x00007ffc7a066000 	C:\WINDOWS\System32\win32u.dll
0x00007ffc7b100000 - 0x00007ffc7b129000 	C:\WINDOWS\System32\GDI32.dll
0x00007ffc7a070000 - 0x00007ffc7a182000 	C:\WINDOWS\System32\gdi32full.dll
0x00007ffc7a300000 - 0x00007ffc7a39d000 	C:\WINDOWS\System32\msvcp_win.dll
0x00007ffc589a0000 - 0x00007ffc589b7000 	C:\Program Files\Android\Android Studio\jre\bin\VCRUNTIME140.dll
0x00007ffc6eed0000 - 0x00007ffc6f175000 	C:\WINDOWS\WinSxS\amd64_microsoft.windows.common-controls_6595b64144ccf1df_6.0.22000.120_none_9d947278b86cc467\COMCTL32.dll
0x00007ffc7b3b0000 - 0x00007ffc7b453000 	C:\WINDOWS\System32\msvcrt.dll
0x00007ffc7c240000 - 0x00007ffc7c271000 	C:\WINDOWS\System32\IMM32.DLL
0x00007ffc488b0000 - 0x00007ffc4894d000 	C:\Program Files\Android\Android Studio\jre\bin\msvcp140.dll
0x00007ffc181b0000 - 0x00007ffc18c7f000 	C:\Program Files\Android\Android Studio\jre\bin\server\jvm.dll
0x00007ffc7c0f0000 - 0x00007ffc7c19c000 	C:\WINDOWS\System32\ADVAPI32.dll
0x00007ffc7c1a0000 - 0x00007ffc7c23d000 	C:\WINDOWS\System32\sechost.dll
0x00007ffc7c760000 - 0x00007ffc7c881000 	C:\WINDOWS\System32\RPCRT4.dll
0x00007ffc7b5f0000 - 0x00007ffc7b5f8000 	C:\WINDOWS\System32\PSAPI.DLL
0x00007ffc6e600000 - 0x00007ffc6e609000 	C:\WINDOWS\SYSTEM32\WSOCK32.dll
0x00007ffc7bf70000 - 0x00007ffc7bfdf000 	C:\WINDOWS\System32\WS2_32.dll
0x00007ffc74970000 - 0x00007ffc749a3000 	C:\WINDOWS\SYSTEM32\WINMM.dll
0x00007ffc720a0000 - 0x00007ffc720aa000 	C:\WINDOWS\SYSTEM32\VERSION.dll
0x00007ffc79140000 - 0x00007ffc79158000 	C:\WINDOWS\SYSTEM32\kernel.appcore.dll
0x00007ffc72b80000 - 0x00007ffc72b91000 	C:\Program Files\Android\Android Studio\jre\bin\verify.dll
0x00007ffc77c00000 - 0x00007ffc77e21000 	C:\WINDOWS\SYSTEM32\DBGHELP.DLL
0x00007ffc725a0000 - 0x00007ffc725d1000 	C:\WINDOWS\SYSTEM32\dbgcore.DLL
0x00007ffc7a460000 - 0x00007ffc7a4e0000 	C:\WINDOWS\System32\bcryptPrimitives.dll
0x00007ffc65120000 - 0x00007ffc65149000 	C:\Program Files\Android\Android Studio\jre\bin\java.dll
0x00007ffc74a00000 - 0x00007ffc74a0b000 	C:\Program Files\Android\Android Studio\jre\bin\jimage.dll
0x00007ffc71c40000 - 0x00007ffc71c58000 	C:\Program Files\Android\Android Studio\jre\bin\zip.dll
0x00007ffc7b600000 - 0x00007ffc7bda9000 	C:\WINDOWS\System32\SHELL32.dll
0x00007ffc780a0000 - 0x00007ffc78902000 	C:\WINDOWS\SYSTEM32\windows.storage.dll
0x00007ffc7aa90000 - 0x00007ffc7ae08000 	C:\WINDOWS\System32\combase.dll
0x00007ffc77f30000 - 0x00007ffc78096000 	C:\WINDOWS\SYSTEM32\wintypes.dll
0x00007ffc7afa0000 - 0x00007ffc7b08a000 	C:\WINDOWS\System32\SHCORE.dll
0x00007ffc7af40000 - 0x00007ffc7af9d000 	C:\WINDOWS\System32\shlwapi.dll
0x00007ffc79e50000 - 0x00007ffc79e71000 	C:\WINDOWS\SYSTEM32\profapi.dll
0x00007ffc71860000 - 0x00007ffc7187a000 	C:\Program Files\Android\Android Studio\jre\bin\net.dll
0x00007ffc743a0000 - 0x00007ffc744ac000 	C:\WINDOWS\SYSTEM32\WINHTTP.dll
0x00007ffc79550000 - 0x00007ffc795b7000 	C:\WINDOWS\system32\mswsock.dll
0x00007ffc71740000 - 0x00007ffc71754000 	C:\Program Files\Android\Android Studio\jre\bin\nio.dll
0x00007ffc70be0000 - 0x00007ffc70c07000 	C:\Users\k.nesar\.gradle\native\8bec1ad78214c89d9ad589b4d07fe93259594b29d510b10fafb7a158f7737e5d\windows-amd64\native-platform.dll
0x00007ffc418a0000 - 0x00007ffc419dd000 	C:\Users\k.nesar\.gradle\native\53dbd7edfb1c66fb8903c78663c9afc45aea4f116125fa6feffd364cf09443e8\windows-amd64\native-platform-file-events.dll
0x00007ffc71bf0000 - 0x00007ffc71bfa000 	C:\Program Files\Android\Android Studio\jre\bin\management.dll
0x00007ffc71bd0000 - 0x00007ffc71bdc000 	C:\Program Files\Android\Android Studio\jre\bin\management_ext.dll
0x00007ffc79790000 - 0x00007ffc797a8000 	C:\WINDOWS\SYSTEM32\CRYPTSP.dll
0x00007ffc790a0000 - 0x00007ffc790d5000 	C:\WINDOWS\system32\rsaenh.dll
0x00007ffc79640000 - 0x00007ffc79669000 	C:\WINDOWS\SYSTEM32\USERENV.dll
0x00007ffc79910000 - 0x00007ffc79937000 	C:\WINDOWS\SYSTEM32\bcrypt.dll
0x00007ffc797b0000 - 0x00007ffc797bc000 	C:\WINDOWS\SYSTEM32\CRYPTBASE.dll
0x00007ffc78c80000 - 0x00007ffc78cad000 	C:\WINDOWS\SYSTEM32\IPHLPAPI.DLL
0x00007ffc7bdb0000 - 0x00007ffc7bdb9000 	C:\WINDOWS\System32\NSI.dll
0x00007ffc74200000 - 0x00007ffc74219000 	C:\WINDOWS\SYSTEM32\dhcpcsvc6.DLL
0x00007ffc745c0000 - 0x00007ffc745de000 	C:\WINDOWS\SYSTEM32\dhcpcsvc.DLL
0x00007ffc78d00000 - 0x00007ffc78de7000 	C:\WINDOWS\SYSTEM32\DNSAPI.dll

dbghelp: loaded successfully - version: 4.0.5 - missing functions: none
symbol engine: initialized successfully - sym options: 0x614 - pdb path: .;C:\Program Files\Android\Android Studio\jre\bin;C:\WINDOWS\SYSTEM32;C:\WINDOWS\WinSxS\amd64_microsoft.windows.common-controls_6595b64144ccf1df_6.0.22000.120_none_9d947278b86cc467;C:\Program Files\Android\Android Studio\jre\bin\server;C:\Users\k.nesar\.gradle\native\8bec1ad78214c89d9ad589b4d07fe93259594b29d510b10fafb7a158f7737e5d\windows-amd64;C:\Users\k.nesar\.gradle\native\53dbd7edfb1c66fb8903c78663c9afc45aea4f116125fa6feffd364cf09443e8\windows-amd64

VM Arguments:
jvm_args: --add-opens=java.base/java.util=ALL-UNNAMED --add-opens=java.base/java.lang=ALL-UNNAMED --add-opens=java.base/java.lang.invoke=ALL-UNNAMED --add-opens=java.base/java.util=ALL-UNNAMED --add-opens=java.prefs/java.util.prefs=ALL-UNNAMED --add-opens=java.prefs/java.util.prefs=ALL-UNNAMED --add-opens=java.base/java.nio.charset=ALL-UNNAMED --add-opens=java.base/java.net=ALL-UNNAMED --add-opens=java.base/java.util.concurrent.atomic=ALL-UNNAMED -Xmx2048m -Dfile.encoding=UTF-8 -Duser.country=US -Duser.language=en -Duser.variant 
java_command: org.gradle.launcher.daemon.bootstrap.GradleDaemon 7.0.2
java_class_path (initial): C:\Users\k.nesar\.gradle\wrapper\dists\gradle-7.0.2-bin\857tjihv64xamwrf0h14cai3r\gradle-7.0.2\lib\gradle-launcher-7.0.2.jar
Launcher Type: SUN_STANDARD

[Global flags]
     intx CICompilerCount                          = 3                                         {product} {ergonomic}
     uint ConcGCThreads                            = 1                                         {product} {ergonomic}
     uint G1ConcRefinementThreads                  = 4                                         {product} {ergonomic}
   size_t G1HeapRegionSize                         = 1048576                                   {product} {ergonomic}
    uintx GCDrainStackTargetSize                   = 64                                        {product} {ergonomic}
   size_t InitialHeapSize                          = 199229440                                 {product} {ergonomic}
   size_t MarkStackSize                            = 4194304                                   {product} {ergonomic}
   size_t MaxHeapSize                              = 2147483648                                {product} {command line}
   size_t MaxNewSize                               = 1287651328                                {product} {ergonomic}
   size_t MinHeapDeltaBytes                        = 1048576                                   {product} {ergonomic}
    uintx NonNMethodCodeHeapSize                   = 5830732                                {pd product} {ergonomic}
    uintx NonProfiledCodeHeapSize                  = 122913754                              {pd product} {ergonomic}
    uintx ProfiledCodeHeapSize                     = 122913754                              {pd product} {ergonomic}
    uintx ReservedCodeCacheSize                    = 251658240                              {pd product} {ergonomic}
     bool SegmentedCodeCache                       = true                                      {product} {ergonomic}
     bool UseCompressedClassPointers               = true                                 {lp64_product} {ergonomic}
     bool UseCompressedOops                        = true                                 {lp64_product} {ergonomic}
     bool UseG1GC                                  = true                                      {product} {ergonomic}
     bool UseLargePagesIndividualAllocation        = false                                  {pd product} {ergonomic}

Logging:
Log output configuration:
 #0: stdout all=warning uptime,level,tags
 #1: stderr all=off uptime,level,tags

Environment Variables:
PATH=%INTEL_DEV_REDIST%redist\intel64\compiler;C:\Program Files\Common Files\Oracle\Java\javapath;C:\WINDOWS\system32;C:\WINDOWS;C:\WINDOWS\System32\Wbem;C:\WINDOWS\System32\WindowsPowerShell\v1.0\;C:\WINDOWS\System32\OpenSSH\;C:\Program Files\Git\cmd;C:\Users\k.nesar\AppData\Local\Microsoft\WindowsApps;C:\Program Files\JetBrains\PyCharm Community Edition 2020.2.3\bin;C:\adb;C:\Program Files\dotnet\;C:\WINDOWS\system32;C:\WINDOWS;C:\WINDOWS\System32\Wbem;C:\WINDOWS\System32\WindowsPowerShell\v1.0\;C:\WINDOWS\System32\OpenSSH\;C:\Program Files\nodejs\;C:\Users\k.nesar\AppData\Local\Microsoft\WindowsApps;;C:\Program Files\JetBrains\PyCharm Community Edition 2020.2.3\bin;;C:\Users\k.nesar\AppData\Local\Programs\Microsoft VS Code\bin;C:\Users\k.nesar\AppData\Roaming\npm
USERNAME=K.Nesar
OS=Windows_NT
PROCESSOR_IDENTIFIER=Intel64 Family 6 Model 142 Stepping 10, GenuineIntel



---------------  S Y S T E M  ---------------

OS: Windows 10 , 64 bit Build 22000 (10.0.22000.120)
OS uptime: 10 days 2:07 hours

CPU:total 4 (initial active 4) (2 cores per cpu, 2 threads per core) family 6 model 142 stepping 10 microcode 0xe0, cmov, cx8, fxsr, mmx, sse, sse2, sse3, ssse3, sse4.1, sse4.2, popcnt, avx, avx2, aes, clmul, erms, 3dnowpref, lzcnt, ht, tsc, tscinvbit, bmi1, bmi2, adx, fma

Memory: 4k page, system-wide physical 12152M (232M free)
TotalPageFile size 34778M (AvailPageFile size 48M)
current process WorkingSet (physical memory assigned to process): 438M, peak: 443M
current process commit charge ("private bytes"): 466M, peak: 471M

vm_info: OpenJDK 64-Bit Server VM (11.0.10+0-b96-7249189) for windows-amd64 JRE (11.0.10+0-b96-7249189), built on Mar 31 2021 21:44:00 by "builder" with MS VC++ 14.0 (VS2015)

END.
